[2022-12-11 07:24:17,539] {taskinstance.py:1032} INFO - Dependencies all met for <TaskInstance: data_ingestion_yellowtax_dag.bigquery_external_table_task scheduled__2022-12-09T00:00:00+00:00 [queued]>
[2022-12-11 07:24:17,615] {taskinstance.py:1032} INFO - Dependencies all met for <TaskInstance: data_ingestion_yellowtax_dag.bigquery_external_table_task scheduled__2022-12-09T00:00:00+00:00 [queued]>
[2022-12-11 07:24:17,616] {taskinstance.py:1238} INFO - 
--------------------------------------------------------------------------------
[2022-12-11 07:24:17,616] {taskinstance.py:1239} INFO - Starting attempt 1 of 2
[2022-12-11 07:24:17,616] {taskinstance.py:1240} INFO - 
--------------------------------------------------------------------------------
[2022-12-11 07:24:17,693] {taskinstance.py:1259} INFO - Executing <Task(BigQueryCreateExternalTableOperator): bigquery_external_table_task> on 2022-12-09 00:00:00+00:00
[2022-12-11 07:24:17,754] {standard_task_runner.py:52} INFO - Started process 144 to run task
[2022-12-11 07:24:17,770] {standard_task_runner.py:76} INFO - Running: ['***', 'tasks', 'run', 'data_ingestion_yellowtax_dag', 'bigquery_external_table_task', 'scheduled__2022-12-09T00:00:00+00:00', '--job-id', '116', '--raw', '--subdir', 'DAGS_FOLDER/data_ingestion_yellowtax_dag.py', '--cfg-path', '/tmp/tmpr1pq04u2', '--error-file', '/tmp/tmp_blchx3w']
[2022-12-11 07:24:17,793] {standard_task_runner.py:77} INFO - Job 116: Subtask bigquery_external_table_task
[2022-12-11 07:24:18,261] {logging_mixin.py:109} INFO - Running <TaskInstance: data_ingestion_yellowtax_dag.bigquery_external_table_task scheduled__2022-12-09T00:00:00+00:00 [running]> on host 95a238f25269
[2022-12-11 07:24:18,838] {taskinstance.py:1426} INFO - Exporting the following env vars:
AIRFLOW_CTX_DAG_OWNER=***
AIRFLOW_CTX_DAG_ID=data_ingestion_yellowtax_dag
AIRFLOW_CTX_TASK_ID=bigquery_external_table_task
AIRFLOW_CTX_EXECUTION_DATE=2022-12-09T00:00:00+00:00
AIRFLOW_CTX_DAG_RUN_ID=scheduled__2022-12-09T00:00:00+00:00
[2022-12-11 07:24:18,853] {crypto.py:82} WARNING - empty cryptography key - values will not be stored encrypted.
[2022-12-11 07:24:19,840] {taskinstance.py:1277} INFO - Marking task as SUCCESS. dag_id=data_ingestion_yellowtax_dag, task_id=bigquery_external_table_task, execution_date=20221209T000000, start_date=20221211T072417, end_date=20221211T072419
[2022-12-11 07:24:20,225] {local_task_job.py:154} INFO - Task exited with return code 0
[2022-12-11 07:24:20,693] {local_task_job.py:264} INFO - 0 downstream tasks scheduled from follow-on schedule check
