[2022-12-08 11:31:17,687] {taskinstance.py:1032} INFO - Dependencies all met for <TaskInstance: data_ingestion_fhvhv_dag.bigquery_external_table_task scheduled__2022-12-07T00:00:00+00:00 [queued]>
[2022-12-08 11:31:17,744] {taskinstance.py:1032} INFO - Dependencies all met for <TaskInstance: data_ingestion_fhvhv_dag.bigquery_external_table_task scheduled__2022-12-07T00:00:00+00:00 [queued]>
[2022-12-08 11:31:17,749] {taskinstance.py:1238} INFO - 
--------------------------------------------------------------------------------
[2022-12-08 11:31:17,749] {taskinstance.py:1239} INFO - Starting attempt 1 of 2
[2022-12-08 11:31:17,749] {taskinstance.py:1240} INFO - 
--------------------------------------------------------------------------------
[2022-12-08 11:31:17,808] {taskinstance.py:1259} INFO - Executing <Task(BigQueryCreateExternalTableOperator): bigquery_external_table_task> on 2022-12-07 00:00:00+00:00
[2022-12-08 11:31:17,819] {standard_task_runner.py:52} INFO - Started process 522 to run task
[2022-12-08 11:31:17,853] {standard_task_runner.py:76} INFO - Running: ['***', 'tasks', 'run', 'data_ingestion_fhvhv_dag', 'bigquery_external_table_task', 'scheduled__2022-12-07T00:00:00+00:00', '--job-id', '32', '--raw', '--subdir', 'DAGS_FOLDER/data_ingestion_fhvhv_dag.py', '--cfg-path', '/tmp/tmpdsa3uh1g', '--error-file', '/tmp/tmpskyf1soz']
[2022-12-08 11:31:17,865] {standard_task_runner.py:77} INFO - Job 32: Subtask bigquery_external_table_task
[2022-12-08 11:31:18,060] {logging_mixin.py:109} INFO - Running <TaskInstance: data_ingestion_fhvhv_dag.bigquery_external_table_task scheduled__2022-12-07T00:00:00+00:00 [running]> on host abfb861806c7
[2022-12-08 11:31:18,280] {taskinstance.py:1426} INFO - Exporting the following env vars:
AIRFLOW_CTX_DAG_OWNER=***
AIRFLOW_CTX_DAG_ID=data_ingestion_fhvhv_dag
AIRFLOW_CTX_TASK_ID=bigquery_external_table_task
AIRFLOW_CTX_EXECUTION_DATE=2022-12-07T00:00:00+00:00
AIRFLOW_CTX_DAG_RUN_ID=scheduled__2022-12-07T00:00:00+00:00
[2022-12-08 11:31:18,282] {crypto.py:82} WARNING - empty cryptography key - values will not be stored encrypted.
[2022-12-08 11:31:19,009] {taskinstance.py:1277} INFO - Marking task as SUCCESS. dag_id=data_ingestion_fhvhv_dag, task_id=bigquery_external_table_task, execution_date=20221207T000000, start_date=20221208T113117, end_date=20221208T113119
[2022-12-08 11:31:19,227] {local_task_job.py:154} INFO - Task exited with return code 0
[2022-12-08 11:31:19,381] {local_task_job.py:264} INFO - 0 downstream tasks scheduled from follow-on schedule check
