[2022-12-08 11:31:04,612] {taskinstance.py:1032} INFO - Dependencies all met for <TaskInstance: data_ingestion_yellowtax_dag.bigquery_external_table_task scheduled__2022-12-07T00:00:00+00:00 [queued]>
[2022-12-08 11:31:04,756] {taskinstance.py:1032} INFO - Dependencies all met for <TaskInstance: data_ingestion_yellowtax_dag.bigquery_external_table_task scheduled__2022-12-07T00:00:00+00:00 [queued]>
[2022-12-08 11:31:04,757] {taskinstance.py:1238} INFO - 
--------------------------------------------------------------------------------
[2022-12-08 11:31:04,761] {taskinstance.py:1239} INFO - Starting attempt 1 of 2
[2022-12-08 11:31:04,762] {taskinstance.py:1240} INFO - 
--------------------------------------------------------------------------------
[2022-12-08 11:31:04,877] {taskinstance.py:1259} INFO - Executing <Task(BigQueryCreateExternalTableOperator): bigquery_external_table_task> on 2022-12-07 00:00:00+00:00
[2022-12-08 11:31:04,928] {standard_task_runner.py:52} INFO - Started process 510 to run task
[2022-12-08 11:31:05,005] {standard_task_runner.py:76} INFO - Running: ['***', 'tasks', 'run', 'data_ingestion_yellowtax_dag', 'bigquery_external_table_task', 'scheduled__2022-12-07T00:00:00+00:00', '--job-id', '29', '--raw', '--subdir', 'DAGS_FOLDER/data_ingestion_yellowtax_dag copy.py', '--cfg-path', '/tmp/tmpepqybn_9', '--error-file', '/tmp/tmptw2lz4v6']
[2022-12-08 11:31:05,019] {standard_task_runner.py:77} INFO - Job 29: Subtask bigquery_external_table_task
[2022-12-08 11:31:05,498] {logging_mixin.py:109} INFO - Running <TaskInstance: data_ingestion_yellowtax_dag.bigquery_external_table_task scheduled__2022-12-07T00:00:00+00:00 [running]> on host abfb861806c7
[2022-12-08 11:31:05,881] {taskinstance.py:1426} INFO - Exporting the following env vars:
AIRFLOW_CTX_DAG_OWNER=***
AIRFLOW_CTX_DAG_ID=data_ingestion_yellowtax_dag
AIRFLOW_CTX_TASK_ID=bigquery_external_table_task
AIRFLOW_CTX_EXECUTION_DATE=2022-12-07T00:00:00+00:00
AIRFLOW_CTX_DAG_RUN_ID=scheduled__2022-12-07T00:00:00+00:00
[2022-12-08 11:31:05,883] {crypto.py:82} WARNING - empty cryptography key - values will not be stored encrypted.
[2022-12-08 11:31:07,123] {taskinstance.py:1277} INFO - Marking task as SUCCESS. dag_id=data_ingestion_yellowtax_dag, task_id=bigquery_external_table_task, execution_date=20221207T000000, start_date=20221208T113104, end_date=20221208T113107
[2022-12-08 11:31:07,402] {local_task_job.py:154} INFO - Task exited with return code 0
[2022-12-08 11:31:07,633] {local_task_job.py:264} INFO - 0 downstream tasks scheduled from follow-on schedule check
