[2022-12-08 10:16:23,645] {taskinstance.py:1032} INFO - Dependencies all met for <TaskInstance: data_ingestion_gcs_dag.download_dataset_task manual__2022-12-08T10:16:04.134624+00:00 [queued]>
[2022-12-08 10:16:23,657] {taskinstance.py:1032} INFO - Dependencies all met for <TaskInstance: data_ingestion_gcs_dag.download_dataset_task manual__2022-12-08T10:16:04.134624+00:00 [queued]>
[2022-12-08 10:16:23,657] {taskinstance.py:1238} INFO - 
--------------------------------------------------------------------------------
[2022-12-08 10:16:23,657] {taskinstance.py:1239} INFO - Starting attempt 1 of 2
[2022-12-08 10:16:23,658] {taskinstance.py:1240} INFO - 
--------------------------------------------------------------------------------
[2022-12-08 10:16:23,670] {taskinstance.py:1259} INFO - Executing <Task(BashOperator): download_dataset_task> on 2022-12-08 10:16:04.134624+00:00
[2022-12-08 10:16:23,677] {standard_task_runner.py:52} INFO - Started process 162 to run task
[2022-12-08 10:16:23,684] {standard_task_runner.py:76} INFO - Running: ['***', 'tasks', 'run', 'data_ingestion_gcs_dag', 'download_dataset_task', 'manual__2022-12-08T10:16:04.134624+00:00', '--job-id', '12', '--raw', '--subdir', 'DAGS_FOLDER/data_ingestion_gcs_dag.py', '--cfg-path', '/tmp/tmp4f0sq_7_', '--error-file', '/tmp/tmprc9lvmhe']
[2022-12-08 10:16:23,686] {standard_task_runner.py:77} INFO - Job 12: Subtask download_dataset_task
[2022-12-08 10:16:23,757] {logging_mixin.py:109} INFO - Running <TaskInstance: data_ingestion_gcs_dag.download_dataset_task manual__2022-12-08T10:16:04.134624+00:00 [running]> on host 130fbc517d11
[2022-12-08 10:16:23,831] {taskinstance.py:1426} INFO - Exporting the following env vars:
AIRFLOW_CTX_DAG_OWNER=***
AIRFLOW_CTX_DAG_ID=data_ingestion_gcs_dag
AIRFLOW_CTX_TASK_ID=download_dataset_task
AIRFLOW_CTX_EXECUTION_DATE=2022-12-08T10:16:04.134624+00:00
AIRFLOW_CTX_DAG_RUN_ID=manual__2022-12-08T10:16:04.134624+00:00
[2022-12-08 10:16:23,833] {subprocess.py:62} INFO - Tmp dir root location: 
 /tmp
[2022-12-08 10:16:23,834] {subprocess.py:74} INFO - Running command: ['bash', '-c', 'curl -sSL https://d37ci6vzurychx.cloudfront.net/trip-data/yellow_tripdata_2022-01.parquet > /opt/***/yellow_tripdata_2022-01.parquet']
[2022-12-08 10:16:23,848] {subprocess.py:85} INFO - Output:
[2022-12-08 10:16:24,234] {subprocess.py:93} INFO - Command exited with return code 0
[2022-12-08 10:16:24,323] {taskinstance.py:1277} INFO - Marking task as SUCCESS. dag_id=data_ingestion_gcs_dag, task_id=download_dataset_task, execution_date=20221208T101604, start_date=20221208T101623, end_date=20221208T101624
[2022-12-08 10:16:24,381] {local_task_job.py:154} INFO - Task exited with return code 0
[2022-12-08 10:16:24,428] {local_task_job.py:264} INFO - 1 downstream tasks scheduled from follow-on schedule check
