[2022-12-08 10:16:26,528] {taskinstance.py:1032} INFO - Dependencies all met for <TaskInstance: data_ingestion_gcs_dag.local_to_gcs_task manual__2022-12-08T10:16:04.134624+00:00 [queued]>
[2022-12-08 10:16:26,546] {taskinstance.py:1032} INFO - Dependencies all met for <TaskInstance: data_ingestion_gcs_dag.local_to_gcs_task manual__2022-12-08T10:16:04.134624+00:00 [queued]>
[2022-12-08 10:16:26,546] {taskinstance.py:1238} INFO - 
--------------------------------------------------------------------------------
[2022-12-08 10:16:26,546] {taskinstance.py:1239} INFO - Starting attempt 1 of 2
[2022-12-08 10:16:26,546] {taskinstance.py:1240} INFO - 
--------------------------------------------------------------------------------
[2022-12-08 10:16:26,570] {taskinstance.py:1259} INFO - Executing <Task(PythonOperator): local_to_gcs_task> on 2022-12-08 10:16:04.134624+00:00
[2022-12-08 10:16:26,578] {standard_task_runner.py:52} INFO - Started process 178 to run task
[2022-12-08 10:16:26,591] {standard_task_runner.py:76} INFO - Running: ['***', 'tasks', 'run', 'data_ingestion_gcs_dag', 'local_to_gcs_task', 'manual__2022-12-08T10:16:04.134624+00:00', '--job-id', '13', '--raw', '--subdir', 'DAGS_FOLDER/data_ingestion_gcs_dag.py', '--cfg-path', '/tmp/tmpjlxeqbro', '--error-file', '/tmp/tmp5b429h0p']
[2022-12-08 10:16:26,593] {standard_task_runner.py:77} INFO - Job 13: Subtask local_to_gcs_task
[2022-12-08 10:16:26,695] {logging_mixin.py:109} INFO - Running <TaskInstance: data_ingestion_gcs_dag.local_to_gcs_task manual__2022-12-08T10:16:04.134624+00:00 [running]> on host 130fbc517d11
[2022-12-08 10:16:26,799] {taskinstance.py:1426} INFO - Exporting the following env vars:
AIRFLOW_CTX_DAG_OWNER=***
AIRFLOW_CTX_DAG_ID=data_ingestion_gcs_dag
AIRFLOW_CTX_TASK_ID=local_to_gcs_task
AIRFLOW_CTX_EXECUTION_DATE=2022-12-08T10:16:04.134624+00:00
AIRFLOW_CTX_DAG_RUN_ID=manual__2022-12-08T10:16:04.134624+00:00
[2022-12-08 10:16:28,101] {python.py:175} INFO - Done. Returned value was: None
[2022-12-08 10:16:28,139] {taskinstance.py:1277} INFO - Marking task as SUCCESS. dag_id=data_ingestion_gcs_dag, task_id=local_to_gcs_task, execution_date=20221208T101604, start_date=20221208T101626, end_date=20221208T101628
[2022-12-08 10:16:28,196] {local_task_job.py:154} INFO - Task exited with return code 0
[2022-12-08 10:16:28,288] {local_task_job.py:264} INFO - 1 downstream tasks scheduled from follow-on schedule check
