[2022-12-06 00:00:09,302] {taskinstance.py:1032} INFO - Dependencies all met for <TaskInstance: data_ingestion_gcs_dag.format_to_csv_task scheduled__2022-12-05T00:00:00+00:00 [queued]>
[2022-12-06 00:00:09,344] {taskinstance.py:1032} INFO - Dependencies all met for <TaskInstance: data_ingestion_gcs_dag.format_to_csv_task scheduled__2022-12-05T00:00:00+00:00 [queued]>
[2022-12-06 00:00:09,344] {taskinstance.py:1238} INFO - 
--------------------------------------------------------------------------------
[2022-12-06 00:00:09,344] {taskinstance.py:1239} INFO - Starting attempt 1 of 2
[2022-12-06 00:00:09,344] {taskinstance.py:1240} INFO - 
--------------------------------------------------------------------------------
[2022-12-06 00:00:09,389] {taskinstance.py:1259} INFO - Executing <Task(PythonOperator): format_to_csv_task> on 2022-12-05 00:00:00+00:00
[2022-12-06 00:00:09,417] {standard_task_runner.py:52} INFO - Started process 28862 to run task
[2022-12-06 00:00:09,433] {standard_task_runner.py:76} INFO - Running: ['***', 'tasks', 'run', 'data_ingestion_gcs_dag', 'format_to_csv_task', 'scheduled__2022-12-05T00:00:00+00:00', '--job-id', '19', '--raw', '--subdir', 'DAGS_FOLDER/data_ingestion_gcs_dag.py', '--cfg-path', '/tmp/tmpfwxcrn3h', '--error-file', '/tmp/tmpd_6sefnz']
[2022-12-06 00:00:09,447] {standard_task_runner.py:77} INFO - Job 19: Subtask format_to_csv_task
[2022-12-06 00:00:09,662] {logging_mixin.py:109} INFO - Running <TaskInstance: data_ingestion_gcs_dag.format_to_csv_task scheduled__2022-12-05T00:00:00+00:00 [running]> on host 2bdf78053424
[2022-12-06 00:00:09,874] {taskinstance.py:1426} INFO - Exporting the following env vars:
AIRFLOW_CTX_DAG_OWNER=***
AIRFLOW_CTX_DAG_ID=data_ingestion_gcs_dag
AIRFLOW_CTX_TASK_ID=format_to_csv_task
AIRFLOW_CTX_EXECUTION_DATE=2022-12-05T00:00:00+00:00
AIRFLOW_CTX_DAG_RUN_ID=scheduled__2022-12-05T00:00:00+00:00
[2022-12-06 00:00:09,933] {python.py:175} INFO - Done. Returned value was: None
[2022-12-06 00:00:09,983] {taskinstance.py:1277} INFO - Marking task as SUCCESS. dag_id=data_ingestion_gcs_dag, task_id=format_to_csv_task, execution_date=20221205T000000, start_date=20221206T000009, end_date=20221206T000009
[2022-12-06 00:00:10,153] {local_task_job.py:154} INFO - Task exited with return code 0
[2022-12-06 00:00:10,368] {local_task_job.py:264} INFO - 0 downstream tasks scheduled from follow-on schedule check
