[2022-12-14 00:00:08,323] {taskinstance.py:1032} INFO - Dependencies all met for <TaskInstance: data_ingestion_tripdata1_dag.local_to_gcs_task scheduled__2022-12-13T00:00:00+00:00 [queued]>
[2022-12-14 00:00:08,336] {taskinstance.py:1032} INFO - Dependencies all met for <TaskInstance: data_ingestion_tripdata1_dag.local_to_gcs_task scheduled__2022-12-13T00:00:00+00:00 [queued]>
[2022-12-14 00:00:08,337] {taskinstance.py:1238} INFO - 
--------------------------------------------------------------------------------
[2022-12-14 00:00:08,337] {taskinstance.py:1239} INFO - Starting attempt 1 of 2
[2022-12-14 00:00:08,337] {taskinstance.py:1240} INFO - 
--------------------------------------------------------------------------------
[2022-12-14 00:00:08,353] {taskinstance.py:1259} INFO - Executing <Task(PythonOperator): local_to_gcs_task> on 2022-12-13 00:00:00+00:00
[2022-12-14 00:00:08,362] {standard_task_runner.py:52} INFO - Started process 40076 to run task
[2022-12-14 00:00:08,370] {standard_task_runner.py:76} INFO - Running: ['***', 'tasks', 'run', 'data_ingestion_tripdata1_dag', 'local_to_gcs_task', 'scheduled__2022-12-13T00:00:00+00:00', '--job-id', '204', '--raw', '--subdir', 'DAGS_FOLDER/data_ingestion_tripdata1_dag.py', '--cfg-path', '/tmp/tmp2mkjlbz4', '--error-file', '/tmp/tmpagua99uo']
[2022-12-14 00:00:08,371] {standard_task_runner.py:77} INFO - Job 204: Subtask local_to_gcs_task
[2022-12-14 00:00:08,447] {logging_mixin.py:109} INFO - Running <TaskInstance: data_ingestion_tripdata1_dag.local_to_gcs_task scheduled__2022-12-13T00:00:00+00:00 [running]> on host c90fde5b5e35
[2022-12-14 00:00:08,522] {taskinstance.py:1426} INFO - Exporting the following env vars:
AIRFLOW_CTX_DAG_OWNER=***
AIRFLOW_CTX_DAG_ID=data_ingestion_tripdata1_dag
AIRFLOW_CTX_TASK_ID=local_to_gcs_task
AIRFLOW_CTX_EXECUTION_DATE=2022-12-13T00:00:00+00:00
AIRFLOW_CTX_DAG_RUN_ID=scheduled__2022-12-13T00:00:00+00:00
[2022-12-14 00:00:08,887] {python.py:175} INFO - Done. Returned value was: None
[2022-12-14 00:00:08,913] {taskinstance.py:1277} INFO - Marking task as SUCCESS. dag_id=data_ingestion_tripdata1_dag, task_id=local_to_gcs_task, execution_date=20221213T000000, start_date=20221214T000008, end_date=20221214T000008
[2022-12-14 00:00:08,983] {local_task_job.py:154} INFO - Task exited with return code 0
[2022-12-14 00:00:09,030] {local_task_job.py:264} INFO - 1 downstream tasks scheduled from follow-on schedule check
