[2022-12-13 14:36:15,728] {taskinstance.py:1032} INFO - Dependencies all met for <TaskInstance: data_ingestion_tripdata1_dag.download_dataset_task manual__2022-12-12T15:20:27.855458+00:00 [queued]>
[2022-12-13 14:36:15,765] {taskinstance.py:1032} INFO - Dependencies all met for <TaskInstance: data_ingestion_tripdata1_dag.download_dataset_task manual__2022-12-12T15:20:27.855458+00:00 [queued]>
[2022-12-13 14:36:15,766] {taskinstance.py:1238} INFO - 
--------------------------------------------------------------------------------
[2022-12-13 14:36:15,766] {taskinstance.py:1239} INFO - Starting attempt 3 of 4
[2022-12-13 14:36:15,766] {taskinstance.py:1240} INFO - 
--------------------------------------------------------------------------------
[2022-12-13 14:36:15,807] {taskinstance.py:1259} INFO - Executing <Task(BashOperator): download_dataset_task> on 2022-12-12 15:20:27.855458+00:00
[2022-12-13 14:36:15,825] {standard_task_runner.py:52} INFO - Started process 18444 to run task
[2022-12-13 14:36:15,854] {standard_task_runner.py:76} INFO - Running: ['***', 'tasks', 'run', 'data_ingestion_tripdata1_dag', 'download_dataset_task', 'manual__2022-12-12T15:20:27.855458+00:00', '--job-id', '175', '--raw', '--subdir', 'DAGS_FOLDER/data_ingestion_tripdata1_dag.py', '--cfg-path', '/tmp/tmp9l7ezhmh', '--error-file', '/tmp/tmp9agqgund']
[2022-12-13 14:36:15,857] {standard_task_runner.py:77} INFO - Job 175: Subtask download_dataset_task
[2022-12-13 14:36:16,017] {logging_mixin.py:109} INFO - Running <TaskInstance: data_ingestion_tripdata1_dag.download_dataset_task manual__2022-12-12T15:20:27.855458+00:00 [running]> on host c90fde5b5e35
[2022-12-13 14:36:16,201] {taskinstance.py:1426} INFO - Exporting the following env vars:
AIRFLOW_CTX_DAG_OWNER=***
AIRFLOW_CTX_DAG_ID=data_ingestion_tripdata1_dag
AIRFLOW_CTX_TASK_ID=download_dataset_task
AIRFLOW_CTX_EXECUTION_DATE=2022-12-12T15:20:27.855458+00:00
AIRFLOW_CTX_DAG_RUN_ID=manual__2022-12-12T15:20:27.855458+00:00
[2022-12-13 14:36:16,204] {subprocess.py:62} INFO - Tmp dir root location: 
 /tmp
[2022-12-13 14:36:16,207] {subprocess.py:74} INFO - Running command: ['bash', '-c', 'curl -sSL https://storage.cloud.google.com/data-fellowship08-nyoba/part-00006-e3784236-b53b-4bde-9def-978452b4707d-c000.csv > /opt/***/part-00006-e3784236-b53b-4bde-9def-978452b4707d-c000.csv']
[2022-12-13 14:36:16,291] {subprocess.py:85} INFO - Output:
[2022-12-13 14:36:16,533] {subprocess.py:93} INFO - Command exited with return code 0
[2022-12-13 14:36:16,641] {taskinstance.py:1277} INFO - Marking task as SUCCESS. dag_id=data_ingestion_tripdata1_dag, task_id=download_dataset_task, execution_date=20221212T152027, start_date=20221213T143615, end_date=20221213T143616
[2022-12-13 14:36:16,723] {local_task_job.py:154} INFO - Task exited with return code 0
[2022-12-13 14:36:16,852] {local_task_job.py:264} INFO - 1 downstream tasks scheduled from follow-on schedule check
