[2022-12-13 15:27:31,576] {taskinstance.py:1032} INFO - Dependencies all met for <TaskInstance: data_ingestion_tripdata1_dag.download_dataset_task manual__2022-12-12T15:20:27.855458+00:00 [queued]>
[2022-12-13 15:27:31,604] {taskinstance.py:1032} INFO - Dependencies all met for <TaskInstance: data_ingestion_tripdata1_dag.download_dataset_task manual__2022-12-12T15:20:27.855458+00:00 [queued]>
[2022-12-13 15:27:31,604] {taskinstance.py:1238} INFO - 
--------------------------------------------------------------------------------
[2022-12-13 15:27:31,604] {taskinstance.py:1239} INFO - Starting attempt 5 of 5
[2022-12-13 15:27:31,604] {taskinstance.py:1240} INFO - 
--------------------------------------------------------------------------------
[2022-12-13 15:27:31,638] {taskinstance.py:1259} INFO - Executing <Task(BashOperator): download_dataset_task> on 2022-12-12 15:20:27.855458+00:00
[2022-12-13 15:27:31,664] {standard_task_runner.py:52} INFO - Started process 20435 to run task
[2022-12-13 15:27:31,679] {standard_task_runner.py:76} INFO - Running: ['***', 'tasks', 'run', 'data_ingestion_tripdata1_dag', 'download_dataset_task', 'manual__2022-12-12T15:20:27.855458+00:00', '--job-id', '197', '--raw', '--subdir', 'DAGS_FOLDER/data_ingestion_tripdata1_dag.py', '--cfg-path', '/tmp/tmpq48_6f6w', '--error-file', '/tmp/tmptngfwqqh']
[2022-12-13 15:27:31,681] {standard_task_runner.py:77} INFO - Job 197: Subtask download_dataset_task
[2022-12-13 15:27:31,783] {logging_mixin.py:109} INFO - Running <TaskInstance: data_ingestion_tripdata1_dag.download_dataset_task manual__2022-12-12T15:20:27.855458+00:00 [running]> on host c90fde5b5e35
[2022-12-13 15:27:31,876] {taskinstance.py:1426} INFO - Exporting the following env vars:
AIRFLOW_CTX_DAG_OWNER=***
AIRFLOW_CTX_DAG_ID=data_ingestion_tripdata1_dag
AIRFLOW_CTX_TASK_ID=download_dataset_task
AIRFLOW_CTX_EXECUTION_DATE=2022-12-12T15:20:27.855458+00:00
AIRFLOW_CTX_DAG_RUN_ID=manual__2022-12-12T15:20:27.855458+00:00
[2022-12-13 15:27:31,878] {subprocess.py:62} INFO - Tmp dir root location: 
 /tmp
[2022-12-13 15:27:31,879] {subprocess.py:74} INFO - Running command: ['bash', '-c', 'curl -sSL https://storage.cloud.google.com/data-fellowship08-nyoba/part-00000-64ea0de6-d39a-42f0-9ba5-2200d99d66d6-c000.snappy.parquet > /opt/***/part-00000-64ea0de6-d39a-42f0-9ba5-2200d99d66d6-c000.snappy.parquet']
[2022-12-13 15:27:31,903] {subprocess.py:85} INFO - Output:
[2022-12-13 15:27:32,097] {subprocess.py:93} INFO - Command exited with return code 0
[2022-12-13 15:27:32,162] {taskinstance.py:1277} INFO - Marking task as SUCCESS. dag_id=data_ingestion_tripdata1_dag, task_id=download_dataset_task, execution_date=20221212T152027, start_date=20221213T152731, end_date=20221213T152732
[2022-12-13 15:27:32,229] {local_task_job.py:154} INFO - Task exited with return code 0
[2022-12-13 15:27:32,350] {dagrun.py:628} WARNING - Failed to get task '<TaskInstance: data_ingestion_tripdata1_dag.format_to_parquet_task manual__2022-12-12T15:20:27.855458+00:00 [removed]>' for dag 'data_ingestion_tripdata1_dag'. Marking it as removed.
[2022-12-13 15:27:32,404] {local_task_job.py:264} INFO - 1 downstream tasks scheduled from follow-on schedule check
