[2022-12-09 15:14:03,111] {taskinstance.py:1032} INFO - Dependencies all met for <TaskInstance: data_ingestion_yellowtax_dag.download_dataset_task scheduled__2022-12-08T00:00:00+00:00 [queued]>
[2022-12-09 15:14:03,131] {taskinstance.py:1032} INFO - Dependencies all met for <TaskInstance: data_ingestion_yellowtax_dag.download_dataset_task scheduled__2022-12-08T00:00:00+00:00 [queued]>
[2022-12-09 15:14:03,131] {taskinstance.py:1238} INFO - 
--------------------------------------------------------------------------------
[2022-12-09 15:14:03,131] {taskinstance.py:1239} INFO - Starting attempt 1 of 2
[2022-12-09 15:14:03,131] {taskinstance.py:1240} INFO - 
--------------------------------------------------------------------------------
[2022-12-09 15:14:03,173] {taskinstance.py:1259} INFO - Executing <Task(BashOperator): download_dataset_task> on 2022-12-08 00:00:00+00:00
[2022-12-09 15:14:03,182] {standard_task_runner.py:52} INFO - Started process 122 to run task
[2022-12-09 15:14:03,199] {standard_task_runner.py:76} INFO - Running: ['***', 'tasks', 'run', 'data_ingestion_yellowtax_dag', 'download_dataset_task', 'scheduled__2022-12-08T00:00:00+00:00', '--job-id', '95', '--raw', '--subdir', 'DAGS_FOLDER/data_ingestion_yellowtax_dag.py', '--cfg-path', '/tmp/tmpma0k72h4', '--error-file', '/tmp/tmp7atce1w5']
[2022-12-09 15:14:03,215] {standard_task_runner.py:77} INFO - Job 95: Subtask download_dataset_task
[2022-12-09 15:14:03,369] {logging_mixin.py:109} INFO - Running <TaskInstance: data_ingestion_yellowtax_dag.download_dataset_task scheduled__2022-12-08T00:00:00+00:00 [running]> on host 95a238f25269
[2022-12-09 15:14:03,538] {taskinstance.py:1426} INFO - Exporting the following env vars:
AIRFLOW_CTX_DAG_OWNER=***
AIRFLOW_CTX_DAG_ID=data_ingestion_yellowtax_dag
AIRFLOW_CTX_TASK_ID=download_dataset_task
AIRFLOW_CTX_EXECUTION_DATE=2022-12-08T00:00:00+00:00
AIRFLOW_CTX_DAG_RUN_ID=scheduled__2022-12-08T00:00:00+00:00
[2022-12-09 15:14:03,540] {subprocess.py:62} INFO - Tmp dir root location: 
 /tmp
[2022-12-09 15:14:03,541] {subprocess.py:74} INFO - Running command: ['bash', '-c', 'curl -sSL https://d37ci6vzurychx.cloudfront.net/trip-data/yellow_tripdata_2019-01.parquet > /opt/***/yellow_tripdata_2019-01.parquet']
[2022-12-09 15:14:03,581] {subprocess.py:85} INFO - Output:
[2022-12-09 15:14:06,062] {subprocess.py:93} INFO - Command exited with return code 0
[2022-12-09 15:14:06,157] {taskinstance.py:1277} INFO - Marking task as SUCCESS. dag_id=data_ingestion_yellowtax_dag, task_id=download_dataset_task, execution_date=20221208T000000, start_date=20221209T151403, end_date=20221209T151406
[2022-12-09 15:14:06,243] {local_task_job.py:154} INFO - Task exited with return code 0
[2022-12-09 15:14:06,429] {local_task_job.py:264} INFO - 1 downstream tasks scheduled from follow-on schedule check
