[2022-12-08 11:30:41,455] {taskinstance.py:1032} INFO - Dependencies all met for <TaskInstance: data_ingestion_fhv_dag.local_to_gcs_task scheduled__2022-12-07T00:00:00+00:00 [queued]>
[2022-12-08 11:30:41,565] {taskinstance.py:1032} INFO - Dependencies all met for <TaskInstance: data_ingestion_fhv_dag.local_to_gcs_task scheduled__2022-12-07T00:00:00+00:00 [queued]>
[2022-12-08 11:30:41,565] {taskinstance.py:1238} INFO - 
--------------------------------------------------------------------------------
[2022-12-08 11:30:41,565] {taskinstance.py:1239} INFO - Starting attempt 1 of 2
[2022-12-08 11:30:41,566] {taskinstance.py:1240} INFO - 
--------------------------------------------------------------------------------
[2022-12-08 11:30:41,643] {taskinstance.py:1259} INFO - Executing <Task(PythonOperator): local_to_gcs_task> on 2022-12-07 00:00:00+00:00
[2022-12-08 11:30:41,667] {standard_task_runner.py:52} INFO - Started process 480 to run task
[2022-12-08 11:30:41,730] {standard_task_runner.py:76} INFO - Running: ['***', 'tasks', 'run', 'data_ingestion_fhv_dag', 'local_to_gcs_task', 'scheduled__2022-12-07T00:00:00+00:00', '--job-id', '23', '--raw', '--subdir', 'DAGS_FOLDER/data_ingestion_fhv_dag.py', '--cfg-path', '/tmp/tmpwhglpro9', '--error-file', '/tmp/tmp2lg3a9ik']
[2022-12-08 11:30:41,737] {standard_task_runner.py:77} INFO - Job 23: Subtask local_to_gcs_task
[2022-12-08 11:30:41,942] {logging_mixin.py:109} INFO - Running <TaskInstance: data_ingestion_fhv_dag.local_to_gcs_task scheduled__2022-12-07T00:00:00+00:00 [running]> on host abfb861806c7
[2022-12-08 11:30:42,437] {taskinstance.py:1426} INFO - Exporting the following env vars:
AIRFLOW_CTX_DAG_OWNER=***
AIRFLOW_CTX_DAG_ID=data_ingestion_fhv_dag
AIRFLOW_CTX_TASK_ID=local_to_gcs_task
AIRFLOW_CTX_EXECUTION_DATE=2022-12-07T00:00:00+00:00
AIRFLOW_CTX_DAG_RUN_ID=scheduled__2022-12-07T00:00:00+00:00
[2022-12-08 11:30:43,652] {python.py:175} INFO - Done. Returned value was: None
[2022-12-08 11:30:43,716] {taskinstance.py:1277} INFO - Marking task as SUCCESS. dag_id=data_ingestion_fhv_dag, task_id=local_to_gcs_task, execution_date=20221207T000000, start_date=20221208T113041, end_date=20221208T113043
[2022-12-08 11:30:43,965] {local_task_job.py:154} INFO - Task exited with return code 0
[2022-12-08 11:30:44,252] {local_task_job.py:264} INFO - 1 downstream tasks scheduled from follow-on schedule check
