[2022-12-08 11:30:37,633] {taskinstance.py:1032} INFO - Dependencies all met for <TaskInstance: data_ingestion_fhvhv_dag.download_dataset_task scheduled__2022-12-07T00:00:00+00:00 [queued]>
[2022-12-08 11:30:37,749] {taskinstance.py:1032} INFO - Dependencies all met for <TaskInstance: data_ingestion_fhvhv_dag.download_dataset_task scheduled__2022-12-07T00:00:00+00:00 [queued]>
[2022-12-08 11:30:37,749] {taskinstance.py:1238} INFO - 
--------------------------------------------------------------------------------
[2022-12-08 11:30:37,749] {taskinstance.py:1239} INFO - Starting attempt 1 of 2
[2022-12-08 11:30:37,750] {taskinstance.py:1240} INFO - 
--------------------------------------------------------------------------------
[2022-12-08 11:30:37,953] {taskinstance.py:1259} INFO - Executing <Task(BashOperator): download_dataset_task> on 2022-12-07 00:00:00+00:00
[2022-12-08 11:30:38,006] {standard_task_runner.py:52} INFO - Started process 462 to run task
[2022-12-08 11:30:38,084] {standard_task_runner.py:76} INFO - Running: ['***', 'tasks', 'run', 'data_ingestion_fhvhv_dag', 'download_dataset_task', 'scheduled__2022-12-07T00:00:00+00:00', '--job-id', '20', '--raw', '--subdir', 'DAGS_FOLDER/data_ingestion_fhvhv_dag.py', '--cfg-path', '/tmp/tmpz6720fwp', '--error-file', '/tmp/tmpejd2cv_j']
[2022-12-08 11:30:38,090] {standard_task_runner.py:77} INFO - Job 20: Subtask download_dataset_task
[2022-12-08 11:30:38,722] {logging_mixin.py:109} INFO - Running <TaskInstance: data_ingestion_fhvhv_dag.download_dataset_task scheduled__2022-12-07T00:00:00+00:00 [running]> on host abfb861806c7
[2022-12-08 11:30:39,373] {taskinstance.py:1426} INFO - Exporting the following env vars:
AIRFLOW_CTX_DAG_OWNER=***
AIRFLOW_CTX_DAG_ID=data_ingestion_fhvhv_dag
AIRFLOW_CTX_TASK_ID=download_dataset_task
AIRFLOW_CTX_EXECUTION_DATE=2022-12-07T00:00:00+00:00
AIRFLOW_CTX_DAG_RUN_ID=scheduled__2022-12-07T00:00:00+00:00
[2022-12-08 11:30:39,378] {subprocess.py:62} INFO - Tmp dir root location: 
 /tmp
[2022-12-08 11:30:39,388] {subprocess.py:74} INFO - Running command: ['bash', '-c', 'curl -sSL https://d37ci6vzurychx.cloudfront.net/trip-data/fhvhv_tripdata_2022-01.parquet > /opt/***/fhvhv_tripdata_2022-01.parquet']
[2022-12-08 11:30:39,642] {subprocess.py:85} INFO - Output:
[2022-12-08 11:30:50,693] {subprocess.py:93} INFO - Command exited with return code 0
[2022-12-08 11:30:51,014] {taskinstance.py:1277} INFO - Marking task as SUCCESS. dag_id=data_ingestion_fhvhv_dag, task_id=download_dataset_task, execution_date=20221207T000000, start_date=20221208T113037, end_date=20221208T113051
[2022-12-08 11:30:51,317] {local_task_job.py:154} INFO - Task exited with return code 0
[2022-12-08 11:30:51,662] {local_task_job.py:264} INFO - 1 downstream tasks scheduled from follow-on schedule check
