[2022-12-08 11:31:00,555] {taskinstance.py:1032} INFO - Dependencies all met for <TaskInstance: data_ingestion_fhvhv_dag.local_to_gcs_task scheduled__2022-12-07T00:00:00+00:00 [queued]>
[2022-12-08 11:31:00,649] {taskinstance.py:1032} INFO - Dependencies all met for <TaskInstance: data_ingestion_fhvhv_dag.local_to_gcs_task scheduled__2022-12-07T00:00:00+00:00 [queued]>
[2022-12-08 11:31:00,649] {taskinstance.py:1238} INFO - 
--------------------------------------------------------------------------------
[2022-12-08 11:31:00,650] {taskinstance.py:1239} INFO - Starting attempt 1 of 2
[2022-12-08 11:31:00,650] {taskinstance.py:1240} INFO - 
--------------------------------------------------------------------------------
[2022-12-08 11:31:00,701] {taskinstance.py:1259} INFO - Executing <Task(PythonOperator): local_to_gcs_task> on 2022-12-07 00:00:00+00:00
[2022-12-08 11:31:00,726] {standard_task_runner.py:52} INFO - Started process 504 to run task
[2022-12-08 11:31:00,760] {standard_task_runner.py:76} INFO - Running: ['***', 'tasks', 'run', 'data_ingestion_fhvhv_dag', 'local_to_gcs_task', 'scheduled__2022-12-07T00:00:00+00:00', '--job-id', '27', '--raw', '--subdir', 'DAGS_FOLDER/data_ingestion_fhvhv_dag.py', '--cfg-path', '/tmp/tmprtgyf6vq', '--error-file', '/tmp/tmplj580zvj']
[2022-12-08 11:31:00,781] {standard_task_runner.py:77} INFO - Job 27: Subtask local_to_gcs_task
[2022-12-08 11:31:01,153] {logging_mixin.py:109} INFO - Running <TaskInstance: data_ingestion_fhvhv_dag.local_to_gcs_task scheduled__2022-12-07T00:00:00+00:00 [running]> on host abfb861806c7
[2022-12-08 11:31:01,476] {taskinstance.py:1426} INFO - Exporting the following env vars:
AIRFLOW_CTX_DAG_OWNER=***
AIRFLOW_CTX_DAG_ID=data_ingestion_fhvhv_dag
AIRFLOW_CTX_TASK_ID=local_to_gcs_task
AIRFLOW_CTX_EXECUTION_DATE=2022-12-07T00:00:00+00:00
AIRFLOW_CTX_DAG_RUN_ID=scheduled__2022-12-07T00:00:00+00:00
[2022-12-08 11:31:12,410] {python.py:175} INFO - Done. Returned value was: None
[2022-12-08 11:31:12,463] {taskinstance.py:1277} INFO - Marking task as SUCCESS. dag_id=data_ingestion_fhvhv_dag, task_id=local_to_gcs_task, execution_date=20221207T000000, start_date=20221208T113100, end_date=20221208T113112
[2022-12-08 11:31:12,565] {local_task_job.py:154} INFO - Task exited with return code 0
[2022-12-08 11:31:12,666] {local_task_job.py:264} INFO - 1 downstream tasks scheduled from follow-on schedule check
