[2022-12-09 15:16:14,197] {taskinstance.py:1032} INFO - Dependencies all met for <TaskInstance: data_ingestion_yellowtax_dag.download_dataset_task manual__2022-12-08T14:49:42.546622+00:00 [queued]>
[2022-12-09 15:16:14,247] {taskinstance.py:1032} INFO - Dependencies all met for <TaskInstance: data_ingestion_yellowtax_dag.download_dataset_task manual__2022-12-08T14:49:42.546622+00:00 [queued]>
[2022-12-09 15:16:14,247] {taskinstance.py:1238} INFO - 
--------------------------------------------------------------------------------
[2022-12-09 15:16:14,247] {taskinstance.py:1239} INFO - Starting attempt 2 of 3
[2022-12-09 15:16:14,247] {taskinstance.py:1240} INFO - 
--------------------------------------------------------------------------------
[2022-12-09 15:16:14,301] {taskinstance.py:1259} INFO - Executing <Task(BashOperator): download_dataset_task> on 2022-12-08 14:49:42.546622+00:00
[2022-12-09 15:16:14,318] {standard_task_runner.py:52} INFO - Started process 233 to run task
[2022-12-09 15:16:14,331] {standard_task_runner.py:76} INFO - Running: ['***', 'tasks', 'run', 'data_ingestion_yellowtax_dag', 'download_dataset_task', 'manual__2022-12-08T14:49:42.546622+00:00', '--job-id', '101', '--raw', '--subdir', 'DAGS_FOLDER/data_ingestion_yellowtax_dag.py', '--cfg-path', '/tmp/tmpugqz4sbr', '--error-file', '/tmp/tmphywo8l8r']
[2022-12-09 15:16:14,361] {standard_task_runner.py:77} INFO - Job 101: Subtask download_dataset_task
[2022-12-09 15:16:14,542] {logging_mixin.py:109} INFO - Running <TaskInstance: data_ingestion_yellowtax_dag.download_dataset_task manual__2022-12-08T14:49:42.546622+00:00 [running]> on host 95a238f25269
[2022-12-09 15:16:14,714] {taskinstance.py:1426} INFO - Exporting the following env vars:
AIRFLOW_CTX_DAG_OWNER=***
AIRFLOW_CTX_DAG_ID=data_ingestion_yellowtax_dag
AIRFLOW_CTX_TASK_ID=download_dataset_task
AIRFLOW_CTX_EXECUTION_DATE=2022-12-08T14:49:42.546622+00:00
AIRFLOW_CTX_DAG_RUN_ID=manual__2022-12-08T14:49:42.546622+00:00
[2022-12-09 15:16:14,716] {subprocess.py:62} INFO - Tmp dir root location: 
 /tmp
[2022-12-09 15:16:14,717] {subprocess.py:74} INFO - Running command: ['bash', '-c', 'curl -sSL https://d37ci6vzurychx.cloudfront.net/trip-data/yellow_tripdata_2019-01.parquet > /opt/***/yellow_tripdata_2019-01.parquet']
[2022-12-09 15:16:14,765] {subprocess.py:85} INFO - Output:
[2022-12-09 15:16:17,544] {subprocess.py:93} INFO - Command exited with return code 0
[2022-12-09 15:16:17,691] {taskinstance.py:1277} INFO - Marking task as SUCCESS. dag_id=data_ingestion_yellowtax_dag, task_id=download_dataset_task, execution_date=20221208T144942, start_date=20221209T151614, end_date=20221209T151617
[2022-12-09 15:16:17,752] {local_task_job.py:154} INFO - Task exited with return code 0
[2022-12-09 15:16:17,852] {local_task_job.py:264} INFO - 0 downstream tasks scheduled from follow-on schedule check
