[2022-12-14 05:36:13,084] {processor.py:163} INFO - Started process (PID=57) to work on /opt/airflow/dags/data_ingestion_2tripdata_dag.py
[2022-12-14 05:36:13,106] {processor.py:642} INFO - Processing file /opt/airflow/dags/data_ingestion_2tripdata_dag.py for tasks to queue
[2022-12-14 05:36:13,118] {logging_mixin.py:109} INFO - [2022-12-14 05:36:13,117] {dagbag.py:500} INFO - Filling up the DagBag from /opt/airflow/dags/data_ingestion_2tripdata_dag.py
[2022-12-14 05:36:20,089] {processor.py:654} INFO - DAG(s) dict_keys(['data_ingestion_tripdata1_dag']) retrieved from /opt/airflow/dags/data_ingestion_2tripdata_dag.py
[2022-12-14 05:36:22,022] {logging_mixin.py:109} INFO - [2022-12-14 05:36:22,022] {dag.py:2396} INFO - Sync 1 DAGs
[2022-12-14 05:36:22,178] {logging_mixin.py:109} INFO - [2022-12-14 05:36:22,178] {dag.py:2935} INFO - Setting next_dagrun for data_ingestion_tripdata1_dag to 2022-12-14T00:00:00+00:00
[2022-12-14 05:36:22,265] {processor.py:171} INFO - Processing /opt/airflow/dags/data_ingestion_2tripdata_dag.py took 9.207 seconds
[2022-12-14 05:36:52,501] {processor.py:163} INFO - Started process (PID=88) to work on /opt/airflow/dags/data_ingestion_2tripdata_dag.py
[2022-12-14 05:36:52,511] {processor.py:642} INFO - Processing file /opt/airflow/dags/data_ingestion_2tripdata_dag.py for tasks to queue
[2022-12-14 05:36:52,522] {logging_mixin.py:109} INFO - [2022-12-14 05:36:52,521] {dagbag.py:500} INFO - Filling up the DagBag from /opt/airflow/dags/data_ingestion_2tripdata_dag.py
[2022-12-14 05:36:55,802] {processor.py:654} INFO - DAG(s) dict_keys(['data_ingestion_tripdata1_dag']) retrieved from /opt/airflow/dags/data_ingestion_2tripdata_dag.py
[2022-12-14 05:36:55,807] {logging_mixin.py:109} INFO - [2022-12-14 05:36:55,807] {dag.py:2396} INFO - Sync 1 DAGs
[2022-12-14 05:36:55,834] {logging_mixin.py:109} INFO - [2022-12-14 05:36:55,834] {dag.py:2935} INFO - Setting next_dagrun for data_ingestion_tripdata1_dag to 2022-12-14T00:00:00+00:00
[2022-12-14 05:36:55,851] {processor.py:171} INFO - Processing /opt/airflow/dags/data_ingestion_2tripdata_dag.py took 3.368 seconds
[2022-12-14 05:37:26,025] {processor.py:163} INFO - Started process (PID=118) to work on /opt/airflow/dags/data_ingestion_2tripdata_dag.py
[2022-12-14 05:37:26,038] {processor.py:642} INFO - Processing file /opt/airflow/dags/data_ingestion_2tripdata_dag.py for tasks to queue
[2022-12-14 05:37:26,040] {logging_mixin.py:109} INFO - [2022-12-14 05:37:26,039] {dagbag.py:500} INFO - Filling up the DagBag from /opt/airflow/dags/data_ingestion_2tripdata_dag.py
[2022-12-14 05:37:29,425] {processor.py:654} INFO - DAG(s) dict_keys(['data_ingestion_tripdata1_dag']) retrieved from /opt/airflow/dags/data_ingestion_2tripdata_dag.py
[2022-12-14 05:37:29,806] {logging_mixin.py:109} INFO - [2022-12-14 05:37:29,805] {dag.py:2396} INFO - Sync 1 DAGs
[2022-12-14 05:37:29,842] {logging_mixin.py:109} INFO - [2022-12-14 05:37:29,842] {dag.py:2935} INFO - Setting next_dagrun for data_ingestion_tripdata1_dag to 2022-12-14T00:00:00+00:00
[2022-12-14 05:37:29,861] {processor.py:171} INFO - Processing /opt/airflow/dags/data_ingestion_2tripdata_dag.py took 3.844 seconds
[2022-12-14 05:38:00,267] {processor.py:163} INFO - Started process (PID=153) to work on /opt/airflow/dags/data_ingestion_2tripdata_dag.py
[2022-12-14 05:38:00,271] {processor.py:642} INFO - Processing file /opt/airflow/dags/data_ingestion_2tripdata_dag.py for tasks to queue
[2022-12-14 05:38:00,274] {logging_mixin.py:109} INFO - [2022-12-14 05:38:00,272] {dagbag.py:500} INFO - Filling up the DagBag from /opt/airflow/dags/data_ingestion_2tripdata_dag.py
[2022-12-14 05:38:02,760] {processor.py:654} INFO - DAG(s) dict_keys(['data_ingestion_tripdata1_dag']) retrieved from /opt/airflow/dags/data_ingestion_2tripdata_dag.py
[2022-12-14 05:38:02,765] {logging_mixin.py:109} INFO - [2022-12-14 05:38:02,764] {dag.py:2396} INFO - Sync 1 DAGs
[2022-12-14 05:38:02,794] {logging_mixin.py:109} INFO - [2022-12-14 05:38:02,794] {dag.py:2935} INFO - Setting next_dagrun for data_ingestion_tripdata1_dag to 2022-12-14T00:00:00+00:00
[2022-12-14 05:38:02,807] {processor.py:171} INFO - Processing /opt/airflow/dags/data_ingestion_2tripdata_dag.py took 2.549 seconds
[2022-12-14 05:38:33,703] {processor.py:163} INFO - Started process (PID=183) to work on /opt/airflow/dags/data_ingestion_2tripdata_dag.py
[2022-12-14 05:38:33,705] {processor.py:642} INFO - Processing file /opt/airflow/dags/data_ingestion_2tripdata_dag.py for tasks to queue
[2022-12-14 05:38:33,707] {logging_mixin.py:109} INFO - [2022-12-14 05:38:33,706] {dagbag.py:500} INFO - Filling up the DagBag from /opt/airflow/dags/data_ingestion_2tripdata_dag.py
[2022-12-14 05:38:34,849] {processor.py:654} INFO - DAG(s) dict_keys(['data_ingestion_tripdata1_dag']) retrieved from /opt/airflow/dags/data_ingestion_2tripdata_dag.py
[2022-12-14 05:38:35,068] {logging_mixin.py:109} INFO - [2022-12-14 05:38:35,068] {dag.py:2396} INFO - Sync 1 DAGs
[2022-12-14 05:38:35,086] {logging_mixin.py:109} INFO - [2022-12-14 05:38:35,086] {dag.py:2935} INFO - Setting next_dagrun for data_ingestion_tripdata1_dag to 2022-12-14T00:00:00+00:00
[2022-12-14 05:38:35,098] {processor.py:171} INFO - Processing /opt/airflow/dags/data_ingestion_2tripdata_dag.py took 1.403 seconds
[2022-12-14 05:38:41,970] {processor.py:163} INFO - Started process (PID=196) to work on /opt/airflow/dags/data_ingestion_2tripdata_dag.py
[2022-12-14 05:38:41,972] {processor.py:642} INFO - Processing file /opt/airflow/dags/data_ingestion_2tripdata_dag.py for tasks to queue
[2022-12-14 05:38:41,973] {logging_mixin.py:109} INFO - [2022-12-14 05:38:41,973] {dagbag.py:500} INFO - Filling up the DagBag from /opt/airflow/dags/data_ingestion_2tripdata_dag.py
[2022-12-14 05:38:44,988] {processor.py:654} INFO - DAG(s) dict_keys(['data_ingestion_tripdata1_dag']) retrieved from /opt/airflow/dags/data_ingestion_2tripdata_dag.py
[2022-12-14 05:38:44,996] {logging_mixin.py:109} INFO - [2022-12-14 05:38:44,995] {dag.py:2396} INFO - Sync 1 DAGs
[2022-12-14 05:38:45,044] {logging_mixin.py:109} INFO - [2022-12-14 05:38:45,044] {dag.py:2935} INFO - Setting next_dagrun for data_ingestion_tripdata1_dag to 2022-12-14T00:00:00+00:00
[2022-12-14 05:38:45,071] {processor.py:171} INFO - Processing /opt/airflow/dags/data_ingestion_2tripdata_dag.py took 3.118 seconds
[2022-12-14 05:39:15,566] {processor.py:163} INFO - Started process (PID=226) to work on /opt/airflow/dags/data_ingestion_2tripdata_dag.py
[2022-12-14 05:39:15,575] {processor.py:642} INFO - Processing file /opt/airflow/dags/data_ingestion_2tripdata_dag.py for tasks to queue
[2022-12-14 05:39:15,577] {logging_mixin.py:109} INFO - [2022-12-14 05:39:15,577] {dagbag.py:500} INFO - Filling up the DagBag from /opt/airflow/dags/data_ingestion_2tripdata_dag.py
[2022-12-14 05:39:17,794] {processor.py:654} INFO - DAG(s) dict_keys(['data_ingestion_tripdata1_dag']) retrieved from /opt/airflow/dags/data_ingestion_2tripdata_dag.py
[2022-12-14 05:39:17,799] {logging_mixin.py:109} INFO - [2022-12-14 05:39:17,799] {dag.py:2396} INFO - Sync 1 DAGs
[2022-12-14 05:39:17,833] {logging_mixin.py:109} INFO - [2022-12-14 05:39:17,833] {dag.py:2935} INFO - Setting next_dagrun for data_ingestion_tripdata1_dag to 2022-12-14T00:00:00+00:00
[2022-12-14 05:39:17,858] {processor.py:171} INFO - Processing /opt/airflow/dags/data_ingestion_2tripdata_dag.py took 2.304 seconds
[2022-12-14 05:39:48,042] {processor.py:163} INFO - Started process (PID=260) to work on /opt/airflow/dags/data_ingestion_2tripdata_dag.py
[2022-12-14 05:39:48,044] {processor.py:642} INFO - Processing file /opt/airflow/dags/data_ingestion_2tripdata_dag.py for tasks to queue
[2022-12-14 05:39:48,045] {logging_mixin.py:109} INFO - [2022-12-14 05:39:48,045] {dagbag.py:500} INFO - Filling up the DagBag from /opt/airflow/dags/data_ingestion_2tripdata_dag.py
[2022-12-14 05:39:49,645] {processor.py:654} INFO - DAG(s) dict_keys(['data_ingestion_tripdata1_dag']) retrieved from /opt/airflow/dags/data_ingestion_2tripdata_dag.py
[2022-12-14 05:39:50,169] {logging_mixin.py:109} INFO - [2022-12-14 05:39:50,168] {dag.py:2396} INFO - Sync 1 DAGs
[2022-12-14 05:39:50,198] {logging_mixin.py:109} INFO - [2022-12-14 05:39:50,197] {dag.py:2935} INFO - Setting next_dagrun for data_ingestion_tripdata1_dag to 2022-12-14T00:00:00+00:00
[2022-12-14 05:39:50,215] {processor.py:171} INFO - Processing /opt/airflow/dags/data_ingestion_2tripdata_dag.py took 2.179 seconds
[2022-12-14 05:40:20,779] {processor.py:163} INFO - Started process (PID=304) to work on /opt/airflow/dags/data_ingestion_2tripdata_dag.py
[2022-12-14 05:40:20,781] {processor.py:642} INFO - Processing file /opt/airflow/dags/data_ingestion_2tripdata_dag.py for tasks to queue
[2022-12-14 05:40:20,782] {logging_mixin.py:109} INFO - [2022-12-14 05:40:20,782] {dagbag.py:500} INFO - Filling up the DagBag from /opt/airflow/dags/data_ingestion_2tripdata_dag.py
[2022-12-14 05:40:21,733] {processor.py:654} INFO - DAG(s) dict_keys(['data_ingestion_tripdata1_dag']) retrieved from /opt/airflow/dags/data_ingestion_2tripdata_dag.py
[2022-12-14 05:40:21,742] {logging_mixin.py:109} INFO - [2022-12-14 05:40:21,742] {dag.py:2396} INFO - Sync 1 DAGs
[2022-12-14 05:40:21,760] {logging_mixin.py:109} INFO - [2022-12-14 05:40:21,760] {dag.py:2935} INFO - Setting next_dagrun for data_ingestion_tripdata1_dag to 2022-12-14T00:00:00+00:00
[2022-12-14 05:40:21,771] {processor.py:171} INFO - Processing /opt/airflow/dags/data_ingestion_2tripdata_dag.py took 1.000 seconds
[2022-12-14 05:40:51,972] {processor.py:163} INFO - Started process (PID=335) to work on /opt/airflow/dags/data_ingestion_2tripdata_dag.py
[2022-12-14 05:40:51,975] {processor.py:642} INFO - Processing file /opt/airflow/dags/data_ingestion_2tripdata_dag.py for tasks to queue
[2022-12-14 05:40:51,976] {logging_mixin.py:109} INFO - [2022-12-14 05:40:51,976] {dagbag.py:500} INFO - Filling up the DagBag from /opt/airflow/dags/data_ingestion_2tripdata_dag.py
[2022-12-14 05:40:52,972] {processor.py:654} INFO - DAG(s) dict_keys(['data_ingestion_tripdata1_dag']) retrieved from /opt/airflow/dags/data_ingestion_2tripdata_dag.py
[2022-12-14 05:40:52,976] {logging_mixin.py:109} INFO - [2022-12-14 05:40:52,975] {dag.py:2396} INFO - Sync 1 DAGs
[2022-12-14 05:40:52,993] {logging_mixin.py:109} INFO - [2022-12-14 05:40:52,993] {dag.py:2935} INFO - Setting next_dagrun for data_ingestion_tripdata1_dag to 2022-12-14T00:00:00+00:00
[2022-12-14 05:40:53,003] {processor.py:171} INFO - Processing /opt/airflow/dags/data_ingestion_2tripdata_dag.py took 1.037 seconds
[2022-12-14 05:41:23,555] {processor.py:163} INFO - Started process (PID=366) to work on /opt/airflow/dags/data_ingestion_2tripdata_dag.py
[2022-12-14 05:41:23,557] {processor.py:642} INFO - Processing file /opt/airflow/dags/data_ingestion_2tripdata_dag.py for tasks to queue
[2022-12-14 05:41:23,558] {logging_mixin.py:109} INFO - [2022-12-14 05:41:23,558] {dagbag.py:500} INFO - Filling up the DagBag from /opt/airflow/dags/data_ingestion_2tripdata_dag.py
[2022-12-14 05:41:24,779] {processor.py:654} INFO - DAG(s) dict_keys(['data_ingestion_tripdata1_dag']) retrieved from /opt/airflow/dags/data_ingestion_2tripdata_dag.py
[2022-12-14 05:41:24,997] {logging_mixin.py:109} INFO - [2022-12-14 05:41:24,997] {dag.py:2396} INFO - Sync 1 DAGs
[2022-12-14 05:41:25,014] {logging_mixin.py:109} INFO - [2022-12-14 05:41:25,014] {dag.py:2935} INFO - Setting next_dagrun for data_ingestion_tripdata1_dag to 2022-12-14T00:00:00+00:00
[2022-12-14 05:41:25,027] {processor.py:171} INFO - Processing /opt/airflow/dags/data_ingestion_2tripdata_dag.py took 1.479 seconds
[2022-12-14 05:41:55,433] {processor.py:163} INFO - Started process (PID=399) to work on /opt/airflow/dags/data_ingestion_2tripdata_dag.py
[2022-12-14 05:41:55,436] {processor.py:642} INFO - Processing file /opt/airflow/dags/data_ingestion_2tripdata_dag.py for tasks to queue
[2022-12-14 05:41:55,437] {logging_mixin.py:109} INFO - [2022-12-14 05:41:55,437] {dagbag.py:500} INFO - Filling up the DagBag from /opt/airflow/dags/data_ingestion_2tripdata_dag.py
[2022-12-14 05:41:56,882] {processor.py:654} INFO - DAG(s) dict_keys(['data_ingestion_tripdata1_dag']) retrieved from /opt/airflow/dags/data_ingestion_2tripdata_dag.py
[2022-12-14 05:41:56,894] {logging_mixin.py:109} INFO - [2022-12-14 05:41:56,894] {dag.py:2396} INFO - Sync 1 DAGs
[2022-12-14 05:41:56,923] {logging_mixin.py:109} INFO - [2022-12-14 05:41:56,923] {dag.py:2935} INFO - Setting next_dagrun for data_ingestion_tripdata1_dag to 2022-12-14T00:00:00+00:00
[2022-12-14 05:41:56,941] {processor.py:171} INFO - Processing /opt/airflow/dags/data_ingestion_2tripdata_dag.py took 1.516 seconds
