[2022-12-14 10:17:27,077] {taskinstance.py:1032} INFO - Dependencies all met for <TaskInstance: data_ingestion_tripdata3_dag.bigquery_external_table_task manual__2022-12-14T09:55:43.971066+00:00 [queued]>
[2022-12-14 10:17:27,091] {taskinstance.py:1032} INFO - Dependencies all met for <TaskInstance: data_ingestion_tripdata3_dag.bigquery_external_table_task manual__2022-12-14T09:55:43.971066+00:00 [queued]>
[2022-12-14 10:17:27,091] {taskinstance.py:1238} INFO - 
--------------------------------------------------------------------------------
[2022-12-14 10:17:27,091] {taskinstance.py:1239} INFO - Starting attempt 3 of 4
[2022-12-14 10:17:27,091] {taskinstance.py:1240} INFO - 
--------------------------------------------------------------------------------
[2022-12-14 10:17:27,109] {taskinstance.py:1259} INFO - Executing <Task(BigQueryCreateExternalTableOperator): bigquery_external_table_task> on 2022-12-14 09:55:43.971066+00:00
[2022-12-14 10:17:27,118] {standard_task_runner.py:52} INFO - Started process 3334 to run task
[2022-12-14 10:17:27,125] {standard_task_runner.py:76} INFO - Running: ['***', 'tasks', 'run', 'data_ingestion_tripdata3_dag', 'bigquery_external_table_task', 'manual__2022-12-14T09:55:43.971066+00:00', '--job-id', '274', '--raw', '--subdir', 'DAGS_FOLDER/data_ingestion_tripdata3_dag.py', '--cfg-path', '/tmp/tmpee9z6wqf', '--error-file', '/tmp/tmpv524sz_a']
[2022-12-14 10:17:27,126] {standard_task_runner.py:77} INFO - Job 274: Subtask bigquery_external_table_task
[2022-12-14 10:17:27,222] {logging_mixin.py:109} INFO - Running <TaskInstance: data_ingestion_tripdata3_dag.bigquery_external_table_task manual__2022-12-14T09:55:43.971066+00:00 [running]> on host f2a8a695a340
[2022-12-14 10:17:27,308] {taskinstance.py:1426} INFO - Exporting the following env vars:
AIRFLOW_CTX_DAG_OWNER=***
AIRFLOW_CTX_DAG_ID=data_ingestion_tripdata3_dag
AIRFLOW_CTX_TASK_ID=bigquery_external_table_task
AIRFLOW_CTX_EXECUTION_DATE=2022-12-14T09:55:43.971066+00:00
AIRFLOW_CTX_DAG_RUN_ID=manual__2022-12-14T09:55:43.971066+00:00
[2022-12-14 10:17:27,311] {crypto.py:82} WARNING - empty cryptography key - values will not be stored encrypted.
[2022-12-14 10:17:27,712] {taskinstance.py:1277} INFO - Marking task as SUCCESS. dag_id=data_ingestion_tripdata3_dag, task_id=bigquery_external_table_task, execution_date=20221214T095543, start_date=20221214T101727, end_date=20221214T101727
[2022-12-14 10:17:27,782] {local_task_job.py:154} INFO - Task exited with return code 0
[2022-12-14 10:17:27,832] {local_task_job.py:264} INFO - 0 downstream tasks scheduled from follow-on schedule check
