[2022-12-08 11:30:38,606] {taskinstance.py:1032} INFO - Dependencies all met for <TaskInstance: data_ingestion_yellowtax_dag.download_dataset_task scheduled__2022-12-07T00:00:00+00:00 [queued]>
[2022-12-08 11:30:38,785] {taskinstance.py:1032} INFO - Dependencies all met for <TaskInstance: data_ingestion_yellowtax_dag.download_dataset_task scheduled__2022-12-07T00:00:00+00:00 [queued]>
[2022-12-08 11:30:38,785] {taskinstance.py:1238} INFO - 
--------------------------------------------------------------------------------
[2022-12-08 11:30:38,789] {taskinstance.py:1239} INFO - Starting attempt 1 of 2
[2022-12-08 11:30:38,789] {taskinstance.py:1240} INFO - 
--------------------------------------------------------------------------------
[2022-12-08 11:30:38,987] {taskinstance.py:1259} INFO - Executing <Task(BashOperator): download_dataset_task> on 2022-12-07 00:00:00+00:00
[2022-12-08 11:30:39,049] {standard_task_runner.py:52} INFO - Started process 471 to run task
[2022-12-08 11:30:39,114] {standard_task_runner.py:76} INFO - Running: ['***', 'tasks', 'run', 'data_ingestion_yellowtax_dag', 'download_dataset_task', 'scheduled__2022-12-07T00:00:00+00:00', '--job-id', '22', '--raw', '--subdir', 'DAGS_FOLDER/data_ingestion_yellowtax_dag copy.py', '--cfg-path', '/tmp/tmpam1r18_l', '--error-file', '/tmp/tmpl67m7osv']
[2022-12-08 11:30:39,139] {standard_task_runner.py:77} INFO - Job 22: Subtask download_dataset_task
[2022-12-08 11:30:39,845] {logging_mixin.py:109} INFO - Running <TaskInstance: data_ingestion_yellowtax_dag.download_dataset_task scheduled__2022-12-07T00:00:00+00:00 [running]> on host abfb861806c7
[2022-12-08 11:30:40,285] {taskinstance.py:1426} INFO - Exporting the following env vars:
AIRFLOW_CTX_DAG_OWNER=***
AIRFLOW_CTX_DAG_ID=data_ingestion_yellowtax_dag
AIRFLOW_CTX_TASK_ID=download_dataset_task
AIRFLOW_CTX_EXECUTION_DATE=2022-12-07T00:00:00+00:00
AIRFLOW_CTX_DAG_RUN_ID=scheduled__2022-12-07T00:00:00+00:00
[2022-12-08 11:30:40,287] {subprocess.py:62} INFO - Tmp dir root location: 
 /tmp
[2022-12-08 11:30:40,302] {subprocess.py:74} INFO - Running command: ['bash', '-c', 'curl -sSL https://d37ci6vzurychx.cloudfront.net/trip-data/yellow_tripdata_2022-01.parquet > /opt/***/yellow_tripdata_2022-01.parquet']
[2022-12-08 11:30:40,436] {subprocess.py:85} INFO - Output:
[2022-12-08 11:30:41,337] {subprocess.py:93} INFO - Command exited with return code 0
[2022-12-08 11:30:41,949] {taskinstance.py:1277} INFO - Marking task as SUCCESS. dag_id=data_ingestion_yellowtax_dag, task_id=download_dataset_task, execution_date=20221207T000000, start_date=20221208T113038, end_date=20221208T113041
[2022-12-08 11:30:42,165] {local_task_job.py:154} INFO - Task exited with return code 0
[2022-12-08 11:30:42,521] {local_task_job.py:264} INFO - 1 downstream tasks scheduled from follow-on schedule check
