[2022-12-08 10:16:13,144] {taskinstance.py:1032} INFO - Dependencies all met for <TaskInstance: data_ingestion_gcs_dag.download_dataset_task scheduled__2022-12-07T00:00:00+00:00 [queued]>
[2022-12-08 10:16:13,208] {taskinstance.py:1032} INFO - Dependencies all met for <TaskInstance: data_ingestion_gcs_dag.download_dataset_task scheduled__2022-12-07T00:00:00+00:00 [queued]>
[2022-12-08 10:16:13,232] {taskinstance.py:1238} INFO - 
--------------------------------------------------------------------------------
[2022-12-08 10:16:13,232] {taskinstance.py:1239} INFO - Starting attempt 1 of 2
[2022-12-08 10:16:13,232] {taskinstance.py:1240} INFO - 
--------------------------------------------------------------------------------
[2022-12-08 10:16:13,282] {taskinstance.py:1259} INFO - Executing <Task(BashOperator): download_dataset_task> on 2022-12-07 00:00:00+00:00
[2022-12-08 10:16:13,308] {standard_task_runner.py:76} INFO - Running: ['***', 'tasks', 'run', 'data_ingestion_gcs_dag', 'download_dataset_task', 'scheduled__2022-12-07T00:00:00+00:00', '--job-id', '9', '--raw', '--subdir', 'DAGS_FOLDER/data_ingestion_gcs_dag.py', '--cfg-path', '/tmp/tmp_su2ilgl', '--error-file', '/tmp/tmplqtp14qg']
[2022-12-08 10:16:13,337] {standard_task_runner.py:77} INFO - Job 9: Subtask download_dataset_task
[2022-12-08 10:16:13,299] {standard_task_runner.py:52} INFO - Started process 150 to run task
[2022-12-08 10:16:13,489] {logging_mixin.py:109} INFO - Running <TaskInstance: data_ingestion_gcs_dag.download_dataset_task scheduled__2022-12-07T00:00:00+00:00 [running]> on host 130fbc517d11
[2022-12-08 10:16:13,629] {taskinstance.py:1426} INFO - Exporting the following env vars:
AIRFLOW_CTX_DAG_OWNER=***
AIRFLOW_CTX_DAG_ID=data_ingestion_gcs_dag
AIRFLOW_CTX_TASK_ID=download_dataset_task
AIRFLOW_CTX_EXECUTION_DATE=2022-12-07T00:00:00+00:00
AIRFLOW_CTX_DAG_RUN_ID=scheduled__2022-12-07T00:00:00+00:00
[2022-12-08 10:16:13,638] {subprocess.py:62} INFO - Tmp dir root location: 
 /tmp
[2022-12-08 10:16:13,639] {subprocess.py:74} INFO - Running command: ['bash', '-c', 'curl -sSL https://d37ci6vzurychx.cloudfront.net/trip-data/yellow_tripdata_2022-01.parquet > /opt/***/yellow_tripdata_2022-01.parquet']
[2022-12-08 10:16:13,669] {subprocess.py:85} INFO - Output:
[2022-12-08 10:16:14,599] {subprocess.py:93} INFO - Command exited with return code 0
[2022-12-08 10:16:14,693] {taskinstance.py:1277} INFO - Marking task as SUCCESS. dag_id=data_ingestion_gcs_dag, task_id=download_dataset_task, execution_date=20221207T000000, start_date=20221208T101613, end_date=20221208T101614
[2022-12-08 10:16:14,737] {local_task_job.py:154} INFO - Task exited with return code 0
[2022-12-08 10:16:14,814] {local_task_job.py:264} INFO - 1 downstream tasks scheduled from follow-on schedule check
