[2022-12-10 16:11:28,675] {processor.py:163} INFO - Started process (PID=126) to work on /opt/airflow/dags/data_ingestion_yellowtax_dag.py
[2022-12-10 16:11:28,725] {processor.py:642} INFO - Processing file /opt/airflow/dags/data_ingestion_yellowtax_dag.py for tasks to queue
[2022-12-10 16:11:28,878] {logging_mixin.py:109} INFO - [2022-12-10 16:11:28,877] {dagbag.py:500} INFO - Filling up the DagBag from /opt/airflow/dags/data_ingestion_yellowtax_dag.py
[2022-12-10 16:11:58,938] {logging_mixin.py:109} INFO - [2022-12-10 16:11:58,937] {timeout.py:36} ERROR - Process timed out, PID: 126
[2022-12-10 16:11:59,159] {logging_mixin.py:109} INFO - [2022-12-10 16:11:58,965] {dagbag.py:334} ERROR - Failed to import: /opt/airflow/dags/data_ingestion_yellowtax_dag.py
Traceback (most recent call last):
  File "/home/airflow/.local/lib/python3.7/site-packages/airflow/models/dagbag.py", line 331, in _load_modules_from_file
    loader.exec_module(new_module)
  File "<frozen importlib._bootstrap_external>", line 728, in exec_module
  File "<frozen importlib._bootstrap>", line 219, in _call_with_frames_removed
  File "/opt/airflow/dags/data_ingestion_yellowtax_dag.py", line 10, in <module>
    from airflow.providers.google.cloud.operators.bigquery import BigQueryCreateExternalTableOperator
  File "/home/airflow/.local/lib/python3.7/site-packages/airflow/providers/google/cloud/operators/bigquery.py", line 38, in <module>
    from airflow.providers.google.cloud.hooks.bigquery import BigQueryHook, BigQueryJob
  File "/home/airflow/.local/lib/python3.7/site-packages/airflow/providers/google/cloud/hooks/bigquery.py", line 33, in <module>
    from google.cloud.bigquery import (
  File "/home/airflow/.local/lib/python3.7/site-packages/google/cloud/bigquery/__init__.py", line 35, in <module>
    from google.cloud.bigquery.client import Client
  File "/home/airflow/.local/lib/python3.7/site-packages/google/cloud/bigquery/client.py", line 61, in <module>
    from google.cloud.bigquery_storage_v1.services.big_query_read.client import (
  File "/home/airflow/.local/lib/python3.7/site-packages/google/cloud/bigquery_storage_v1/__init__.py", line 25, in <module>
    from google.cloud.bigquery_storage_v1 import client
  File "/home/airflow/.local/lib/python3.7/site-packages/google/cloud/bigquery_storage_v1/client.py", line 28, in <module>
    from google.cloud.bigquery_storage_v1.services import big_query_write
  File "/home/airflow/.local/lib/python3.7/site-packages/google/cloud/bigquery_storage_v1/services/big_query_write/__init__.py", line 16, in <module>
    from .client import BigQueryWriteClient
  File "/home/airflow/.local/lib/python3.7/site-packages/google/cloud/bigquery_storage_v1/services/big_query_write/client.py", line 78, in <module>
    class BigQueryWriteClient(metaclass=BigQueryWriteClientMeta):
  File "/home/airflow/.local/lib/python3.7/site-packages/google/cloud/bigquery_storage_v1/services/big_query_write/client.py", line 390, in BigQueryWriteClient
    metadata: Sequence[Tuple[str, str]] = (),
  File "/usr/local/lib/python3.7/typing.py", line 251, in inner
    return cached(*args, **kwds)
  File "/usr/local/lib/python3.7/typing.py", line 352, in __getitem__
    parameters = _remove_dups_flatten(parameters)
  File "/usr/local/lib/python3.7/typing.py", line 224, in _remove_dups_flatten
    params.append(p)
  File "/home/airflow/.local/lib/python3.7/site-packages/airflow/utils/timeout.py", line 37, in handle_timeout
    raise AirflowTaskTimeout(self.error_message)
airflow.exceptions.AirflowTaskTimeout: DagBag import timeout for /opt/airflow/dags/data_ingestion_yellowtax_dag.py after 30.0s.
Please take a look at these docs to improve your DAG import time:
* https://airflow.apache.org/docs/apache-airflow/2.2.3/best-practices.html#top-level-python-code
* https://airflow.apache.org/docs/apache-airflow/2.2.3/best-practices.html#reducing-dag-complexity, PID: 126
[2022-12-10 16:11:59,601] {processor.py:690} INFO - Deactivated 1 DAGs which are no longer present in /opt/airflow/dags/data_ingestion_yellowtax_dag.py
[2022-12-10 16:11:59,623] {processor.py:656} WARNING - No viable dags retrieved from /opt/airflow/dags/data_ingestion_yellowtax_dag.py
[2022-12-10 16:11:59,957] {processor.py:171} INFO - Processing /opt/airflow/dags/data_ingestion_yellowtax_dag.py took 31.412 seconds
[2022-12-10 16:12:30,977] {processor.py:163} INFO - Started process (PID=159) to work on /opt/airflow/dags/data_ingestion_yellowtax_dag.py
[2022-12-10 16:12:31,035] {processor.py:642} INFO - Processing file /opt/airflow/dags/data_ingestion_yellowtax_dag.py for tasks to queue
[2022-12-10 16:12:31,070] {logging_mixin.py:109} INFO - [2022-12-10 16:12:31,070] {dagbag.py:500} INFO - Filling up the DagBag from /opt/airflow/dags/data_ingestion_yellowtax_dag.py
[2022-12-10 16:13:01,160] {logging_mixin.py:109} INFO - [2022-12-10 16:13:01,160] {timeout.py:36} ERROR - Process timed out, PID: 159
[2022-12-10 16:13:01,374] {logging_mixin.py:109} INFO - [2022-12-10 16:13:01,179] {dagbag.py:334} ERROR - Failed to import: /opt/airflow/dags/data_ingestion_yellowtax_dag.py
Traceback (most recent call last):
  File "/home/airflow/.local/lib/python3.7/site-packages/airflow/models/dagbag.py", line 331, in _load_modules_from_file
    loader.exec_module(new_module)
  File "<frozen importlib._bootstrap_external>", line 728, in exec_module
  File "<frozen importlib._bootstrap>", line 219, in _call_with_frames_removed
  File "/opt/airflow/dags/data_ingestion_yellowtax_dag.py", line 10, in <module>
    from airflow.providers.google.cloud.operators.bigquery import BigQueryCreateExternalTableOperator
  File "/home/airflow/.local/lib/python3.7/site-packages/airflow/providers/google/cloud/operators/bigquery.py", line 38, in <module>
    from airflow.providers.google.cloud.hooks.bigquery import BigQueryHook, BigQueryJob
  File "/home/airflow/.local/lib/python3.7/site-packages/airflow/providers/google/cloud/hooks/bigquery.py", line 33, in <module>
    from google.cloud.bigquery import (
  File "/home/airflow/.local/lib/python3.7/site-packages/google/cloud/bigquery/__init__.py", line 35, in <module>
    from google.cloud.bigquery.client import Client
  File "/home/airflow/.local/lib/python3.7/site-packages/google/cloud/bigquery/client.py", line 74, in <module>
    from google.cloud.bigquery import _pandas_helpers
  File "/home/airflow/.local/lib/python3.7/site-packages/google/cloud/bigquery/_pandas_helpers.py", line 67, in <module>
    from google.cloud.bigquery import schema
  File "/home/airflow/.local/lib/python3.7/site-packages/google/cloud/bigquery/schema.py", line 21, in <module>
    from google.cloud.bigquery_v2 import types
  File "/home/airflow/.local/lib/python3.7/site-packages/google/cloud/bigquery_v2/__init__.py", line 18, in <module>
    from .types.encryption_config import EncryptionConfiguration
  File "/home/airflow/.local/lib/python3.7/site-packages/google/cloud/bigquery_v2/types/__init__.py", line 17, in <module>
    from .model import (
  File "/home/airflow/.local/lib/python3.7/site-packages/google/cloud/bigquery_v2/types/model.py", line 20, in <module>
    from google.cloud.bigquery_v2.types import standard_sql
  File "/home/airflow/.local/lib/python3.7/site-packages/google/cloud/bigquery_v2/types/standard_sql.py", line 30, in <module>
    class StandardSqlDataType(proto.Message):
  File "/home/airflow/.local/lib/python3.7/site-packages/google/cloud/bigquery_v2/types/standard_sql.py", line 61, in StandardSqlDataType
    class TypeKind(proto.Enum):
  File "/home/airflow/.local/lib/python3.7/site-packages/proto/enums.py", line 88, in __new__
    cls = super().__new__(mcls, name, bases, attrs)
  File "/usr/local/lib/python3.7/enum.py", line 252, in __new__
    enum_class._value2member_map_[value] = enum_member
  File "/home/airflow/.local/lib/python3.7/site-packages/airflow/utils/timeout.py", line 37, in handle_timeout
    raise AirflowTaskTimeout(self.error_message)
airflow.exceptions.AirflowTaskTimeout: DagBag import timeout for /opt/airflow/dags/data_ingestion_yellowtax_dag.py after 30.0s.
Please take a look at these docs to improve your DAG import time:
* https://airflow.apache.org/docs/apache-airflow/2.2.3/best-practices.html#top-level-python-code
* https://airflow.apache.org/docs/apache-airflow/2.2.3/best-practices.html#reducing-dag-complexity, PID: 159
[2022-12-10 16:13:01,857] {processor.py:656} WARNING - No viable dags retrieved from /opt/airflow/dags/data_ingestion_yellowtax_dag.py
[2022-12-10 16:13:02,111] {processor.py:171} INFO - Processing /opt/airflow/dags/data_ingestion_yellowtax_dag.py took 31.362 seconds
[2022-12-10 16:13:33,154] {processor.py:163} INFO - Started process (PID=192) to work on /opt/airflow/dags/data_ingestion_yellowtax_dag.py
[2022-12-10 16:13:33,174] {processor.py:642} INFO - Processing file /opt/airflow/dags/data_ingestion_yellowtax_dag.py for tasks to queue
[2022-12-10 16:13:33,261] {logging_mixin.py:109} INFO - [2022-12-10 16:13:33,261] {dagbag.py:500} INFO - Filling up the DagBag from /opt/airflow/dags/data_ingestion_yellowtax_dag.py
[2022-12-10 16:14:03,349] {logging_mixin.py:109} INFO - [2022-12-10 16:14:03,348] {timeout.py:36} ERROR - Process timed out, PID: 192
[2022-12-10 16:14:03,826] {logging_mixin.py:109} INFO - [2022-12-10 16:14:03,357] {dagbag.py:334} ERROR - Failed to import: /opt/airflow/dags/data_ingestion_yellowtax_dag.py
Traceback (most recent call last):
  File "/home/airflow/.local/lib/python3.7/site-packages/airflow/models/dagbag.py", line 331, in _load_modules_from_file
    loader.exec_module(new_module)
  File "<frozen importlib._bootstrap_external>", line 728, in exec_module
  File "<frozen importlib._bootstrap>", line 219, in _call_with_frames_removed
  File "/opt/airflow/dags/data_ingestion_yellowtax_dag.py", line 10, in <module>
    from airflow.providers.google.cloud.operators.bigquery import BigQueryCreateExternalTableOperator
  File "/home/airflow/.local/lib/python3.7/site-packages/airflow/providers/google/cloud/operators/bigquery.py", line 38, in <module>
    from airflow.providers.google.cloud.hooks.bigquery import BigQueryHook, BigQueryJob
  File "/home/airflow/.local/lib/python3.7/site-packages/airflow/providers/google/cloud/hooks/bigquery.py", line 46, in <module>
    from googleapiclient.discovery import Resource, build
  File "/home/airflow/.local/lib/python3.7/site-packages/googleapiclient/discovery.py", line 48, in <module>
    import httplib2
  File "/home/airflow/.local/lib/python3.7/site-packages/httplib2/__init__.py", line 52, in <module>
    from . import auth
  File "/home/airflow/.local/lib/python3.7/site-packages/httplib2/auth.py", line 4, in <module>
    import pyparsing as pp
  File "/home/airflow/.local/lib/python3.7/site-packages/pyparsing.py", line 5672, in <module>
    _escapedPunc = Word(_bslash, r"\[]-*.$+^?()~ ", exact=2).setParseAction(lambda s, l, t: t[0][1])
  File "/home/airflow/.local/lib/python3.7/site-packages/pyparsing.py", line 1563, in setParseAction
    self.parseAction = list(map(_trim_arity, list(fns)))
  File "/home/airflow/.local/lib/python3.7/site-packages/pyparsing.py", line 1310, in _trim_arity
    this_line = extract_stack(limit=2)[-1]
  File "/home/airflow/.local/lib/python3.7/site-packages/pyparsing.py", line 1294, in extract_stack
    frame_summary = traceback.extract_stack(limit=-offset + limit - 1)[offset]
  File "/usr/local/lib/python3.7/traceback.py", line 211, in extract_stack
    stack = StackSummary.extract(walk_stack(f), limit=limit)
  File "/usr/local/lib/python3.7/traceback.py", line 363, in extract
    f.line
  File "/usr/local/lib/python3.7/traceback.py", line 285, in line
    self._line = linecache.getline(self.filename, self.lineno).strip()
  File "/usr/local/lib/python3.7/linecache.py", line 16, in getline
    lines = getlines(filename, module_globals)
  File "/usr/local/lib/python3.7/linecache.py", line 47, in getlines
    return updatecache(filename, module_globals)
  File "/usr/local/lib/python3.7/linecache.py", line 137, in updatecache
    lines = fp.readlines()
  File "/usr/local/lib/python3.7/codecs.py", line 319, in decode
    def decode(self, input, final=False):
  File "/home/airflow/.local/lib/python3.7/site-packages/airflow/utils/timeout.py", line 37, in handle_timeout
    raise AirflowTaskTimeout(self.error_message)
airflow.exceptions.AirflowTaskTimeout: DagBag import timeout for /opt/airflow/dags/data_ingestion_yellowtax_dag.py after 30.0s.
Please take a look at these docs to improve your DAG import time:
* https://airflow.apache.org/docs/apache-airflow/2.2.3/best-practices.html#top-level-python-code
* https://airflow.apache.org/docs/apache-airflow/2.2.3/best-practices.html#reducing-dag-complexity, PID: 192
[2022-12-10 16:14:04,317] {processor.py:656} WARNING - No viable dags retrieved from /opt/airflow/dags/data_ingestion_yellowtax_dag.py
[2022-12-10 16:14:04,685] {processor.py:171} INFO - Processing /opt/airflow/dags/data_ingestion_yellowtax_dag.py took 31.656 seconds
[2022-12-10 16:14:36,486] {processor.py:163} INFO - Started process (PID=223) to work on /opt/airflow/dags/data_ingestion_yellowtax_dag.py
[2022-12-10 16:14:36,526] {processor.py:642} INFO - Processing file /opt/airflow/dags/data_ingestion_yellowtax_dag.py for tasks to queue
[2022-12-10 16:14:36,577] {logging_mixin.py:109} INFO - [2022-12-10 16:14:36,576] {dagbag.py:500} INFO - Filling up the DagBag from /opt/airflow/dags/data_ingestion_yellowtax_dag.py
[2022-12-10 16:15:06,773] {logging_mixin.py:109} INFO - [2022-12-10 16:15:06,732] {timeout.py:36} ERROR - Process timed out, PID: 223
[2022-12-10 16:15:06,878] {logging_mixin.py:109} INFO - [2022-12-10 16:15:06,815] {dagbag.py:334} ERROR - Failed to import: /opt/airflow/dags/data_ingestion_yellowtax_dag.py
Traceback (most recent call last):
  File "/home/airflow/.local/lib/python3.7/site-packages/airflow/models/dagbag.py", line 331, in _load_modules_from_file
    loader.exec_module(new_module)
  File "<frozen importlib._bootstrap_external>", line 728, in exec_module
  File "<frozen importlib._bootstrap>", line 219, in _call_with_frames_removed
  File "/opt/airflow/dags/data_ingestion_yellowtax_dag.py", line 12, in <module>
    import pyarrow.parquet as pq
  File "/home/airflow/.local/lib/python3.7/site-packages/pyarrow/parquet.py", line 34, in <module>
    import pyarrow._parquet as _parquet
  File "<frozen importlib._bootstrap>", line 416, in parent
  File "/home/airflow/.local/lib/python3.7/site-packages/airflow/utils/timeout.py", line 37, in handle_timeout
    raise AirflowTaskTimeout(self.error_message)
airflow.exceptions.AirflowTaskTimeout: DagBag import timeout for /opt/airflow/dags/data_ingestion_yellowtax_dag.py after 30.0s.
Please take a look at these docs to improve your DAG import time:
* https://airflow.apache.org/docs/apache-airflow/2.2.3/best-practices.html#top-level-python-code
* https://airflow.apache.org/docs/apache-airflow/2.2.3/best-practices.html#reducing-dag-complexity, PID: 223
[2022-12-10 16:15:07,245] {processor.py:656} WARNING - No viable dags retrieved from /opt/airflow/dags/data_ingestion_yellowtax_dag.py
[2022-12-10 16:15:07,492] {processor.py:171} INFO - Processing /opt/airflow/dags/data_ingestion_yellowtax_dag.py took 31.102 seconds
[2022-12-10 16:15:38,591] {processor.py:163} INFO - Started process (PID=257) to work on /opt/airflow/dags/data_ingestion_yellowtax_dag.py
[2022-12-10 16:15:38,639] {processor.py:642} INFO - Processing file /opt/airflow/dags/data_ingestion_yellowtax_dag.py for tasks to queue
[2022-12-10 16:15:38,654] {logging_mixin.py:109} INFO - [2022-12-10 16:15:38,654] {dagbag.py:500} INFO - Filling up the DagBag from /opt/airflow/dags/data_ingestion_yellowtax_dag.py
[2022-12-10 16:16:04,850] {processor.py:654} INFO - DAG(s) dict_keys(['data_ingestion_yellowtax_dag']) retrieved from /opt/airflow/dags/data_ingestion_yellowtax_dag.py
[2022-12-10 16:16:11,522] {logging_mixin.py:109} INFO - [2022-12-10 16:16:11,521] {dag.py:2396} INFO - Sync 1 DAGs
[2022-12-10 16:16:12,279] {processor.py:171} INFO - Processing /opt/airflow/dags/data_ingestion_yellowtax_dag.py took 33.766 seconds
[2022-12-10 16:16:43,555] {processor.py:163} INFO - Started process (PID=290) to work on /opt/airflow/dags/data_ingestion_yellowtax_dag.py
[2022-12-10 16:16:43,587] {processor.py:642} INFO - Processing file /opt/airflow/dags/data_ingestion_yellowtax_dag.py for tasks to queue
[2022-12-10 16:16:43,618] {logging_mixin.py:109} INFO - [2022-12-10 16:16:43,617] {dagbag.py:500} INFO - Filling up the DagBag from /opt/airflow/dags/data_ingestion_yellowtax_dag.py
[2022-12-10 16:16:57,669] {processor.py:654} INFO - DAG(s) dict_keys(['data_ingestion_yellowtax_dag']) retrieved from /opt/airflow/dags/data_ingestion_yellowtax_dag.py
[2022-12-10 16:16:57,803] {logging_mixin.py:109} INFO - [2022-12-10 16:16:57,802] {dag.py:2396} INFO - Sync 1 DAGs
[2022-12-10 16:16:58,142] {processor.py:171} INFO - Processing /opt/airflow/dags/data_ingestion_yellowtax_dag.py took 14.695 seconds
[2022-12-10 16:17:28,869] {processor.py:163} INFO - Started process (PID=322) to work on /opt/airflow/dags/data_ingestion_yellowtax_dag.py
[2022-12-10 16:17:28,876] {processor.py:642} INFO - Processing file /opt/airflow/dags/data_ingestion_yellowtax_dag.py for tasks to queue
[2022-12-10 16:17:28,886] {logging_mixin.py:109} INFO - [2022-12-10 16:17:28,886] {dagbag.py:500} INFO - Filling up the DagBag from /opt/airflow/dags/data_ingestion_yellowtax_dag.py
[2022-12-10 16:17:33,725] {processor.py:654} INFO - DAG(s) dict_keys(['data_ingestion_yellowtax_dag']) retrieved from /opt/airflow/dags/data_ingestion_yellowtax_dag.py
[2022-12-10 16:17:33,758] {logging_mixin.py:109} INFO - [2022-12-10 16:17:33,757] {dag.py:2396} INFO - Sync 1 DAGs
[2022-12-10 16:17:33,833] {processor.py:171} INFO - Processing /opt/airflow/dags/data_ingestion_yellowtax_dag.py took 4.979 seconds
[2022-12-10 16:18:04,145] {processor.py:163} INFO - Started process (PID=347) to work on /opt/airflow/dags/data_ingestion_yellowtax_dag.py
[2022-12-10 16:18:04,166] {processor.py:642} INFO - Processing file /opt/airflow/dags/data_ingestion_yellowtax_dag.py for tasks to queue
[2022-12-10 16:18:04,171] {logging_mixin.py:109} INFO - [2022-12-10 16:18:04,171] {dagbag.py:500} INFO - Filling up the DagBag from /opt/airflow/dags/data_ingestion_yellowtax_dag.py
[2022-12-10 16:18:13,837] {processor.py:654} INFO - DAG(s) dict_keys(['data_ingestion_yellowtax_dag']) retrieved from /opt/airflow/dags/data_ingestion_yellowtax_dag.py
[2022-12-10 16:18:13,895] {logging_mixin.py:109} INFO - [2022-12-10 16:18:13,895] {dag.py:2396} INFO - Sync 1 DAGs
[2022-12-10 16:18:13,958] {processor.py:171} INFO - Processing /opt/airflow/dags/data_ingestion_yellowtax_dag.py took 9.823 seconds
[2022-12-10 16:18:44,439] {processor.py:163} INFO - Started process (PID=373) to work on /opt/airflow/dags/data_ingestion_yellowtax_dag.py
[2022-12-10 16:18:44,478] {processor.py:642} INFO - Processing file /opt/airflow/dags/data_ingestion_yellowtax_dag.py for tasks to queue
[2022-12-10 16:18:44,490] {logging_mixin.py:109} INFO - [2022-12-10 16:18:44,490] {dagbag.py:500} INFO - Filling up the DagBag from /opt/airflow/dags/data_ingestion_yellowtax_dag.py
[2022-12-10 16:18:56,149] {processor.py:654} INFO - DAG(s) dict_keys(['data_ingestion_yellowtax_dag']) retrieved from /opt/airflow/dags/data_ingestion_yellowtax_dag.py
[2022-12-10 16:18:56,234] {logging_mixin.py:109} INFO - [2022-12-10 16:18:56,233] {dag.py:2396} INFO - Sync 1 DAGs
[2022-12-10 16:18:56,313] {processor.py:171} INFO - Processing /opt/airflow/dags/data_ingestion_yellowtax_dag.py took 11.916 seconds
[2022-12-10 16:19:26,798] {processor.py:163} INFO - Started process (PID=397) to work on /opt/airflow/dags/data_ingestion_yellowtax_dag.py
[2022-12-10 16:19:26,828] {processor.py:642} INFO - Processing file /opt/airflow/dags/data_ingestion_yellowtax_dag.py for tasks to queue
[2022-12-10 16:19:26,845] {logging_mixin.py:109} INFO - [2022-12-10 16:19:26,844] {dagbag.py:500} INFO - Filling up the DagBag from /opt/airflow/dags/data_ingestion_yellowtax_dag.py
[2022-12-10 16:19:36,441] {processor.py:654} INFO - DAG(s) dict_keys(['data_ingestion_yellowtax_dag']) retrieved from /opt/airflow/dags/data_ingestion_yellowtax_dag.py
[2022-12-10 16:19:36,494] {logging_mixin.py:109} INFO - [2022-12-10 16:19:36,493] {dag.py:2396} INFO - Sync 1 DAGs
[2022-12-10 16:19:36,676] {processor.py:171} INFO - Processing /opt/airflow/dags/data_ingestion_yellowtax_dag.py took 9.931 seconds
[2022-12-10 16:20:07,134] {processor.py:163} INFO - Started process (PID=422) to work on /opt/airflow/dags/data_ingestion_yellowtax_dag.py
[2022-12-10 16:20:07,157] {processor.py:642} INFO - Processing file /opt/airflow/dags/data_ingestion_yellowtax_dag.py for tasks to queue
[2022-12-10 16:20:07,160] {logging_mixin.py:109} INFO - [2022-12-10 16:20:07,159] {dagbag.py:500} INFO - Filling up the DagBag from /opt/airflow/dags/data_ingestion_yellowtax_dag.py
[2022-12-10 16:20:15,844] {processor.py:654} INFO - DAG(s) dict_keys(['data_ingestion_yellowtax_dag']) retrieved from /opt/airflow/dags/data_ingestion_yellowtax_dag.py
[2022-12-10 16:20:15,906] {logging_mixin.py:109} INFO - [2022-12-10 16:20:15,905] {dag.py:2396} INFO - Sync 1 DAGs
[2022-12-10 16:20:16,084] {processor.py:171} INFO - Processing /opt/airflow/dags/data_ingestion_yellowtax_dag.py took 9.009 seconds
[2022-12-10 16:20:46,430] {processor.py:163} INFO - Started process (PID=447) to work on /opt/airflow/dags/data_ingestion_yellowtax_dag.py
[2022-12-10 16:20:46,443] {processor.py:642} INFO - Processing file /opt/airflow/dags/data_ingestion_yellowtax_dag.py for tasks to queue
[2022-12-10 16:20:46,454] {logging_mixin.py:109} INFO - [2022-12-10 16:20:46,453] {dagbag.py:500} INFO - Filling up the DagBag from /opt/airflow/dags/data_ingestion_yellowtax_dag.py
[2022-12-10 16:20:50,501] {processor.py:654} INFO - DAG(s) dict_keys(['data_ingestion_yellowtax_dag']) retrieved from /opt/airflow/dags/data_ingestion_yellowtax_dag.py
[2022-12-10 16:20:50,517] {logging_mixin.py:109} INFO - [2022-12-10 16:20:50,516] {dag.py:2396} INFO - Sync 1 DAGs
[2022-12-10 16:20:50,563] {processor.py:171} INFO - Processing /opt/airflow/dags/data_ingestion_yellowtax_dag.py took 4.182 seconds
