[2022-12-05 07:59:47,713] {taskinstance.py:1032} INFO - Dependencies all met for <TaskInstance: data_ingestion_gcs_dag.format_to_csv_task scheduled__2022-12-04T00:00:00+00:00 [queued]>
[2022-12-05 07:59:47,765] {taskinstance.py:1032} INFO - Dependencies all met for <TaskInstance: data_ingestion_gcs_dag.format_to_csv_task scheduled__2022-12-04T00:00:00+00:00 [queued]>
[2022-12-05 07:59:47,766] {taskinstance.py:1238} INFO - 
--------------------------------------------------------------------------------
[2022-12-05 07:59:47,766] {taskinstance.py:1239} INFO - Starting attempt 3 of 4
[2022-12-05 07:59:47,766] {taskinstance.py:1240} INFO - 
--------------------------------------------------------------------------------
[2022-12-05 07:59:47,798] {taskinstance.py:1259} INFO - Executing <Task(PythonOperator): format_to_csv_task> on 2022-12-04 00:00:00+00:00
[2022-12-05 07:59:47,813] {standard_task_runner.py:52} INFO - Started process 301 to run task
[2022-12-05 07:59:47,825] {standard_task_runner.py:76} INFO - Running: ['***', 'tasks', 'run', 'data_ingestion_gcs_dag', 'format_to_csv_task', 'scheduled__2022-12-04T00:00:00+00:00', '--job-id', '123', '--raw', '--subdir', 'DAGS_FOLDER/data_ingestion_gcs_dag.py', '--cfg-path', '/tmp/tmp9tdf4d_c', '--error-file', '/tmp/tmpk63f0lud']
[2022-12-05 07:59:47,827] {standard_task_runner.py:77} INFO - Job 123: Subtask format_to_csv_task
[2022-12-05 07:59:47,940] {logging_mixin.py:109} INFO - Running <TaskInstance: data_ingestion_gcs_dag.format_to_csv_task scheduled__2022-12-04T00:00:00+00:00 [running]> on host 53cedc9262d0
[2022-12-05 07:59:48,060] {taskinstance.py:1426} INFO - Exporting the following env vars:
AIRFLOW_CTX_DAG_OWNER=***
AIRFLOW_CTX_DAG_ID=data_ingestion_gcs_dag
AIRFLOW_CTX_TASK_ID=format_to_csv_task
AIRFLOW_CTX_EXECUTION_DATE=2022-12-04T00:00:00+00:00
AIRFLOW_CTX_DAG_RUN_ID=scheduled__2022-12-04T00:00:00+00:00
[2022-12-05 07:59:48,106] {python.py:175} INFO - Done. Returned value was: None
[2022-12-05 07:59:48,130] {taskinstance.py:1277} INFO - Marking task as SUCCESS. dag_id=data_ingestion_gcs_dag, task_id=format_to_csv_task, execution_date=20221204T000000, start_date=20221205T075947, end_date=20221205T075948
[2022-12-05 07:59:48,171] {local_task_job.py:154} INFO - Task exited with return code 0
[2022-12-05 07:59:48,263] {local_task_job.py:264} INFO - 1 downstream tasks scheduled from follow-on schedule check
