[2022-12-08 11:30:54,906] {taskinstance.py:1032} INFO - Dependencies all met for <TaskInstance: data_ingestion_yellowtax_dag.local_to_gcs_task scheduled__2022-12-07T00:00:00+00:00 [queued]>
[2022-12-08 11:30:55,079] {taskinstance.py:1032} INFO - Dependencies all met for <TaskInstance: data_ingestion_yellowtax_dag.local_to_gcs_task scheduled__2022-12-07T00:00:00+00:00 [queued]>
[2022-12-08 11:30:55,087] {taskinstance.py:1238} INFO - 
--------------------------------------------------------------------------------
[2022-12-08 11:30:55,087] {taskinstance.py:1239} INFO - Starting attempt 1 of 2
[2022-12-08 11:30:55,088] {taskinstance.py:1240} INFO - 
--------------------------------------------------------------------------------
[2022-12-08 11:30:55,232] {taskinstance.py:1259} INFO - Executing <Task(PythonOperator): local_to_gcs_task> on 2022-12-07 00:00:00+00:00
[2022-12-08 11:30:55,289] {standard_task_runner.py:52} INFO - Started process 492 to run task
[2022-12-08 11:30:55,331] {standard_task_runner.py:76} INFO - Running: ['***', 'tasks', 'run', 'data_ingestion_yellowtax_dag', 'local_to_gcs_task', 'scheduled__2022-12-07T00:00:00+00:00', '--job-id', '25', '--raw', '--subdir', 'DAGS_FOLDER/data_ingestion_yellowtax_dag copy.py', '--cfg-path', '/tmp/tmpo7gd1fpi', '--error-file', '/tmp/tmpsyazzmwx']
[2022-12-08 11:30:55,335] {standard_task_runner.py:77} INFO - Job 25: Subtask local_to_gcs_task
[2022-12-08 11:30:56,009] {logging_mixin.py:109} INFO - Running <TaskInstance: data_ingestion_yellowtax_dag.local_to_gcs_task scheduled__2022-12-07T00:00:00+00:00 [running]> on host abfb861806c7
[2022-12-08 11:30:56,564] {taskinstance.py:1426} INFO - Exporting the following env vars:
AIRFLOW_CTX_DAG_OWNER=***
AIRFLOW_CTX_DAG_ID=data_ingestion_yellowtax_dag
AIRFLOW_CTX_TASK_ID=local_to_gcs_task
AIRFLOW_CTX_EXECUTION_DATE=2022-12-07T00:00:00+00:00
AIRFLOW_CTX_DAG_RUN_ID=scheduled__2022-12-07T00:00:00+00:00
[2022-12-08 11:30:58,358] {python.py:175} INFO - Done. Returned value was: None
[2022-12-08 11:30:58,399] {taskinstance.py:1277} INFO - Marking task as SUCCESS. dag_id=data_ingestion_yellowtax_dag, task_id=local_to_gcs_task, execution_date=20221207T000000, start_date=20221208T113054, end_date=20221208T113058
[2022-12-08 11:30:58,513] {local_task_job.py:154} INFO - Task exited with return code 0
[2022-12-08 11:30:58,811] {local_task_job.py:264} INFO - 1 downstream tasks scheduled from follow-on schedule check
