[2022-12-04 08:07:57,949] {taskinstance.py:1032} INFO - Dependencies all met for <TaskInstance: data_ingestion_gcs_dag.format_to_parquet_task manual__2022-12-04T07:04:47.742537+00:00 [queued]>
[2022-12-04 08:07:58,016] {taskinstance.py:1032} INFO - Dependencies all met for <TaskInstance: data_ingestion_gcs_dag.format_to_parquet_task manual__2022-12-04T07:04:47.742537+00:00 [queued]>
[2022-12-04 08:07:58,018] {taskinstance.py:1238} INFO - 
--------------------------------------------------------------------------------
[2022-12-04 08:07:58,018] {taskinstance.py:1239} INFO - Starting attempt 1 of 2
[2022-12-04 08:07:58,019] {taskinstance.py:1240} INFO - 
--------------------------------------------------------------------------------
[2022-12-04 08:07:58,094] {taskinstance.py:1259} INFO - Executing <Task(PythonOperator): format_to_parquet_task> on 2022-12-04 07:04:47.742537+00:00
[2022-12-04 08:07:58,120] {standard_task_runner.py:52} INFO - Started process 187 to run task
[2022-12-04 08:07:58,141] {standard_task_runner.py:76} INFO - Running: ['***', 'tasks', 'run', 'data_ingestion_gcs_dag', 'format_to_parquet_task', 'manual__2022-12-04T07:04:47.742537+00:00', '--job-id', '17', '--raw', '--subdir', 'DAGS_FOLDER/data_ingestion_gcs_dag.py', '--cfg-path', '/tmp/tmpx3sfftxu', '--error-file', '/tmp/tmpboyqcaid']
[2022-12-04 08:07:58,143] {standard_task_runner.py:77} INFO - Job 17: Subtask format_to_parquet_task
[2022-12-04 08:07:58,262] {logging_mixin.py:109} INFO - Running <TaskInstance: data_ingestion_gcs_dag.format_to_parquet_task manual__2022-12-04T07:04:47.742537+00:00 [running]> on host 3cbb36eee7e2
[2022-12-04 08:07:58,367] {taskinstance.py:1426} INFO - Exporting the following env vars:
AIRFLOW_CTX_DAG_OWNER=***
AIRFLOW_CTX_DAG_ID=data_ingestion_gcs_dag
AIRFLOW_CTX_TASK_ID=format_to_parquet_task
AIRFLOW_CTX_EXECUTION_DATE=2022-12-04T07:04:47.742537+00:00
AIRFLOW_CTX_DAG_RUN_ID=manual__2022-12-04T07:04:47.742537+00:00
[2022-12-04 08:07:58,687] {python.py:175} INFO - Done. Returned value was: None
[2022-12-04 08:07:58,709] {taskinstance.py:1277} INFO - Marking task as SUCCESS. dag_id=data_ingestion_gcs_dag, task_id=format_to_parquet_task, execution_date=20221204T070447, start_date=20221204T080757, end_date=20221204T080758
[2022-12-04 08:07:58,769] {local_task_job.py:154} INFO - Task exited with return code 0
[2022-12-04 08:07:58,853] {local_task_job.py:264} INFO - 1 downstream tasks scheduled from follow-on schedule check
