[2022-12-04 10:48:15,342] {taskinstance.py:1032} INFO - Dependencies all met for <TaskInstance: data_ingestion_gcs_dag.format_to_parquet_task manual__2022-12-04T07:04:47.742537+00:00 [queued]>
[2022-12-04 10:48:15,409] {taskinstance.py:1032} INFO - Dependencies all met for <TaskInstance: data_ingestion_gcs_dag.format_to_parquet_task manual__2022-12-04T07:04:47.742537+00:00 [queued]>
[2022-12-04 10:48:15,411] {taskinstance.py:1238} INFO - 
--------------------------------------------------------------------------------
[2022-12-04 10:48:15,411] {taskinstance.py:1239} INFO - Starting attempt 2 of 3
[2022-12-04 10:48:15,411] {taskinstance.py:1240} INFO - 
--------------------------------------------------------------------------------
[2022-12-04 10:48:15,466] {taskinstance.py:1259} INFO - Executing <Task(PythonOperator): format_to_parquet_task> on 2022-12-04 07:04:47.742537+00:00
[2022-12-04 10:48:15,500] {standard_task_runner.py:52} INFO - Started process 183 to run task
[2022-12-04 10:48:15,527] {standard_task_runner.py:76} INFO - Running: ['***', 'tasks', 'run', 'data_ingestion_gcs_dag', 'format_to_parquet_task', 'manual__2022-12-04T07:04:47.742537+00:00', '--job-id', '29', '--raw', '--subdir', 'DAGS_FOLDER/data_ingestion_gcs_dag.py', '--cfg-path', '/tmp/tmp37e44rvc', '--error-file', '/tmp/tmp1t0vr11y']
[2022-12-04 10:48:15,541] {standard_task_runner.py:77} INFO - Job 29: Subtask format_to_parquet_task
[2022-12-04 10:48:15,973] {logging_mixin.py:109} INFO - Running <TaskInstance: data_ingestion_gcs_dag.format_to_parquet_task manual__2022-12-04T07:04:47.742537+00:00 [running]> on host deb8ed2c55fa
[2022-12-04 10:48:17,338] {taskinstance.py:1426} INFO - Exporting the following env vars:
AIRFLOW_CTX_DAG_OWNER=***
AIRFLOW_CTX_DAG_ID=data_ingestion_gcs_dag
AIRFLOW_CTX_TASK_ID=format_to_parquet_task
AIRFLOW_CTX_EXECUTION_DATE=2022-12-04T07:04:47.742537+00:00
AIRFLOW_CTX_DAG_RUN_ID=manual__2022-12-04T07:04:47.742537+00:00
[2022-12-04 10:48:22,612] {python.py:175} INFO - Done. Returned value was: None
[2022-12-04 10:48:22,837] {taskinstance.py:1277} INFO - Marking task as SUCCESS. dag_id=data_ingestion_gcs_dag, task_id=format_to_parquet_task, execution_date=20221204T070447, start_date=20221204T104815, end_date=20221204T104822
[2022-12-04 10:48:23,223] {local_task_job.py:154} INFO - Task exited with return code 0
[2022-12-04 10:48:23,420] {local_task_job.py:264} INFO - 1 downstream tasks scheduled from follow-on schedule check
