[2022-12-12 00:00:11,981] {taskinstance.py:1032} INFO - Dependencies all met for <TaskInstance: data_ingestion_taxizone_dag.bigquery_external_table_task scheduled__2022-12-11T00:00:00+00:00 [queued]>
[2022-12-12 00:00:12,001] {taskinstance.py:1032} INFO - Dependencies all met for <TaskInstance: data_ingestion_taxizone_dag.bigquery_external_table_task scheduled__2022-12-11T00:00:00+00:00 [queued]>
[2022-12-12 00:00:12,002] {taskinstance.py:1238} INFO - 
--------------------------------------------------------------------------------
[2022-12-12 00:00:12,002] {taskinstance.py:1239} INFO - Starting attempt 1 of 2
[2022-12-12 00:00:12,002] {taskinstance.py:1240} INFO - 
--------------------------------------------------------------------------------
[2022-12-12 00:00:12,026] {taskinstance.py:1259} INFO - Executing <Task(BigQueryCreateExternalTableOperator): bigquery_external_table_task> on 2022-12-11 00:00:00+00:00
[2022-12-12 00:00:12,034] {standard_task_runner.py:52} INFO - Started process 41753 to run task
[2022-12-12 00:00:12,047] {standard_task_runner.py:76} INFO - Running: ['***', 'tasks', 'run', 'data_ingestion_taxizone_dag', 'bigquery_external_table_task', 'scheduled__2022-12-11T00:00:00+00:00', '--job-id', '128', '--raw', '--subdir', 'DAGS_FOLDER/data_ingestion_taxizone_dag.py', '--cfg-path', '/tmp/tmp8bra4xn_', '--error-file', '/tmp/tmph22l4apn']
[2022-12-12 00:00:12,049] {standard_task_runner.py:77} INFO - Job 128: Subtask bigquery_external_table_task
[2022-12-12 00:00:12,157] {logging_mixin.py:109} INFO - Running <TaskInstance: data_ingestion_taxizone_dag.bigquery_external_table_task scheduled__2022-12-11T00:00:00+00:00 [running]> on host 95a238f25269
[2022-12-12 00:00:12,271] {taskinstance.py:1426} INFO - Exporting the following env vars:
AIRFLOW_CTX_DAG_OWNER=***
AIRFLOW_CTX_DAG_ID=data_ingestion_taxizone_dag
AIRFLOW_CTX_TASK_ID=bigquery_external_table_task
AIRFLOW_CTX_EXECUTION_DATE=2022-12-11T00:00:00+00:00
AIRFLOW_CTX_DAG_RUN_ID=scheduled__2022-12-11T00:00:00+00:00
[2022-12-12 00:00:12,273] {crypto.py:82} WARNING - empty cryptography key - values will not be stored encrypted.
[2022-12-12 00:00:12,650] {taskinstance.py:1277} INFO - Marking task as SUCCESS. dag_id=data_ingestion_taxizone_dag, task_id=bigquery_external_table_task, execution_date=20221211T000000, start_date=20221212T000011, end_date=20221212T000012
[2022-12-12 00:00:12,706] {local_task_job.py:154} INFO - Task exited with return code 0
[2022-12-12 00:00:12,768] {local_task_job.py:264} INFO - 0 downstream tasks scheduled from follow-on schedule check
