[2022-12-05 07:21:21,207] {taskinstance.py:1032} INFO - Dependencies all met for <TaskInstance: data_ingestion_gcs_dag.format_to_csv_task scheduled__2022-12-04T00:00:00+00:00 [queued]>
[2022-12-05 07:21:21,244] {taskinstance.py:1032} INFO - Dependencies all met for <TaskInstance: data_ingestion_gcs_dag.format_to_csv_task scheduled__2022-12-04T00:00:00+00:00 [queued]>
[2022-12-05 07:21:21,244] {taskinstance.py:1238} INFO - 
--------------------------------------------------------------------------------
[2022-12-05 07:21:21,245] {taskinstance.py:1239} INFO - Starting attempt 1 of 2
[2022-12-05 07:21:21,245] {taskinstance.py:1240} INFO - 
--------------------------------------------------------------------------------
[2022-12-05 07:21:21,279] {taskinstance.py:1259} INFO - Executing <Task(PythonOperator): format_to_csv_task> on 2022-12-04 00:00:00+00:00
[2022-12-05 07:21:21,299] {standard_task_runner.py:52} INFO - Started process 148 to run task
[2022-12-05 07:21:21,326] {standard_task_runner.py:76} INFO - Running: ['***', 'tasks', 'run', 'data_ingestion_gcs_dag', 'format_to_csv_task', 'scheduled__2022-12-04T00:00:00+00:00', '--job-id', '110', '--raw', '--subdir', 'DAGS_FOLDER/data_ingestion_gcs_dag.py', '--cfg-path', '/tmp/tmp4luj336f', '--error-file', '/tmp/tmphaxa3qy1']
[2022-12-05 07:21:21,337] {standard_task_runner.py:77} INFO - Job 110: Subtask format_to_csv_task
[2022-12-05 07:21:21,611] {logging_mixin.py:109} INFO - Running <TaskInstance: data_ingestion_gcs_dag.format_to_csv_task scheduled__2022-12-04T00:00:00+00:00 [running]> on host c5f56cd8c9f4
[2022-12-05 07:21:21,809] {taskinstance.py:1426} INFO - Exporting the following env vars:
AIRFLOW_CTX_DAG_OWNER=***
AIRFLOW_CTX_DAG_ID=data_ingestion_gcs_dag
AIRFLOW_CTX_TASK_ID=format_to_csv_task
AIRFLOW_CTX_EXECUTION_DATE=2022-12-04T00:00:00+00:00
AIRFLOW_CTX_DAG_RUN_ID=scheduled__2022-12-04T00:00:00+00:00
[2022-12-05 07:21:21,865] {python.py:175} INFO - Done. Returned value was: None
[2022-12-05 07:21:21,894] {taskinstance.py:1277} INFO - Marking task as SUCCESS. dag_id=data_ingestion_gcs_dag, task_id=format_to_csv_task, execution_date=20221204T000000, start_date=20221205T072121, end_date=20221205T072121
[2022-12-05 07:21:21,965] {local_task_job.py:154} INFO - Task exited with return code 0
[2022-12-05 07:21:22,085] {local_task_job.py:264} INFO - 1 downstream tasks scheduled from follow-on schedule check
[2022-12-05 11:23:06,093] {taskinstance.py:1032} INFO - Dependencies all met for <TaskInstance: data_ingestion_gcs_dag.format_to_csv_task scheduled__2022-12-04T00:00:00+00:00 [queued]>
[2022-12-05 11:23:06,135] {taskinstance.py:1032} INFO - Dependencies all met for <TaskInstance: data_ingestion_gcs_dag.format_to_csv_task scheduled__2022-12-04T00:00:00+00:00 [queued]>
[2022-12-05 11:23:06,136] {taskinstance.py:1238} INFO - 
--------------------------------------------------------------------------------
[2022-12-05 11:23:06,136] {taskinstance.py:1239} INFO - Starting attempt 1 of 2
[2022-12-05 11:23:06,136] {taskinstance.py:1240} INFO - 
--------------------------------------------------------------------------------
[2022-12-05 11:23:06,203] {taskinstance.py:1259} INFO - Executing <Task(PythonOperator): format_to_csv_task> on 2022-12-04 00:00:00+00:00
[2022-12-05 11:23:06,222] {standard_task_runner.py:52} INFO - Started process 178 to run task
[2022-12-05 11:23:06,254] {standard_task_runner.py:76} INFO - Running: ['***', 'tasks', 'run', 'data_ingestion_gcs_dag', 'format_to_csv_task', 'scheduled__2022-12-04T00:00:00+00:00', '--job-id', '4', '--raw', '--subdir', 'DAGS_FOLDER/data_ingestion_gcs_dag.py', '--cfg-path', '/tmp/tmp18as5ptg', '--error-file', '/tmp/tmpa6j8445g']
[2022-12-05 11:23:06,271] {standard_task_runner.py:77} INFO - Job 4: Subtask format_to_csv_task
[2022-12-05 11:23:06,532] {logging_mixin.py:109} INFO - Running <TaskInstance: data_ingestion_gcs_dag.format_to_csv_task scheduled__2022-12-04T00:00:00+00:00 [running]> on host 773d78d86e4f
[2022-12-05 11:23:06,728] {taskinstance.py:1426} INFO - Exporting the following env vars:
AIRFLOW_CTX_DAG_OWNER=***
AIRFLOW_CTX_DAG_ID=data_ingestion_gcs_dag
AIRFLOW_CTX_TASK_ID=format_to_csv_task
AIRFLOW_CTX_EXECUTION_DATE=2022-12-04T00:00:00+00:00
AIRFLOW_CTX_DAG_RUN_ID=scheduled__2022-12-04T00:00:00+00:00
[2022-12-05 11:23:06,789] {python.py:175} INFO - Done. Returned value was: None
[2022-12-05 11:23:06,822] {taskinstance.py:1277} INFO - Marking task as SUCCESS. dag_id=data_ingestion_gcs_dag, task_id=format_to_csv_task, execution_date=20221204T000000, start_date=20221205T112306, end_date=20221205T112306
[2022-12-05 11:23:06,899] {local_task_job.py:154} INFO - Task exited with return code 0
[2022-12-05 11:23:07,021] {local_task_job.py:264} INFO - 1 downstream tasks scheduled from follow-on schedule check
