[2022-12-14 10:18:33,919] {taskinstance.py:1032} INFO - Dependencies all met for <TaskInstance: data_ingestion_tripdata4_dag.local_to_gcs_task manual__2022-12-14T09:56:02.867341+00:00 [queued]>
[2022-12-14 10:18:33,932] {taskinstance.py:1032} INFO - Dependencies all met for <TaskInstance: data_ingestion_tripdata4_dag.local_to_gcs_task manual__2022-12-14T09:56:02.867341+00:00 [queued]>
[2022-12-14 10:18:33,932] {taskinstance.py:1238} INFO - 
--------------------------------------------------------------------------------
[2022-12-14 10:18:33,932] {taskinstance.py:1239} INFO - Starting attempt 2 of 3
[2022-12-14 10:18:33,932] {taskinstance.py:1240} INFO - 
--------------------------------------------------------------------------------
[2022-12-14 10:18:33,949] {taskinstance.py:1259} INFO - Executing <Task(PythonOperator): local_to_gcs_task> on 2022-12-14 09:56:02.867341+00:00
[2022-12-14 10:18:33,959] {standard_task_runner.py:52} INFO - Started process 3386 to run task
[2022-12-14 10:18:33,966] {standard_task_runner.py:76} INFO - Running: ['***', 'tasks', 'run', 'data_ingestion_tripdata4_dag', 'local_to_gcs_task', 'manual__2022-12-14T09:56:02.867341+00:00', '--job-id', '275', '--raw', '--subdir', 'DAGS_FOLDER/data_ingestion_tripdata4_dag.py', '--cfg-path', '/tmp/tmp_0p2e_g7', '--error-file', '/tmp/tmp69n4ihsk']
[2022-12-14 10:18:33,967] {standard_task_runner.py:77} INFO - Job 275: Subtask local_to_gcs_task
[2022-12-14 10:18:34,040] {logging_mixin.py:109} INFO - Running <TaskInstance: data_ingestion_tripdata4_dag.local_to_gcs_task manual__2022-12-14T09:56:02.867341+00:00 [running]> on host f2a8a695a340
[2022-12-14 10:18:34,178] {taskinstance.py:1426} INFO - Exporting the following env vars:
AIRFLOW_CTX_DAG_OWNER=***
AIRFLOW_CTX_DAG_ID=data_ingestion_tripdata4_dag
AIRFLOW_CTX_TASK_ID=local_to_gcs_task
AIRFLOW_CTX_EXECUTION_DATE=2022-12-14T09:56:02.867341+00:00
AIRFLOW_CTX_DAG_RUN_ID=manual__2022-12-14T09:56:02.867341+00:00
[2022-12-14 10:18:34,441] {python.py:175} INFO - Done. Returned value was: None
[2022-12-14 10:18:34,524] {taskinstance.py:1277} INFO - Marking task as SUCCESS. dag_id=data_ingestion_tripdata4_dag, task_id=local_to_gcs_task, execution_date=20221214T095602, start_date=20221214T101833, end_date=20221214T101834
[2022-12-14 10:18:34,622] {local_task_job.py:154} INFO - Task exited with return code 0
[2022-12-14 10:18:34,773] {local_task_job.py:264} INFO - 1 downstream tasks scheduled from follow-on schedule check
