[2022-12-08 11:31:05,534] {taskinstance.py:1032} INFO - Dependencies all met for <TaskInstance: data_ingestion_fhv_dag.download_dataset_task manual__2022-12-08T11:30:07.144821+00:00 [queued]>
[2022-12-08 11:31:05,649] {taskinstance.py:1032} INFO - Dependencies all met for <TaskInstance: data_ingestion_fhv_dag.download_dataset_task manual__2022-12-08T11:30:07.144821+00:00 [queued]>
[2022-12-08 11:31:05,657] {taskinstance.py:1238} INFO - 
--------------------------------------------------------------------------------
[2022-12-08 11:31:05,659] {taskinstance.py:1239} INFO - Starting attempt 1 of 2
[2022-12-08 11:31:05,659] {taskinstance.py:1240} INFO - 
--------------------------------------------------------------------------------
[2022-12-08 11:31:05,744] {taskinstance.py:1259} INFO - Executing <Task(BashOperator): download_dataset_task> on 2022-12-08 11:30:07.144821+00:00
[2022-12-08 11:31:05,794] {standard_task_runner.py:52} INFO - Started process 511 to run task
[2022-12-08 11:31:05,831] {standard_task_runner.py:76} INFO - Running: ['***', 'tasks', 'run', 'data_ingestion_fhv_dag', 'download_dataset_task', 'manual__2022-12-08T11:30:07.144821+00:00', '--job-id', '30', '--raw', '--subdir', 'DAGS_FOLDER/data_ingestion_fhv_dag.py', '--cfg-path', '/tmp/tmpzt2j3xxt', '--error-file', '/tmp/tmpd17qhc6g']
[2022-12-08 11:31:05,865] {standard_task_runner.py:77} INFO - Job 30: Subtask download_dataset_task
[2022-12-08 11:31:06,434] {logging_mixin.py:109} INFO - Running <TaskInstance: data_ingestion_fhv_dag.download_dataset_task manual__2022-12-08T11:30:07.144821+00:00 [running]> on host abfb861806c7
[2022-12-08 11:31:06,999] {taskinstance.py:1426} INFO - Exporting the following env vars:
AIRFLOW_CTX_DAG_OWNER=***
AIRFLOW_CTX_DAG_ID=data_ingestion_fhv_dag
AIRFLOW_CTX_TASK_ID=download_dataset_task
AIRFLOW_CTX_EXECUTION_DATE=2022-12-08T11:30:07.144821+00:00
AIRFLOW_CTX_DAG_RUN_ID=manual__2022-12-08T11:30:07.144821+00:00
[2022-12-08 11:31:07,010] {subprocess.py:62} INFO - Tmp dir root location: 
 /tmp
[2022-12-08 11:31:07,017] {subprocess.py:74} INFO - Running command: ['bash', '-c', 'curl -sSL https://d37ci6vzurychx.cloudfront.net/trip-data/fhv_tripdata_2022-01.parquet > /opt/***/fhv_tripdata_2022-01.parquet']
[2022-12-08 11:31:07,134] {subprocess.py:85} INFO - Output:
[2022-12-08 11:31:07,925] {subprocess.py:93} INFO - Command exited with return code 0
[2022-12-08 11:31:08,179] {taskinstance.py:1277} INFO - Marking task as SUCCESS. dag_id=data_ingestion_fhv_dag, task_id=download_dataset_task, execution_date=20221208T113007, start_date=20221208T113105, end_date=20221208T113108
[2022-12-08 11:31:08,377] {local_task_job.py:154} INFO - Task exited with return code 0
[2022-12-08 11:31:09,264] {local_task_job.py:264} INFO - 0 downstream tasks scheduled from follow-on schedule check
