[2022-12-11 07:25:10,167] {taskinstance.py:1032} INFO - Dependencies all met for <TaskInstance: data_ingestion_taxizone_dag.bigquery_external_table_task scheduled__2022-12-10T00:00:00+00:00 [queued]>
[2022-12-11 07:25:10,188] {taskinstance.py:1032} INFO - Dependencies all met for <TaskInstance: data_ingestion_taxizone_dag.bigquery_external_table_task scheduled__2022-12-10T00:00:00+00:00 [queued]>
[2022-12-11 07:25:10,189] {taskinstance.py:1238} INFO - 
--------------------------------------------------------------------------------
[2022-12-11 07:25:10,189] {taskinstance.py:1239} INFO - Starting attempt 1 of 2
[2022-12-11 07:25:10,189] {taskinstance.py:1240} INFO - 
--------------------------------------------------------------------------------
[2022-12-11 07:25:10,214] {taskinstance.py:1259} INFO - Executing <Task(BigQueryCreateExternalTableOperator): bigquery_external_table_task> on 2022-12-10 00:00:00+00:00
[2022-12-11 07:25:10,226] {standard_task_runner.py:52} INFO - Started process 203 to run task
[2022-12-11 07:25:10,241] {standard_task_runner.py:76} INFO - Running: ['***', 'tasks', 'run', 'data_ingestion_taxizone_dag', 'bigquery_external_table_task', 'scheduled__2022-12-10T00:00:00+00:00', '--job-id', '123', '--raw', '--subdir', 'DAGS_FOLDER/data_ingestion_taxizone_dag.py', '--cfg-path', '/tmp/tmp30xfzmjx', '--error-file', '/tmp/tmpeirqv7xk']
[2022-12-11 07:25:10,243] {standard_task_runner.py:77} INFO - Job 123: Subtask bigquery_external_table_task
[2022-12-11 07:25:10,385] {logging_mixin.py:109} INFO - Running <TaskInstance: data_ingestion_taxizone_dag.bigquery_external_table_task scheduled__2022-12-10T00:00:00+00:00 [running]> on host 95a238f25269
[2022-12-11 07:25:10,531] {taskinstance.py:1426} INFO - Exporting the following env vars:
AIRFLOW_CTX_DAG_OWNER=***
AIRFLOW_CTX_DAG_ID=data_ingestion_taxizone_dag
AIRFLOW_CTX_TASK_ID=bigquery_external_table_task
AIRFLOW_CTX_EXECUTION_DATE=2022-12-10T00:00:00+00:00
AIRFLOW_CTX_DAG_RUN_ID=scheduled__2022-12-10T00:00:00+00:00
[2022-12-11 07:25:10,535] {crypto.py:82} WARNING - empty cryptography key - values will not be stored encrypted.
[2022-12-11 07:25:10,952] {taskinstance.py:1277} INFO - Marking task as SUCCESS. dag_id=data_ingestion_taxizone_dag, task_id=bigquery_external_table_task, execution_date=20221210T000000, start_date=20221211T072510, end_date=20221211T072510
[2022-12-11 07:25:11,023] {local_task_job.py:154} INFO - Task exited with return code 0
[2022-12-11 07:25:11,083] {local_task_job.py:264} INFO - 0 downstream tasks scheduled from follow-on schedule check
