[2022-12-09 15:13:04,266] {processor.py:163} INFO - Started process (PID=66) to work on /opt/airflow/dags/data_ingestion_taxizone_dag.py
[2022-12-09 15:13:04,290] {processor.py:642} INFO - Processing file /opt/airflow/dags/data_ingestion_taxizone_dag.py for tasks to queue
[2022-12-09 15:13:04,301] {logging_mixin.py:109} INFO - [2022-12-09 15:13:04,301] {dagbag.py:500} INFO - Filling up the DagBag from /opt/airflow/dags/data_ingestion_taxizone_dag.py
[2022-12-09 15:13:31,949] {processor.py:654} INFO - DAG(s) dict_keys(['data_ingestion_taxizone_dag']) retrieved from /opt/airflow/dags/data_ingestion_taxizone_dag.py
[2022-12-09 15:13:40,194] {logging_mixin.py:109} INFO - [2022-12-09 15:13:40,193] {dag.py:2396} INFO - Sync 1 DAGs
[2022-12-09 15:13:40,361] {processor.py:171} INFO - Processing /opt/airflow/dags/data_ingestion_taxizone_dag.py took 36.125 seconds
[2022-12-09 15:14:10,919] {processor.py:163} INFO - Started process (PID=106) to work on /opt/airflow/dags/data_ingestion_taxizone_dag.py
[2022-12-09 15:14:10,946] {processor.py:642} INFO - Processing file /opt/airflow/dags/data_ingestion_taxizone_dag.py for tasks to queue
[2022-12-09 15:14:10,948] {logging_mixin.py:109} INFO - [2022-12-09 15:14:10,948] {dagbag.py:500} INFO - Filling up the DagBag from /opt/airflow/dags/data_ingestion_taxizone_dag.py
[2022-12-09 15:14:16,767] {processor.py:654} INFO - DAG(s) dict_keys(['data_ingestion_taxizone_dag']) retrieved from /opt/airflow/dags/data_ingestion_taxizone_dag.py
[2022-12-09 15:14:16,810] {logging_mixin.py:109} INFO - [2022-12-09 15:14:16,809] {dag.py:2396} INFO - Sync 1 DAGs
[2022-12-09 15:14:16,922] {processor.py:171} INFO - Processing /opt/airflow/dags/data_ingestion_taxizone_dag.py took 6.041 seconds
[2022-12-09 15:14:47,145] {processor.py:163} INFO - Started process (PID=134) to work on /opt/airflow/dags/data_ingestion_taxizone_dag.py
[2022-12-09 15:14:47,147] {processor.py:642} INFO - Processing file /opt/airflow/dags/data_ingestion_taxizone_dag.py for tasks to queue
[2022-12-09 15:14:47,148] {logging_mixin.py:109} INFO - [2022-12-09 15:14:47,148] {dagbag.py:500} INFO - Filling up the DagBag from /opt/airflow/dags/data_ingestion_taxizone_dag.py
[2022-12-09 15:14:48,891] {processor.py:654} INFO - DAG(s) dict_keys(['data_ingestion_taxizone_dag']) retrieved from /opt/airflow/dags/data_ingestion_taxizone_dag.py
[2022-12-09 15:14:48,907] {logging_mixin.py:109} INFO - [2022-12-09 15:14:48,906] {dag.py:2396} INFO - Sync 1 DAGs
[2022-12-09 15:14:48,966] {logging_mixin.py:109} INFO - [2022-12-09 15:14:48,966] {dag.py:2935} INFO - Setting next_dagrun for data_ingestion_taxizone_dag to 2022-12-09T00:00:00+00:00
[2022-12-09 15:14:49,002] {processor.py:171} INFO - Processing /opt/airflow/dags/data_ingestion_taxizone_dag.py took 1.863 seconds
[2022-12-09 15:15:19,183] {processor.py:163} INFO - Started process (PID=158) to work on /opt/airflow/dags/data_ingestion_taxizone_dag.py
[2022-12-09 15:15:19,186] {processor.py:642} INFO - Processing file /opt/airflow/dags/data_ingestion_taxizone_dag.py for tasks to queue
[2022-12-09 15:15:19,188] {logging_mixin.py:109} INFO - [2022-12-09 15:15:19,187] {dagbag.py:500} INFO - Filling up the DagBag from /opt/airflow/dags/data_ingestion_taxizone_dag.py
[2022-12-09 15:15:20,636] {processor.py:654} INFO - DAG(s) dict_keys(['data_ingestion_taxizone_dag']) retrieved from /opt/airflow/dags/data_ingestion_taxizone_dag.py
[2022-12-09 15:15:20,652] {logging_mixin.py:109} INFO - [2022-12-09 15:15:20,651] {dag.py:2396} INFO - Sync 1 DAGs
[2022-12-09 15:15:20,682] {logging_mixin.py:109} INFO - [2022-12-09 15:15:20,682] {dag.py:2935} INFO - Setting next_dagrun for data_ingestion_taxizone_dag to 2022-12-09T00:00:00+00:00
[2022-12-09 15:15:20,695] {processor.py:171} INFO - Processing /opt/airflow/dags/data_ingestion_taxizone_dag.py took 1.519 seconds
[2022-12-09 15:15:50,872] {processor.py:163} INFO - Started process (PID=194) to work on /opt/airflow/dags/data_ingestion_taxizone_dag.py
[2022-12-09 15:15:50,878] {processor.py:642} INFO - Processing file /opt/airflow/dags/data_ingestion_taxizone_dag.py for tasks to queue
[2022-12-09 15:15:50,880] {logging_mixin.py:109} INFO - [2022-12-09 15:15:50,879] {dagbag.py:500} INFO - Filling up the DagBag from /opt/airflow/dags/data_ingestion_taxizone_dag.py
[2022-12-09 15:15:52,431] {processor.py:654} INFO - DAG(s) dict_keys(['data_ingestion_taxizone_dag']) retrieved from /opt/airflow/dags/data_ingestion_taxizone_dag.py
[2022-12-09 15:15:52,482] {logging_mixin.py:109} INFO - [2022-12-09 15:15:52,482] {dag.py:2396} INFO - Sync 1 DAGs
[2022-12-09 15:15:52,525] {logging_mixin.py:109} INFO - [2022-12-09 15:15:52,524] {dag.py:2935} INFO - Setting next_dagrun for data_ingestion_taxizone_dag to 2022-12-09T00:00:00+00:00
[2022-12-09 15:15:52,539] {processor.py:171} INFO - Processing /opt/airflow/dags/data_ingestion_taxizone_dag.py took 1.673 seconds
[2022-12-09 15:16:22,755] {processor.py:163} INFO - Started process (PID=221) to work on /opt/airflow/dags/data_ingestion_taxizone_dag.py
[2022-12-09 15:16:22,762] {processor.py:642} INFO - Processing file /opt/airflow/dags/data_ingestion_taxizone_dag.py for tasks to queue
[2022-12-09 15:16:22,763] {logging_mixin.py:109} INFO - [2022-12-09 15:16:22,763] {dagbag.py:500} INFO - Filling up the DagBag from /opt/airflow/dags/data_ingestion_taxizone_dag.py
[2022-12-09 15:16:27,221] {processor.py:654} INFO - DAG(s) dict_keys(['data_ingestion_taxizone_dag']) retrieved from /opt/airflow/dags/data_ingestion_taxizone_dag.py
[2022-12-09 15:16:27,268] {logging_mixin.py:109} INFO - [2022-12-09 15:16:27,268] {dag.py:2396} INFO - Sync 1 DAGs
[2022-12-09 15:16:27,318] {logging_mixin.py:109} INFO - [2022-12-09 15:16:27,318] {dag.py:2935} INFO - Setting next_dagrun for data_ingestion_taxizone_dag to 2022-12-09T00:00:00+00:00
[2022-12-09 15:16:27,356] {processor.py:171} INFO - Processing /opt/airflow/dags/data_ingestion_taxizone_dag.py took 4.625 seconds
[2022-12-09 15:16:57,649] {processor.py:163} INFO - Started process (PID=248) to work on /opt/airflow/dags/data_ingestion_taxizone_dag.py
[2022-12-09 15:16:57,654] {processor.py:642} INFO - Processing file /opt/airflow/dags/data_ingestion_taxizone_dag.py for tasks to queue
[2022-12-09 15:16:57,661] {logging_mixin.py:109} INFO - [2022-12-09 15:16:57,661] {dagbag.py:500} INFO - Filling up the DagBag from /opt/airflow/dags/data_ingestion_taxizone_dag.py
[2022-12-09 15:17:01,865] {processor.py:654} INFO - DAG(s) dict_keys(['data_ingestion_taxizone_dag']) retrieved from /opt/airflow/dags/data_ingestion_taxizone_dag.py
[2022-12-09 15:17:01,911] {logging_mixin.py:109} INFO - [2022-12-09 15:17:01,910] {dag.py:2396} INFO - Sync 1 DAGs
[2022-12-09 15:17:02,018] {logging_mixin.py:109} INFO - [2022-12-09 15:17:02,018] {dag.py:2935} INFO - Setting next_dagrun for data_ingestion_taxizone_dag to 2022-12-09T00:00:00+00:00
[2022-12-09 15:17:02,055] {processor.py:171} INFO - Processing /opt/airflow/dags/data_ingestion_taxizone_dag.py took 4.415 seconds
[2022-12-09 15:17:32,317] {processor.py:163} INFO - Started process (PID=286) to work on /opt/airflow/dags/data_ingestion_taxizone_dag.py
[2022-12-09 15:17:32,330] {processor.py:642} INFO - Processing file /opt/airflow/dags/data_ingestion_taxizone_dag.py for tasks to queue
[2022-12-09 15:17:32,331] {logging_mixin.py:109} INFO - [2022-12-09 15:17:32,331] {dagbag.py:500} INFO - Filling up the DagBag from /opt/airflow/dags/data_ingestion_taxizone_dag.py
[2022-12-09 15:17:36,195] {processor.py:654} INFO - DAG(s) dict_keys(['data_ingestion_taxizone_dag']) retrieved from /opt/airflow/dags/data_ingestion_taxizone_dag.py
[2022-12-09 15:17:36,227] {logging_mixin.py:109} INFO - [2022-12-09 15:17:36,226] {dag.py:2396} INFO - Sync 1 DAGs
[2022-12-09 15:17:36,260] {logging_mixin.py:109} INFO - [2022-12-09 15:17:36,260] {dag.py:2935} INFO - Setting next_dagrun for data_ingestion_taxizone_dag to 2022-12-09T00:00:00+00:00
[2022-12-09 15:17:36,273] {processor.py:171} INFO - Processing /opt/airflow/dags/data_ingestion_taxizone_dag.py took 4.002 seconds
[2022-12-09 15:18:06,489] {processor.py:163} INFO - Started process (PID=311) to work on /opt/airflow/dags/data_ingestion_taxizone_dag.py
[2022-12-09 15:18:06,491] {processor.py:642} INFO - Processing file /opt/airflow/dags/data_ingestion_taxizone_dag.py for tasks to queue
[2022-12-09 15:18:06,492] {logging_mixin.py:109} INFO - [2022-12-09 15:18:06,492] {dagbag.py:500} INFO - Filling up the DagBag from /opt/airflow/dags/data_ingestion_taxizone_dag.py
[2022-12-09 15:18:07,958] {processor.py:654} INFO - DAG(s) dict_keys(['data_ingestion_taxizone_dag']) retrieved from /opt/airflow/dags/data_ingestion_taxizone_dag.py
[2022-12-09 15:18:07,975] {logging_mixin.py:109} INFO - [2022-12-09 15:18:07,974] {dag.py:2396} INFO - Sync 1 DAGs
[2022-12-09 15:18:08,001] {logging_mixin.py:109} INFO - [2022-12-09 15:18:08,001] {dag.py:2935} INFO - Setting next_dagrun for data_ingestion_taxizone_dag to 2022-12-09T00:00:00+00:00
[2022-12-09 15:18:08,015] {processor.py:171} INFO - Processing /opt/airflow/dags/data_ingestion_taxizone_dag.py took 1.533 seconds
[2022-12-09 15:18:38,203] {processor.py:163} INFO - Started process (PID=335) to work on /opt/airflow/dags/data_ingestion_taxizone_dag.py
[2022-12-09 15:18:38,205] {processor.py:642} INFO - Processing file /opt/airflow/dags/data_ingestion_taxizone_dag.py for tasks to queue
[2022-12-09 15:18:38,206] {logging_mixin.py:109} INFO - [2022-12-09 15:18:38,206] {dagbag.py:500} INFO - Filling up the DagBag from /opt/airflow/dags/data_ingestion_taxizone_dag.py
[2022-12-09 15:18:39,871] {processor.py:654} INFO - DAG(s) dict_keys(['data_ingestion_taxizone_dag']) retrieved from /opt/airflow/dags/data_ingestion_taxizone_dag.py
[2022-12-09 15:18:39,881] {logging_mixin.py:109} INFO - [2022-12-09 15:18:39,881] {dag.py:2396} INFO - Sync 1 DAGs
[2022-12-09 15:18:39,898] {logging_mixin.py:109} INFO - [2022-12-09 15:18:39,898] {dag.py:2935} INFO - Setting next_dagrun for data_ingestion_taxizone_dag to 2022-12-09T00:00:00+00:00
[2022-12-09 15:18:39,908] {processor.py:171} INFO - Processing /opt/airflow/dags/data_ingestion_taxizone_dag.py took 1.714 seconds
[2022-12-09 15:19:10,048] {processor.py:163} INFO - Started process (PID=361) to work on /opt/airflow/dags/data_ingestion_taxizone_dag.py
[2022-12-09 15:19:10,058] {processor.py:642} INFO - Processing file /opt/airflow/dags/data_ingestion_taxizone_dag.py for tasks to queue
[2022-12-09 15:19:10,059] {logging_mixin.py:109} INFO - [2022-12-09 15:19:10,059] {dagbag.py:500} INFO - Filling up the DagBag from /opt/airflow/dags/data_ingestion_taxizone_dag.py
[2022-12-09 15:19:12,514] {processor.py:654} INFO - DAG(s) dict_keys(['data_ingestion_taxizone_dag']) retrieved from /opt/airflow/dags/data_ingestion_taxizone_dag.py
[2022-12-09 15:19:12,528] {logging_mixin.py:109} INFO - [2022-12-09 15:19:12,527] {dag.py:2396} INFO - Sync 1 DAGs
[2022-12-09 15:19:12,554] {logging_mixin.py:109} INFO - [2022-12-09 15:19:12,554] {dag.py:2935} INFO - Setting next_dagrun for data_ingestion_taxizone_dag to 2022-12-09T00:00:00+00:00
[2022-12-09 15:19:12,569] {processor.py:171} INFO - Processing /opt/airflow/dags/data_ingestion_taxizone_dag.py took 2.545 seconds
[2022-12-09 15:19:42,806] {processor.py:163} INFO - Started process (PID=399) to work on /opt/airflow/dags/data_ingestion_taxizone_dag.py
[2022-12-09 15:19:42,818] {processor.py:642} INFO - Processing file /opt/airflow/dags/data_ingestion_taxizone_dag.py for tasks to queue
[2022-12-09 15:19:42,819] {logging_mixin.py:109} INFO - [2022-12-09 15:19:42,819] {dagbag.py:500} INFO - Filling up the DagBag from /opt/airflow/dags/data_ingestion_taxizone_dag.py
[2022-12-09 15:19:46,847] {processor.py:654} INFO - DAG(s) dict_keys(['data_ingestion_taxizone_dag']) retrieved from /opt/airflow/dags/data_ingestion_taxizone_dag.py
[2022-12-09 15:19:46,873] {logging_mixin.py:109} INFO - [2022-12-09 15:19:46,873] {dag.py:2396} INFO - Sync 1 DAGs
[2022-12-09 15:19:46,912] {logging_mixin.py:109} INFO - [2022-12-09 15:19:46,912] {dag.py:2935} INFO - Setting next_dagrun for data_ingestion_taxizone_dag to 2022-12-09T00:00:00+00:00
[2022-12-09 15:19:46,929] {processor.py:171} INFO - Processing /opt/airflow/dags/data_ingestion_taxizone_dag.py took 4.140 seconds
[2022-12-09 15:20:17,106] {processor.py:163} INFO - Started process (PID=429) to work on /opt/airflow/dags/data_ingestion_taxizone_dag.py
[2022-12-09 15:20:17,118] {processor.py:642} INFO - Processing file /opt/airflow/dags/data_ingestion_taxizone_dag.py for tasks to queue
[2022-12-09 15:20:17,119] {logging_mixin.py:109} INFO - [2022-12-09 15:20:17,119] {dagbag.py:500} INFO - Filling up the DagBag from /opt/airflow/dags/data_ingestion_taxizone_dag.py
[2022-12-09 15:20:19,866] {processor.py:654} INFO - DAG(s) dict_keys(['data_ingestion_taxizone_dag']) retrieved from /opt/airflow/dags/data_ingestion_taxizone_dag.py
[2022-12-09 15:20:19,881] {logging_mixin.py:109} INFO - [2022-12-09 15:20:19,880] {dag.py:2396} INFO - Sync 1 DAGs
[2022-12-09 15:20:19,909] {logging_mixin.py:109} INFO - [2022-12-09 15:20:19,909] {dag.py:2935} INFO - Setting next_dagrun for data_ingestion_taxizone_dag to 2022-12-09T00:00:00+00:00
[2022-12-09 15:20:19,925] {processor.py:171} INFO - Processing /opt/airflow/dags/data_ingestion_taxizone_dag.py took 2.828 seconds
[2022-12-09 15:20:50,056] {processor.py:163} INFO - Started process (PID=455) to work on /opt/airflow/dags/data_ingestion_taxizone_dag.py
[2022-12-09 15:20:50,070] {processor.py:642} INFO - Processing file /opt/airflow/dags/data_ingestion_taxizone_dag.py for tasks to queue
[2022-12-09 15:20:50,071] {logging_mixin.py:109} INFO - [2022-12-09 15:20:50,070] {dagbag.py:500} INFO - Filling up the DagBag from /opt/airflow/dags/data_ingestion_taxizone_dag.py
[2022-12-09 15:20:54,573] {processor.py:654} INFO - DAG(s) dict_keys(['data_ingestion_taxizone_dag']) retrieved from /opt/airflow/dags/data_ingestion_taxizone_dag.py
[2022-12-09 15:20:54,628] {logging_mixin.py:109} INFO - [2022-12-09 15:20:54,627] {dag.py:2396} INFO - Sync 1 DAGs
[2022-12-09 15:20:54,731] {logging_mixin.py:109} INFO - [2022-12-09 15:20:54,731] {dag.py:2935} INFO - Setting next_dagrun for data_ingestion_taxizone_dag to 2022-12-09T00:00:00+00:00
[2022-12-09 15:20:54,777] {processor.py:171} INFO - Processing /opt/airflow/dags/data_ingestion_taxizone_dag.py took 4.736 seconds
[2022-12-09 15:21:25,112] {processor.py:163} INFO - Started process (PID=490) to work on /opt/airflow/dags/data_ingestion_taxizone_dag.py
[2022-12-09 15:21:25,126] {processor.py:642} INFO - Processing file /opt/airflow/dags/data_ingestion_taxizone_dag.py for tasks to queue
[2022-12-09 15:21:25,127] {logging_mixin.py:109} INFO - [2022-12-09 15:21:25,127] {dagbag.py:500} INFO - Filling up the DagBag from /opt/airflow/dags/data_ingestion_taxizone_dag.py
[2022-12-09 15:21:27,596] {processor.py:654} INFO - DAG(s) dict_keys(['data_ingestion_taxizone_dag']) retrieved from /opt/airflow/dags/data_ingestion_taxizone_dag.py
[2022-12-09 15:21:27,611] {logging_mixin.py:109} INFO - [2022-12-09 15:21:27,611] {dag.py:2396} INFO - Sync 1 DAGs
[2022-12-09 15:21:27,639] {logging_mixin.py:109} INFO - [2022-12-09 15:21:27,639] {dag.py:2935} INFO - Setting next_dagrun for data_ingestion_taxizone_dag to 2022-12-09T00:00:00+00:00
[2022-12-09 15:21:27,656] {processor.py:171} INFO - Processing /opt/airflow/dags/data_ingestion_taxizone_dag.py took 2.549 seconds
[2022-12-09 15:21:57,811] {processor.py:163} INFO - Started process (PID=514) to work on /opt/airflow/dags/data_ingestion_taxizone_dag.py
[2022-12-09 15:21:57,822] {processor.py:642} INFO - Processing file /opt/airflow/dags/data_ingestion_taxizone_dag.py for tasks to queue
[2022-12-09 15:21:57,823] {logging_mixin.py:109} INFO - [2022-12-09 15:21:57,823] {dagbag.py:500} INFO - Filling up the DagBag from /opt/airflow/dags/data_ingestion_taxizone_dag.py
[2022-12-09 15:22:01,209] {processor.py:654} INFO - DAG(s) dict_keys(['data_ingestion_taxizone_dag']) retrieved from /opt/airflow/dags/data_ingestion_taxizone_dag.py
[2022-12-09 15:22:01,245] {logging_mixin.py:109} INFO - [2022-12-09 15:22:01,245] {dag.py:2396} INFO - Sync 1 DAGs
[2022-12-09 15:22:01,281] {logging_mixin.py:109} INFO - [2022-12-09 15:22:01,281] {dag.py:2935} INFO - Setting next_dagrun for data_ingestion_taxizone_dag to 2022-12-09T00:00:00+00:00
[2022-12-09 15:22:01,294] {processor.py:171} INFO - Processing /opt/airflow/dags/data_ingestion_taxizone_dag.py took 3.488 seconds
[2022-12-09 15:22:31,449] {processor.py:163} INFO - Started process (PID=549) to work on /opt/airflow/dags/data_ingestion_taxizone_dag.py
[2022-12-09 15:22:31,454] {processor.py:642} INFO - Processing file /opt/airflow/dags/data_ingestion_taxizone_dag.py for tasks to queue
[2022-12-09 15:22:31,455] {logging_mixin.py:109} INFO - [2022-12-09 15:22:31,455] {dagbag.py:500} INFO - Filling up the DagBag from /opt/airflow/dags/data_ingestion_taxizone_dag.py
[2022-12-09 15:22:33,064] {processor.py:654} INFO - DAG(s) dict_keys(['data_ingestion_taxizone_dag']) retrieved from /opt/airflow/dags/data_ingestion_taxizone_dag.py
[2022-12-09 15:22:33,092] {logging_mixin.py:109} INFO - [2022-12-09 15:22:33,092] {dag.py:2396} INFO - Sync 1 DAGs
[2022-12-09 15:22:33,139] {logging_mixin.py:109} INFO - [2022-12-09 15:22:33,139] {dag.py:2935} INFO - Setting next_dagrun for data_ingestion_taxizone_dag to 2022-12-09T00:00:00+00:00
[2022-12-09 15:22:33,165] {processor.py:171} INFO - Processing /opt/airflow/dags/data_ingestion_taxizone_dag.py took 1.722 seconds
[2022-12-09 15:23:03,341] {processor.py:163} INFO - Started process (PID=571) to work on /opt/airflow/dags/data_ingestion_taxizone_dag.py
[2022-12-09 15:23:03,343] {processor.py:642} INFO - Processing file /opt/airflow/dags/data_ingestion_taxizone_dag.py for tasks to queue
[2022-12-09 15:23:03,344] {logging_mixin.py:109} INFO - [2022-12-09 15:23:03,343] {dagbag.py:500} INFO - Filling up the DagBag from /opt/airflow/dags/data_ingestion_taxizone_dag.py
[2022-12-09 15:23:06,603] {processor.py:654} INFO - DAG(s) dict_keys(['data_ingestion_taxizone_dag']) retrieved from /opt/airflow/dags/data_ingestion_taxizone_dag.py
[2022-12-09 15:23:06,642] {logging_mixin.py:109} INFO - [2022-12-09 15:23:06,642] {dag.py:2396} INFO - Sync 1 DAGs
[2022-12-09 15:23:06,720] {logging_mixin.py:109} INFO - [2022-12-09 15:23:06,720] {dag.py:2935} INFO - Setting next_dagrun for data_ingestion_taxizone_dag to 2022-12-09T00:00:00+00:00
[2022-12-09 15:23:06,754] {processor.py:171} INFO - Processing /opt/airflow/dags/data_ingestion_taxizone_dag.py took 3.420 seconds
[2022-12-09 15:23:36,915] {processor.py:163} INFO - Started process (PID=608) to work on /opt/airflow/dags/data_ingestion_taxizone_dag.py
[2022-12-09 15:23:36,922] {processor.py:642} INFO - Processing file /opt/airflow/dags/data_ingestion_taxizone_dag.py for tasks to queue
[2022-12-09 15:23:36,923] {logging_mixin.py:109} INFO - [2022-12-09 15:23:36,923] {dagbag.py:500} INFO - Filling up the DagBag from /opt/airflow/dags/data_ingestion_taxizone_dag.py
[2022-12-09 15:23:40,398] {processor.py:654} INFO - DAG(s) dict_keys(['data_ingestion_taxizone_dag']) retrieved from /opt/airflow/dags/data_ingestion_taxizone_dag.py
[2022-12-09 15:23:40,463] {logging_mixin.py:109} INFO - [2022-12-09 15:23:40,462] {dag.py:2396} INFO - Sync 1 DAGs
[2022-12-09 15:23:40,515] {logging_mixin.py:109} INFO - [2022-12-09 15:23:40,515] {dag.py:2935} INFO - Setting next_dagrun for data_ingestion_taxizone_dag to 2022-12-09T00:00:00+00:00
[2022-12-09 15:23:40,544] {processor.py:171} INFO - Processing /opt/airflow/dags/data_ingestion_taxizone_dag.py took 3.638 seconds
[2022-12-09 15:24:10,710] {processor.py:163} INFO - Started process (PID=634) to work on /opt/airflow/dags/data_ingestion_taxizone_dag.py
[2022-12-09 15:24:10,711] {processor.py:642} INFO - Processing file /opt/airflow/dags/data_ingestion_taxizone_dag.py for tasks to queue
[2022-12-09 15:24:10,712] {logging_mixin.py:109} INFO - [2022-12-09 15:24:10,712] {dagbag.py:500} INFO - Filling up the DagBag from /opt/airflow/dags/data_ingestion_taxizone_dag.py
[2022-12-09 15:24:12,182] {processor.py:654} INFO - DAG(s) dict_keys(['data_ingestion_taxizone_dag']) retrieved from /opt/airflow/dags/data_ingestion_taxizone_dag.py
[2022-12-09 15:24:12,196] {logging_mixin.py:109} INFO - [2022-12-09 15:24:12,196] {dag.py:2396} INFO - Sync 1 DAGs
[2022-12-09 15:24:12,222] {logging_mixin.py:109} INFO - [2022-12-09 15:24:12,222] {dag.py:2935} INFO - Setting next_dagrun for data_ingestion_taxizone_dag to 2022-12-09T00:00:00+00:00
[2022-12-09 15:24:12,234] {processor.py:171} INFO - Processing /opt/airflow/dags/data_ingestion_taxizone_dag.py took 1.530 seconds
[2022-12-09 15:24:42,839] {processor.py:163} INFO - Started process (PID=659) to work on /opt/airflow/dags/data_ingestion_taxizone_dag.py
[2022-12-09 15:24:42,843] {processor.py:642} INFO - Processing file /opt/airflow/dags/data_ingestion_taxizone_dag.py for tasks to queue
[2022-12-09 15:24:42,844] {logging_mixin.py:109} INFO - [2022-12-09 15:24:42,844] {dagbag.py:500} INFO - Filling up the DagBag from /opt/airflow/dags/data_ingestion_taxizone_dag.py
[2022-12-09 15:24:44,360] {processor.py:654} INFO - DAG(s) dict_keys(['data_ingestion_taxizone_dag']) retrieved from /opt/airflow/dags/data_ingestion_taxizone_dag.py
[2022-12-09 15:24:44,376] {logging_mixin.py:109} INFO - [2022-12-09 15:24:44,375] {dag.py:2396} INFO - Sync 1 DAGs
[2022-12-09 15:24:44,403] {logging_mixin.py:109} INFO - [2022-12-09 15:24:44,403] {dag.py:2935} INFO - Setting next_dagrun for data_ingestion_taxizone_dag to 2022-12-09T00:00:00+00:00
[2022-12-09 15:24:44,420] {processor.py:171} INFO - Processing /opt/airflow/dags/data_ingestion_taxizone_dag.py took 1.587 seconds
[2022-12-09 15:25:14,624] {processor.py:163} INFO - Started process (PID=683) to work on /opt/airflow/dags/data_ingestion_taxizone_dag.py
[2022-12-09 15:25:14,626] {processor.py:642} INFO - Processing file /opt/airflow/dags/data_ingestion_taxizone_dag.py for tasks to queue
[2022-12-09 15:25:14,627] {logging_mixin.py:109} INFO - [2022-12-09 15:25:14,627] {dagbag.py:500} INFO - Filling up the DagBag from /opt/airflow/dags/data_ingestion_taxizone_dag.py
[2022-12-09 15:25:16,133] {processor.py:654} INFO - DAG(s) dict_keys(['data_ingestion_taxizone_dag']) retrieved from /opt/airflow/dags/data_ingestion_taxizone_dag.py
[2022-12-09 15:25:16,185] {logging_mixin.py:109} INFO - [2022-12-09 15:25:16,184] {dag.py:2396} INFO - Sync 1 DAGs
[2022-12-09 15:25:16,251] {logging_mixin.py:109} INFO - [2022-12-09 15:25:16,250] {dag.py:2935} INFO - Setting next_dagrun for data_ingestion_taxizone_dag to 2022-12-09T00:00:00+00:00
[2022-12-09 15:25:16,292] {processor.py:171} INFO - Processing /opt/airflow/dags/data_ingestion_taxizone_dag.py took 1.677 seconds
[2022-12-09 15:25:46,483] {processor.py:163} INFO - Started process (PID=706) to work on /opt/airflow/dags/data_ingestion_taxizone_dag.py
[2022-12-09 15:25:46,485] {processor.py:642} INFO - Processing file /opt/airflow/dags/data_ingestion_taxizone_dag.py for tasks to queue
[2022-12-09 15:25:46,486] {logging_mixin.py:109} INFO - [2022-12-09 15:25:46,486] {dagbag.py:500} INFO - Filling up the DagBag from /opt/airflow/dags/data_ingestion_taxizone_dag.py
[2022-12-09 15:25:49,177] {processor.py:654} INFO - DAG(s) dict_keys(['data_ingestion_taxizone_dag']) retrieved from /opt/airflow/dags/data_ingestion_taxizone_dag.py
[2022-12-09 15:25:49,222] {logging_mixin.py:109} INFO - [2022-12-09 15:25:49,221] {dag.py:2396} INFO - Sync 1 DAGs
[2022-12-09 15:25:49,290] {logging_mixin.py:109} INFO - [2022-12-09 15:25:49,290] {dag.py:2935} INFO - Setting next_dagrun for data_ingestion_taxizone_dag to 2022-12-09T00:00:00+00:00
[2022-12-09 15:25:49,325] {processor.py:171} INFO - Processing /opt/airflow/dags/data_ingestion_taxizone_dag.py took 2.849 seconds
[2022-12-09 15:26:19,668] {processor.py:163} INFO - Started process (PID=739) to work on /opt/airflow/dags/data_ingestion_taxizone_dag.py
[2022-12-09 15:26:19,674] {processor.py:642} INFO - Processing file /opt/airflow/dags/data_ingestion_taxizone_dag.py for tasks to queue
[2022-12-09 15:26:19,675] {logging_mixin.py:109} INFO - [2022-12-09 15:26:19,675] {dagbag.py:500} INFO - Filling up the DagBag from /opt/airflow/dags/data_ingestion_taxizone_dag.py
[2022-12-09 15:26:21,782] {processor.py:654} INFO - DAG(s) dict_keys(['data_ingestion_taxizone_dag']) retrieved from /opt/airflow/dags/data_ingestion_taxizone_dag.py
[2022-12-09 15:26:21,792] {logging_mixin.py:109} INFO - [2022-12-09 15:26:21,791] {dag.py:2396} INFO - Sync 1 DAGs
[2022-12-09 15:26:21,809] {logging_mixin.py:109} INFO - [2022-12-09 15:26:21,808] {dag.py:2935} INFO - Setting next_dagrun for data_ingestion_taxizone_dag to 2022-12-09T00:00:00+00:00
[2022-12-09 15:26:21,819] {processor.py:171} INFO - Processing /opt/airflow/dags/data_ingestion_taxizone_dag.py took 2.162 seconds
[2022-12-09 15:26:51,932] {processor.py:163} INFO - Started process (PID=765) to work on /opt/airflow/dags/data_ingestion_taxizone_dag.py
[2022-12-09 15:26:51,939] {processor.py:642} INFO - Processing file /opt/airflow/dags/data_ingestion_taxizone_dag.py for tasks to queue
[2022-12-09 15:26:51,940] {logging_mixin.py:109} INFO - [2022-12-09 15:26:51,940] {dagbag.py:500} INFO - Filling up the DagBag from /opt/airflow/dags/data_ingestion_taxizone_dag.py
[2022-12-09 15:26:54,401] {processor.py:654} INFO - DAG(s) dict_keys(['data_ingestion_taxizone_dag']) retrieved from /opt/airflow/dags/data_ingestion_taxizone_dag.py
[2022-12-09 15:26:54,433] {logging_mixin.py:109} INFO - [2022-12-09 15:26:54,432] {dag.py:2396} INFO - Sync 1 DAGs
[2022-12-09 15:26:54,541] {logging_mixin.py:109} INFO - [2022-12-09 15:26:54,541] {dag.py:2935} INFO - Setting next_dagrun for data_ingestion_taxizone_dag to 2022-12-09T00:00:00+00:00
[2022-12-09 15:26:54,590] {processor.py:171} INFO - Processing /opt/airflow/dags/data_ingestion_taxizone_dag.py took 2.672 seconds
[2022-12-09 15:27:24,753] {processor.py:163} INFO - Started process (PID=800) to work on /opt/airflow/dags/data_ingestion_taxizone_dag.py
[2022-12-09 15:27:24,756] {processor.py:642} INFO - Processing file /opt/airflow/dags/data_ingestion_taxizone_dag.py for tasks to queue
[2022-12-09 15:27:24,757] {logging_mixin.py:109} INFO - [2022-12-09 15:27:24,757] {dagbag.py:500} INFO - Filling up the DagBag from /opt/airflow/dags/data_ingestion_taxizone_dag.py
[2022-12-09 15:27:27,081] {processor.py:654} INFO - DAG(s) dict_keys(['data_ingestion_taxizone_dag']) retrieved from /opt/airflow/dags/data_ingestion_taxizone_dag.py
[2022-12-09 15:27:27,097] {logging_mixin.py:109} INFO - [2022-12-09 15:27:27,097] {dag.py:2396} INFO - Sync 1 DAGs
[2022-12-09 15:27:27,126] {logging_mixin.py:109} INFO - [2022-12-09 15:27:27,126] {dag.py:2935} INFO - Setting next_dagrun for data_ingestion_taxizone_dag to 2022-12-09T00:00:00+00:00
[2022-12-09 15:27:27,140] {processor.py:171} INFO - Processing /opt/airflow/dags/data_ingestion_taxizone_dag.py took 2.393 seconds
[2022-12-09 15:27:57,237] {processor.py:163} INFO - Started process (PID=826) to work on /opt/airflow/dags/data_ingestion_taxizone_dag.py
[2022-12-09 15:27:57,239] {processor.py:642} INFO - Processing file /opt/airflow/dags/data_ingestion_taxizone_dag.py for tasks to queue
[2022-12-09 15:27:57,240] {logging_mixin.py:109} INFO - [2022-12-09 15:27:57,240] {dagbag.py:500} INFO - Filling up the DagBag from /opt/airflow/dags/data_ingestion_taxizone_dag.py
[2022-12-09 15:27:58,663] {processor.py:654} INFO - DAG(s) dict_keys(['data_ingestion_taxizone_dag']) retrieved from /opt/airflow/dags/data_ingestion_taxizone_dag.py
[2022-12-09 15:27:58,674] {logging_mixin.py:109} INFO - [2022-12-09 15:27:58,673] {dag.py:2396} INFO - Sync 1 DAGs
[2022-12-09 15:27:58,692] {logging_mixin.py:109} INFO - [2022-12-09 15:27:58,692] {dag.py:2935} INFO - Setting next_dagrun for data_ingestion_taxizone_dag to 2022-12-09T00:00:00+00:00
[2022-12-09 15:27:58,701] {processor.py:171} INFO - Processing /opt/airflow/dags/data_ingestion_taxizone_dag.py took 1.471 seconds
[2022-12-09 15:28:28,880] {processor.py:163} INFO - Started process (PID=850) to work on /opt/airflow/dags/data_ingestion_taxizone_dag.py
[2022-12-09 15:28:28,882] {processor.py:642} INFO - Processing file /opt/airflow/dags/data_ingestion_taxizone_dag.py for tasks to queue
[2022-12-09 15:28:28,883] {logging_mixin.py:109} INFO - [2022-12-09 15:28:28,883] {dagbag.py:500} INFO - Filling up the DagBag from /opt/airflow/dags/data_ingestion_taxizone_dag.py
[2022-12-09 15:28:30,454] {processor.py:654} INFO - DAG(s) dict_keys(['data_ingestion_taxizone_dag']) retrieved from /opt/airflow/dags/data_ingestion_taxizone_dag.py
[2022-12-09 15:28:30,468] {logging_mixin.py:109} INFO - [2022-12-09 15:28:30,468] {dag.py:2396} INFO - Sync 1 DAGs
[2022-12-09 15:28:30,529] {logging_mixin.py:109} INFO - [2022-12-09 15:28:30,527] {dag.py:2935} INFO - Setting next_dagrun for data_ingestion_taxizone_dag to 2022-12-09T00:00:00+00:00
[2022-12-09 15:28:30,556] {processor.py:171} INFO - Processing /opt/airflow/dags/data_ingestion_taxizone_dag.py took 1.683 seconds
[2022-12-09 15:29:00,773] {processor.py:163} INFO - Started process (PID=874) to work on /opt/airflow/dags/data_ingestion_taxizone_dag.py
[2022-12-09 15:29:00,775] {processor.py:642} INFO - Processing file /opt/airflow/dags/data_ingestion_taxizone_dag.py for tasks to queue
[2022-12-09 15:29:00,776] {logging_mixin.py:109} INFO - [2022-12-09 15:29:00,776] {dagbag.py:500} INFO - Filling up the DagBag from /opt/airflow/dags/data_ingestion_taxizone_dag.py
[2022-12-09 15:29:02,121] {processor.py:654} INFO - DAG(s) dict_keys(['data_ingestion_taxizone_dag']) retrieved from /opt/airflow/dags/data_ingestion_taxizone_dag.py
[2022-12-09 15:29:02,136] {logging_mixin.py:109} INFO - [2022-12-09 15:29:02,135] {dag.py:2396} INFO - Sync 1 DAGs
[2022-12-09 15:29:02,163] {logging_mixin.py:109} INFO - [2022-12-09 15:29:02,163] {dag.py:2935} INFO - Setting next_dagrun for data_ingestion_taxizone_dag to 2022-12-09T00:00:00+00:00
[2022-12-09 15:29:02,175] {processor.py:171} INFO - Processing /opt/airflow/dags/data_ingestion_taxizone_dag.py took 1.409 seconds
[2022-12-09 15:29:32,403] {processor.py:163} INFO - Started process (PID=901) to work on /opt/airflow/dags/data_ingestion_taxizone_dag.py
[2022-12-09 15:29:32,405] {processor.py:642} INFO - Processing file /opt/airflow/dags/data_ingestion_taxizone_dag.py for tasks to queue
[2022-12-09 15:29:32,406] {logging_mixin.py:109} INFO - [2022-12-09 15:29:32,406] {dagbag.py:500} INFO - Filling up the DagBag from /opt/airflow/dags/data_ingestion_taxizone_dag.py
[2022-12-09 15:29:33,693] {processor.py:654} INFO - DAG(s) dict_keys(['data_ingestion_taxizone_dag']) retrieved from /opt/airflow/dags/data_ingestion_taxizone_dag.py
[2022-12-09 15:29:33,708] {logging_mixin.py:109} INFO - [2022-12-09 15:29:33,707] {dag.py:2396} INFO - Sync 1 DAGs
[2022-12-09 15:29:33,734] {logging_mixin.py:109} INFO - [2022-12-09 15:29:33,734] {dag.py:2935} INFO - Setting next_dagrun for data_ingestion_taxizone_dag to 2022-12-09T00:00:00+00:00
[2022-12-09 15:29:33,752] {processor.py:171} INFO - Processing /opt/airflow/dags/data_ingestion_taxizone_dag.py took 1.356 seconds
[2022-12-09 15:30:03,973] {processor.py:163} INFO - Started process (PID=926) to work on /opt/airflow/dags/data_ingestion_taxizone_dag.py
[2022-12-09 15:30:03,976] {processor.py:642} INFO - Processing file /opt/airflow/dags/data_ingestion_taxizone_dag.py for tasks to queue
[2022-12-09 15:30:03,977] {logging_mixin.py:109} INFO - [2022-12-09 15:30:03,977] {dagbag.py:500} INFO - Filling up the DagBag from /opt/airflow/dags/data_ingestion_taxizone_dag.py
[2022-12-09 15:30:05,318] {processor.py:654} INFO - DAG(s) dict_keys(['data_ingestion_taxizone_dag']) retrieved from /opt/airflow/dags/data_ingestion_taxizone_dag.py
[2022-12-09 15:30:05,330] {logging_mixin.py:109} INFO - [2022-12-09 15:30:05,330] {dag.py:2396} INFO - Sync 1 DAGs
[2022-12-09 15:30:05,357] {logging_mixin.py:109} INFO - [2022-12-09 15:30:05,357] {dag.py:2935} INFO - Setting next_dagrun for data_ingestion_taxizone_dag to 2022-12-09T00:00:00+00:00
[2022-12-09 15:30:05,370] {processor.py:171} INFO - Processing /opt/airflow/dags/data_ingestion_taxizone_dag.py took 1.403 seconds
[2022-12-09 15:30:35,485] {processor.py:163} INFO - Started process (PID=951) to work on /opt/airflow/dags/data_ingestion_taxizone_dag.py
[2022-12-09 15:30:35,487] {processor.py:642} INFO - Processing file /opt/airflow/dags/data_ingestion_taxizone_dag.py for tasks to queue
[2022-12-09 15:30:35,488] {logging_mixin.py:109} INFO - [2022-12-09 15:30:35,488] {dagbag.py:500} INFO - Filling up the DagBag from /opt/airflow/dags/data_ingestion_taxizone_dag.py
[2022-12-09 15:30:37,430] {processor.py:654} INFO - DAG(s) dict_keys(['data_ingestion_taxizone_dag']) retrieved from /opt/airflow/dags/data_ingestion_taxizone_dag.py
[2022-12-09 15:30:37,459] {logging_mixin.py:109} INFO - [2022-12-09 15:30:37,458] {dag.py:2396} INFO - Sync 1 DAGs
[2022-12-09 15:30:37,510] {logging_mixin.py:109} INFO - [2022-12-09 15:30:37,510] {dag.py:2935} INFO - Setting next_dagrun for data_ingestion_taxizone_dag to 2022-12-09T00:00:00+00:00
[2022-12-09 15:30:37,524] {processor.py:171} INFO - Processing /opt/airflow/dags/data_ingestion_taxizone_dag.py took 2.046 seconds
[2022-12-09 15:31:07,660] {processor.py:163} INFO - Started process (PID=989) to work on /opt/airflow/dags/data_ingestion_taxizone_dag.py
[2022-12-09 15:31:07,673] {processor.py:642} INFO - Processing file /opt/airflow/dags/data_ingestion_taxizone_dag.py for tasks to queue
[2022-12-09 15:31:07,681] {logging_mixin.py:109} INFO - [2022-12-09 15:31:07,681] {dagbag.py:500} INFO - Filling up the DagBag from /opt/airflow/dags/data_ingestion_taxizone_dag.py
[2022-12-09 15:31:10,399] {processor.py:654} INFO - DAG(s) dict_keys(['data_ingestion_taxizone_dag']) retrieved from /opt/airflow/dags/data_ingestion_taxizone_dag.py
[2022-12-09 15:31:10,413] {logging_mixin.py:109} INFO - [2022-12-09 15:31:10,413] {dag.py:2396} INFO - Sync 1 DAGs
[2022-12-09 15:31:10,441] {logging_mixin.py:109} INFO - [2022-12-09 15:31:10,441] {dag.py:2935} INFO - Setting next_dagrun for data_ingestion_taxizone_dag to 2022-12-09T00:00:00+00:00
[2022-12-09 15:31:10,461] {processor.py:171} INFO - Processing /opt/airflow/dags/data_ingestion_taxizone_dag.py took 2.807 seconds
[2022-12-09 15:31:40,813] {processor.py:163} INFO - Started process (PID=1015) to work on /opt/airflow/dags/data_ingestion_taxizone_dag.py
[2022-12-09 15:31:40,818] {processor.py:642} INFO - Processing file /opt/airflow/dags/data_ingestion_taxizone_dag.py for tasks to queue
[2022-12-09 15:31:40,819] {logging_mixin.py:109} INFO - [2022-12-09 15:31:40,819] {dagbag.py:500} INFO - Filling up the DagBag from /opt/airflow/dags/data_ingestion_taxizone_dag.py
[2022-12-09 15:31:44,182] {processor.py:654} INFO - DAG(s) dict_keys(['data_ingestion_taxizone_dag']) retrieved from /opt/airflow/dags/data_ingestion_taxizone_dag.py
[2022-12-09 15:31:44,210] {logging_mixin.py:109} INFO - [2022-12-09 15:31:44,209] {dag.py:2396} INFO - Sync 1 DAGs
[2022-12-09 15:31:44,260] {logging_mixin.py:109} INFO - [2022-12-09 15:31:44,260] {dag.py:2935} INFO - Setting next_dagrun for data_ingestion_taxizone_dag to 2022-12-09T00:00:00+00:00
[2022-12-09 15:31:44,285] {processor.py:171} INFO - Processing /opt/airflow/dags/data_ingestion_taxizone_dag.py took 3.479 seconds
[2022-12-09 15:32:14,464] {processor.py:163} INFO - Started process (PID=1041) to work on /opt/airflow/dags/data_ingestion_taxizone_dag.py
[2022-12-09 15:32:14,466] {processor.py:642} INFO - Processing file /opt/airflow/dags/data_ingestion_taxizone_dag.py for tasks to queue
[2022-12-09 15:32:14,467] {logging_mixin.py:109} INFO - [2022-12-09 15:32:14,467] {dagbag.py:500} INFO - Filling up the DagBag from /opt/airflow/dags/data_ingestion_taxizone_dag.py
[2022-12-09 15:32:16,467] {processor.py:654} INFO - DAG(s) dict_keys(['data_ingestion_taxizone_dag']) retrieved from /opt/airflow/dags/data_ingestion_taxizone_dag.py
[2022-12-09 15:32:16,505] {logging_mixin.py:109} INFO - [2022-12-09 15:32:16,505] {dag.py:2396} INFO - Sync 1 DAGs
[2022-12-09 15:32:16,567] {logging_mixin.py:109} INFO - [2022-12-09 15:32:16,567] {dag.py:2935} INFO - Setting next_dagrun for data_ingestion_taxizone_dag to 2022-12-09T00:00:00+00:00
[2022-12-09 15:32:16,580] {processor.py:171} INFO - Processing /opt/airflow/dags/data_ingestion_taxizone_dag.py took 2.122 seconds
[2022-12-09 15:32:46,759] {processor.py:163} INFO - Started process (PID=1078) to work on /opt/airflow/dags/data_ingestion_taxizone_dag.py
[2022-12-09 15:32:46,761] {processor.py:642} INFO - Processing file /opt/airflow/dags/data_ingestion_taxizone_dag.py for tasks to queue
[2022-12-09 15:32:46,762] {logging_mixin.py:109} INFO - [2022-12-09 15:32:46,762] {dagbag.py:500} INFO - Filling up the DagBag from /opt/airflow/dags/data_ingestion_taxizone_dag.py
[2022-12-09 15:32:48,117] {processor.py:654} INFO - DAG(s) dict_keys(['data_ingestion_taxizone_dag']) retrieved from /opt/airflow/dags/data_ingestion_taxizone_dag.py
[2022-12-09 15:32:48,132] {logging_mixin.py:109} INFO - [2022-12-09 15:32:48,132] {dag.py:2396} INFO - Sync 1 DAGs
[2022-12-09 15:32:48,157] {logging_mixin.py:109} INFO - [2022-12-09 15:32:48,156] {dag.py:2935} INFO - Setting next_dagrun for data_ingestion_taxizone_dag to 2022-12-09T00:00:00+00:00
[2022-12-09 15:32:48,168] {processor.py:171} INFO - Processing /opt/airflow/dags/data_ingestion_taxizone_dag.py took 1.429 seconds
[2022-12-09 15:33:18,403] {processor.py:163} INFO - Started process (PID=1101) to work on /opt/airflow/dags/data_ingestion_taxizone_dag.py
[2022-12-09 15:33:18,406] {processor.py:642} INFO - Processing file /opt/airflow/dags/data_ingestion_taxizone_dag.py for tasks to queue
[2022-12-09 15:33:18,407] {logging_mixin.py:109} INFO - [2022-12-09 15:33:18,406] {dagbag.py:500} INFO - Filling up the DagBag from /opt/airflow/dags/data_ingestion_taxizone_dag.py
[2022-12-09 15:33:20,926] {processor.py:654} INFO - DAG(s) dict_keys(['data_ingestion_taxizone_dag']) retrieved from /opt/airflow/dags/data_ingestion_taxizone_dag.py
[2022-12-09 15:33:20,944] {logging_mixin.py:109} INFO - [2022-12-09 15:33:20,943] {dag.py:2396} INFO - Sync 1 DAGs
[2022-12-09 15:33:20,975] {logging_mixin.py:109} INFO - [2022-12-09 15:33:20,975] {dag.py:2935} INFO - Setting next_dagrun for data_ingestion_taxizone_dag to 2022-12-09T00:00:00+00:00
[2022-12-09 15:33:21,000] {processor.py:171} INFO - Processing /opt/airflow/dags/data_ingestion_taxizone_dag.py took 2.603 seconds
[2022-12-09 15:33:51,160] {processor.py:163} INFO - Started process (PID=1126) to work on /opt/airflow/dags/data_ingestion_taxizone_dag.py
[2022-12-09 15:33:51,163] {processor.py:642} INFO - Processing file /opt/airflow/dags/data_ingestion_taxizone_dag.py for tasks to queue
[2022-12-09 15:33:51,164] {logging_mixin.py:109} INFO - [2022-12-09 15:33:51,163] {dagbag.py:500} INFO - Filling up the DagBag from /opt/airflow/dags/data_ingestion_taxizone_dag.py
[2022-12-09 15:33:54,333] {processor.py:654} INFO - DAG(s) dict_keys(['data_ingestion_taxizone_dag']) retrieved from /opt/airflow/dags/data_ingestion_taxizone_dag.py
[2022-12-09 15:33:54,374] {logging_mixin.py:109} INFO - [2022-12-09 15:33:54,373] {dag.py:2396} INFO - Sync 1 DAGs
[2022-12-09 15:33:54,476] {logging_mixin.py:109} INFO - [2022-12-09 15:33:54,476] {dag.py:2935} INFO - Setting next_dagrun for data_ingestion_taxizone_dag to 2022-12-09T00:00:00+00:00
[2022-12-09 15:33:54,509] {processor.py:171} INFO - Processing /opt/airflow/dags/data_ingestion_taxizone_dag.py took 3.356 seconds
[2022-12-09 15:34:24,744] {processor.py:163} INFO - Started process (PID=1161) to work on /opt/airflow/dags/data_ingestion_taxizone_dag.py
[2022-12-09 15:34:24,755] {processor.py:642} INFO - Processing file /opt/airflow/dags/data_ingestion_taxizone_dag.py for tasks to queue
[2022-12-09 15:34:24,756] {logging_mixin.py:109} INFO - [2022-12-09 15:34:24,756] {dagbag.py:500} INFO - Filling up the DagBag from /opt/airflow/dags/data_ingestion_taxizone_dag.py
[2022-12-09 15:34:30,915] {processor.py:654} INFO - DAG(s) dict_keys(['data_ingestion_taxizone_dag']) retrieved from /opt/airflow/dags/data_ingestion_taxizone_dag.py
[2022-12-09 15:34:30,942] {logging_mixin.py:109} INFO - [2022-12-09 15:34:30,941] {dag.py:2396} INFO - Sync 1 DAGs
[2022-12-09 15:34:31,002] {logging_mixin.py:109} INFO - [2022-12-09 15:34:30,996] {dag.py:2935} INFO - Setting next_dagrun for data_ingestion_taxizone_dag to 2022-12-09T00:00:00+00:00
[2022-12-09 15:34:31,020] {processor.py:171} INFO - Processing /opt/airflow/dags/data_ingestion_taxizone_dag.py took 6.299 seconds
[2022-12-09 15:35:01,259] {processor.py:163} INFO - Started process (PID=1183) to work on /opt/airflow/dags/data_ingestion_taxizone_dag.py
[2022-12-09 15:35:01,270] {processor.py:642} INFO - Processing file /opt/airflow/dags/data_ingestion_taxizone_dag.py for tasks to queue
[2022-12-09 15:35:01,277] {logging_mixin.py:109} INFO - [2022-12-09 15:35:01,277] {dagbag.py:500} INFO - Filling up the DagBag from /opt/airflow/dags/data_ingestion_taxizone_dag.py
[2022-12-09 15:35:05,116] {processor.py:654} INFO - DAG(s) dict_keys(['data_ingestion_taxizone_dag']) retrieved from /opt/airflow/dags/data_ingestion_taxizone_dag.py
[2022-12-09 15:35:05,137] {logging_mixin.py:109} INFO - [2022-12-09 15:35:05,136] {dag.py:2396} INFO - Sync 1 DAGs
[2022-12-09 15:35:05,210] {logging_mixin.py:109} INFO - [2022-12-09 15:35:05,210] {dag.py:2935} INFO - Setting next_dagrun for data_ingestion_taxizone_dag to 2022-12-09T00:00:00+00:00
[2022-12-09 15:35:05,262] {processor.py:171} INFO - Processing /opt/airflow/dags/data_ingestion_taxizone_dag.py took 4.017 seconds
[2022-12-09 15:35:35,462] {processor.py:163} INFO - Started process (PID=1206) to work on /opt/airflow/dags/data_ingestion_taxizone_dag.py
[2022-12-09 15:35:35,467] {processor.py:642} INFO - Processing file /opt/airflow/dags/data_ingestion_taxizone_dag.py for tasks to queue
[2022-12-09 15:35:35,468] {logging_mixin.py:109} INFO - [2022-12-09 15:35:35,468] {dagbag.py:500} INFO - Filling up the DagBag from /opt/airflow/dags/data_ingestion_taxizone_dag.py
[2022-12-09 15:35:37,837] {processor.py:654} INFO - DAG(s) dict_keys(['data_ingestion_taxizone_dag']) retrieved from /opt/airflow/dags/data_ingestion_taxizone_dag.py
[2022-12-09 15:35:37,850] {logging_mixin.py:109} INFO - [2022-12-09 15:35:37,850] {dag.py:2396} INFO - Sync 1 DAGs
[2022-12-09 15:35:37,879] {logging_mixin.py:109} INFO - [2022-12-09 15:35:37,879] {dag.py:2935} INFO - Setting next_dagrun for data_ingestion_taxizone_dag to 2022-12-09T00:00:00+00:00
[2022-12-09 15:35:37,891] {processor.py:171} INFO - Processing /opt/airflow/dags/data_ingestion_taxizone_dag.py took 2.442 seconds
[2022-12-09 15:36:08,057] {processor.py:163} INFO - Started process (PID=1232) to work on /opt/airflow/dags/data_ingestion_taxizone_dag.py
[2022-12-09 15:36:08,059] {processor.py:642} INFO - Processing file /opt/airflow/dags/data_ingestion_taxizone_dag.py for tasks to queue
[2022-12-09 15:36:08,060] {logging_mixin.py:109} INFO - [2022-12-09 15:36:08,060] {dagbag.py:500} INFO - Filling up the DagBag from /opt/airflow/dags/data_ingestion_taxizone_dag.py
[2022-12-09 15:36:09,850] {processor.py:654} INFO - DAG(s) dict_keys(['data_ingestion_taxizone_dag']) retrieved from /opt/airflow/dags/data_ingestion_taxizone_dag.py
[2022-12-09 15:36:09,882] {logging_mixin.py:109} INFO - [2022-12-09 15:36:09,881] {dag.py:2396} INFO - Sync 1 DAGs
[2022-12-09 15:36:09,922] {logging_mixin.py:109} INFO - [2022-12-09 15:36:09,921] {dag.py:2935} INFO - Setting next_dagrun for data_ingestion_taxizone_dag to 2022-12-09T00:00:00+00:00
[2022-12-09 15:36:09,947] {processor.py:171} INFO - Processing /opt/airflow/dags/data_ingestion_taxizone_dag.py took 1.898 seconds
[2022-12-09 15:36:40,081] {processor.py:163} INFO - Started process (PID=1258) to work on /opt/airflow/dags/data_ingestion_taxizone_dag.py
[2022-12-09 15:36:40,083] {processor.py:642} INFO - Processing file /opt/airflow/dags/data_ingestion_taxizone_dag.py for tasks to queue
[2022-12-09 15:36:40,084] {logging_mixin.py:109} INFO - [2022-12-09 15:36:40,084] {dagbag.py:500} INFO - Filling up the DagBag from /opt/airflow/dags/data_ingestion_taxizone_dag.py
[2022-12-09 15:36:41,413] {processor.py:654} INFO - DAG(s) dict_keys(['data_ingestion_taxizone_dag']) retrieved from /opt/airflow/dags/data_ingestion_taxizone_dag.py
[2022-12-09 15:36:41,427] {logging_mixin.py:109} INFO - [2022-12-09 15:36:41,426] {dag.py:2396} INFO - Sync 1 DAGs
[2022-12-09 15:36:41,455] {logging_mixin.py:109} INFO - [2022-12-09 15:36:41,455] {dag.py:2935} INFO - Setting next_dagrun for data_ingestion_taxizone_dag to 2022-12-09T00:00:00+00:00
[2022-12-09 15:36:41,468] {processor.py:171} INFO - Processing /opt/airflow/dags/data_ingestion_taxizone_dag.py took 1.394 seconds
[2022-12-09 15:37:11,662] {processor.py:163} INFO - Started process (PID=1293) to work on /opt/airflow/dags/data_ingestion_taxizone_dag.py
[2022-12-09 15:37:11,670] {processor.py:642} INFO - Processing file /opt/airflow/dags/data_ingestion_taxizone_dag.py for tasks to queue
[2022-12-09 15:37:11,671] {logging_mixin.py:109} INFO - [2022-12-09 15:37:11,671] {dagbag.py:500} INFO - Filling up the DagBag from /opt/airflow/dags/data_ingestion_taxizone_dag.py
[2022-12-09 15:37:13,185] {processor.py:654} INFO - DAG(s) dict_keys(['data_ingestion_taxizone_dag']) retrieved from /opt/airflow/dags/data_ingestion_taxizone_dag.py
[2022-12-09 15:37:13,195] {logging_mixin.py:109} INFO - [2022-12-09 15:37:13,194] {dag.py:2396} INFO - Sync 1 DAGs
[2022-12-09 15:37:13,211] {logging_mixin.py:109} INFO - [2022-12-09 15:37:13,211] {dag.py:2935} INFO - Setting next_dagrun for data_ingestion_taxizone_dag to 2022-12-09T00:00:00+00:00
[2022-12-09 15:37:13,220] {processor.py:171} INFO - Processing /opt/airflow/dags/data_ingestion_taxizone_dag.py took 1.568 seconds
[2022-12-09 15:37:43,305] {processor.py:163} INFO - Started process (PID=1321) to work on /opt/airflow/dags/data_ingestion_taxizone_dag.py
[2022-12-09 15:37:43,310] {processor.py:642} INFO - Processing file /opt/airflow/dags/data_ingestion_taxizone_dag.py for tasks to queue
[2022-12-09 15:37:43,311] {logging_mixin.py:109} INFO - [2022-12-09 15:37:43,310] {dagbag.py:500} INFO - Filling up the DagBag from /opt/airflow/dags/data_ingestion_taxizone_dag.py
[2022-12-09 15:37:46,393] {processor.py:654} INFO - DAG(s) dict_keys(['data_ingestion_taxizone_dag']) retrieved from /opt/airflow/dags/data_ingestion_taxizone_dag.py
[2022-12-09 15:37:46,433] {logging_mixin.py:109} INFO - [2022-12-09 15:37:46,433] {dag.py:2396} INFO - Sync 1 DAGs
[2022-12-09 15:37:46,525] {logging_mixin.py:109} INFO - [2022-12-09 15:37:46,525] {dag.py:2935} INFO - Setting next_dagrun for data_ingestion_taxizone_dag to 2022-12-09T00:00:00+00:00
[2022-12-09 15:37:46,597] {processor.py:171} INFO - Processing /opt/airflow/dags/data_ingestion_taxizone_dag.py took 3.297 seconds
[2022-12-09 15:38:16,788] {processor.py:163} INFO - Started process (PID=1346) to work on /opt/airflow/dags/data_ingestion_taxizone_dag.py
[2022-12-09 15:38:16,794] {processor.py:642} INFO - Processing file /opt/airflow/dags/data_ingestion_taxizone_dag.py for tasks to queue
[2022-12-09 15:38:16,799] {logging_mixin.py:109} INFO - [2022-12-09 15:38:16,798] {dagbag.py:500} INFO - Filling up the DagBag from /opt/airflow/dags/data_ingestion_taxizone_dag.py
[2022-12-09 15:38:20,969] {processor.py:654} INFO - DAG(s) dict_keys(['data_ingestion_taxizone_dag']) retrieved from /opt/airflow/dags/data_ingestion_taxizone_dag.py
[2022-12-09 15:38:21,006] {logging_mixin.py:109} INFO - [2022-12-09 15:38:21,005] {dag.py:2396} INFO - Sync 1 DAGs
[2022-12-09 15:38:21,090] {logging_mixin.py:109} INFO - [2022-12-09 15:38:21,090] {dag.py:2935} INFO - Setting next_dagrun for data_ingestion_taxizone_dag to 2022-12-09T00:00:00+00:00
[2022-12-09 15:38:21,113] {processor.py:171} INFO - Processing /opt/airflow/dags/data_ingestion_taxizone_dag.py took 4.331 seconds
[2022-12-09 15:38:51,344] {processor.py:163} INFO - Started process (PID=1379) to work on /opt/airflow/dags/data_ingestion_taxizone_dag.py
[2022-12-09 15:38:51,349] {processor.py:642} INFO - Processing file /opt/airflow/dags/data_ingestion_taxizone_dag.py for tasks to queue
[2022-12-09 15:38:51,357] {logging_mixin.py:109} INFO - [2022-12-09 15:38:51,357] {dagbag.py:500} INFO - Filling up the DagBag from /opt/airflow/dags/data_ingestion_taxizone_dag.py
[2022-12-09 15:38:55,257] {processor.py:654} INFO - DAG(s) dict_keys(['data_ingestion_taxizone_dag']) retrieved from /opt/airflow/dags/data_ingestion_taxizone_dag.py
[2022-12-09 15:38:55,290] {logging_mixin.py:109} INFO - [2022-12-09 15:38:55,289] {dag.py:2396} INFO - Sync 1 DAGs
[2022-12-09 15:38:55,352] {logging_mixin.py:109} INFO - [2022-12-09 15:38:55,352] {dag.py:2935} INFO - Setting next_dagrun for data_ingestion_taxizone_dag to 2022-12-09T00:00:00+00:00
[2022-12-09 15:38:55,389] {processor.py:171} INFO - Processing /opt/airflow/dags/data_ingestion_taxizone_dag.py took 4.055 seconds
[2022-12-09 15:39:25,628] {processor.py:163} INFO - Started process (PID=1403) to work on /opt/airflow/dags/data_ingestion_taxizone_dag.py
[2022-12-09 15:39:25,631] {processor.py:642} INFO - Processing file /opt/airflow/dags/data_ingestion_taxizone_dag.py for tasks to queue
[2022-12-09 15:39:25,632] {logging_mixin.py:109} INFO - [2022-12-09 15:39:25,632] {dagbag.py:500} INFO - Filling up the DagBag from /opt/airflow/dags/data_ingestion_taxizone_dag.py
[2022-12-09 15:39:27,078] {processor.py:654} INFO - DAG(s) dict_keys(['data_ingestion_taxizone_dag']) retrieved from /opt/airflow/dags/data_ingestion_taxizone_dag.py
[2022-12-09 15:39:27,088] {logging_mixin.py:109} INFO - [2022-12-09 15:39:27,088] {dag.py:2396} INFO - Sync 1 DAGs
[2022-12-09 15:39:27,105] {logging_mixin.py:109} INFO - [2022-12-09 15:39:27,105] {dag.py:2935} INFO - Setting next_dagrun for data_ingestion_taxizone_dag to 2022-12-09T00:00:00+00:00
[2022-12-09 15:39:27,114] {processor.py:171} INFO - Processing /opt/airflow/dags/data_ingestion_taxizone_dag.py took 1.498 seconds
[2022-12-09 15:39:57,215] {processor.py:163} INFO - Started process (PID=1429) to work on /opt/airflow/dags/data_ingestion_taxizone_dag.py
[2022-12-09 15:39:57,217] {processor.py:642} INFO - Processing file /opt/airflow/dags/data_ingestion_taxizone_dag.py for tasks to queue
[2022-12-09 15:39:57,220] {logging_mixin.py:109} INFO - [2022-12-09 15:39:57,219] {dagbag.py:500} INFO - Filling up the DagBag from /opt/airflow/dags/data_ingestion_taxizone_dag.py
[2022-12-09 15:39:58,747] {processor.py:654} INFO - DAG(s) dict_keys(['data_ingestion_taxizone_dag']) retrieved from /opt/airflow/dags/data_ingestion_taxizone_dag.py
[2022-12-09 15:39:58,784] {logging_mixin.py:109} INFO - [2022-12-09 15:39:58,784] {dag.py:2396} INFO - Sync 1 DAGs
[2022-12-09 15:39:58,833] {logging_mixin.py:109} INFO - [2022-12-09 15:39:58,833] {dag.py:2935} INFO - Setting next_dagrun for data_ingestion_taxizone_dag to 2022-12-09T00:00:00+00:00
[2022-12-09 15:39:58,846] {processor.py:171} INFO - Processing /opt/airflow/dags/data_ingestion_taxizone_dag.py took 1.636 seconds
[2022-12-09 15:40:29,018] {processor.py:163} INFO - Started process (PID=1455) to work on /opt/airflow/dags/data_ingestion_taxizone_dag.py
[2022-12-09 15:40:29,022] {processor.py:642} INFO - Processing file /opt/airflow/dags/data_ingestion_taxizone_dag.py for tasks to queue
[2022-12-09 15:40:29,023] {logging_mixin.py:109} INFO - [2022-12-09 15:40:29,023] {dagbag.py:500} INFO - Filling up the DagBag from /opt/airflow/dags/data_ingestion_taxizone_dag.py
[2022-12-09 15:40:30,422] {processor.py:654} INFO - DAG(s) dict_keys(['data_ingestion_taxizone_dag']) retrieved from /opt/airflow/dags/data_ingestion_taxizone_dag.py
[2022-12-09 15:40:30,435] {logging_mixin.py:109} INFO - [2022-12-09 15:40:30,435] {dag.py:2396} INFO - Sync 1 DAGs
[2022-12-09 15:40:30,453] {logging_mixin.py:109} INFO - [2022-12-09 15:40:30,453] {dag.py:2935} INFO - Setting next_dagrun for data_ingestion_taxizone_dag to 2022-12-09T00:00:00+00:00
[2022-12-09 15:40:30,462] {processor.py:171} INFO - Processing /opt/airflow/dags/data_ingestion_taxizone_dag.py took 1.452 seconds
[2022-12-09 15:41:00,652] {processor.py:163} INFO - Started process (PID=1490) to work on /opt/airflow/dags/data_ingestion_taxizone_dag.py
[2022-12-09 15:41:00,654] {processor.py:642} INFO - Processing file /opt/airflow/dags/data_ingestion_taxizone_dag.py for tasks to queue
[2022-12-09 15:41:00,662] {logging_mixin.py:109} INFO - [2022-12-09 15:41:00,661] {dagbag.py:500} INFO - Filling up the DagBag from /opt/airflow/dags/data_ingestion_taxizone_dag.py
[2022-12-09 15:41:04,682] {processor.py:654} INFO - DAG(s) dict_keys(['data_ingestion_taxizone_dag']) retrieved from /opt/airflow/dags/data_ingestion_taxizone_dag.py
[2022-12-09 15:41:04,741] {logging_mixin.py:109} INFO - [2022-12-09 15:41:04,739] {dag.py:2396} INFO - Sync 1 DAGs
[2022-12-09 15:41:04,794] {logging_mixin.py:109} INFO - [2022-12-09 15:41:04,794] {dag.py:2935} INFO - Setting next_dagrun for data_ingestion_taxizone_dag to 2022-12-09T00:00:00+00:00
[2022-12-09 15:41:04,832] {processor.py:171} INFO - Processing /opt/airflow/dags/data_ingestion_taxizone_dag.py took 4.194 seconds
[2022-12-09 15:41:35,049] {processor.py:163} INFO - Started process (PID=1522) to work on /opt/airflow/dags/data_ingestion_taxizone_dag.py
[2022-12-09 15:41:35,058] {processor.py:642} INFO - Processing file /opt/airflow/dags/data_ingestion_taxizone_dag.py for tasks to queue
[2022-12-09 15:41:35,059] {logging_mixin.py:109} INFO - [2022-12-09 15:41:35,059] {dagbag.py:500} INFO - Filling up the DagBag from /opt/airflow/dags/data_ingestion_taxizone_dag.py
[2022-12-09 15:41:37,482] {processor.py:654} INFO - DAG(s) dict_keys(['data_ingestion_taxizone_dag']) retrieved from /opt/airflow/dags/data_ingestion_taxizone_dag.py
[2022-12-09 15:41:37,495] {logging_mixin.py:109} INFO - [2022-12-09 15:41:37,495] {dag.py:2396} INFO - Sync 1 DAGs
[2022-12-09 15:41:37,522] {logging_mixin.py:109} INFO - [2022-12-09 15:41:37,522] {dag.py:2935} INFO - Setting next_dagrun for data_ingestion_taxizone_dag to 2022-12-09T00:00:00+00:00
[2022-12-09 15:41:37,536] {processor.py:171} INFO - Processing /opt/airflow/dags/data_ingestion_taxizone_dag.py took 2.500 seconds
[2022-12-09 15:42:07,702] {processor.py:163} INFO - Started process (PID=1548) to work on /opt/airflow/dags/data_ingestion_taxizone_dag.py
[2022-12-09 15:42:07,714] {processor.py:642} INFO - Processing file /opt/airflow/dags/data_ingestion_taxizone_dag.py for tasks to queue
[2022-12-09 15:42:07,715] {logging_mixin.py:109} INFO - [2022-12-09 15:42:07,715] {dagbag.py:500} INFO - Filling up the DagBag from /opt/airflow/dags/data_ingestion_taxizone_dag.py
[2022-12-09 15:42:10,261] {processor.py:654} INFO - DAG(s) dict_keys(['data_ingestion_taxizone_dag']) retrieved from /opt/airflow/dags/data_ingestion_taxizone_dag.py
[2022-12-09 15:42:10,288] {logging_mixin.py:109} INFO - [2022-12-09 15:42:10,288] {dag.py:2396} INFO - Sync 1 DAGs
[2022-12-09 15:42:10,320] {logging_mixin.py:109} INFO - [2022-12-09 15:42:10,319] {dag.py:2935} INFO - Setting next_dagrun for data_ingestion_taxizone_dag to 2022-12-09T00:00:00+00:00
[2022-12-09 15:42:10,342] {processor.py:171} INFO - Processing /opt/airflow/dags/data_ingestion_taxizone_dag.py took 2.648 seconds
[2022-12-09 15:42:40,523] {processor.py:163} INFO - Started process (PID=1583) to work on /opt/airflow/dags/data_ingestion_taxizone_dag.py
[2022-12-09 15:42:40,525] {processor.py:642} INFO - Processing file /opt/airflow/dags/data_ingestion_taxizone_dag.py for tasks to queue
[2022-12-09 15:42:40,526] {logging_mixin.py:109} INFO - [2022-12-09 15:42:40,526] {dagbag.py:500} INFO - Filling up the DagBag from /opt/airflow/dags/data_ingestion_taxizone_dag.py
[2022-12-09 15:42:43,369] {processor.py:654} INFO - DAG(s) dict_keys(['data_ingestion_taxizone_dag']) retrieved from /opt/airflow/dags/data_ingestion_taxizone_dag.py
[2022-12-09 15:42:43,383] {logging_mixin.py:109} INFO - [2022-12-09 15:42:43,383] {dag.py:2396} INFO - Sync 1 DAGs
[2022-12-09 15:42:43,407] {logging_mixin.py:109} INFO - [2022-12-09 15:42:43,407] {dag.py:2935} INFO - Setting next_dagrun for data_ingestion_taxizone_dag to 2022-12-09T00:00:00+00:00
[2022-12-09 15:42:43,419] {processor.py:171} INFO - Processing /opt/airflow/dags/data_ingestion_taxizone_dag.py took 2.903 seconds
[2022-12-09 15:43:13,574] {processor.py:163} INFO - Started process (PID=1610) to work on /opt/airflow/dags/data_ingestion_taxizone_dag.py
[2022-12-09 15:43:13,580] {processor.py:642} INFO - Processing file /opt/airflow/dags/data_ingestion_taxizone_dag.py for tasks to queue
[2022-12-09 15:43:13,586] {logging_mixin.py:109} INFO - [2022-12-09 15:43:13,586] {dagbag.py:500} INFO - Filling up the DagBag from /opt/airflow/dags/data_ingestion_taxizone_dag.py
[2022-12-09 15:43:16,291] {processor.py:654} INFO - DAG(s) dict_keys(['data_ingestion_taxizone_dag']) retrieved from /opt/airflow/dags/data_ingestion_taxizone_dag.py
[2022-12-09 15:43:16,312] {logging_mixin.py:109} INFO - [2022-12-09 15:43:16,312] {dag.py:2396} INFO - Sync 1 DAGs
[2022-12-09 15:43:16,338] {logging_mixin.py:109} INFO - [2022-12-09 15:43:16,338] {dag.py:2935} INFO - Setting next_dagrun for data_ingestion_taxizone_dag to 2022-12-09T00:00:00+00:00
[2022-12-09 15:43:16,379] {processor.py:171} INFO - Processing /opt/airflow/dags/data_ingestion_taxizone_dag.py took 2.821 seconds
[2022-12-09 15:43:46,960] {processor.py:163} INFO - Started process (PID=1647) to work on /opt/airflow/dags/data_ingestion_taxizone_dag.py
[2022-12-09 15:43:46,986] {processor.py:642} INFO - Processing file /opt/airflow/dags/data_ingestion_taxizone_dag.py for tasks to queue
[2022-12-09 15:43:46,987] {logging_mixin.py:109} INFO - [2022-12-09 15:43:46,987] {dagbag.py:500} INFO - Filling up the DagBag from /opt/airflow/dags/data_ingestion_taxizone_dag.py
[2022-12-09 15:43:50,759] {processor.py:654} INFO - DAG(s) dict_keys(['data_ingestion_taxizone_dag']) retrieved from /opt/airflow/dags/data_ingestion_taxizone_dag.py
[2022-12-09 15:43:50,777] {logging_mixin.py:109} INFO - [2022-12-09 15:43:50,777] {dag.py:2396} INFO - Sync 1 DAGs
[2022-12-09 15:43:50,804] {logging_mixin.py:109} INFO - [2022-12-09 15:43:50,804] {dag.py:2935} INFO - Setting next_dagrun for data_ingestion_taxizone_dag to 2022-12-09T00:00:00+00:00
[2022-12-09 15:43:50,815] {processor.py:171} INFO - Processing /opt/airflow/dags/data_ingestion_taxizone_dag.py took 3.901 seconds
[2022-12-09 15:44:20,975] {processor.py:163} INFO - Started process (PID=1672) to work on /opt/airflow/dags/data_ingestion_taxizone_dag.py
[2022-12-09 15:44:20,977] {processor.py:642} INFO - Processing file /opt/airflow/dags/data_ingestion_taxizone_dag.py for tasks to queue
[2022-12-09 15:44:20,978] {logging_mixin.py:109} INFO - [2022-12-09 15:44:20,977] {dagbag.py:500} INFO - Filling up the DagBag from /opt/airflow/dags/data_ingestion_taxizone_dag.py
[2022-12-09 15:44:22,416] {processor.py:654} INFO - DAG(s) dict_keys(['data_ingestion_taxizone_dag']) retrieved from /opt/airflow/dags/data_ingestion_taxizone_dag.py
[2022-12-09 15:44:22,430] {logging_mixin.py:109} INFO - [2022-12-09 15:44:22,430] {dag.py:2396} INFO - Sync 1 DAGs
[2022-12-09 15:44:22,457] {logging_mixin.py:109} INFO - [2022-12-09 15:44:22,457] {dag.py:2935} INFO - Setting next_dagrun for data_ingestion_taxizone_dag to 2022-12-09T00:00:00+00:00
[2022-12-09 15:44:22,471] {processor.py:171} INFO - Processing /opt/airflow/dags/data_ingestion_taxizone_dag.py took 1.503 seconds
[2022-12-09 15:44:52,681] {processor.py:163} INFO - Started process (PID=1696) to work on /opt/airflow/dags/data_ingestion_taxizone_dag.py
[2022-12-09 15:44:52,686] {processor.py:642} INFO - Processing file /opt/airflow/dags/data_ingestion_taxizone_dag.py for tasks to queue
[2022-12-09 15:44:52,693] {logging_mixin.py:109} INFO - [2022-12-09 15:44:52,693] {dagbag.py:500} INFO - Filling up the DagBag from /opt/airflow/dags/data_ingestion_taxizone_dag.py
[2022-12-09 15:44:55,241] {processor.py:654} INFO - DAG(s) dict_keys(['data_ingestion_taxizone_dag']) retrieved from /opt/airflow/dags/data_ingestion_taxizone_dag.py
[2022-12-09 15:44:55,282] {logging_mixin.py:109} INFO - [2022-12-09 15:44:55,282] {dag.py:2396} INFO - Sync 1 DAGs
[2022-12-09 15:44:55,336] {logging_mixin.py:109} INFO - [2022-12-09 15:44:55,335] {dag.py:2935} INFO - Setting next_dagrun for data_ingestion_taxizone_dag to 2022-12-09T00:00:00+00:00
[2022-12-09 15:44:55,367] {processor.py:171} INFO - Processing /opt/airflow/dags/data_ingestion_taxizone_dag.py took 2.693 seconds
[2022-12-09 15:45:25,818] {processor.py:163} INFO - Started process (PID=1721) to work on /opt/airflow/dags/data_ingestion_taxizone_dag.py
[2022-12-09 15:45:25,830] {processor.py:642} INFO - Processing file /opt/airflow/dags/data_ingestion_taxizone_dag.py for tasks to queue
[2022-12-09 15:45:25,831] {logging_mixin.py:109} INFO - [2022-12-09 15:45:25,831] {dagbag.py:500} INFO - Filling up the DagBag from /opt/airflow/dags/data_ingestion_taxizone_dag.py
[2022-12-09 15:45:30,155] {processor.py:654} INFO - DAG(s) dict_keys(['data_ingestion_taxizone_dag']) retrieved from /opt/airflow/dags/data_ingestion_taxizone_dag.py
[2022-12-09 15:45:30,196] {logging_mixin.py:109} INFO - [2022-12-09 15:45:30,196] {dag.py:2396} INFO - Sync 1 DAGs
[2022-12-09 15:45:30,272] {logging_mixin.py:109} INFO - [2022-12-09 15:45:30,272] {dag.py:2935} INFO - Setting next_dagrun for data_ingestion_taxizone_dag to 2022-12-09T00:00:00+00:00
[2022-12-09 15:45:30,302] {processor.py:171} INFO - Processing /opt/airflow/dags/data_ingestion_taxizone_dag.py took 4.490 seconds
[2022-12-09 15:46:00,469] {processor.py:163} INFO - Started process (PID=1757) to work on /opt/airflow/dags/data_ingestion_taxizone_dag.py
[2022-12-09 15:46:00,471] {processor.py:642} INFO - Processing file /opt/airflow/dags/data_ingestion_taxizone_dag.py for tasks to queue
[2022-12-09 15:46:00,472] {logging_mixin.py:109} INFO - [2022-12-09 15:46:00,472] {dagbag.py:500} INFO - Filling up the DagBag from /opt/airflow/dags/data_ingestion_taxizone_dag.py
[2022-12-09 15:46:01,636] {processor.py:654} INFO - DAG(s) dict_keys(['data_ingestion_taxizone_dag']) retrieved from /opt/airflow/dags/data_ingestion_taxizone_dag.py
[2022-12-09 15:46:01,650] {logging_mixin.py:109} INFO - [2022-12-09 15:46:01,649] {dag.py:2396} INFO - Sync 1 DAGs
[2022-12-09 15:46:01,679] {logging_mixin.py:109} INFO - [2022-12-09 15:46:01,679] {dag.py:2935} INFO - Setting next_dagrun for data_ingestion_taxizone_dag to 2022-12-09T00:00:00+00:00
[2022-12-09 15:46:01,693] {processor.py:171} INFO - Processing /opt/airflow/dags/data_ingestion_taxizone_dag.py took 1.229 seconds
[2022-12-09 15:46:31,862] {processor.py:163} INFO - Started process (PID=1784) to work on /opt/airflow/dags/data_ingestion_taxizone_dag.py
[2022-12-09 15:46:31,864] {processor.py:642} INFO - Processing file /opt/airflow/dags/data_ingestion_taxizone_dag.py for tasks to queue
[2022-12-09 15:46:31,865] {logging_mixin.py:109} INFO - [2022-12-09 15:46:31,865] {dagbag.py:500} INFO - Filling up the DagBag from /opt/airflow/dags/data_ingestion_taxizone_dag.py
[2022-12-09 15:46:34,364] {processor.py:654} INFO - DAG(s) dict_keys(['data_ingestion_taxizone_dag']) retrieved from /opt/airflow/dags/data_ingestion_taxizone_dag.py
[2022-12-09 15:46:34,395] {logging_mixin.py:109} INFO - [2022-12-09 15:46:34,395] {dag.py:2396} INFO - Sync 1 DAGs
[2022-12-09 15:46:34,484] {logging_mixin.py:109} INFO - [2022-12-09 15:46:34,484] {dag.py:2935} INFO - Setting next_dagrun for data_ingestion_taxizone_dag to 2022-12-09T00:00:00+00:00
[2022-12-09 15:46:34,525] {processor.py:171} INFO - Processing /opt/airflow/dags/data_ingestion_taxizone_dag.py took 2.672 seconds
[2022-12-09 15:47:05,258] {processor.py:163} INFO - Started process (PID=1821) to work on /opt/airflow/dags/data_ingestion_taxizone_dag.py
[2022-12-09 15:47:05,260] {processor.py:642} INFO - Processing file /opt/airflow/dags/data_ingestion_taxizone_dag.py for tasks to queue
[2022-12-09 15:47:05,261] {logging_mixin.py:109} INFO - [2022-12-09 15:47:05,261] {dagbag.py:500} INFO - Filling up the DagBag from /opt/airflow/dags/data_ingestion_taxizone_dag.py
[2022-12-09 15:47:08,297] {processor.py:654} INFO - DAG(s) dict_keys(['data_ingestion_taxizone_dag']) retrieved from /opt/airflow/dags/data_ingestion_taxizone_dag.py
[2022-12-09 15:47:08,336] {logging_mixin.py:109} INFO - [2022-12-09 15:47:08,333] {dag.py:2396} INFO - Sync 1 DAGs
[2022-12-09 15:47:08,383] {logging_mixin.py:109} INFO - [2022-12-09 15:47:08,383] {dag.py:2935} INFO - Setting next_dagrun for data_ingestion_taxizone_dag to 2022-12-09T00:00:00+00:00
[2022-12-09 15:47:08,402] {processor.py:171} INFO - Processing /opt/airflow/dags/data_ingestion_taxizone_dag.py took 3.163 seconds
[2022-12-09 15:47:38,580] {processor.py:163} INFO - Started process (PID=1847) to work on /opt/airflow/dags/data_ingestion_taxizone_dag.py
[2022-12-09 15:47:38,582] {processor.py:642} INFO - Processing file /opt/airflow/dags/data_ingestion_taxizone_dag.py for tasks to queue
[2022-12-09 15:47:38,583] {logging_mixin.py:109} INFO - [2022-12-09 15:47:38,583] {dagbag.py:500} INFO - Filling up the DagBag from /opt/airflow/dags/data_ingestion_taxizone_dag.py
[2022-12-09 15:47:39,815] {processor.py:654} INFO - DAG(s) dict_keys(['data_ingestion_taxizone_dag']) retrieved from /opt/airflow/dags/data_ingestion_taxizone_dag.py
[2022-12-09 15:47:39,831] {logging_mixin.py:109} INFO - [2022-12-09 15:47:39,830] {dag.py:2396} INFO - Sync 1 DAGs
[2022-12-09 15:47:39,860] {logging_mixin.py:109} INFO - [2022-12-09 15:47:39,860] {dag.py:2935} INFO - Setting next_dagrun for data_ingestion_taxizone_dag to 2022-12-09T00:00:00+00:00
[2022-12-09 15:47:39,872] {processor.py:171} INFO - Processing /opt/airflow/dags/data_ingestion_taxizone_dag.py took 1.299 seconds
[2022-12-09 15:48:10,043] {processor.py:163} INFO - Started process (PID=1871) to work on /opt/airflow/dags/data_ingestion_taxizone_dag.py
[2022-12-09 15:48:10,054] {processor.py:642} INFO - Processing file /opt/airflow/dags/data_ingestion_taxizone_dag.py for tasks to queue
[2022-12-09 15:48:10,055] {logging_mixin.py:109} INFO - [2022-12-09 15:48:10,055] {dagbag.py:500} INFO - Filling up the DagBag from /opt/airflow/dags/data_ingestion_taxizone_dag.py
[2022-12-09 15:48:13,605] {processor.py:654} INFO - DAG(s) dict_keys(['data_ingestion_taxizone_dag']) retrieved from /opt/airflow/dags/data_ingestion_taxizone_dag.py
[2022-12-09 15:48:13,633] {logging_mixin.py:109} INFO - [2022-12-09 15:48:13,633] {dag.py:2396} INFO - Sync 1 DAGs
[2022-12-09 15:48:13,680] {logging_mixin.py:109} INFO - [2022-12-09 15:48:13,680] {dag.py:2935} INFO - Setting next_dagrun for data_ingestion_taxizone_dag to 2022-12-09T00:00:00+00:00
[2022-12-09 15:48:13,709] {processor.py:171} INFO - Processing /opt/airflow/dags/data_ingestion_taxizone_dag.py took 3.676 seconds
[2022-12-09 15:48:43,891] {processor.py:163} INFO - Started process (PID=1907) to work on /opt/airflow/dags/data_ingestion_taxizone_dag.py
[2022-12-09 15:48:43,894] {processor.py:642} INFO - Processing file /opt/airflow/dags/data_ingestion_taxizone_dag.py for tasks to queue
[2022-12-09 15:48:43,895] {logging_mixin.py:109} INFO - [2022-12-09 15:48:43,895] {dagbag.py:500} INFO - Filling up the DagBag from /opt/airflow/dags/data_ingestion_taxizone_dag.py
[2022-12-09 15:48:45,505] {processor.py:654} INFO - DAG(s) dict_keys(['data_ingestion_taxizone_dag']) retrieved from /opt/airflow/dags/data_ingestion_taxizone_dag.py
[2022-12-09 15:48:45,519] {logging_mixin.py:109} INFO - [2022-12-09 15:48:45,518] {dag.py:2396} INFO - Sync 1 DAGs
[2022-12-09 15:48:45,544] {logging_mixin.py:109} INFO - [2022-12-09 15:48:45,544] {dag.py:2935} INFO - Setting next_dagrun for data_ingestion_taxizone_dag to 2022-12-09T00:00:00+00:00
[2022-12-09 15:48:45,557] {processor.py:171} INFO - Processing /opt/airflow/dags/data_ingestion_taxizone_dag.py took 1.673 seconds
[2022-12-09 15:49:15,713] {processor.py:163} INFO - Started process (PID=1933) to work on /opt/airflow/dags/data_ingestion_taxizone_dag.py
[2022-12-09 15:49:15,716] {processor.py:642} INFO - Processing file /opt/airflow/dags/data_ingestion_taxizone_dag.py for tasks to queue
[2022-12-09 15:49:15,718] {logging_mixin.py:109} INFO - [2022-12-09 15:49:15,717] {dagbag.py:500} INFO - Filling up the DagBag from /opt/airflow/dags/data_ingestion_taxizone_dag.py
[2022-12-09 15:49:17,638] {processor.py:654} INFO - DAG(s) dict_keys(['data_ingestion_taxizone_dag']) retrieved from /opt/airflow/dags/data_ingestion_taxizone_dag.py
[2022-12-09 15:49:17,652] {logging_mixin.py:109} INFO - [2022-12-09 15:49:17,652] {dag.py:2396} INFO - Sync 1 DAGs
[2022-12-09 15:49:17,677] {logging_mixin.py:109} INFO - [2022-12-09 15:49:17,677] {dag.py:2935} INFO - Setting next_dagrun for data_ingestion_taxizone_dag to 2022-12-09T00:00:00+00:00
[2022-12-09 15:49:17,705] {processor.py:171} INFO - Processing /opt/airflow/dags/data_ingestion_taxizone_dag.py took 1.999 seconds
[2022-12-09 15:49:47,875] {processor.py:163} INFO - Started process (PID=1958) to work on /opt/airflow/dags/data_ingestion_taxizone_dag.py
[2022-12-09 15:49:47,886] {processor.py:642} INFO - Processing file /opt/airflow/dags/data_ingestion_taxizone_dag.py for tasks to queue
[2022-12-09 15:49:47,887] {logging_mixin.py:109} INFO - [2022-12-09 15:49:47,887] {dagbag.py:500} INFO - Filling up the DagBag from /opt/airflow/dags/data_ingestion_taxizone_dag.py
[2022-12-09 15:49:52,152] {processor.py:654} INFO - DAG(s) dict_keys(['data_ingestion_taxizone_dag']) retrieved from /opt/airflow/dags/data_ingestion_taxizone_dag.py
[2022-12-09 15:49:52,182] {logging_mixin.py:109} INFO - [2022-12-09 15:49:52,181] {dag.py:2396} INFO - Sync 1 DAGs
[2022-12-09 15:49:52,236] {logging_mixin.py:109} INFO - [2022-12-09 15:49:52,236] {dag.py:2935} INFO - Setting next_dagrun for data_ingestion_taxizone_dag to 2022-12-09T00:00:00+00:00
[2022-12-09 15:49:52,285] {processor.py:171} INFO - Processing /opt/airflow/dags/data_ingestion_taxizone_dag.py took 4.416 seconds
[2022-12-09 15:50:22,536] {processor.py:163} INFO - Started process (PID=1992) to work on /opt/airflow/dags/data_ingestion_taxizone_dag.py
[2022-12-09 15:50:22,542] {processor.py:642} INFO - Processing file /opt/airflow/dags/data_ingestion_taxizone_dag.py for tasks to queue
[2022-12-09 15:50:22,549] {logging_mixin.py:109} INFO - [2022-12-09 15:50:22,549] {dagbag.py:500} INFO - Filling up the DagBag from /opt/airflow/dags/data_ingestion_taxizone_dag.py
[2022-12-09 15:50:24,671] {processor.py:654} INFO - DAG(s) dict_keys(['data_ingestion_taxizone_dag']) retrieved from /opt/airflow/dags/data_ingestion_taxizone_dag.py
[2022-12-09 15:50:24,692] {logging_mixin.py:109} INFO - [2022-12-09 15:50:24,692] {dag.py:2396} INFO - Sync 1 DAGs
[2022-12-09 15:50:24,719] {logging_mixin.py:109} INFO - [2022-12-09 15:50:24,719] {dag.py:2935} INFO - Setting next_dagrun for data_ingestion_taxizone_dag to 2022-12-09T00:00:00+00:00
[2022-12-09 15:50:24,732] {processor.py:171} INFO - Processing /opt/airflow/dags/data_ingestion_taxizone_dag.py took 2.210 seconds
[2022-12-09 15:50:54,929] {processor.py:163} INFO - Started process (PID=2016) to work on /opt/airflow/dags/data_ingestion_taxizone_dag.py
[2022-12-09 15:50:54,931] {processor.py:642} INFO - Processing file /opt/airflow/dags/data_ingestion_taxizone_dag.py for tasks to queue
[2022-12-09 15:50:54,932] {logging_mixin.py:109} INFO - [2022-12-09 15:50:54,932] {dagbag.py:500} INFO - Filling up the DagBag from /opt/airflow/dags/data_ingestion_taxizone_dag.py
[2022-12-09 15:50:56,227] {processor.py:654} INFO - DAG(s) dict_keys(['data_ingestion_taxizone_dag']) retrieved from /opt/airflow/dags/data_ingestion_taxizone_dag.py
[2022-12-09 15:50:56,240] {logging_mixin.py:109} INFO - [2022-12-09 15:50:56,239] {dag.py:2396} INFO - Sync 1 DAGs
[2022-12-09 15:50:56,264] {logging_mixin.py:109} INFO - [2022-12-09 15:50:56,264] {dag.py:2935} INFO - Setting next_dagrun for data_ingestion_taxizone_dag to 2022-12-09T00:00:00+00:00
[2022-12-09 15:50:56,278] {processor.py:171} INFO - Processing /opt/airflow/dags/data_ingestion_taxizone_dag.py took 1.356 seconds
[2022-12-09 15:51:26,454] {processor.py:163} INFO - Started process (PID=2040) to work on /opt/airflow/dags/data_ingestion_taxizone_dag.py
[2022-12-09 15:51:26,462] {processor.py:642} INFO - Processing file /opt/airflow/dags/data_ingestion_taxizone_dag.py for tasks to queue
[2022-12-09 15:51:26,463] {logging_mixin.py:109} INFO - [2022-12-09 15:51:26,463] {dagbag.py:500} INFO - Filling up the DagBag from /opt/airflow/dags/data_ingestion_taxizone_dag.py
[2022-12-09 15:51:29,763] {processor.py:654} INFO - DAG(s) dict_keys(['data_ingestion_taxizone_dag']) retrieved from /opt/airflow/dags/data_ingestion_taxizone_dag.py
[2022-12-09 15:51:29,777] {logging_mixin.py:109} INFO - [2022-12-09 15:51:29,777] {dag.py:2396} INFO - Sync 1 DAGs
[2022-12-09 15:51:29,844] {logging_mixin.py:109} INFO - [2022-12-09 15:51:29,844] {dag.py:2935} INFO - Setting next_dagrun for data_ingestion_taxizone_dag to 2022-12-09T00:00:00+00:00
[2022-12-09 15:51:29,899] {processor.py:171} INFO - Processing /opt/airflow/dags/data_ingestion_taxizone_dag.py took 3.456 seconds
[2022-12-09 15:52:00,071] {processor.py:163} INFO - Started process (PID=2075) to work on /opt/airflow/dags/data_ingestion_taxizone_dag.py
[2022-12-09 15:52:00,078] {processor.py:642} INFO - Processing file /opt/airflow/dags/data_ingestion_taxizone_dag.py for tasks to queue
[2022-12-09 15:52:00,079] {logging_mixin.py:109} INFO - [2022-12-09 15:52:00,079] {dagbag.py:500} INFO - Filling up the DagBag from /opt/airflow/dags/data_ingestion_taxizone_dag.py
[2022-12-09 15:52:02,494] {processor.py:654} INFO - DAG(s) dict_keys(['data_ingestion_taxizone_dag']) retrieved from /opt/airflow/dags/data_ingestion_taxizone_dag.py
[2022-12-09 15:52:02,511] {logging_mixin.py:109} INFO - [2022-12-09 15:52:02,511] {dag.py:2396} INFO - Sync 1 DAGs
[2022-12-09 15:52:02,537] {logging_mixin.py:109} INFO - [2022-12-09 15:52:02,537] {dag.py:2935} INFO - Setting next_dagrun for data_ingestion_taxizone_dag to 2022-12-09T00:00:00+00:00
[2022-12-09 15:52:02,551] {processor.py:171} INFO - Processing /opt/airflow/dags/data_ingestion_taxizone_dag.py took 2.506 seconds
[2022-12-09 15:52:32,667] {processor.py:163} INFO - Started process (PID=2102) to work on /opt/airflow/dags/data_ingestion_taxizone_dag.py
[2022-12-09 15:52:32,671] {processor.py:642} INFO - Processing file /opt/airflow/dags/data_ingestion_taxizone_dag.py for tasks to queue
[2022-12-09 15:52:32,672] {logging_mixin.py:109} INFO - [2022-12-09 15:52:32,672] {dagbag.py:500} INFO - Filling up the DagBag from /opt/airflow/dags/data_ingestion_taxizone_dag.py
[2022-12-09 15:52:34,677] {processor.py:654} INFO - DAG(s) dict_keys(['data_ingestion_taxizone_dag']) retrieved from /opt/airflow/dags/data_ingestion_taxizone_dag.py
[2022-12-09 15:52:34,691] {logging_mixin.py:109} INFO - [2022-12-09 15:52:34,690] {dag.py:2396} INFO - Sync 1 DAGs
[2022-12-09 15:52:34,715] {logging_mixin.py:109} INFO - [2022-12-09 15:52:34,715] {dag.py:2935} INFO - Setting next_dagrun for data_ingestion_taxizone_dag to 2022-12-09T00:00:00+00:00
[2022-12-09 15:52:34,726] {processor.py:171} INFO - Processing /opt/airflow/dags/data_ingestion_taxizone_dag.py took 2.072 seconds
[2022-12-09 15:53:04,814] {processor.py:163} INFO - Started process (PID=2128) to work on /opt/airflow/dags/data_ingestion_taxizone_dag.py
[2022-12-09 15:53:04,823] {processor.py:642} INFO - Processing file /opt/airflow/dags/data_ingestion_taxizone_dag.py for tasks to queue
[2022-12-09 15:53:04,824] {logging_mixin.py:109} INFO - [2022-12-09 15:53:04,824] {dagbag.py:500} INFO - Filling up the DagBag from /opt/airflow/dags/data_ingestion_taxizone_dag.py
[2022-12-09 15:53:07,929] {processor.py:654} INFO - DAG(s) dict_keys(['data_ingestion_taxizone_dag']) retrieved from /opt/airflow/dags/data_ingestion_taxizone_dag.py
[2022-12-09 15:53:07,943] {logging_mixin.py:109} INFO - [2022-12-09 15:53:07,942] {dag.py:2396} INFO - Sync 1 DAGs
[2022-12-09 15:53:07,967] {logging_mixin.py:109} INFO - [2022-12-09 15:53:07,966] {dag.py:2935} INFO - Setting next_dagrun for data_ingestion_taxizone_dag to 2022-12-09T00:00:00+00:00
[2022-12-09 15:53:07,982] {processor.py:171} INFO - Processing /opt/airflow/dags/data_ingestion_taxizone_dag.py took 3.174 seconds
[2022-12-09 15:53:38,078] {processor.py:163} INFO - Started process (PID=2163) to work on /opt/airflow/dags/data_ingestion_taxizone_dag.py
[2022-12-09 15:53:38,079] {processor.py:642} INFO - Processing file /opt/airflow/dags/data_ingestion_taxizone_dag.py for tasks to queue
[2022-12-09 15:53:38,080] {logging_mixin.py:109} INFO - [2022-12-09 15:53:38,080] {dagbag.py:500} INFO - Filling up the DagBag from /opt/airflow/dags/data_ingestion_taxizone_dag.py
[2022-12-09 15:53:39,462] {processor.py:654} INFO - DAG(s) dict_keys(['data_ingestion_taxizone_dag']) retrieved from /opt/airflow/dags/data_ingestion_taxizone_dag.py
[2022-12-09 15:53:39,476] {logging_mixin.py:109} INFO - [2022-12-09 15:53:39,476] {dag.py:2396} INFO - Sync 1 DAGs
[2022-12-09 15:53:39,506] {logging_mixin.py:109} INFO - [2022-12-09 15:53:39,506] {dag.py:2935} INFO - Setting next_dagrun for data_ingestion_taxizone_dag to 2022-12-09T00:00:00+00:00
[2022-12-09 15:53:39,525] {processor.py:171} INFO - Processing /opt/airflow/dags/data_ingestion_taxizone_dag.py took 1.454 seconds
[2022-12-09 15:54:09,638] {processor.py:163} INFO - Started process (PID=2188) to work on /opt/airflow/dags/data_ingestion_taxizone_dag.py
[2022-12-09 15:54:09,641] {processor.py:642} INFO - Processing file /opt/airflow/dags/data_ingestion_taxizone_dag.py for tasks to queue
[2022-12-09 15:54:09,642] {logging_mixin.py:109} INFO - [2022-12-09 15:54:09,642] {dagbag.py:500} INFO - Filling up the DagBag from /opt/airflow/dags/data_ingestion_taxizone_dag.py
[2022-12-09 15:54:13,499] {processor.py:654} INFO - DAG(s) dict_keys(['data_ingestion_taxizone_dag']) retrieved from /opt/airflow/dags/data_ingestion_taxizone_dag.py
[2022-12-09 15:54:13,546] {logging_mixin.py:109} INFO - [2022-12-09 15:54:13,545] {dag.py:2396} INFO - Sync 1 DAGs
[2022-12-09 15:54:13,616] {logging_mixin.py:109} INFO - [2022-12-09 15:54:13,616] {dag.py:2935} INFO - Setting next_dagrun for data_ingestion_taxizone_dag to 2022-12-09T00:00:00+00:00
[2022-12-09 15:54:13,649] {processor.py:171} INFO - Processing /opt/airflow/dags/data_ingestion_taxizone_dag.py took 4.025 seconds
[2022-12-09 15:54:43,864] {processor.py:163} INFO - Started process (PID=2223) to work on /opt/airflow/dags/data_ingestion_taxizone_dag.py
[2022-12-09 15:54:43,886] {processor.py:642} INFO - Processing file /opt/airflow/dags/data_ingestion_taxizone_dag.py for tasks to queue
[2022-12-09 15:54:43,893] {logging_mixin.py:109} INFO - [2022-12-09 15:54:43,893] {dagbag.py:500} INFO - Filling up the DagBag from /opt/airflow/dags/data_ingestion_taxizone_dag.py
[2022-12-09 15:54:47,483] {processor.py:654} INFO - DAG(s) dict_keys(['data_ingestion_taxizone_dag']) retrieved from /opt/airflow/dags/data_ingestion_taxizone_dag.py
[2022-12-09 15:54:47,520] {logging_mixin.py:109} INFO - [2022-12-09 15:54:47,519] {dag.py:2396} INFO - Sync 1 DAGs
[2022-12-09 15:54:47,544] {logging_mixin.py:109} INFO - [2022-12-09 15:54:47,544] {dag.py:2935} INFO - Setting next_dagrun for data_ingestion_taxizone_dag to 2022-12-09T00:00:00+00:00
[2022-12-09 15:54:47,566] {processor.py:171} INFO - Processing /opt/airflow/dags/data_ingestion_taxizone_dag.py took 3.709 seconds
[2022-12-09 15:55:17,665] {processor.py:163} INFO - Started process (PID=2251) to work on /opt/airflow/dags/data_ingestion_taxizone_dag.py
[2022-12-09 15:55:17,667] {processor.py:642} INFO - Processing file /opt/airflow/dags/data_ingestion_taxizone_dag.py for tasks to queue
[2022-12-09 15:55:17,669] {logging_mixin.py:109} INFO - [2022-12-09 15:55:17,668] {dagbag.py:500} INFO - Filling up the DagBag from /opt/airflow/dags/data_ingestion_taxizone_dag.py
[2022-12-09 15:55:19,181] {processor.py:654} INFO - DAG(s) dict_keys(['data_ingestion_taxizone_dag']) retrieved from /opt/airflow/dags/data_ingestion_taxizone_dag.py
[2022-12-09 15:55:19,265] {logging_mixin.py:109} INFO - [2022-12-09 15:55:19,262] {dag.py:2396} INFO - Sync 1 DAGs
[2022-12-09 15:55:19,382] {logging_mixin.py:109} INFO - [2022-12-09 15:55:19,382] {dag.py:2935} INFO - Setting next_dagrun for data_ingestion_taxizone_dag to 2022-12-09T00:00:00+00:00
[2022-12-09 15:55:19,413] {processor.py:171} INFO - Processing /opt/airflow/dags/data_ingestion_taxizone_dag.py took 1.755 seconds
[2022-12-09 15:55:49,514] {processor.py:163} INFO - Started process (PID=2277) to work on /opt/airflow/dags/data_ingestion_taxizone_dag.py
[2022-12-09 15:55:49,517] {processor.py:642} INFO - Processing file /opt/airflow/dags/data_ingestion_taxizone_dag.py for tasks to queue
[2022-12-09 15:55:49,518] {logging_mixin.py:109} INFO - [2022-12-09 15:55:49,518] {dagbag.py:500} INFO - Filling up the DagBag from /opt/airflow/dags/data_ingestion_taxizone_dag.py
[2022-12-09 15:55:50,864] {processor.py:654} INFO - DAG(s) dict_keys(['data_ingestion_taxizone_dag']) retrieved from /opt/airflow/dags/data_ingestion_taxizone_dag.py
[2022-12-09 15:55:50,880] {logging_mixin.py:109} INFO - [2022-12-09 15:55:50,879] {dag.py:2396} INFO - Sync 1 DAGs
[2022-12-09 15:55:50,908] {logging_mixin.py:109} INFO - [2022-12-09 15:55:50,907] {dag.py:2935} INFO - Setting next_dagrun for data_ingestion_taxizone_dag to 2022-12-09T00:00:00+00:00
[2022-12-09 15:55:50,920] {processor.py:171} INFO - Processing /opt/airflow/dags/data_ingestion_taxizone_dag.py took 1.413 seconds
[2022-12-09 15:56:21,023] {processor.py:163} INFO - Started process (PID=2301) to work on /opt/airflow/dags/data_ingestion_taxizone_dag.py
[2022-12-09 15:56:21,025] {processor.py:642} INFO - Processing file /opt/airflow/dags/data_ingestion_taxizone_dag.py for tasks to queue
[2022-12-09 15:56:21,026] {logging_mixin.py:109} INFO - [2022-12-09 15:56:21,026] {dagbag.py:500} INFO - Filling up the DagBag from /opt/airflow/dags/data_ingestion_taxizone_dag.py
[2022-12-09 15:56:23,491] {processor.py:654} INFO - DAG(s) dict_keys(['data_ingestion_taxizone_dag']) retrieved from /opt/airflow/dags/data_ingestion_taxizone_dag.py
[2022-12-09 15:56:23,508] {logging_mixin.py:109} INFO - [2022-12-09 15:56:23,508] {dag.py:2396} INFO - Sync 1 DAGs
[2022-12-09 15:56:23,555] {logging_mixin.py:109} INFO - [2022-12-09 15:56:23,555] {dag.py:2935} INFO - Setting next_dagrun for data_ingestion_taxizone_dag to 2022-12-09T00:00:00+00:00
[2022-12-09 15:56:23,567] {processor.py:171} INFO - Processing /opt/airflow/dags/data_ingestion_taxizone_dag.py took 2.551 seconds
[2022-12-09 15:56:53,782] {processor.py:163} INFO - Started process (PID=2327) to work on /opt/airflow/dags/data_ingestion_taxizone_dag.py
[2022-12-09 15:56:53,794] {processor.py:642} INFO - Processing file /opt/airflow/dags/data_ingestion_taxizone_dag.py for tasks to queue
[2022-12-09 15:56:53,795] {logging_mixin.py:109} INFO - [2022-12-09 15:56:53,795] {dagbag.py:500} INFO - Filling up the DagBag from /opt/airflow/dags/data_ingestion_taxizone_dag.py
[2022-12-09 15:56:57,779] {processor.py:654} INFO - DAG(s) dict_keys(['data_ingestion_taxizone_dag']) retrieved from /opt/airflow/dags/data_ingestion_taxizone_dag.py
[2022-12-09 15:56:57,821] {logging_mixin.py:109} INFO - [2022-12-09 15:56:57,820] {dag.py:2396} INFO - Sync 1 DAGs
[2022-12-09 15:56:57,909] {logging_mixin.py:109} INFO - [2022-12-09 15:56:57,909] {dag.py:2935} INFO - Setting next_dagrun for data_ingestion_taxizone_dag to 2022-12-09T00:00:00+00:00
[2022-12-09 15:56:57,945] {processor.py:171} INFO - Processing /opt/airflow/dags/data_ingestion_taxizone_dag.py took 4.181 seconds
[2022-12-09 15:57:28,122] {processor.py:163} INFO - Started process (PID=2360) to work on /opt/airflow/dags/data_ingestion_taxizone_dag.py
[2022-12-09 15:57:28,125] {processor.py:642} INFO - Processing file /opt/airflow/dags/data_ingestion_taxizone_dag.py for tasks to queue
[2022-12-09 15:57:28,126] {logging_mixin.py:109} INFO - [2022-12-09 15:57:28,126] {dagbag.py:500} INFO - Filling up the DagBag from /opt/airflow/dags/data_ingestion_taxizone_dag.py
[2022-12-09 15:57:29,356] {processor.py:654} INFO - DAG(s) dict_keys(['data_ingestion_taxizone_dag']) retrieved from /opt/airflow/dags/data_ingestion_taxizone_dag.py
[2022-12-09 15:57:29,377] {logging_mixin.py:109} INFO - [2022-12-09 15:57:29,377] {dag.py:2396} INFO - Sync 1 DAGs
[2022-12-09 15:57:29,395] {logging_mixin.py:109} INFO - [2022-12-09 15:57:29,394] {dag.py:2935} INFO - Setting next_dagrun for data_ingestion_taxizone_dag to 2022-12-09T00:00:00+00:00
[2022-12-09 15:57:29,405] {processor.py:171} INFO - Processing /opt/airflow/dags/data_ingestion_taxizone_dag.py took 1.288 seconds
[2022-12-09 15:57:59,532] {processor.py:163} INFO - Started process (PID=2384) to work on /opt/airflow/dags/data_ingestion_taxizone_dag.py
[2022-12-09 15:57:59,538] {processor.py:642} INFO - Processing file /opt/airflow/dags/data_ingestion_taxizone_dag.py for tasks to queue
[2022-12-09 15:57:59,545] {logging_mixin.py:109} INFO - [2022-12-09 15:57:59,545] {dagbag.py:500} INFO - Filling up the DagBag from /opt/airflow/dags/data_ingestion_taxizone_dag.py
[2022-12-09 15:58:02,385] {processor.py:654} INFO - DAG(s) dict_keys(['data_ingestion_taxizone_dag']) retrieved from /opt/airflow/dags/data_ingestion_taxizone_dag.py
[2022-12-09 15:58:02,418] {logging_mixin.py:109} INFO - [2022-12-09 15:58:02,417] {dag.py:2396} INFO - Sync 1 DAGs
[2022-12-09 15:58:02,460] {logging_mixin.py:109} INFO - [2022-12-09 15:58:02,459] {dag.py:2935} INFO - Setting next_dagrun for data_ingestion_taxizone_dag to 2022-12-09T00:00:00+00:00
[2022-12-09 15:58:02,478] {processor.py:171} INFO - Processing /opt/airflow/dags/data_ingestion_taxizone_dag.py took 2.952 seconds
[2022-12-09 15:58:32,828] {processor.py:163} INFO - Started process (PID=2415) to work on /opt/airflow/dags/data_ingestion_taxizone_dag.py
[2022-12-09 15:58:32,859] {processor.py:642} INFO - Processing file /opt/airflow/dags/data_ingestion_taxizone_dag.py for tasks to queue
[2022-12-09 15:58:32,860] {logging_mixin.py:109} INFO - [2022-12-09 15:58:32,860] {dagbag.py:500} INFO - Filling up the DagBag from /opt/airflow/dags/data_ingestion_taxizone_dag.py
[2022-12-09 15:58:36,599] {processor.py:654} INFO - DAG(s) dict_keys(['data_ingestion_taxizone_dag']) retrieved from /opt/airflow/dags/data_ingestion_taxizone_dag.py
[2022-12-09 15:58:36,614] {logging_mixin.py:109} INFO - [2022-12-09 15:58:36,613] {dag.py:2396} INFO - Sync 1 DAGs
[2022-12-09 15:58:36,642] {logging_mixin.py:109} INFO - [2022-12-09 15:58:36,642] {dag.py:2935} INFO - Setting next_dagrun for data_ingestion_taxizone_dag to 2022-12-09T00:00:00+00:00
[2022-12-09 15:58:36,656] {processor.py:171} INFO - Processing /opt/airflow/dags/data_ingestion_taxizone_dag.py took 3.847 seconds
[2022-12-09 15:59:06,755] {processor.py:163} INFO - Started process (PID=2442) to work on /opt/airflow/dags/data_ingestion_taxizone_dag.py
[2022-12-09 15:59:06,757] {processor.py:642} INFO - Processing file /opt/airflow/dags/data_ingestion_taxizone_dag.py for tasks to queue
[2022-12-09 15:59:06,758] {logging_mixin.py:109} INFO - [2022-12-09 15:59:06,758] {dagbag.py:500} INFO - Filling up the DagBag from /opt/airflow/dags/data_ingestion_taxizone_dag.py
[2022-12-09 15:59:08,013] {processor.py:654} INFO - DAG(s) dict_keys(['data_ingestion_taxizone_dag']) retrieved from /opt/airflow/dags/data_ingestion_taxizone_dag.py
[2022-12-09 15:59:08,023] {logging_mixin.py:109} INFO - [2022-12-09 15:59:08,022] {dag.py:2396} INFO - Sync 1 DAGs
[2022-12-09 15:59:08,039] {logging_mixin.py:109} INFO - [2022-12-09 15:59:08,039] {dag.py:2935} INFO - Setting next_dagrun for data_ingestion_taxizone_dag to 2022-12-09T00:00:00+00:00
[2022-12-09 15:59:08,050] {processor.py:171} INFO - Processing /opt/airflow/dags/data_ingestion_taxizone_dag.py took 1.302 seconds
[2022-12-09 15:59:38,179] {processor.py:163} INFO - Started process (PID=2466) to work on /opt/airflow/dags/data_ingestion_taxizone_dag.py
[2022-12-09 15:59:38,181] {processor.py:642} INFO - Processing file /opt/airflow/dags/data_ingestion_taxizone_dag.py for tasks to queue
[2022-12-09 15:59:38,182] {logging_mixin.py:109} INFO - [2022-12-09 15:59:38,182] {dagbag.py:500} INFO - Filling up the DagBag from /opt/airflow/dags/data_ingestion_taxizone_dag.py
[2022-12-09 15:59:40,449] {processor.py:654} INFO - DAG(s) dict_keys(['data_ingestion_taxizone_dag']) retrieved from /opt/airflow/dags/data_ingestion_taxizone_dag.py
[2022-12-09 15:59:40,477] {logging_mixin.py:109} INFO - [2022-12-09 15:59:40,476] {dag.py:2396} INFO - Sync 1 DAGs
[2022-12-09 15:59:40,524] {logging_mixin.py:109} INFO - [2022-12-09 15:59:40,523] {dag.py:2935} INFO - Setting next_dagrun for data_ingestion_taxizone_dag to 2022-12-09T00:00:00+00:00
[2022-12-09 15:59:40,577] {processor.py:171} INFO - Processing /opt/airflow/dags/data_ingestion_taxizone_dag.py took 2.423 seconds
[2022-12-09 16:00:10,836] {processor.py:163} INFO - Started process (PID=2493) to work on /opt/airflow/dags/data_ingestion_taxizone_dag.py
[2022-12-09 16:00:10,846] {processor.py:642} INFO - Processing file /opt/airflow/dags/data_ingestion_taxizone_dag.py for tasks to queue
[2022-12-09 16:00:10,847] {logging_mixin.py:109} INFO - [2022-12-09 16:00:10,847] {dagbag.py:500} INFO - Filling up the DagBag from /opt/airflow/dags/data_ingestion_taxizone_dag.py
[2022-12-09 16:00:15,187] {processor.py:654} INFO - DAG(s) dict_keys(['data_ingestion_taxizone_dag']) retrieved from /opt/airflow/dags/data_ingestion_taxizone_dag.py
[2022-12-09 16:00:15,214] {logging_mixin.py:109} INFO - [2022-12-09 16:00:15,213] {dag.py:2396} INFO - Sync 1 DAGs
[2022-12-09 16:00:15,278] {logging_mixin.py:109} INFO - [2022-12-09 16:00:15,278] {dag.py:2935} INFO - Setting next_dagrun for data_ingestion_taxizone_dag to 2022-12-09T00:00:00+00:00
[2022-12-09 16:00:15,327] {processor.py:171} INFO - Processing /opt/airflow/dags/data_ingestion_taxizone_dag.py took 4.509 seconds
[2022-12-09 16:00:45,431] {processor.py:163} INFO - Started process (PID=2526) to work on /opt/airflow/dags/data_ingestion_taxizone_dag.py
[2022-12-09 16:00:45,433] {processor.py:642} INFO - Processing file /opt/airflow/dags/data_ingestion_taxizone_dag.py for tasks to queue
[2022-12-09 16:00:45,434] {logging_mixin.py:109} INFO - [2022-12-09 16:00:45,434] {dagbag.py:500} INFO - Filling up the DagBag from /opt/airflow/dags/data_ingestion_taxizone_dag.py
[2022-12-09 16:00:46,700] {processor.py:654} INFO - DAG(s) dict_keys(['data_ingestion_taxizone_dag']) retrieved from /opt/airflow/dags/data_ingestion_taxizone_dag.py
[2022-12-09 16:00:46,714] {logging_mixin.py:109} INFO - [2022-12-09 16:00:46,714] {dag.py:2396} INFO - Sync 1 DAGs
[2022-12-09 16:00:46,747] {logging_mixin.py:109} INFO - [2022-12-09 16:00:46,747] {dag.py:2935} INFO - Setting next_dagrun for data_ingestion_taxizone_dag to 2022-12-09T00:00:00+00:00
[2022-12-09 16:00:46,759] {processor.py:171} INFO - Processing /opt/airflow/dags/data_ingestion_taxizone_dag.py took 1.334 seconds
[2022-12-09 16:01:16,913] {processor.py:163} INFO - Started process (PID=2551) to work on /opt/airflow/dags/data_ingestion_taxizone_dag.py
[2022-12-09 16:01:16,916] {processor.py:642} INFO - Processing file /opt/airflow/dags/data_ingestion_taxizone_dag.py for tasks to queue
[2022-12-09 16:01:16,921] {logging_mixin.py:109} INFO - [2022-12-09 16:01:16,921] {dagbag.py:500} INFO - Filling up the DagBag from /opt/airflow/dags/data_ingestion_taxizone_dag.py
[2022-12-09 16:01:19,443] {processor.py:654} INFO - DAG(s) dict_keys(['data_ingestion_taxizone_dag']) retrieved from /opt/airflow/dags/data_ingestion_taxizone_dag.py
[2022-12-09 16:01:19,457] {logging_mixin.py:109} INFO - [2022-12-09 16:01:19,456] {dag.py:2396} INFO - Sync 1 DAGs
[2022-12-09 16:01:19,488] {logging_mixin.py:109} INFO - [2022-12-09 16:01:19,488] {dag.py:2935} INFO - Setting next_dagrun for data_ingestion_taxizone_dag to 2022-12-09T00:00:00+00:00
[2022-12-09 16:01:19,501] {processor.py:171} INFO - Processing /opt/airflow/dags/data_ingestion_taxizone_dag.py took 2.596 seconds
