[2022-12-09 15:13:04,206] {processor.py:163} INFO - Started process (PID=65) to work on /opt/airflow/dags/data_ingestion_yellowtax_dag.py
[2022-12-09 15:13:04,214] {processor.py:642} INFO - Processing file /opt/airflow/dags/data_ingestion_yellowtax_dag.py for tasks to queue
[2022-12-09 15:13:04,225] {logging_mixin.py:109} INFO - [2022-12-09 15:13:04,225] {dagbag.py:500} INFO - Filling up the DagBag from /opt/airflow/dags/data_ingestion_yellowtax_dag.py
[2022-12-09 15:13:31,927] {processor.py:654} INFO - DAG(s) dict_keys(['data_ingestion_yellowtax_dag']) retrieved from /opt/airflow/dags/data_ingestion_yellowtax_dag.py
[2022-12-09 15:13:40,197] {logging_mixin.py:109} INFO - [2022-12-09 15:13:40,197] {dag.py:2396} INFO - Sync 1 DAGs
[2022-12-09 15:13:40,401] {processor.py:171} INFO - Processing /opt/airflow/dags/data_ingestion_yellowtax_dag.py took 36.216 seconds
[2022-12-09 15:14:10,918] {processor.py:163} INFO - Started process (PID=105) to work on /opt/airflow/dags/data_ingestion_yellowtax_dag.py
[2022-12-09 15:14:10,927] {processor.py:642} INFO - Processing file /opt/airflow/dags/data_ingestion_yellowtax_dag.py for tasks to queue
[2022-12-09 15:14:10,942] {logging_mixin.py:109} INFO - [2022-12-09 15:14:10,942] {dagbag.py:500} INFO - Filling up the DagBag from /opt/airflow/dags/data_ingestion_yellowtax_dag.py
[2022-12-09 15:14:16,786] {processor.py:654} INFO - DAG(s) dict_keys(['data_ingestion_yellowtax_dag']) retrieved from /opt/airflow/dags/data_ingestion_yellowtax_dag.py
[2022-12-09 15:14:16,820] {logging_mixin.py:109} INFO - [2022-12-09 15:14:16,819] {dag.py:2396} INFO - Sync 1 DAGs
[2022-12-09 15:14:16,935] {processor.py:171} INFO - Processing /opt/airflow/dags/data_ingestion_yellowtax_dag.py took 6.058 seconds
[2022-12-09 15:14:47,129] {processor.py:163} INFO - Started process (PID=133) to work on /opt/airflow/dags/data_ingestion_yellowtax_dag.py
[2022-12-09 15:14:47,131] {processor.py:642} INFO - Processing file /opt/airflow/dags/data_ingestion_yellowtax_dag.py for tasks to queue
[2022-12-09 15:14:47,132] {logging_mixin.py:109} INFO - [2022-12-09 15:14:47,132] {dagbag.py:500} INFO - Filling up the DagBag from /opt/airflow/dags/data_ingestion_yellowtax_dag.py
[2022-12-09 15:14:48,915] {processor.py:654} INFO - DAG(s) dict_keys(['data_ingestion_yellowtax_dag']) retrieved from /opt/airflow/dags/data_ingestion_yellowtax_dag.py
[2022-12-09 15:14:48,948] {logging_mixin.py:109} INFO - [2022-12-09 15:14:48,948] {dag.py:2396} INFO - Sync 1 DAGs
[2022-12-09 15:14:48,994] {logging_mixin.py:109} INFO - [2022-12-09 15:14:48,994] {dag.py:2935} INFO - Setting next_dagrun for data_ingestion_yellowtax_dag to 2022-12-09T00:00:00+00:00
[2022-12-09 15:14:49,027] {processor.py:171} INFO - Processing /opt/airflow/dags/data_ingestion_yellowtax_dag.py took 1.905 seconds
[2022-12-09 15:15:19,162] {processor.py:163} INFO - Started process (PID=157) to work on /opt/airflow/dags/data_ingestion_yellowtax_dag.py
[2022-12-09 15:15:19,166] {processor.py:642} INFO - Processing file /opt/airflow/dags/data_ingestion_yellowtax_dag.py for tasks to queue
[2022-12-09 15:15:19,170] {logging_mixin.py:109} INFO - [2022-12-09 15:15:19,170] {dagbag.py:500} INFO - Filling up the DagBag from /opt/airflow/dags/data_ingestion_yellowtax_dag.py
[2022-12-09 15:15:20,715] {processor.py:654} INFO - DAG(s) dict_keys(['data_ingestion_yellowtax_dag']) retrieved from /opt/airflow/dags/data_ingestion_yellowtax_dag.py
[2022-12-09 15:15:20,726] {logging_mixin.py:109} INFO - [2022-12-09 15:15:20,726] {dag.py:2396} INFO - Sync 1 DAGs
[2022-12-09 15:15:20,746] {logging_mixin.py:109} INFO - [2022-12-09 15:15:20,746] {dag.py:2935} INFO - Setting next_dagrun for data_ingestion_yellowtax_dag to 2022-12-09T00:00:00+00:00
[2022-12-09 15:15:20,756] {processor.py:171} INFO - Processing /opt/airflow/dags/data_ingestion_yellowtax_dag.py took 1.600 seconds
[2022-12-09 15:15:50,860] {processor.py:163} INFO - Started process (PID=193) to work on /opt/airflow/dags/data_ingestion_yellowtax_dag.py
[2022-12-09 15:15:50,865] {processor.py:642} INFO - Processing file /opt/airflow/dags/data_ingestion_yellowtax_dag.py for tasks to queue
[2022-12-09 15:15:50,867] {logging_mixin.py:109} INFO - [2022-12-09 15:15:50,867] {dagbag.py:500} INFO - Filling up the DagBag from /opt/airflow/dags/data_ingestion_yellowtax_dag.py
[2022-12-09 15:15:52,561] {processor.py:654} INFO - DAG(s) dict_keys(['data_ingestion_yellowtax_dag']) retrieved from /opt/airflow/dags/data_ingestion_yellowtax_dag.py
[2022-12-09 15:15:52,575] {logging_mixin.py:109} INFO - [2022-12-09 15:15:52,574] {dag.py:2396} INFO - Sync 1 DAGs
[2022-12-09 15:15:52,593] {logging_mixin.py:109} INFO - [2022-12-09 15:15:52,593] {dag.py:2935} INFO - Setting next_dagrun for data_ingestion_yellowtax_dag to 2022-12-09T00:00:00+00:00
[2022-12-09 15:15:52,605] {processor.py:171} INFO - Processing /opt/airflow/dags/data_ingestion_yellowtax_dag.py took 1.753 seconds
[2022-12-09 15:16:22,753] {processor.py:163} INFO - Started process (PID=220) to work on /opt/airflow/dags/data_ingestion_yellowtax_dag.py
[2022-12-09 15:16:22,762] {processor.py:642} INFO - Processing file /opt/airflow/dags/data_ingestion_yellowtax_dag.py for tasks to queue
[2022-12-09 15:16:22,763] {logging_mixin.py:109} INFO - [2022-12-09 15:16:22,763] {dagbag.py:500} INFO - Filling up the DagBag from /opt/airflow/dags/data_ingestion_yellowtax_dag.py
[2022-12-09 15:16:27,383] {processor.py:654} INFO - DAG(s) dict_keys(['data_ingestion_yellowtax_dag']) retrieved from /opt/airflow/dags/data_ingestion_yellowtax_dag.py
[2022-12-09 15:16:27,416] {logging_mixin.py:109} INFO - [2022-12-09 15:16:27,412] {dag.py:2396} INFO - Sync 1 DAGs
[2022-12-09 15:16:27,475] {logging_mixin.py:109} INFO - [2022-12-09 15:16:27,475] {dag.py:2935} INFO - Setting next_dagrun for data_ingestion_yellowtax_dag to 2022-12-09T00:00:00+00:00
[2022-12-09 15:16:27,514] {processor.py:171} INFO - Processing /opt/airflow/dags/data_ingestion_yellowtax_dag.py took 4.797 seconds
[2022-12-09 15:16:57,640] {processor.py:163} INFO - Started process (PID=247) to work on /opt/airflow/dags/data_ingestion_yellowtax_dag.py
[2022-12-09 15:16:57,646] {processor.py:642} INFO - Processing file /opt/airflow/dags/data_ingestion_yellowtax_dag.py for tasks to queue
[2022-12-09 15:16:57,650] {logging_mixin.py:109} INFO - [2022-12-09 15:16:57,650] {dagbag.py:500} INFO - Filling up the DagBag from /opt/airflow/dags/data_ingestion_yellowtax_dag.py
[2022-12-09 15:17:01,784] {processor.py:654} INFO - DAG(s) dict_keys(['data_ingestion_yellowtax_dag']) retrieved from /opt/airflow/dags/data_ingestion_yellowtax_dag.py
[2022-12-09 15:17:01,827] {logging_mixin.py:109} INFO - [2022-12-09 15:17:01,826] {dag.py:2396} INFO - Sync 1 DAGs
[2022-12-09 15:17:01,931] {logging_mixin.py:109} INFO - [2022-12-09 15:17:01,931] {dag.py:2935} INFO - Setting next_dagrun for data_ingestion_yellowtax_dag to 2022-12-09T00:00:00+00:00
[2022-12-09 15:17:01,985] {processor.py:171} INFO - Processing /opt/airflow/dags/data_ingestion_yellowtax_dag.py took 4.352 seconds
[2022-12-09 15:17:32,271] {processor.py:163} INFO - Started process (PID=285) to work on /opt/airflow/dags/data_ingestion_yellowtax_dag.py
[2022-12-09 15:17:32,286] {processor.py:642} INFO - Processing file /opt/airflow/dags/data_ingestion_yellowtax_dag.py for tasks to queue
[2022-12-09 15:17:32,302] {logging_mixin.py:109} INFO - [2022-12-09 15:17:32,301] {dagbag.py:500} INFO - Filling up the DagBag from /opt/airflow/dags/data_ingestion_yellowtax_dag.py
[2022-12-09 15:17:36,094] {processor.py:654} INFO - DAG(s) dict_keys(['data_ingestion_yellowtax_dag']) retrieved from /opt/airflow/dags/data_ingestion_yellowtax_dag.py
[2022-12-09 15:17:36,126] {logging_mixin.py:109} INFO - [2022-12-09 15:17:36,125] {dag.py:2396} INFO - Sync 1 DAGs
[2022-12-09 15:17:36,180] {logging_mixin.py:109} INFO - [2022-12-09 15:17:36,180] {dag.py:2935} INFO - Setting next_dagrun for data_ingestion_yellowtax_dag to 2022-12-09T00:00:00+00:00
[2022-12-09 15:17:36,210] {processor.py:171} INFO - Processing /opt/airflow/dags/data_ingestion_yellowtax_dag.py took 3.971 seconds
[2022-12-09 15:18:06,476] {processor.py:163} INFO - Started process (PID=310) to work on /opt/airflow/dags/data_ingestion_yellowtax_dag.py
[2022-12-09 15:18:06,482] {processor.py:642} INFO - Processing file /opt/airflow/dags/data_ingestion_yellowtax_dag.py for tasks to queue
[2022-12-09 15:18:06,484] {logging_mixin.py:109} INFO - [2022-12-09 15:18:06,483] {dagbag.py:500} INFO - Filling up the DagBag from /opt/airflow/dags/data_ingestion_yellowtax_dag.py
[2022-12-09 15:18:08,094] {processor.py:654} INFO - DAG(s) dict_keys(['data_ingestion_yellowtax_dag']) retrieved from /opt/airflow/dags/data_ingestion_yellowtax_dag.py
[2022-12-09 15:18:08,104] {logging_mixin.py:109} INFO - [2022-12-09 15:18:08,103] {dag.py:2396} INFO - Sync 1 DAGs
[2022-12-09 15:18:08,122] {logging_mixin.py:109} INFO - [2022-12-09 15:18:08,121] {dag.py:2935} INFO - Setting next_dagrun for data_ingestion_yellowtax_dag to 2022-12-09T00:00:00+00:00
[2022-12-09 15:18:08,131] {processor.py:171} INFO - Processing /opt/airflow/dags/data_ingestion_yellowtax_dag.py took 1.662 seconds
[2022-12-09 15:18:38,196] {processor.py:163} INFO - Started process (PID=334) to work on /opt/airflow/dags/data_ingestion_yellowtax_dag.py
[2022-12-09 15:18:38,205] {processor.py:642} INFO - Processing file /opt/airflow/dags/data_ingestion_yellowtax_dag.py for tasks to queue
[2022-12-09 15:18:38,206] {logging_mixin.py:109} INFO - [2022-12-09 15:18:38,206] {dagbag.py:500} INFO - Filling up the DagBag from /opt/airflow/dags/data_ingestion_yellowtax_dag.py
[2022-12-09 15:18:39,739] {processor.py:654} INFO - DAG(s) dict_keys(['data_ingestion_yellowtax_dag']) retrieved from /opt/airflow/dags/data_ingestion_yellowtax_dag.py
[2022-12-09 15:18:39,754] {logging_mixin.py:109} INFO - [2022-12-09 15:18:39,754] {dag.py:2396} INFO - Sync 1 DAGs
[2022-12-09 15:18:39,782] {logging_mixin.py:109} INFO - [2022-12-09 15:18:39,782] {dag.py:2935} INFO - Setting next_dagrun for data_ingestion_yellowtax_dag to 2022-12-09T00:00:00+00:00
[2022-12-09 15:18:39,795] {processor.py:171} INFO - Processing /opt/airflow/dags/data_ingestion_yellowtax_dag.py took 1.615 seconds
[2022-12-09 15:19:10,040] {processor.py:163} INFO - Started process (PID=360) to work on /opt/airflow/dags/data_ingestion_yellowtax_dag.py
[2022-12-09 15:19:10,047] {processor.py:642} INFO - Processing file /opt/airflow/dags/data_ingestion_yellowtax_dag.py for tasks to queue
[2022-12-09 15:19:10,050] {logging_mixin.py:109} INFO - [2022-12-09 15:19:10,049] {dagbag.py:500} INFO - Filling up the DagBag from /opt/airflow/dags/data_ingestion_yellowtax_dag.py
[2022-12-09 15:19:12,499] {processor.py:654} INFO - DAG(s) dict_keys(['data_ingestion_yellowtax_dag']) retrieved from /opt/airflow/dags/data_ingestion_yellowtax_dag.py
[2022-12-09 15:19:12,514] {logging_mixin.py:109} INFO - [2022-12-09 15:19:12,514] {dag.py:2396} INFO - Sync 1 DAGs
[2022-12-09 15:19:12,541] {logging_mixin.py:109} INFO - [2022-12-09 15:19:12,541] {dag.py:2935} INFO - Setting next_dagrun for data_ingestion_yellowtax_dag to 2022-12-09T00:00:00+00:00
[2022-12-09 15:19:12,554] {processor.py:171} INFO - Processing /opt/airflow/dags/data_ingestion_yellowtax_dag.py took 2.556 seconds
[2022-12-09 15:19:42,790] {processor.py:163} INFO - Started process (PID=397) to work on /opt/airflow/dags/data_ingestion_yellowtax_dag.py
[2022-12-09 15:19:42,798] {processor.py:642} INFO - Processing file /opt/airflow/dags/data_ingestion_yellowtax_dag.py for tasks to queue
[2022-12-09 15:19:42,799] {logging_mixin.py:109} INFO - [2022-12-09 15:19:42,799] {dagbag.py:500} INFO - Filling up the DagBag from /opt/airflow/dags/data_ingestion_yellowtax_dag.py
[2022-12-09 15:19:46,807] {processor.py:654} INFO - DAG(s) dict_keys(['data_ingestion_yellowtax_dag']) retrieved from /opt/airflow/dags/data_ingestion_yellowtax_dag.py
[2022-12-09 15:19:46,839] {logging_mixin.py:109} INFO - [2022-12-09 15:19:46,838] {dag.py:2396} INFO - Sync 1 DAGs
[2022-12-09 15:19:46,872] {logging_mixin.py:109} INFO - [2022-12-09 15:19:46,872] {dag.py:2935} INFO - Setting next_dagrun for data_ingestion_yellowtax_dag to 2022-12-09T00:00:00+00:00
[2022-12-09 15:19:46,901] {processor.py:171} INFO - Processing /opt/airflow/dags/data_ingestion_yellowtax_dag.py took 4.132 seconds
[2022-12-09 15:20:17,100] {processor.py:163} INFO - Started process (PID=428) to work on /opt/airflow/dags/data_ingestion_yellowtax_dag.py
[2022-12-09 15:20:17,103] {processor.py:642} INFO - Processing file /opt/airflow/dags/data_ingestion_yellowtax_dag.py for tasks to queue
[2022-12-09 15:20:17,107] {logging_mixin.py:109} INFO - [2022-12-09 15:20:17,107] {dagbag.py:500} INFO - Filling up the DagBag from /opt/airflow/dags/data_ingestion_yellowtax_dag.py
[2022-12-09 15:20:19,624] {processor.py:654} INFO - DAG(s) dict_keys(['data_ingestion_yellowtax_dag']) retrieved from /opt/airflow/dags/data_ingestion_yellowtax_dag.py
[2022-12-09 15:20:19,651] {logging_mixin.py:109} INFO - [2022-12-09 15:20:19,650] {dag.py:2396} INFO - Sync 1 DAGs
[2022-12-09 15:20:19,703] {logging_mixin.py:109} INFO - [2022-12-09 15:20:19,703] {dag.py:2935} INFO - Setting next_dagrun for data_ingestion_yellowtax_dag to 2022-12-09T00:00:00+00:00
[2022-12-09 15:20:19,724] {processor.py:171} INFO - Processing /opt/airflow/dags/data_ingestion_yellowtax_dag.py took 2.633 seconds
[2022-12-09 15:20:49,902] {processor.py:163} INFO - Started process (PID=454) to work on /opt/airflow/dags/data_ingestion_yellowtax_dag.py
[2022-12-09 15:20:49,904] {processor.py:642} INFO - Processing file /opt/airflow/dags/data_ingestion_yellowtax_dag.py for tasks to queue
[2022-12-09 15:20:49,905] {logging_mixin.py:109} INFO - [2022-12-09 15:20:49,905] {dagbag.py:500} INFO - Filling up the DagBag from /opt/airflow/dags/data_ingestion_yellowtax_dag.py
[2022-12-09 15:20:54,643] {processor.py:654} INFO - DAG(s) dict_keys(['data_ingestion_yellowtax_dag']) retrieved from /opt/airflow/dags/data_ingestion_yellowtax_dag.py
[2022-12-09 15:20:54,726] {logging_mixin.py:109} INFO - [2022-12-09 15:20:54,726] {dag.py:2396} INFO - Sync 1 DAGs
[2022-12-09 15:20:54,796] {logging_mixin.py:109} INFO - [2022-12-09 15:20:54,796] {dag.py:2935} INFO - Setting next_dagrun for data_ingestion_yellowtax_dag to 2022-12-09T00:00:00+00:00
[2022-12-09 15:20:54,832] {processor.py:171} INFO - Processing /opt/airflow/dags/data_ingestion_yellowtax_dag.py took 4.936 seconds
[2022-12-09 15:21:25,096] {processor.py:163} INFO - Started process (PID=489) to work on /opt/airflow/dags/data_ingestion_yellowtax_dag.py
[2022-12-09 15:21:25,098] {processor.py:642} INFO - Processing file /opt/airflow/dags/data_ingestion_yellowtax_dag.py for tasks to queue
[2022-12-09 15:21:25,099] {logging_mixin.py:109} INFO - [2022-12-09 15:21:25,099] {dagbag.py:500} INFO - Filling up the DagBag from /opt/airflow/dags/data_ingestion_yellowtax_dag.py
[2022-12-09 15:21:27,487] {processor.py:654} INFO - DAG(s) dict_keys(['data_ingestion_yellowtax_dag']) retrieved from /opt/airflow/dags/data_ingestion_yellowtax_dag.py
[2022-12-09 15:21:27,517] {logging_mixin.py:109} INFO - [2022-12-09 15:21:27,517] {dag.py:2396} INFO - Sync 1 DAGs
[2022-12-09 15:21:27,560] {logging_mixin.py:109} INFO - [2022-12-09 15:21:27,560] {dag.py:2935} INFO - Setting next_dagrun for data_ingestion_yellowtax_dag to 2022-12-09T00:00:00+00:00
[2022-12-09 15:21:27,593] {processor.py:171} INFO - Processing /opt/airflow/dags/data_ingestion_yellowtax_dag.py took 2.503 seconds
[2022-12-09 15:21:57,804] {processor.py:163} INFO - Started process (PID=513) to work on /opt/airflow/dags/data_ingestion_yellowtax_dag.py
[2022-12-09 15:21:57,813] {processor.py:642} INFO - Processing file /opt/airflow/dags/data_ingestion_yellowtax_dag.py for tasks to queue
[2022-12-09 15:21:57,814] {logging_mixin.py:109} INFO - [2022-12-09 15:21:57,814] {dagbag.py:500} INFO - Filling up the DagBag from /opt/airflow/dags/data_ingestion_yellowtax_dag.py
[2022-12-09 15:22:01,172] {processor.py:654} INFO - DAG(s) dict_keys(['data_ingestion_yellowtax_dag']) retrieved from /opt/airflow/dags/data_ingestion_yellowtax_dag.py
[2022-12-09 15:22:01,187] {logging_mixin.py:109} INFO - [2022-12-09 15:22:01,186] {dag.py:2396} INFO - Sync 1 DAGs
[2022-12-09 15:22:01,214] {logging_mixin.py:109} INFO - [2022-12-09 15:22:01,213] {dag.py:2935} INFO - Setting next_dagrun for data_ingestion_yellowtax_dag to 2022-12-09T00:00:00+00:00
[2022-12-09 15:22:01,233] {processor.py:171} INFO - Processing /opt/airflow/dags/data_ingestion_yellowtax_dag.py took 3.437 seconds
[2022-12-09 15:22:31,436] {processor.py:163} INFO - Started process (PID=548) to work on /opt/airflow/dags/data_ingestion_yellowtax_dag.py
[2022-12-09 15:22:31,439] {processor.py:642} INFO - Processing file /opt/airflow/dags/data_ingestion_yellowtax_dag.py for tasks to queue
[2022-12-09 15:22:31,441] {logging_mixin.py:109} INFO - [2022-12-09 15:22:31,440] {dagbag.py:500} INFO - Filling up the DagBag from /opt/airflow/dags/data_ingestion_yellowtax_dag.py
[2022-12-09 15:22:33,284] {processor.py:654} INFO - DAG(s) dict_keys(['data_ingestion_yellowtax_dag']) retrieved from /opt/airflow/dags/data_ingestion_yellowtax_dag.py
[2022-12-09 15:22:33,299] {logging_mixin.py:109} INFO - [2022-12-09 15:22:33,298] {dag.py:2396} INFO - Sync 1 DAGs
[2022-12-09 15:22:33,350] {logging_mixin.py:109} INFO - [2022-12-09 15:22:33,349] {dag.py:2935} INFO - Setting next_dagrun for data_ingestion_yellowtax_dag to 2022-12-09T00:00:00+00:00
[2022-12-09 15:22:33,363] {processor.py:171} INFO - Processing /opt/airflow/dags/data_ingestion_yellowtax_dag.py took 1.933 seconds
[2022-12-09 15:23:03,488] {processor.py:163} INFO - Started process (PID=572) to work on /opt/airflow/dags/data_ingestion_yellowtax_dag.py
[2022-12-09 15:23:03,493] {processor.py:642} INFO - Processing file /opt/airflow/dags/data_ingestion_yellowtax_dag.py for tasks to queue
[2022-12-09 15:23:03,494] {logging_mixin.py:109} INFO - [2022-12-09 15:23:03,494] {dagbag.py:500} INFO - Filling up the DagBag from /opt/airflow/dags/data_ingestion_yellowtax_dag.py
[2022-12-09 15:23:07,178] {processor.py:654} INFO - DAG(s) dict_keys(['data_ingestion_yellowtax_dag']) retrieved from /opt/airflow/dags/data_ingestion_yellowtax_dag.py
[2022-12-09 15:23:07,219] {logging_mixin.py:109} INFO - [2022-12-09 15:23:07,218] {dag.py:2396} INFO - Sync 1 DAGs
[2022-12-09 15:23:07,292] {logging_mixin.py:109} INFO - [2022-12-09 15:23:07,292] {dag.py:2935} INFO - Setting next_dagrun for data_ingestion_yellowtax_dag to 2022-12-09T00:00:00+00:00
[2022-12-09 15:23:07,333] {processor.py:171} INFO - Processing /opt/airflow/dags/data_ingestion_yellowtax_dag.py took 3.859 seconds
[2022-12-09 15:23:37,610] {processor.py:163} INFO - Started process (PID=609) to work on /opt/airflow/dags/data_ingestion_yellowtax_dag.py
[2022-12-09 15:23:37,618] {processor.py:642} INFO - Processing file /opt/airflow/dags/data_ingestion_yellowtax_dag.py for tasks to queue
[2022-12-09 15:23:37,625] {logging_mixin.py:109} INFO - [2022-12-09 15:23:37,625] {dagbag.py:500} INFO - Filling up the DagBag from /opt/airflow/dags/data_ingestion_yellowtax_dag.py
[2022-12-09 15:23:40,671] {processor.py:654} INFO - DAG(s) dict_keys(['data_ingestion_yellowtax_dag']) retrieved from /opt/airflow/dags/data_ingestion_yellowtax_dag.py
[2022-12-09 15:23:40,684] {logging_mixin.py:109} INFO - [2022-12-09 15:23:40,683] {dag.py:2396} INFO - Sync 1 DAGs
[2022-12-09 15:23:40,711] {logging_mixin.py:109} INFO - [2022-12-09 15:23:40,711] {dag.py:2935} INFO - Setting next_dagrun for data_ingestion_yellowtax_dag to 2022-12-09T00:00:00+00:00
[2022-12-09 15:23:40,722] {processor.py:171} INFO - Processing /opt/airflow/dags/data_ingestion_yellowtax_dag.py took 3.118 seconds
[2022-12-09 15:24:10,822] {processor.py:163} INFO - Started process (PID=635) to work on /opt/airflow/dags/data_ingestion_yellowtax_dag.py
[2022-12-09 15:24:10,834] {processor.py:642} INFO - Processing file /opt/airflow/dags/data_ingestion_yellowtax_dag.py for tasks to queue
[2022-12-09 15:24:10,835] {logging_mixin.py:109} INFO - [2022-12-09 15:24:10,835] {dagbag.py:500} INFO - Filling up the DagBag from /opt/airflow/dags/data_ingestion_yellowtax_dag.py
[2022-12-09 15:24:12,269] {processor.py:654} INFO - DAG(s) dict_keys(['data_ingestion_yellowtax_dag']) retrieved from /opt/airflow/dags/data_ingestion_yellowtax_dag.py
[2022-12-09 15:24:12,279] {logging_mixin.py:109} INFO - [2022-12-09 15:24:12,278] {dag.py:2396} INFO - Sync 1 DAGs
[2022-12-09 15:24:12,295] {logging_mixin.py:109} INFO - [2022-12-09 15:24:12,295] {dag.py:2935} INFO - Setting next_dagrun for data_ingestion_yellowtax_dag to 2022-12-09T00:00:00+00:00
[2022-12-09 15:24:12,304] {processor.py:171} INFO - Processing /opt/airflow/dags/data_ingestion_yellowtax_dag.py took 1.489 seconds
[2022-12-09 15:24:42,835] {processor.py:163} INFO - Started process (PID=658) to work on /opt/airflow/dags/data_ingestion_yellowtax_dag.py
[2022-12-09 15:24:42,838] {processor.py:642} INFO - Processing file /opt/airflow/dags/data_ingestion_yellowtax_dag.py for tasks to queue
[2022-12-09 15:24:42,840] {logging_mixin.py:109} INFO - [2022-12-09 15:24:42,839] {dagbag.py:500} INFO - Filling up the DagBag from /opt/airflow/dags/data_ingestion_yellowtax_dag.py
[2022-12-09 15:24:44,351] {processor.py:654} INFO - DAG(s) dict_keys(['data_ingestion_yellowtax_dag']) retrieved from /opt/airflow/dags/data_ingestion_yellowtax_dag.py
[2022-12-09 15:24:44,366] {logging_mixin.py:109} INFO - [2022-12-09 15:24:44,365] {dag.py:2396} INFO - Sync 1 DAGs
[2022-12-09 15:24:44,394] {logging_mixin.py:109} INFO - [2022-12-09 15:24:44,394] {dag.py:2935} INFO - Setting next_dagrun for data_ingestion_yellowtax_dag to 2022-12-09T00:00:00+00:00
[2022-12-09 15:24:44,410] {processor.py:171} INFO - Processing /opt/airflow/dags/data_ingestion_yellowtax_dag.py took 1.583 seconds
[2022-12-09 15:25:14,599] {processor.py:163} INFO - Started process (PID=682) to work on /opt/airflow/dags/data_ingestion_yellowtax_dag.py
[2022-12-09 15:25:14,601] {processor.py:642} INFO - Processing file /opt/airflow/dags/data_ingestion_yellowtax_dag.py for tasks to queue
[2022-12-09 15:25:14,602] {logging_mixin.py:109} INFO - [2022-12-09 15:25:14,602] {dagbag.py:500} INFO - Filling up the DagBag from /opt/airflow/dags/data_ingestion_yellowtax_dag.py
[2022-12-09 15:25:16,206] {processor.py:654} INFO - DAG(s) dict_keys(['data_ingestion_yellowtax_dag']) retrieved from /opt/airflow/dags/data_ingestion_yellowtax_dag.py
[2022-12-09 15:25:16,256] {logging_mixin.py:109} INFO - [2022-12-09 15:25:16,256] {dag.py:2396} INFO - Sync 1 DAGs
[2022-12-09 15:25:16,333] {logging_mixin.py:109} INFO - [2022-12-09 15:25:16,333] {dag.py:2935} INFO - Setting next_dagrun for data_ingestion_yellowtax_dag to 2022-12-09T00:00:00+00:00
[2022-12-09 15:25:16,346] {processor.py:171} INFO - Processing /opt/airflow/dags/data_ingestion_yellowtax_dag.py took 1.754 seconds
[2022-12-09 15:25:46,483] {processor.py:163} INFO - Started process (PID=705) to work on /opt/airflow/dags/data_ingestion_yellowtax_dag.py
[2022-12-09 15:25:46,487] {processor.py:642} INFO - Processing file /opt/airflow/dags/data_ingestion_yellowtax_dag.py for tasks to queue
[2022-12-09 15:25:46,489] {logging_mixin.py:109} INFO - [2022-12-09 15:25:46,488] {dagbag.py:500} INFO - Filling up the DagBag from /opt/airflow/dags/data_ingestion_yellowtax_dag.py
[2022-12-09 15:25:49,365] {processor.py:654} INFO - DAG(s) dict_keys(['data_ingestion_yellowtax_dag']) retrieved from /opt/airflow/dags/data_ingestion_yellowtax_dag.py
[2022-12-09 15:25:49,393] {logging_mixin.py:109} INFO - [2022-12-09 15:25:49,393] {dag.py:2396} INFO - Sync 1 DAGs
[2022-12-09 15:25:49,436] {logging_mixin.py:109} INFO - [2022-12-09 15:25:49,436] {dag.py:2935} INFO - Setting next_dagrun for data_ingestion_yellowtax_dag to 2022-12-09T00:00:00+00:00
[2022-12-09 15:25:49,457] {processor.py:171} INFO - Processing /opt/airflow/dags/data_ingestion_yellowtax_dag.py took 2.983 seconds
[2022-12-09 15:26:19,660] {processor.py:163} INFO - Started process (PID=738) to work on /opt/airflow/dags/data_ingestion_yellowtax_dag.py
[2022-12-09 15:26:19,666] {processor.py:642} INFO - Processing file /opt/airflow/dags/data_ingestion_yellowtax_dag.py for tasks to queue
[2022-12-09 15:26:19,667] {logging_mixin.py:109} INFO - [2022-12-09 15:26:19,667] {dagbag.py:500} INFO - Filling up the DagBag from /opt/airflow/dags/data_ingestion_yellowtax_dag.py
[2022-12-09 15:26:21,360] {processor.py:654} INFO - DAG(s) dict_keys(['data_ingestion_yellowtax_dag']) retrieved from /opt/airflow/dags/data_ingestion_yellowtax_dag.py
[2022-12-09 15:26:21,374] {logging_mixin.py:109} INFO - [2022-12-09 15:26:21,373] {dag.py:2396} INFO - Sync 1 DAGs
[2022-12-09 15:26:21,404] {logging_mixin.py:109} INFO - [2022-12-09 15:26:21,404] {dag.py:2935} INFO - Setting next_dagrun for data_ingestion_yellowtax_dag to 2022-12-09T00:00:00+00:00
[2022-12-09 15:26:21,427] {processor.py:171} INFO - Processing /opt/airflow/dags/data_ingestion_yellowtax_dag.py took 1.780 seconds
[2022-12-09 15:26:51,836] {processor.py:163} INFO - Started process (PID=764) to work on /opt/airflow/dags/data_ingestion_yellowtax_dag.py
[2022-12-09 15:26:51,838] {processor.py:642} INFO - Processing file /opt/airflow/dags/data_ingestion_yellowtax_dag.py for tasks to queue
[2022-12-09 15:26:51,839] {logging_mixin.py:109} INFO - [2022-12-09 15:26:51,839] {dagbag.py:500} INFO - Filling up the DagBag from /opt/airflow/dags/data_ingestion_yellowtax_dag.py
[2022-12-09 15:26:54,631] {processor.py:654} INFO - DAG(s) dict_keys(['data_ingestion_yellowtax_dag']) retrieved from /opt/airflow/dags/data_ingestion_yellowtax_dag.py
[2022-12-09 15:26:54,642] {logging_mixin.py:109} INFO - [2022-12-09 15:26:54,641] {dag.py:2396} INFO - Sync 1 DAGs
[2022-12-09 15:26:54,670] {logging_mixin.py:109} INFO - [2022-12-09 15:26:54,670] {dag.py:2935} INFO - Setting next_dagrun for data_ingestion_yellowtax_dag to 2022-12-09T00:00:00+00:00
[2022-12-09 15:26:54,698] {processor.py:171} INFO - Processing /opt/airflow/dags/data_ingestion_yellowtax_dag.py took 2.869 seconds
[2022-12-09 15:27:24,828] {processor.py:163} INFO - Started process (PID=801) to work on /opt/airflow/dags/data_ingestion_yellowtax_dag.py
[2022-12-09 15:27:24,831] {processor.py:642} INFO - Processing file /opt/airflow/dags/data_ingestion_yellowtax_dag.py for tasks to queue
[2022-12-09 15:27:24,832] {logging_mixin.py:109} INFO - [2022-12-09 15:27:24,832] {dagbag.py:500} INFO - Filling up the DagBag from /opt/airflow/dags/data_ingestion_yellowtax_dag.py
[2022-12-09 15:27:26,915] {processor.py:654} INFO - DAG(s) dict_keys(['data_ingestion_yellowtax_dag']) retrieved from /opt/airflow/dags/data_ingestion_yellowtax_dag.py
[2022-12-09 15:27:26,946] {logging_mixin.py:109} INFO - [2022-12-09 15:27:26,945] {dag.py:2396} INFO - Sync 1 DAGs
[2022-12-09 15:27:26,989] {logging_mixin.py:109} INFO - [2022-12-09 15:27:26,988] {dag.py:2935} INFO - Setting next_dagrun for data_ingestion_yellowtax_dag to 2022-12-09T00:00:00+00:00
[2022-12-09 15:27:27,008] {processor.py:171} INFO - Processing /opt/airflow/dags/data_ingestion_yellowtax_dag.py took 2.195 seconds
[2022-12-09 15:27:57,160] {processor.py:163} INFO - Started process (PID=825) to work on /opt/airflow/dags/data_ingestion_yellowtax_dag.py
[2022-12-09 15:27:57,161] {processor.py:642} INFO - Processing file /opt/airflow/dags/data_ingestion_yellowtax_dag.py for tasks to queue
[2022-12-09 15:27:57,162] {logging_mixin.py:109} INFO - [2022-12-09 15:27:57,162] {dagbag.py:500} INFO - Filling up the DagBag from /opt/airflow/dags/data_ingestion_yellowtax_dag.py
[2022-12-09 15:27:58,583] {processor.py:654} INFO - DAG(s) dict_keys(['data_ingestion_yellowtax_dag']) retrieved from /opt/airflow/dags/data_ingestion_yellowtax_dag.py
[2022-12-09 15:27:58,597] {logging_mixin.py:109} INFO - [2022-12-09 15:27:58,596] {dag.py:2396} INFO - Sync 1 DAGs
[2022-12-09 15:27:58,624] {logging_mixin.py:109} INFO - [2022-12-09 15:27:58,624] {dag.py:2935} INFO - Setting next_dagrun for data_ingestion_yellowtax_dag to 2022-12-09T00:00:00+00:00
[2022-12-09 15:27:58,636] {processor.py:171} INFO - Processing /opt/airflow/dags/data_ingestion_yellowtax_dag.py took 1.481 seconds
[2022-12-09 15:28:28,866] {processor.py:163} INFO - Started process (PID=849) to work on /opt/airflow/dags/data_ingestion_yellowtax_dag.py
[2022-12-09 15:28:28,869] {processor.py:642} INFO - Processing file /opt/airflow/dags/data_ingestion_yellowtax_dag.py for tasks to queue
[2022-12-09 15:28:28,870] {logging_mixin.py:109} INFO - [2022-12-09 15:28:28,870] {dagbag.py:500} INFO - Filling up the DagBag from /opt/airflow/dags/data_ingestion_yellowtax_dag.py
[2022-12-09 15:28:30,542] {processor.py:654} INFO - DAG(s) dict_keys(['data_ingestion_yellowtax_dag']) retrieved from /opt/airflow/dags/data_ingestion_yellowtax_dag.py
[2022-12-09 15:28:30,557] {logging_mixin.py:109} INFO - [2022-12-09 15:28:30,556] {dag.py:2396} INFO - Sync 1 DAGs
[2022-12-09 15:28:30,589] {logging_mixin.py:109} INFO - [2022-12-09 15:28:30,589] {dag.py:2935} INFO - Setting next_dagrun for data_ingestion_yellowtax_dag to 2022-12-09T00:00:00+00:00
[2022-12-09 15:28:30,607] {processor.py:171} INFO - Processing /opt/airflow/dags/data_ingestion_yellowtax_dag.py took 1.748 seconds
[2022-12-09 15:29:00,758] {processor.py:163} INFO - Started process (PID=873) to work on /opt/airflow/dags/data_ingestion_yellowtax_dag.py
[2022-12-09 15:29:00,761] {processor.py:642} INFO - Processing file /opt/airflow/dags/data_ingestion_yellowtax_dag.py for tasks to queue
[2022-12-09 15:29:00,762] {logging_mixin.py:109} INFO - [2022-12-09 15:29:00,762] {dagbag.py:500} INFO - Filling up the DagBag from /opt/airflow/dags/data_ingestion_yellowtax_dag.py
[2022-12-09 15:29:02,199] {processor.py:654} INFO - DAG(s) dict_keys(['data_ingestion_yellowtax_dag']) retrieved from /opt/airflow/dags/data_ingestion_yellowtax_dag.py
[2022-12-09 15:29:02,209] {logging_mixin.py:109} INFO - [2022-12-09 15:29:02,208] {dag.py:2396} INFO - Sync 1 DAGs
[2022-12-09 15:29:02,237] {logging_mixin.py:109} INFO - [2022-12-09 15:29:02,237] {dag.py:2935} INFO - Setting next_dagrun for data_ingestion_yellowtax_dag to 2022-12-09T00:00:00+00:00
[2022-12-09 15:29:02,260] {processor.py:171} INFO - Processing /opt/airflow/dags/data_ingestion_yellowtax_dag.py took 1.509 seconds
[2022-12-09 15:29:32,401] {processor.py:163} INFO - Started process (PID=900) to work on /opt/airflow/dags/data_ingestion_yellowtax_dag.py
[2022-12-09 15:29:32,403] {processor.py:642} INFO - Processing file /opt/airflow/dags/data_ingestion_yellowtax_dag.py for tasks to queue
[2022-12-09 15:29:32,404] {logging_mixin.py:109} INFO - [2022-12-09 15:29:32,404] {dagbag.py:500} INFO - Filling up the DagBag from /opt/airflow/dags/data_ingestion_yellowtax_dag.py
[2022-12-09 15:29:33,766] {processor.py:654} INFO - DAG(s) dict_keys(['data_ingestion_yellowtax_dag']) retrieved from /opt/airflow/dags/data_ingestion_yellowtax_dag.py
[2022-12-09 15:29:33,781] {logging_mixin.py:109} INFO - [2022-12-09 15:29:33,781] {dag.py:2396} INFO - Sync 1 DAGs
[2022-12-09 15:29:33,803] {logging_mixin.py:109} INFO - [2022-12-09 15:29:33,803] {dag.py:2935} INFO - Setting next_dagrun for data_ingestion_yellowtax_dag to 2022-12-09T00:00:00+00:00
[2022-12-09 15:29:33,812] {processor.py:171} INFO - Processing /opt/airflow/dags/data_ingestion_yellowtax_dag.py took 1.419 seconds
[2022-12-09 15:30:03,958] {processor.py:163} INFO - Started process (PID=925) to work on /opt/airflow/dags/data_ingestion_yellowtax_dag.py
[2022-12-09 15:30:03,962] {processor.py:642} INFO - Processing file /opt/airflow/dags/data_ingestion_yellowtax_dag.py for tasks to queue
[2022-12-09 15:30:03,963] {logging_mixin.py:109} INFO - [2022-12-09 15:30:03,963] {dagbag.py:500} INFO - Filling up the DagBag from /opt/airflow/dags/data_ingestion_yellowtax_dag.py
[2022-12-09 15:30:05,318] {processor.py:654} INFO - DAG(s) dict_keys(['data_ingestion_yellowtax_dag']) retrieved from /opt/airflow/dags/data_ingestion_yellowtax_dag.py
[2022-12-09 15:30:05,330] {logging_mixin.py:109} INFO - [2022-12-09 15:30:05,330] {dag.py:2396} INFO - Sync 1 DAGs
[2022-12-09 15:30:05,357] {logging_mixin.py:109} INFO - [2022-12-09 15:30:05,357] {dag.py:2935} INFO - Setting next_dagrun for data_ingestion_yellowtax_dag to 2022-12-09T00:00:00+00:00
[2022-12-09 15:30:05,369] {processor.py:171} INFO - Processing /opt/airflow/dags/data_ingestion_yellowtax_dag.py took 1.417 seconds
[2022-12-09 15:30:35,479] {processor.py:163} INFO - Started process (PID=950) to work on /opt/airflow/dags/data_ingestion_yellowtax_dag.py
[2022-12-09 15:30:35,482] {processor.py:642} INFO - Processing file /opt/airflow/dags/data_ingestion_yellowtax_dag.py for tasks to queue
[2022-12-09 15:30:35,483] {logging_mixin.py:109} INFO - [2022-12-09 15:30:35,482] {dagbag.py:500} INFO - Filling up the DagBag from /opt/airflow/dags/data_ingestion_yellowtax_dag.py
[2022-12-09 15:30:37,327] {processor.py:654} INFO - DAG(s) dict_keys(['data_ingestion_yellowtax_dag']) retrieved from /opt/airflow/dags/data_ingestion_yellowtax_dag.py
[2022-12-09 15:30:37,366] {logging_mixin.py:109} INFO - [2022-12-09 15:30:37,365] {dag.py:2396} INFO - Sync 1 DAGs
[2022-12-09 15:30:37,423] {logging_mixin.py:109} INFO - [2022-12-09 15:30:37,422] {dag.py:2935} INFO - Setting next_dagrun for data_ingestion_yellowtax_dag to 2022-12-09T00:00:00+00:00
[2022-12-09 15:30:37,452] {processor.py:171} INFO - Processing /opt/airflow/dags/data_ingestion_yellowtax_dag.py took 1.981 seconds
[2022-12-09 15:31:07,662] {processor.py:163} INFO - Started process (PID=988) to work on /opt/airflow/dags/data_ingestion_yellowtax_dag.py
[2022-12-09 15:31:07,670] {processor.py:642} INFO - Processing file /opt/airflow/dags/data_ingestion_yellowtax_dag.py for tasks to queue
[2022-12-09 15:31:07,672] {logging_mixin.py:109} INFO - [2022-12-09 15:31:07,671] {dagbag.py:500} INFO - Filling up the DagBag from /opt/airflow/dags/data_ingestion_yellowtax_dag.py
[2022-12-09 15:31:10,646] {processor.py:654} INFO - DAG(s) dict_keys(['data_ingestion_yellowtax_dag']) retrieved from /opt/airflow/dags/data_ingestion_yellowtax_dag.py
[2022-12-09 15:31:10,672] {logging_mixin.py:109} INFO - [2022-12-09 15:31:10,671] {dag.py:2396} INFO - Sync 1 DAGs
[2022-12-09 15:31:10,720] {logging_mixin.py:109} INFO - [2022-12-09 15:31:10,720] {dag.py:2935} INFO - Setting next_dagrun for data_ingestion_yellowtax_dag to 2022-12-09T00:00:00+00:00
[2022-12-09 15:31:10,742] {processor.py:171} INFO - Processing /opt/airflow/dags/data_ingestion_yellowtax_dag.py took 3.095 seconds
[2022-12-09 15:31:40,878] {processor.py:163} INFO - Started process (PID=1016) to work on /opt/airflow/dags/data_ingestion_yellowtax_dag.py
[2022-12-09 15:31:40,890] {processor.py:642} INFO - Processing file /opt/airflow/dags/data_ingestion_yellowtax_dag.py for tasks to queue
[2022-12-09 15:31:40,891] {logging_mixin.py:109} INFO - [2022-12-09 15:31:40,891] {dagbag.py:500} INFO - Filling up the DagBag from /opt/airflow/dags/data_ingestion_yellowtax_dag.py
[2022-12-09 15:31:44,206] {processor.py:654} INFO - DAG(s) dict_keys(['data_ingestion_yellowtax_dag']) retrieved from /opt/airflow/dags/data_ingestion_yellowtax_dag.py
[2022-12-09 15:31:44,241] {logging_mixin.py:109} INFO - [2022-12-09 15:31:44,240] {dag.py:2396} INFO - Sync 1 DAGs
[2022-12-09 15:31:44,292] {logging_mixin.py:109} INFO - [2022-12-09 15:31:44,292] {dag.py:2935} INFO - Setting next_dagrun for data_ingestion_yellowtax_dag to 2022-12-09T00:00:00+00:00
[2022-12-09 15:31:44,320] {processor.py:171} INFO - Processing /opt/airflow/dags/data_ingestion_yellowtax_dag.py took 3.448 seconds
[2022-12-09 15:32:14,449] {processor.py:163} INFO - Started process (PID=1040) to work on /opt/airflow/dags/data_ingestion_yellowtax_dag.py
[2022-12-09 15:32:14,452] {processor.py:642} INFO - Processing file /opt/airflow/dags/data_ingestion_yellowtax_dag.py for tasks to queue
[2022-12-09 15:32:14,453] {logging_mixin.py:109} INFO - [2022-12-09 15:32:14,453] {dagbag.py:500} INFO - Filling up the DagBag from /opt/airflow/dags/data_ingestion_yellowtax_dag.py
[2022-12-09 15:32:16,450] {processor.py:654} INFO - DAG(s) dict_keys(['data_ingestion_yellowtax_dag']) retrieved from /opt/airflow/dags/data_ingestion_yellowtax_dag.py
[2022-12-09 15:32:16,470] {logging_mixin.py:109} INFO - [2022-12-09 15:32:16,470] {dag.py:2396} INFO - Sync 1 DAGs
[2022-12-09 15:32:16,499] {logging_mixin.py:109} INFO - [2022-12-09 15:32:16,499] {dag.py:2935} INFO - Setting next_dagrun for data_ingestion_yellowtax_dag to 2022-12-09T00:00:00+00:00
[2022-12-09 15:32:16,527] {processor.py:171} INFO - Processing /opt/airflow/dags/data_ingestion_yellowtax_dag.py took 2.085 seconds
[2022-12-09 15:32:46,744] {processor.py:163} INFO - Started process (PID=1077) to work on /opt/airflow/dags/data_ingestion_yellowtax_dag.py
[2022-12-09 15:32:46,746] {processor.py:642} INFO - Processing file /opt/airflow/dags/data_ingestion_yellowtax_dag.py for tasks to queue
[2022-12-09 15:32:46,747] {logging_mixin.py:109} INFO - [2022-12-09 15:32:46,747] {dagbag.py:500} INFO - Filling up the DagBag from /opt/airflow/dags/data_ingestion_yellowtax_dag.py
[2022-12-09 15:32:48,117] {processor.py:654} INFO - DAG(s) dict_keys(['data_ingestion_yellowtax_dag']) retrieved from /opt/airflow/dags/data_ingestion_yellowtax_dag.py
[2022-12-09 15:32:48,132] {logging_mixin.py:109} INFO - [2022-12-09 15:32:48,132] {dag.py:2396} INFO - Sync 1 DAGs
[2022-12-09 15:32:48,157] {logging_mixin.py:109} INFO - [2022-12-09 15:32:48,156] {dag.py:2935} INFO - Setting next_dagrun for data_ingestion_yellowtax_dag to 2022-12-09T00:00:00+00:00
[2022-12-09 15:32:48,185] {processor.py:171} INFO - Processing /opt/airflow/dags/data_ingestion_yellowtax_dag.py took 1.449 seconds
[2022-12-09 15:33:18,390] {processor.py:163} INFO - Started process (PID=1100) to work on /opt/airflow/dags/data_ingestion_yellowtax_dag.py
[2022-12-09 15:33:18,393] {processor.py:642} INFO - Processing file /opt/airflow/dags/data_ingestion_yellowtax_dag.py for tasks to queue
[2022-12-09 15:33:18,394] {logging_mixin.py:109} INFO - [2022-12-09 15:33:18,394] {dagbag.py:500} INFO - Filling up the DagBag from /opt/airflow/dags/data_ingestion_yellowtax_dag.py
[2022-12-09 15:33:20,851] {processor.py:654} INFO - DAG(s) dict_keys(['data_ingestion_yellowtax_dag']) retrieved from /opt/airflow/dags/data_ingestion_yellowtax_dag.py
[2022-12-09 15:33:20,877] {logging_mixin.py:109} INFO - [2022-12-09 15:33:20,877] {dag.py:2396} INFO - Sync 1 DAGs
[2022-12-09 15:33:20,949] {logging_mixin.py:109} INFO - [2022-12-09 15:33:20,949] {dag.py:2935} INFO - Setting next_dagrun for data_ingestion_yellowtax_dag to 2022-12-09T00:00:00+00:00
[2022-12-09 15:33:20,985] {processor.py:171} INFO - Processing /opt/airflow/dags/data_ingestion_yellowtax_dag.py took 2.603 seconds
[2022-12-09 15:33:51,144] {processor.py:163} INFO - Started process (PID=1125) to work on /opt/airflow/dags/data_ingestion_yellowtax_dag.py
[2022-12-09 15:33:51,147] {processor.py:642} INFO - Processing file /opt/airflow/dags/data_ingestion_yellowtax_dag.py for tasks to queue
[2022-12-09 15:33:51,148] {logging_mixin.py:109} INFO - [2022-12-09 15:33:51,148] {dagbag.py:500} INFO - Filling up the DagBag from /opt/airflow/dags/data_ingestion_yellowtax_dag.py
[2022-12-09 15:33:54,569] {processor.py:654} INFO - DAG(s) dict_keys(['data_ingestion_yellowtax_dag']) retrieved from /opt/airflow/dags/data_ingestion_yellowtax_dag.py
[2022-12-09 15:33:54,618] {logging_mixin.py:109} INFO - [2022-12-09 15:33:54,617] {dag.py:2396} INFO - Sync 1 DAGs
[2022-12-09 15:33:54,692] {logging_mixin.py:109} INFO - [2022-12-09 15:33:54,692] {dag.py:2935} INFO - Setting next_dagrun for data_ingestion_yellowtax_dag to 2022-12-09T00:00:00+00:00
[2022-12-09 15:33:54,714] {processor.py:171} INFO - Processing /opt/airflow/dags/data_ingestion_yellowtax_dag.py took 3.578 seconds
[2022-12-09 15:34:24,835] {processor.py:163} INFO - Started process (PID=1162) to work on /opt/airflow/dags/data_ingestion_yellowtax_dag.py
[2022-12-09 15:34:24,855] {processor.py:642} INFO - Processing file /opt/airflow/dags/data_ingestion_yellowtax_dag.py for tasks to queue
[2022-12-09 15:34:24,856] {logging_mixin.py:109} INFO - [2022-12-09 15:34:24,856] {dagbag.py:500} INFO - Filling up the DagBag from /opt/airflow/dags/data_ingestion_yellowtax_dag.py
[2022-12-09 15:34:31,045] {processor.py:654} INFO - DAG(s) dict_keys(['data_ingestion_yellowtax_dag']) retrieved from /opt/airflow/dags/data_ingestion_yellowtax_dag.py
[2022-12-09 15:34:31,111] {logging_mixin.py:109} INFO - [2022-12-09 15:34:31,110] {dag.py:2396} INFO - Sync 1 DAGs
[2022-12-09 15:34:31,185] {logging_mixin.py:109} INFO - [2022-12-09 15:34:31,185] {dag.py:2935} INFO - Setting next_dagrun for data_ingestion_yellowtax_dag to 2022-12-09T00:00:00+00:00
[2022-12-09 15:34:31,204] {processor.py:171} INFO - Processing /opt/airflow/dags/data_ingestion_yellowtax_dag.py took 6.375 seconds
[2022-12-09 15:35:01,371] {processor.py:163} INFO - Started process (PID=1184) to work on /opt/airflow/dags/data_ingestion_yellowtax_dag.py
[2022-12-09 15:35:01,394] {processor.py:642} INFO - Processing file /opt/airflow/dags/data_ingestion_yellowtax_dag.py for tasks to queue
[2022-12-09 15:35:01,395] {logging_mixin.py:109} INFO - [2022-12-09 15:35:01,395] {dagbag.py:500} INFO - Filling up the DagBag from /opt/airflow/dags/data_ingestion_yellowtax_dag.py
[2022-12-09 15:35:05,339] {processor.py:654} INFO - DAG(s) dict_keys(['data_ingestion_yellowtax_dag']) retrieved from /opt/airflow/dags/data_ingestion_yellowtax_dag.py
[2022-12-09 15:35:05,353] {logging_mixin.py:109} INFO - [2022-12-09 15:35:05,353] {dag.py:2396} INFO - Sync 1 DAGs
[2022-12-09 15:35:05,378] {logging_mixin.py:109} INFO - [2022-12-09 15:35:05,378] {dag.py:2935} INFO - Setting next_dagrun for data_ingestion_yellowtax_dag to 2022-12-09T00:00:00+00:00
[2022-12-09 15:35:05,400] {processor.py:171} INFO - Processing /opt/airflow/dags/data_ingestion_yellowtax_dag.py took 4.055 seconds
[2022-12-09 15:35:35,527] {processor.py:163} INFO - Started process (PID=1207) to work on /opt/airflow/dags/data_ingestion_yellowtax_dag.py
[2022-12-09 15:35:35,534] {processor.py:642} INFO - Processing file /opt/airflow/dags/data_ingestion_yellowtax_dag.py for tasks to queue
[2022-12-09 15:35:35,535] {logging_mixin.py:109} INFO - [2022-12-09 15:35:35,535] {dagbag.py:500} INFO - Filling up the DagBag from /opt/airflow/dags/data_ingestion_yellowtax_dag.py
[2022-12-09 15:35:37,872] {processor.py:654} INFO - DAG(s) dict_keys(['data_ingestion_yellowtax_dag']) retrieved from /opt/airflow/dags/data_ingestion_yellowtax_dag.py
[2022-12-09 15:35:37,885] {logging_mixin.py:109} INFO - [2022-12-09 15:35:37,884] {dag.py:2396} INFO - Sync 1 DAGs
[2022-12-09 15:35:37,916] {logging_mixin.py:109} INFO - [2022-12-09 15:35:37,916] {dag.py:2935} INFO - Setting next_dagrun for data_ingestion_yellowtax_dag to 2022-12-09T00:00:00+00:00
[2022-12-09 15:35:37,925] {processor.py:171} INFO - Processing /opt/airflow/dags/data_ingestion_yellowtax_dag.py took 2.404 seconds
[2022-12-09 15:36:08,040] {processor.py:163} INFO - Started process (PID=1231) to work on /opt/airflow/dags/data_ingestion_yellowtax_dag.py
[2022-12-09 15:36:08,043] {processor.py:642} INFO - Processing file /opt/airflow/dags/data_ingestion_yellowtax_dag.py for tasks to queue
[2022-12-09 15:36:08,044] {logging_mixin.py:109} INFO - [2022-12-09 15:36:08,044] {dagbag.py:500} INFO - Filling up the DagBag from /opt/airflow/dags/data_ingestion_yellowtax_dag.py
[2022-12-09 15:36:09,942] {processor.py:654} INFO - DAG(s) dict_keys(['data_ingestion_yellowtax_dag']) retrieved from /opt/airflow/dags/data_ingestion_yellowtax_dag.py
[2022-12-09 15:36:09,974] {logging_mixin.py:109} INFO - [2022-12-09 15:36:09,973] {dag.py:2396} INFO - Sync 1 DAGs
[2022-12-09 15:36:10,000] {logging_mixin.py:109} INFO - [2022-12-09 15:36:10,000] {dag.py:2935} INFO - Setting next_dagrun for data_ingestion_yellowtax_dag to 2022-12-09T00:00:00+00:00
[2022-12-09 15:36:10,012] {processor.py:171} INFO - Processing /opt/airflow/dags/data_ingestion_yellowtax_dag.py took 1.978 seconds
[2022-12-09 15:36:40,073] {processor.py:163} INFO - Started process (PID=1257) to work on /opt/airflow/dags/data_ingestion_yellowtax_dag.py
[2022-12-09 15:36:40,075] {processor.py:642} INFO - Processing file /opt/airflow/dags/data_ingestion_yellowtax_dag.py for tasks to queue
[2022-12-09 15:36:40,076] {logging_mixin.py:109} INFO - [2022-12-09 15:36:40,076] {dagbag.py:500} INFO - Filling up the DagBag from /opt/airflow/dags/data_ingestion_yellowtax_dag.py
[2022-12-09 15:36:41,444] {processor.py:654} INFO - DAG(s) dict_keys(['data_ingestion_yellowtax_dag']) retrieved from /opt/airflow/dags/data_ingestion_yellowtax_dag.py
[2022-12-09 15:36:41,458] {logging_mixin.py:109} INFO - [2022-12-09 15:36:41,457] {dag.py:2396} INFO - Sync 1 DAGs
[2022-12-09 15:36:41,488] {logging_mixin.py:109} INFO - [2022-12-09 15:36:41,487] {dag.py:2935} INFO - Setting next_dagrun for data_ingestion_yellowtax_dag to 2022-12-09T00:00:00+00:00
[2022-12-09 15:36:41,499] {processor.py:171} INFO - Processing /opt/airflow/dags/data_ingestion_yellowtax_dag.py took 1.433 seconds
[2022-12-09 15:37:11,652] {processor.py:163} INFO - Started process (PID=1292) to work on /opt/airflow/dags/data_ingestion_yellowtax_dag.py
[2022-12-09 15:37:11,658] {processor.py:642} INFO - Processing file /opt/airflow/dags/data_ingestion_yellowtax_dag.py for tasks to queue
[2022-12-09 15:37:11,659] {logging_mixin.py:109} INFO - [2022-12-09 15:37:11,659] {dagbag.py:500} INFO - Filling up the DagBag from /opt/airflow/dags/data_ingestion_yellowtax_dag.py
[2022-12-09 15:37:13,079] {processor.py:654} INFO - DAG(s) dict_keys(['data_ingestion_yellowtax_dag']) retrieved from /opt/airflow/dags/data_ingestion_yellowtax_dag.py
[2022-12-09 15:37:13,093] {logging_mixin.py:109} INFO - [2022-12-09 15:37:13,092] {dag.py:2396} INFO - Sync 1 DAGs
[2022-12-09 15:37:13,119] {logging_mixin.py:109} INFO - [2022-12-09 15:37:13,119] {dag.py:2935} INFO - Setting next_dagrun for data_ingestion_yellowtax_dag to 2022-12-09T00:00:00+00:00
[2022-12-09 15:37:13,132] {processor.py:171} INFO - Processing /opt/airflow/dags/data_ingestion_yellowtax_dag.py took 1.489 seconds
[2022-12-09 15:37:43,291] {processor.py:163} INFO - Started process (PID=1320) to work on /opt/airflow/dags/data_ingestion_yellowtax_dag.py
[2022-12-09 15:37:43,294] {processor.py:642} INFO - Processing file /opt/airflow/dags/data_ingestion_yellowtax_dag.py for tasks to queue
[2022-12-09 15:37:43,295] {logging_mixin.py:109} INFO - [2022-12-09 15:37:43,295] {dagbag.py:500} INFO - Filling up the DagBag from /opt/airflow/dags/data_ingestion_yellowtax_dag.py
[2022-12-09 15:37:46,313] {processor.py:654} INFO - DAG(s) dict_keys(['data_ingestion_yellowtax_dag']) retrieved from /opt/airflow/dags/data_ingestion_yellowtax_dag.py
[2022-12-09 15:37:46,370] {logging_mixin.py:109} INFO - [2022-12-09 15:37:46,369] {dag.py:2396} INFO - Sync 1 DAGs
[2022-12-09 15:37:46,464] {logging_mixin.py:109} INFO - [2022-12-09 15:37:46,464] {dag.py:2935} INFO - Setting next_dagrun for data_ingestion_yellowtax_dag to 2022-12-09T00:00:00+00:00
[2022-12-09 15:37:46,531] {processor.py:171} INFO - Processing /opt/airflow/dags/data_ingestion_yellowtax_dag.py took 3.246 seconds
[2022-12-09 15:38:16,780] {processor.py:163} INFO - Started process (PID=1345) to work on /opt/airflow/dags/data_ingestion_yellowtax_dag.py
[2022-12-09 15:38:16,790] {processor.py:642} INFO - Processing file /opt/airflow/dags/data_ingestion_yellowtax_dag.py for tasks to queue
[2022-12-09 15:38:16,791] {logging_mixin.py:109} INFO - [2022-12-09 15:38:16,791] {dagbag.py:500} INFO - Filling up the DagBag from /opt/airflow/dags/data_ingestion_yellowtax_dag.py
[2022-12-09 15:38:21,058] {processor.py:654} INFO - DAG(s) dict_keys(['data_ingestion_yellowtax_dag']) retrieved from /opt/airflow/dags/data_ingestion_yellowtax_dag.py
[2022-12-09 15:38:21,096] {logging_mixin.py:109} INFO - [2022-12-09 15:38:21,093] {dag.py:2396} INFO - Sync 1 DAGs
[2022-12-09 15:38:21,161] {logging_mixin.py:109} INFO - [2022-12-09 15:38:21,161] {dag.py:2935} INFO - Setting next_dagrun for data_ingestion_yellowtax_dag to 2022-12-09T00:00:00+00:00
[2022-12-09 15:38:21,188] {processor.py:171} INFO - Processing /opt/airflow/dags/data_ingestion_yellowtax_dag.py took 4.416 seconds
[2022-12-09 15:38:51,331] {processor.py:163} INFO - Started process (PID=1378) to work on /opt/airflow/dags/data_ingestion_yellowtax_dag.py
[2022-12-09 15:38:51,346] {processor.py:642} INFO - Processing file /opt/airflow/dags/data_ingestion_yellowtax_dag.py for tasks to queue
[2022-12-09 15:38:51,347] {logging_mixin.py:109} INFO - [2022-12-09 15:38:51,347] {dagbag.py:500} INFO - Filling up the DagBag from /opt/airflow/dags/data_ingestion_yellowtax_dag.py
[2022-12-09 15:38:55,406] {processor.py:654} INFO - DAG(s) dict_keys(['data_ingestion_yellowtax_dag']) retrieved from /opt/airflow/dags/data_ingestion_yellowtax_dag.py
[2022-12-09 15:38:55,446] {logging_mixin.py:109} INFO - [2022-12-09 15:38:55,446] {dag.py:2396} INFO - Sync 1 DAGs
[2022-12-09 15:38:55,487] {logging_mixin.py:109} INFO - [2022-12-09 15:38:55,487] {dag.py:2935} INFO - Setting next_dagrun for data_ingestion_yellowtax_dag to 2022-12-09T00:00:00+00:00
[2022-12-09 15:38:55,534] {processor.py:171} INFO - Processing /opt/airflow/dags/data_ingestion_yellowtax_dag.py took 4.217 seconds
[2022-12-09 15:39:25,611] {processor.py:163} INFO - Started process (PID=1402) to work on /opt/airflow/dags/data_ingestion_yellowtax_dag.py
[2022-12-09 15:39:25,615] {processor.py:642} INFO - Processing file /opt/airflow/dags/data_ingestion_yellowtax_dag.py for tasks to queue
[2022-12-09 15:39:25,617] {logging_mixin.py:109} INFO - [2022-12-09 15:39:25,616] {dagbag.py:500} INFO - Filling up the DagBag from /opt/airflow/dags/data_ingestion_yellowtax_dag.py
[2022-12-09 15:39:26,971] {processor.py:654} INFO - DAG(s) dict_keys(['data_ingestion_yellowtax_dag']) retrieved from /opt/airflow/dags/data_ingestion_yellowtax_dag.py
[2022-12-09 15:39:26,984] {logging_mixin.py:109} INFO - [2022-12-09 15:39:26,984] {dag.py:2396} INFO - Sync 1 DAGs
[2022-12-09 15:39:27,010] {logging_mixin.py:109} INFO - [2022-12-09 15:39:27,010] {dag.py:2935} INFO - Setting next_dagrun for data_ingestion_yellowtax_dag to 2022-12-09T00:00:00+00:00
[2022-12-09 15:39:27,022] {processor.py:171} INFO - Processing /opt/airflow/dags/data_ingestion_yellowtax_dag.py took 1.418 seconds
[2022-12-09 15:39:57,185] {processor.py:163} INFO - Started process (PID=1428) to work on /opt/airflow/dags/data_ingestion_yellowtax_dag.py
[2022-12-09 15:39:57,187] {processor.py:642} INFO - Processing file /opt/airflow/dags/data_ingestion_yellowtax_dag.py for tasks to queue
[2022-12-09 15:39:57,188] {logging_mixin.py:109} INFO - [2022-12-09 15:39:57,188] {dagbag.py:500} INFO - Filling up the DagBag from /opt/airflow/dags/data_ingestion_yellowtax_dag.py
[2022-12-09 15:39:58,721] {processor.py:654} INFO - DAG(s) dict_keys(['data_ingestion_yellowtax_dag']) retrieved from /opt/airflow/dags/data_ingestion_yellowtax_dag.py
[2022-12-09 15:39:58,742] {logging_mixin.py:109} INFO - [2022-12-09 15:39:58,742] {dag.py:2396} INFO - Sync 1 DAGs
[2022-12-09 15:39:58,769] {logging_mixin.py:109} INFO - [2022-12-09 15:39:58,769] {dag.py:2935} INFO - Setting next_dagrun for data_ingestion_yellowtax_dag to 2022-12-09T00:00:00+00:00
[2022-12-09 15:39:58,783] {processor.py:171} INFO - Processing /opt/airflow/dags/data_ingestion_yellowtax_dag.py took 1.604 seconds
[2022-12-09 15:40:28,984] {processor.py:163} INFO - Started process (PID=1454) to work on /opt/airflow/dags/data_ingestion_yellowtax_dag.py
[2022-12-09 15:40:28,986] {processor.py:642} INFO - Processing file /opt/airflow/dags/data_ingestion_yellowtax_dag.py for tasks to queue
[2022-12-09 15:40:28,987] {logging_mixin.py:109} INFO - [2022-12-09 15:40:28,987] {dagbag.py:500} INFO - Filling up the DagBag from /opt/airflow/dags/data_ingestion_yellowtax_dag.py
[2022-12-09 15:40:30,340] {processor.py:654} INFO - DAG(s) dict_keys(['data_ingestion_yellowtax_dag']) retrieved from /opt/airflow/dags/data_ingestion_yellowtax_dag.py
[2022-12-09 15:40:30,355] {logging_mixin.py:109} INFO - [2022-12-09 15:40:30,354] {dag.py:2396} INFO - Sync 1 DAGs
[2022-12-09 15:40:30,383] {logging_mixin.py:109} INFO - [2022-12-09 15:40:30,383] {dag.py:2935} INFO - Setting next_dagrun for data_ingestion_yellowtax_dag to 2022-12-09T00:00:00+00:00
[2022-12-09 15:40:30,404] {processor.py:171} INFO - Processing /opt/airflow/dags/data_ingestion_yellowtax_dag.py took 1.426 seconds
[2022-12-09 15:41:00,631] {processor.py:163} INFO - Started process (PID=1489) to work on /opt/airflow/dags/data_ingestion_yellowtax_dag.py
[2022-12-09 15:41:00,650] {processor.py:642} INFO - Processing file /opt/airflow/dags/data_ingestion_yellowtax_dag.py for tasks to queue
[2022-12-09 15:41:00,651] {logging_mixin.py:109} INFO - [2022-12-09 15:41:00,651] {dagbag.py:500} INFO - Filling up the DagBag from /opt/airflow/dags/data_ingestion_yellowtax_dag.py
[2022-12-09 15:41:04,744] {processor.py:654} INFO - DAG(s) dict_keys(['data_ingestion_yellowtax_dag']) retrieved from /opt/airflow/dags/data_ingestion_yellowtax_dag.py
[2022-12-09 15:41:04,780] {logging_mixin.py:109} INFO - [2022-12-09 15:41:04,779] {dag.py:2396} INFO - Sync 1 DAGs
[2022-12-09 15:41:04,875] {logging_mixin.py:109} INFO - [2022-12-09 15:41:04,875] {dag.py:2935} INFO - Setting next_dagrun for data_ingestion_yellowtax_dag to 2022-12-09T00:00:00+00:00
[2022-12-09 15:41:04,903] {processor.py:171} INFO - Processing /opt/airflow/dags/data_ingestion_yellowtax_dag.py took 4.290 seconds
[2022-12-09 15:41:35,031] {processor.py:163} INFO - Started process (PID=1521) to work on /opt/airflow/dags/data_ingestion_yellowtax_dag.py
[2022-12-09 15:41:35,034] {processor.py:642} INFO - Processing file /opt/airflow/dags/data_ingestion_yellowtax_dag.py for tasks to queue
[2022-12-09 15:41:35,038] {logging_mixin.py:109} INFO - [2022-12-09 15:41:35,037] {dagbag.py:500} INFO - Filling up the DagBag from /opt/airflow/dags/data_ingestion_yellowtax_dag.py
[2022-12-09 15:41:37,463] {processor.py:654} INFO - DAG(s) dict_keys(['data_ingestion_yellowtax_dag']) retrieved from /opt/airflow/dags/data_ingestion_yellowtax_dag.py
[2022-12-09 15:41:37,479] {logging_mixin.py:109} INFO - [2022-12-09 15:41:37,479] {dag.py:2396} INFO - Sync 1 DAGs
[2022-12-09 15:41:37,504] {logging_mixin.py:109} INFO - [2022-12-09 15:41:37,504] {dag.py:2935} INFO - Setting next_dagrun for data_ingestion_yellowtax_dag to 2022-12-09T00:00:00+00:00
[2022-12-09 15:41:37,516] {processor.py:171} INFO - Processing /opt/airflow/dags/data_ingestion_yellowtax_dag.py took 2.492 seconds
[2022-12-09 15:42:07,693] {processor.py:163} INFO - Started process (PID=1547) to work on /opt/airflow/dags/data_ingestion_yellowtax_dag.py
[2022-12-09 15:42:07,699] {processor.py:642} INFO - Processing file /opt/airflow/dags/data_ingestion_yellowtax_dag.py for tasks to queue
[2022-12-09 15:42:07,703] {logging_mixin.py:109} INFO - [2022-12-09 15:42:07,703] {dagbag.py:500} INFO - Filling up the DagBag from /opt/airflow/dags/data_ingestion_yellowtax_dag.py
[2022-12-09 15:42:10,288] {processor.py:654} INFO - DAG(s) dict_keys(['data_ingestion_yellowtax_dag']) retrieved from /opt/airflow/dags/data_ingestion_yellowtax_dag.py
[2022-12-09 15:42:10,325] {logging_mixin.py:109} INFO - [2022-12-09 15:42:10,325] {dag.py:2396} INFO - Sync 1 DAGs
[2022-12-09 15:42:10,379] {logging_mixin.py:109} INFO - [2022-12-09 15:42:10,379] {dag.py:2935} INFO - Setting next_dagrun for data_ingestion_yellowtax_dag to 2022-12-09T00:00:00+00:00
[2022-12-09 15:42:10,393] {processor.py:171} INFO - Processing /opt/airflow/dags/data_ingestion_yellowtax_dag.py took 2.709 seconds
[2022-12-09 15:42:40,520] {processor.py:163} INFO - Started process (PID=1582) to work on /opt/airflow/dags/data_ingestion_yellowtax_dag.py
[2022-12-09 15:42:40,522] {processor.py:642} INFO - Processing file /opt/airflow/dags/data_ingestion_yellowtax_dag.py for tasks to queue
[2022-12-09 15:42:40,523] {logging_mixin.py:109} INFO - [2022-12-09 15:42:40,523] {dagbag.py:500} INFO - Filling up the DagBag from /opt/airflow/dags/data_ingestion_yellowtax_dag.py
[2022-12-09 15:42:43,194] {processor.py:654} INFO - DAG(s) dict_keys(['data_ingestion_yellowtax_dag']) retrieved from /opt/airflow/dags/data_ingestion_yellowtax_dag.py
[2022-12-09 15:42:43,222] {logging_mixin.py:109} INFO - [2022-12-09 15:42:43,221] {dag.py:2396} INFO - Sync 1 DAGs
[2022-12-09 15:42:43,272] {logging_mixin.py:109} INFO - [2022-12-09 15:42:43,272] {dag.py:2935} INFO - Setting next_dagrun for data_ingestion_yellowtax_dag to 2022-12-09T00:00:00+00:00
[2022-12-09 15:42:43,314] {processor.py:171} INFO - Processing /opt/airflow/dags/data_ingestion_yellowtax_dag.py took 2.800 seconds
[2022-12-09 15:43:13,570] {processor.py:163} INFO - Started process (PID=1609) to work on /opt/airflow/dags/data_ingestion_yellowtax_dag.py
[2022-12-09 15:43:13,572] {processor.py:642} INFO - Processing file /opt/airflow/dags/data_ingestion_yellowtax_dag.py for tasks to queue
[2022-12-09 15:43:13,589] {logging_mixin.py:109} INFO - [2022-12-09 15:43:13,589] {dagbag.py:500} INFO - Filling up the DagBag from /opt/airflow/dags/data_ingestion_yellowtax_dag.py
[2022-12-09 15:43:16,541] {processor.py:654} INFO - DAG(s) dict_keys(['data_ingestion_yellowtax_dag']) retrieved from /opt/airflow/dags/data_ingestion_yellowtax_dag.py
[2022-12-09 15:43:16,554] {logging_mixin.py:109} INFO - [2022-12-09 15:43:16,553] {dag.py:2396} INFO - Sync 1 DAGs
[2022-12-09 15:43:16,581] {logging_mixin.py:109} INFO - [2022-12-09 15:43:16,581] {dag.py:2935} INFO - Setting next_dagrun for data_ingestion_yellowtax_dag to 2022-12-09T00:00:00+00:00
[2022-12-09 15:43:16,593] {processor.py:171} INFO - Processing /opt/airflow/dags/data_ingestion_yellowtax_dag.py took 3.051 seconds
[2022-12-09 15:43:46,974] {processor.py:163} INFO - Started process (PID=1646) to work on /opt/airflow/dags/data_ingestion_yellowtax_dag.py
[2022-12-09 15:43:46,975] {processor.py:642} INFO - Processing file /opt/airflow/dags/data_ingestion_yellowtax_dag.py for tasks to queue
[2022-12-09 15:43:46,976] {logging_mixin.py:109} INFO - [2022-12-09 15:43:46,976] {dagbag.py:500} INFO - Filling up the DagBag from /opt/airflow/dags/data_ingestion_yellowtax_dag.py
[2022-12-09 15:43:50,711] {processor.py:654} INFO - DAG(s) dict_keys(['data_ingestion_yellowtax_dag']) retrieved from /opt/airflow/dags/data_ingestion_yellowtax_dag.py
[2022-12-09 15:43:50,739] {logging_mixin.py:109} INFO - [2022-12-09 15:43:50,736] {dag.py:2396} INFO - Sync 1 DAGs
[2022-12-09 15:43:50,808] {logging_mixin.py:109} INFO - [2022-12-09 15:43:50,808] {dag.py:2935} INFO - Setting next_dagrun for data_ingestion_yellowtax_dag to 2022-12-09T00:00:00+00:00
[2022-12-09 15:43:50,844] {processor.py:171} INFO - Processing /opt/airflow/dags/data_ingestion_yellowtax_dag.py took 3.907 seconds
[2022-12-09 15:44:20,973] {processor.py:163} INFO - Started process (PID=1671) to work on /opt/airflow/dags/data_ingestion_yellowtax_dag.py
[2022-12-09 15:44:20,975] {processor.py:642} INFO - Processing file /opt/airflow/dags/data_ingestion_yellowtax_dag.py for tasks to queue
[2022-12-09 15:44:20,976] {logging_mixin.py:109} INFO - [2022-12-09 15:44:20,976] {dagbag.py:500} INFO - Filling up the DagBag from /opt/airflow/dags/data_ingestion_yellowtax_dag.py
[2022-12-09 15:44:22,409] {processor.py:654} INFO - DAG(s) dict_keys(['data_ingestion_yellowtax_dag']) retrieved from /opt/airflow/dags/data_ingestion_yellowtax_dag.py
[2022-12-09 15:44:22,422] {logging_mixin.py:109} INFO - [2022-12-09 15:44:22,422] {dag.py:2396} INFO - Sync 1 DAGs
[2022-12-09 15:44:22,451] {logging_mixin.py:109} INFO - [2022-12-09 15:44:22,451] {dag.py:2935} INFO - Setting next_dagrun for data_ingestion_yellowtax_dag to 2022-12-09T00:00:00+00:00
[2022-12-09 15:44:22,463] {processor.py:171} INFO - Processing /opt/airflow/dags/data_ingestion_yellowtax_dag.py took 1.501 seconds
[2022-12-09 15:44:52,678] {processor.py:163} INFO - Started process (PID=1695) to work on /opt/airflow/dags/data_ingestion_yellowtax_dag.py
[2022-12-09 15:44:52,683] {processor.py:642} INFO - Processing file /opt/airflow/dags/data_ingestion_yellowtax_dag.py for tasks to queue
[2022-12-09 15:44:52,684] {logging_mixin.py:109} INFO - [2022-12-09 15:44:52,684] {dagbag.py:500} INFO - Filling up the DagBag from /opt/airflow/dags/data_ingestion_yellowtax_dag.py
[2022-12-09 15:44:55,372] {processor.py:654} INFO - DAG(s) dict_keys(['data_ingestion_yellowtax_dag']) retrieved from /opt/airflow/dags/data_ingestion_yellowtax_dag.py
[2022-12-09 15:44:55,406] {logging_mixin.py:109} INFO - [2022-12-09 15:44:55,405] {dag.py:2396} INFO - Sync 1 DAGs
[2022-12-09 15:44:55,470] {logging_mixin.py:109} INFO - [2022-12-09 15:44:55,470] {dag.py:2935} INFO - Setting next_dagrun for data_ingestion_yellowtax_dag to 2022-12-09T00:00:00+00:00
[2022-12-09 15:44:55,489] {processor.py:171} INFO - Processing /opt/airflow/dags/data_ingestion_yellowtax_dag.py took 2.824 seconds
[2022-12-09 15:45:25,776] {processor.py:163} INFO - Started process (PID=1720) to work on /opt/airflow/dags/data_ingestion_yellowtax_dag.py
[2022-12-09 15:45:25,794] {processor.py:642} INFO - Processing file /opt/airflow/dags/data_ingestion_yellowtax_dag.py for tasks to queue
[2022-12-09 15:45:25,795] {logging_mixin.py:109} INFO - [2022-12-09 15:45:25,795] {dagbag.py:500} INFO - Filling up the DagBag from /opt/airflow/dags/data_ingestion_yellowtax_dag.py
[2022-12-09 15:45:30,295] {processor.py:654} INFO - DAG(s) dict_keys(['data_ingestion_yellowtax_dag']) retrieved from /opt/airflow/dags/data_ingestion_yellowtax_dag.py
[2022-12-09 15:45:30,365] {logging_mixin.py:109} INFO - [2022-12-09 15:45:30,365] {dag.py:2396} INFO - Sync 1 DAGs
[2022-12-09 15:45:30,416] {logging_mixin.py:109} INFO - [2022-12-09 15:45:30,416] {dag.py:2935} INFO - Setting next_dagrun for data_ingestion_yellowtax_dag to 2022-12-09T00:00:00+00:00
[2022-12-09 15:45:30,438] {processor.py:171} INFO - Processing /opt/airflow/dags/data_ingestion_yellowtax_dag.py took 4.668 seconds
[2022-12-09 15:46:00,582] {processor.py:163} INFO - Started process (PID=1758) to work on /opt/airflow/dags/data_ingestion_yellowtax_dag.py
[2022-12-09 15:46:00,585] {processor.py:642} INFO - Processing file /opt/airflow/dags/data_ingestion_yellowtax_dag.py for tasks to queue
[2022-12-09 15:46:00,586] {logging_mixin.py:109} INFO - [2022-12-09 15:46:00,586] {dagbag.py:500} INFO - Filling up the DagBag from /opt/airflow/dags/data_ingestion_yellowtax_dag.py
[2022-12-09 15:46:01,855] {processor.py:654} INFO - DAG(s) dict_keys(['data_ingestion_yellowtax_dag']) retrieved from /opt/airflow/dags/data_ingestion_yellowtax_dag.py
[2022-12-09 15:46:01,869] {logging_mixin.py:109} INFO - [2022-12-09 15:46:01,869] {dag.py:2396} INFO - Sync 1 DAGs
[2022-12-09 15:46:01,890] {logging_mixin.py:109} INFO - [2022-12-09 15:46:01,890] {dag.py:2935} INFO - Setting next_dagrun for data_ingestion_yellowtax_dag to 2022-12-09T00:00:00+00:00
[2022-12-09 15:46:01,900] {processor.py:171} INFO - Processing /opt/airflow/dags/data_ingestion_yellowtax_dag.py took 1.324 seconds
[2022-12-09 15:46:32,001] {processor.py:163} INFO - Started process (PID=1785) to work on /opt/airflow/dags/data_ingestion_yellowtax_dag.py
[2022-12-09 15:46:32,010] {processor.py:642} INFO - Processing file /opt/airflow/dags/data_ingestion_yellowtax_dag.py for tasks to queue
[2022-12-09 15:46:32,011] {logging_mixin.py:109} INFO - [2022-12-09 15:46:32,011] {dagbag.py:500} INFO - Filling up the DagBag from /opt/airflow/dags/data_ingestion_yellowtax_dag.py
[2022-12-09 15:46:34,851] {processor.py:654} INFO - DAG(s) dict_keys(['data_ingestion_yellowtax_dag']) retrieved from /opt/airflow/dags/data_ingestion_yellowtax_dag.py
[2022-12-09 15:46:34,876] {logging_mixin.py:109} INFO - [2022-12-09 15:46:34,876] {dag.py:2396} INFO - Sync 1 DAGs
[2022-12-09 15:46:34,924] {logging_mixin.py:109} INFO - [2022-12-09 15:46:34,924] {dag.py:2935} INFO - Setting next_dagrun for data_ingestion_yellowtax_dag to 2022-12-09T00:00:00+00:00
[2022-12-09 15:46:34,961] {processor.py:171} INFO - Processing /opt/airflow/dags/data_ingestion_yellowtax_dag.py took 2.970 seconds
[2022-12-09 15:47:05,258] {processor.py:163} INFO - Started process (PID=1820) to work on /opt/airflow/dags/data_ingestion_yellowtax_dag.py
[2022-12-09 15:47:05,260] {processor.py:642} INFO - Processing file /opt/airflow/dags/data_ingestion_yellowtax_dag.py for tasks to queue
[2022-12-09 15:47:05,278] {logging_mixin.py:109} INFO - [2022-12-09 15:47:05,277] {dagbag.py:500} INFO - Filling up the DagBag from /opt/airflow/dags/data_ingestion_yellowtax_dag.py
[2022-12-09 15:47:08,335] {processor.py:654} INFO - DAG(s) dict_keys(['data_ingestion_yellowtax_dag']) retrieved from /opt/airflow/dags/data_ingestion_yellowtax_dag.py
[2022-12-09 15:47:08,369] {logging_mixin.py:109} INFO - [2022-12-09 15:47:08,368] {dag.py:2396} INFO - Sync 1 DAGs
[2022-12-09 15:47:08,406] {logging_mixin.py:109} INFO - [2022-12-09 15:47:08,406] {dag.py:2935} INFO - Setting next_dagrun for data_ingestion_yellowtax_dag to 2022-12-09T00:00:00+00:00
[2022-12-09 15:47:08,442] {processor.py:171} INFO - Processing /opt/airflow/dags/data_ingestion_yellowtax_dag.py took 3.239 seconds
[2022-12-09 15:47:38,579] {processor.py:163} INFO - Started process (PID=1846) to work on /opt/airflow/dags/data_ingestion_yellowtax_dag.py
[2022-12-09 15:47:38,581] {processor.py:642} INFO - Processing file /opt/airflow/dags/data_ingestion_yellowtax_dag.py for tasks to queue
[2022-12-09 15:47:38,583] {logging_mixin.py:109} INFO - [2022-12-09 15:47:38,582] {dagbag.py:500} INFO - Filling up the DagBag from /opt/airflow/dags/data_ingestion_yellowtax_dag.py
[2022-12-09 15:47:39,790] {processor.py:654} INFO - DAG(s) dict_keys(['data_ingestion_yellowtax_dag']) retrieved from /opt/airflow/dags/data_ingestion_yellowtax_dag.py
[2022-12-09 15:47:39,807] {logging_mixin.py:109} INFO - [2022-12-09 15:47:39,806] {dag.py:2396} INFO - Sync 1 DAGs
[2022-12-09 15:47:39,832] {logging_mixin.py:109} INFO - [2022-12-09 15:47:39,832] {dag.py:2935} INFO - Setting next_dagrun for data_ingestion_yellowtax_dag to 2022-12-09T00:00:00+00:00
[2022-12-09 15:47:39,844] {processor.py:171} INFO - Processing /opt/airflow/dags/data_ingestion_yellowtax_dag.py took 1.273 seconds
[2022-12-09 15:48:10,039] {processor.py:163} INFO - Started process (PID=1870) to work on /opt/airflow/dags/data_ingestion_yellowtax_dag.py
[2022-12-09 15:48:10,041] {processor.py:642} INFO - Processing file /opt/airflow/dags/data_ingestion_yellowtax_dag.py for tasks to queue
[2022-12-09 15:48:10,044] {logging_mixin.py:109} INFO - [2022-12-09 15:48:10,044] {dagbag.py:500} INFO - Filling up the DagBag from /opt/airflow/dags/data_ingestion_yellowtax_dag.py
[2022-12-09 15:48:13,749] {processor.py:654} INFO - DAG(s) dict_keys(['data_ingestion_yellowtax_dag']) retrieved from /opt/airflow/dags/data_ingestion_yellowtax_dag.py
[2022-12-09 15:48:13,781] {logging_mixin.py:109} INFO - [2022-12-09 15:48:13,781] {dag.py:2396} INFO - Sync 1 DAGs
[2022-12-09 15:48:13,816] {logging_mixin.py:109} INFO - [2022-12-09 15:48:13,815] {dag.py:2935} INFO - Setting next_dagrun for data_ingestion_yellowtax_dag to 2022-12-09T00:00:00+00:00
[2022-12-09 15:48:13,845] {processor.py:171} INFO - Processing /opt/airflow/dags/data_ingestion_yellowtax_dag.py took 3.820 seconds
[2022-12-09 15:48:43,978] {processor.py:163} INFO - Started process (PID=1908) to work on /opt/airflow/dags/data_ingestion_yellowtax_dag.py
[2022-12-09 15:48:43,989] {processor.py:642} INFO - Processing file /opt/airflow/dags/data_ingestion_yellowtax_dag.py for tasks to queue
[2022-12-09 15:48:43,991] {logging_mixin.py:109} INFO - [2022-12-09 15:48:43,990] {dagbag.py:500} INFO - Filling up the DagBag from /opt/airflow/dags/data_ingestion_yellowtax_dag.py
[2022-12-09 15:48:45,696] {processor.py:654} INFO - DAG(s) dict_keys(['data_ingestion_yellowtax_dag']) retrieved from /opt/airflow/dags/data_ingestion_yellowtax_dag.py
[2022-12-09 15:48:45,706] {logging_mixin.py:109} INFO - [2022-12-09 15:48:45,706] {dag.py:2396} INFO - Sync 1 DAGs
[2022-12-09 15:48:45,723] {logging_mixin.py:109} INFO - [2022-12-09 15:48:45,723] {dag.py:2935} INFO - Setting next_dagrun for data_ingestion_yellowtax_dag to 2022-12-09T00:00:00+00:00
[2022-12-09 15:48:45,732] {processor.py:171} INFO - Processing /opt/airflow/dags/data_ingestion_yellowtax_dag.py took 1.766 seconds
[2022-12-09 15:49:15,820] {processor.py:163} INFO - Started process (PID=1934) to work on /opt/airflow/dags/data_ingestion_yellowtax_dag.py
[2022-12-09 15:49:15,822] {processor.py:642} INFO - Processing file /opt/airflow/dags/data_ingestion_yellowtax_dag.py for tasks to queue
[2022-12-09 15:49:15,823] {logging_mixin.py:109} INFO - [2022-12-09 15:49:15,823] {dagbag.py:500} INFO - Filling up the DagBag from /opt/airflow/dags/data_ingestion_yellowtax_dag.py
[2022-12-09 15:49:17,949] {processor.py:654} INFO - DAG(s) dict_keys(['data_ingestion_yellowtax_dag']) retrieved from /opt/airflow/dags/data_ingestion_yellowtax_dag.py
[2022-12-09 15:49:17,976] {logging_mixin.py:109} INFO - [2022-12-09 15:49:17,976] {dag.py:2396} INFO - Sync 1 DAGs
[2022-12-09 15:49:18,006] {logging_mixin.py:109} INFO - [2022-12-09 15:49:18,006] {dag.py:2935} INFO - Setting next_dagrun for data_ingestion_yellowtax_dag to 2022-12-09T00:00:00+00:00
[2022-12-09 15:49:18,018] {processor.py:171} INFO - Processing /opt/airflow/dags/data_ingestion_yellowtax_dag.py took 2.204 seconds
[2022-12-09 15:49:48,169] {processor.py:163} INFO - Started process (PID=1959) to work on /opt/airflow/dags/data_ingestion_yellowtax_dag.py
[2022-12-09 15:49:48,178] {processor.py:642} INFO - Processing file /opt/airflow/dags/data_ingestion_yellowtax_dag.py for tasks to queue
[2022-12-09 15:49:48,179] {logging_mixin.py:109} INFO - [2022-12-09 15:49:48,179] {dagbag.py:500} INFO - Filling up the DagBag from /opt/airflow/dags/data_ingestion_yellowtax_dag.py
[2022-12-09 15:49:52,507] {processor.py:654} INFO - DAG(s) dict_keys(['data_ingestion_yellowtax_dag']) retrieved from /opt/airflow/dags/data_ingestion_yellowtax_dag.py
[2022-12-09 15:49:52,612] {logging_mixin.py:109} INFO - [2022-12-09 15:49:52,600] {dag.py:2396} INFO - Sync 1 DAGs
[2022-12-09 15:49:52,671] {logging_mixin.py:109} INFO - [2022-12-09 15:49:52,671] {dag.py:2935} INFO - Setting next_dagrun for data_ingestion_yellowtax_dag to 2022-12-09T00:00:00+00:00
[2022-12-09 15:49:52,701] {processor.py:171} INFO - Processing /opt/airflow/dags/data_ingestion_yellowtax_dag.py took 4.556 seconds
[2022-12-09 15:50:22,843] {processor.py:163} INFO - Started process (PID=1994) to work on /opt/airflow/dags/data_ingestion_yellowtax_dag.py
[2022-12-09 15:50:22,846] {processor.py:642} INFO - Processing file /opt/airflow/dags/data_ingestion_yellowtax_dag.py for tasks to queue
[2022-12-09 15:50:22,854] {logging_mixin.py:109} INFO - [2022-12-09 15:50:22,854] {dagbag.py:500} INFO - Filling up the DagBag from /opt/airflow/dags/data_ingestion_yellowtax_dag.py
[2022-12-09 15:50:24,794] {processor.py:654} INFO - DAG(s) dict_keys(['data_ingestion_yellowtax_dag']) retrieved from /opt/airflow/dags/data_ingestion_yellowtax_dag.py
[2022-12-09 15:50:24,803] {logging_mixin.py:109} INFO - [2022-12-09 15:50:24,803] {dag.py:2396} INFO - Sync 1 DAGs
[2022-12-09 15:50:24,820] {logging_mixin.py:109} INFO - [2022-12-09 15:50:24,820] {dag.py:2935} INFO - Setting next_dagrun for data_ingestion_yellowtax_dag to 2022-12-09T00:00:00+00:00
[2022-12-09 15:50:24,830] {processor.py:171} INFO - Processing /opt/airflow/dags/data_ingestion_yellowtax_dag.py took 2.004 seconds
[2022-12-09 15:50:54,916] {processor.py:163} INFO - Started process (PID=2015) to work on /opt/airflow/dags/data_ingestion_yellowtax_dag.py
[2022-12-09 15:50:54,918] {processor.py:642} INFO - Processing file /opt/airflow/dags/data_ingestion_yellowtax_dag.py for tasks to queue
[2022-12-09 15:50:54,920] {logging_mixin.py:109} INFO - [2022-12-09 15:50:54,919] {dagbag.py:500} INFO - Filling up the DagBag from /opt/airflow/dags/data_ingestion_yellowtax_dag.py
[2022-12-09 15:50:56,221] {processor.py:654} INFO - DAG(s) dict_keys(['data_ingestion_yellowtax_dag']) retrieved from /opt/airflow/dags/data_ingestion_yellowtax_dag.py
[2022-12-09 15:50:56,235] {logging_mixin.py:109} INFO - [2022-12-09 15:50:56,234] {dag.py:2396} INFO - Sync 1 DAGs
[2022-12-09 15:50:56,259] {logging_mixin.py:109} INFO - [2022-12-09 15:50:56,259] {dag.py:2935} INFO - Setting next_dagrun for data_ingestion_yellowtax_dag to 2022-12-09T00:00:00+00:00
[2022-12-09 15:50:56,270] {processor.py:171} INFO - Processing /opt/airflow/dags/data_ingestion_yellowtax_dag.py took 1.363 seconds
[2022-12-09 15:51:26,447] {processor.py:163} INFO - Started process (PID=2039) to work on /opt/airflow/dags/data_ingestion_yellowtax_dag.py
[2022-12-09 15:51:26,450] {processor.py:642} INFO - Processing file /opt/airflow/dags/data_ingestion_yellowtax_dag.py for tasks to queue
[2022-12-09 15:51:26,454] {logging_mixin.py:109} INFO - [2022-12-09 15:51:26,452] {dagbag.py:500} INFO - Filling up the DagBag from /opt/airflow/dags/data_ingestion_yellowtax_dag.py
[2022-12-09 15:51:29,446] {processor.py:654} INFO - DAG(s) dict_keys(['data_ingestion_yellowtax_dag']) retrieved from /opt/airflow/dags/data_ingestion_yellowtax_dag.py
[2022-12-09 15:51:29,514] {logging_mixin.py:109} INFO - [2022-12-09 15:51:29,513] {dag.py:2396} INFO - Sync 1 DAGs
[2022-12-09 15:51:29,611] {logging_mixin.py:109} INFO - [2022-12-09 15:51:29,604] {dag.py:2935} INFO - Setting next_dagrun for data_ingestion_yellowtax_dag to 2022-12-09T00:00:00+00:00
[2022-12-09 15:51:29,679] {processor.py:171} INFO - Processing /opt/airflow/dags/data_ingestion_yellowtax_dag.py took 3.240 seconds
[2022-12-09 15:51:59,905] {processor.py:163} INFO - Started process (PID=2074) to work on /opt/airflow/dags/data_ingestion_yellowtax_dag.py
[2022-12-09 15:51:59,914] {processor.py:642} INFO - Processing file /opt/airflow/dags/data_ingestion_yellowtax_dag.py for tasks to queue
[2022-12-09 15:51:59,915] {logging_mixin.py:109} INFO - [2022-12-09 15:51:59,915] {dagbag.py:500} INFO - Filling up the DagBag from /opt/airflow/dags/data_ingestion_yellowtax_dag.py
[2022-12-09 15:52:02,239] {processor.py:654} INFO - DAG(s) dict_keys(['data_ingestion_yellowtax_dag']) retrieved from /opt/airflow/dags/data_ingestion_yellowtax_dag.py
[2022-12-09 15:52:02,267] {logging_mixin.py:109} INFO - [2022-12-09 15:52:02,266] {dag.py:2396} INFO - Sync 1 DAGs
[2022-12-09 15:52:02,316] {logging_mixin.py:109} INFO - [2022-12-09 15:52:02,316] {dag.py:2935} INFO - Setting next_dagrun for data_ingestion_yellowtax_dag to 2022-12-09T00:00:00+00:00
[2022-12-09 15:52:02,339] {processor.py:171} INFO - Processing /opt/airflow/dags/data_ingestion_yellowtax_dag.py took 2.441 seconds
[2022-12-09 15:52:32,499] {processor.py:163} INFO - Started process (PID=2100) to work on /opt/airflow/dags/data_ingestion_yellowtax_dag.py
[2022-12-09 15:52:32,504] {processor.py:642} INFO - Processing file /opt/airflow/dags/data_ingestion_yellowtax_dag.py for tasks to queue
[2022-12-09 15:52:32,505] {logging_mixin.py:109} INFO - [2022-12-09 15:52:32,505] {dagbag.py:500} INFO - Filling up the DagBag from /opt/airflow/dags/data_ingestion_yellowtax_dag.py
[2022-12-09 15:52:34,326] {processor.py:654} INFO - DAG(s) dict_keys(['data_ingestion_yellowtax_dag']) retrieved from /opt/airflow/dags/data_ingestion_yellowtax_dag.py
[2022-12-09 15:52:34,340] {logging_mixin.py:109} INFO - [2022-12-09 15:52:34,339] {dag.py:2396} INFO - Sync 1 DAGs
[2022-12-09 15:52:34,365] {logging_mixin.py:109} INFO - [2022-12-09 15:52:34,365] {dag.py:2935} INFO - Setting next_dagrun for data_ingestion_yellowtax_dag to 2022-12-09T00:00:00+00:00
[2022-12-09 15:52:34,384] {processor.py:171} INFO - Processing /opt/airflow/dags/data_ingestion_yellowtax_dag.py took 1.890 seconds
[2022-12-09 15:53:04,805] {processor.py:163} INFO - Started process (PID=2127) to work on /opt/airflow/dags/data_ingestion_yellowtax_dag.py
[2022-12-09 15:53:04,816] {processor.py:642} INFO - Processing file /opt/airflow/dags/data_ingestion_yellowtax_dag.py for tasks to queue
[2022-12-09 15:53:04,817] {logging_mixin.py:109} INFO - [2022-12-09 15:53:04,817] {dagbag.py:500} INFO - Filling up the DagBag from /opt/airflow/dags/data_ingestion_yellowtax_dag.py
[2022-12-09 15:53:07,719] {processor.py:654} INFO - DAG(s) dict_keys(['data_ingestion_yellowtax_dag']) retrieved from /opt/airflow/dags/data_ingestion_yellowtax_dag.py
[2022-12-09 15:53:07,741] {logging_mixin.py:109} INFO - [2022-12-09 15:53:07,741] {dag.py:2396} INFO - Sync 1 DAGs
[2022-12-09 15:53:07,784] {logging_mixin.py:109} INFO - [2022-12-09 15:53:07,784] {dag.py:2935} INFO - Setting next_dagrun for data_ingestion_yellowtax_dag to 2022-12-09T00:00:00+00:00
[2022-12-09 15:53:07,819] {processor.py:171} INFO - Processing /opt/airflow/dags/data_ingestion_yellowtax_dag.py took 3.022 seconds
[2022-12-09 15:53:37,996] {processor.py:163} INFO - Started process (PID=2162) to work on /opt/airflow/dags/data_ingestion_yellowtax_dag.py
[2022-12-09 15:53:37,998] {processor.py:642} INFO - Processing file /opt/airflow/dags/data_ingestion_yellowtax_dag.py for tasks to queue
[2022-12-09 15:53:37,998] {logging_mixin.py:109} INFO - [2022-12-09 15:53:37,998] {dagbag.py:500} INFO - Filling up the DagBag from /opt/airflow/dags/data_ingestion_yellowtax_dag.py
[2022-12-09 15:53:39,236] {processor.py:654} INFO - DAG(s) dict_keys(['data_ingestion_yellowtax_dag']) retrieved from /opt/airflow/dags/data_ingestion_yellowtax_dag.py
[2022-12-09 15:53:39,250] {logging_mixin.py:109} INFO - [2022-12-09 15:53:39,249] {dag.py:2396} INFO - Sync 1 DAGs
[2022-12-09 15:53:39,276] {logging_mixin.py:109} INFO - [2022-12-09 15:53:39,276] {dag.py:2935} INFO - Setting next_dagrun for data_ingestion_yellowtax_dag to 2022-12-09T00:00:00+00:00
[2022-12-09 15:53:39,288] {processor.py:171} INFO - Processing /opt/airflow/dags/data_ingestion_yellowtax_dag.py took 1.298 seconds
[2022-12-09 15:54:09,463] {processor.py:163} INFO - Started process (PID=2187) to work on /opt/airflow/dags/data_ingestion_yellowtax_dag.py
[2022-12-09 15:54:09,466] {processor.py:642} INFO - Processing file /opt/airflow/dags/data_ingestion_yellowtax_dag.py for tasks to queue
[2022-12-09 15:54:09,467] {logging_mixin.py:109} INFO - [2022-12-09 15:54:09,467] {dagbag.py:500} INFO - Filling up the DagBag from /opt/airflow/dags/data_ingestion_yellowtax_dag.py
[2022-12-09 15:54:12,837] {processor.py:654} INFO - DAG(s) dict_keys(['data_ingestion_yellowtax_dag']) retrieved from /opt/airflow/dags/data_ingestion_yellowtax_dag.py
[2022-12-09 15:54:12,910] {logging_mixin.py:109} INFO - [2022-12-09 15:54:12,909] {dag.py:2396} INFO - Sync 1 DAGs
[2022-12-09 15:54:13,016] {logging_mixin.py:109} INFO - [2022-12-09 15:54:13,016] {dag.py:2935} INFO - Setting next_dagrun for data_ingestion_yellowtax_dag to 2022-12-09T00:00:00+00:00
[2022-12-09 15:54:13,105] {processor.py:171} INFO - Processing /opt/airflow/dags/data_ingestion_yellowtax_dag.py took 3.648 seconds
[2022-12-09 15:54:43,788] {processor.py:163} INFO - Started process (PID=2222) to work on /opt/airflow/dags/data_ingestion_yellowtax_dag.py
[2022-12-09 15:54:43,806] {processor.py:642} INFO - Processing file /opt/airflow/dags/data_ingestion_yellowtax_dag.py for tasks to queue
[2022-12-09 15:54:43,810] {logging_mixin.py:109} INFO - [2022-12-09 15:54:43,810] {dagbag.py:500} INFO - Filling up the DagBag from /opt/airflow/dags/data_ingestion_yellowtax_dag.py
[2022-12-09 15:54:47,237] {processor.py:654} INFO - DAG(s) dict_keys(['data_ingestion_yellowtax_dag']) retrieved from /opt/airflow/dags/data_ingestion_yellowtax_dag.py
[2022-12-09 15:54:47,271] {logging_mixin.py:109} INFO - [2022-12-09 15:54:47,271] {dag.py:2396} INFO - Sync 1 DAGs
[2022-12-09 15:54:47,316] {logging_mixin.py:109} INFO - [2022-12-09 15:54:47,316] {dag.py:2935} INFO - Setting next_dagrun for data_ingestion_yellowtax_dag to 2022-12-09T00:00:00+00:00
[2022-12-09 15:54:47,354] {processor.py:171} INFO - Processing /opt/airflow/dags/data_ingestion_yellowtax_dag.py took 3.572 seconds
[2022-12-09 15:55:17,554] {processor.py:163} INFO - Started process (PID=2250) to work on /opt/airflow/dags/data_ingestion_yellowtax_dag.py
[2022-12-09 15:55:17,556] {processor.py:642} INFO - Processing file /opt/airflow/dags/data_ingestion_yellowtax_dag.py for tasks to queue
[2022-12-09 15:55:17,556] {logging_mixin.py:109} INFO - [2022-12-09 15:55:17,556] {dagbag.py:500} INFO - Filling up the DagBag from /opt/airflow/dags/data_ingestion_yellowtax_dag.py
[2022-12-09 15:55:19,003] {processor.py:654} INFO - DAG(s) dict_keys(['data_ingestion_yellowtax_dag']) retrieved from /opt/airflow/dags/data_ingestion_yellowtax_dag.py
[2022-12-09 15:55:19,018] {logging_mixin.py:109} INFO - [2022-12-09 15:55:19,018] {dag.py:2396} INFO - Sync 1 DAGs
[2022-12-09 15:55:19,045] {logging_mixin.py:109} INFO - [2022-12-09 15:55:19,044] {dag.py:2935} INFO - Setting next_dagrun for data_ingestion_yellowtax_dag to 2022-12-09T00:00:00+00:00
[2022-12-09 15:55:19,058] {processor.py:171} INFO - Processing /opt/airflow/dags/data_ingestion_yellowtax_dag.py took 1.508 seconds
[2022-12-09 15:55:49,503] {processor.py:163} INFO - Started process (PID=2276) to work on /opt/airflow/dags/data_ingestion_yellowtax_dag.py
[2022-12-09 15:55:49,507] {processor.py:642} INFO - Processing file /opt/airflow/dags/data_ingestion_yellowtax_dag.py for tasks to queue
[2022-12-09 15:55:49,508] {logging_mixin.py:109} INFO - [2022-12-09 15:55:49,508] {dagbag.py:500} INFO - Filling up the DagBag from /opt/airflow/dags/data_ingestion_yellowtax_dag.py
[2022-12-09 15:55:50,868] {processor.py:654} INFO - DAG(s) dict_keys(['data_ingestion_yellowtax_dag']) retrieved from /opt/airflow/dags/data_ingestion_yellowtax_dag.py
[2022-12-09 15:55:50,882] {logging_mixin.py:109} INFO - [2022-12-09 15:55:50,882] {dag.py:2396} INFO - Sync 1 DAGs
[2022-12-09 15:55:50,909] {logging_mixin.py:109} INFO - [2022-12-09 15:55:50,909] {dag.py:2935} INFO - Setting next_dagrun for data_ingestion_yellowtax_dag to 2022-12-09T00:00:00+00:00
[2022-12-09 15:55:50,921] {processor.py:171} INFO - Processing /opt/airflow/dags/data_ingestion_yellowtax_dag.py took 1.425 seconds
[2022-12-09 15:56:21,019] {processor.py:163} INFO - Started process (PID=2300) to work on /opt/airflow/dags/data_ingestion_yellowtax_dag.py
[2022-12-09 15:56:21,021] {processor.py:642} INFO - Processing file /opt/airflow/dags/data_ingestion_yellowtax_dag.py for tasks to queue
[2022-12-09 15:56:21,022] {logging_mixin.py:109} INFO - [2022-12-09 15:56:21,022] {dagbag.py:500} INFO - Filling up the DagBag from /opt/airflow/dags/data_ingestion_yellowtax_dag.py
[2022-12-09 15:56:23,386] {processor.py:654} INFO - DAG(s) dict_keys(['data_ingestion_yellowtax_dag']) retrieved from /opt/airflow/dags/data_ingestion_yellowtax_dag.py
[2022-12-09 15:56:23,414] {logging_mixin.py:109} INFO - [2022-12-09 15:56:23,413] {dag.py:2396} INFO - Sync 1 DAGs
[2022-12-09 15:56:23,475] {logging_mixin.py:109} INFO - [2022-12-09 15:56:23,474] {dag.py:2935} INFO - Setting next_dagrun for data_ingestion_yellowtax_dag to 2022-12-09T00:00:00+00:00
[2022-12-09 15:56:23,510] {processor.py:171} INFO - Processing /opt/airflow/dags/data_ingestion_yellowtax_dag.py took 2.500 seconds
[2022-12-09 15:56:53,748] {processor.py:163} INFO - Started process (PID=2326) to work on /opt/airflow/dags/data_ingestion_yellowtax_dag.py
[2022-12-09 15:56:53,762] {processor.py:642} INFO - Processing file /opt/airflow/dags/data_ingestion_yellowtax_dag.py for tasks to queue
[2022-12-09 15:56:53,773] {logging_mixin.py:109} INFO - [2022-12-09 15:56:53,773] {dagbag.py:500} INFO - Filling up the DagBag from /opt/airflow/dags/data_ingestion_yellowtax_dag.py
[2022-12-09 15:56:57,849] {processor.py:654} INFO - DAG(s) dict_keys(['data_ingestion_yellowtax_dag']) retrieved from /opt/airflow/dags/data_ingestion_yellowtax_dag.py
[2022-12-09 15:56:57,890] {logging_mixin.py:109} INFO - [2022-12-09 15:56:57,889] {dag.py:2396} INFO - Sync 1 DAGs
[2022-12-09 15:56:57,966] {logging_mixin.py:109} INFO - [2022-12-09 15:56:57,966] {dag.py:2935} INFO - Setting next_dagrun for data_ingestion_yellowtax_dag to 2022-12-09T00:00:00+00:00
[2022-12-09 15:56:57,984] {processor.py:171} INFO - Processing /opt/airflow/dags/data_ingestion_yellowtax_dag.py took 4.250 seconds
[2022-12-09 15:57:28,118] {processor.py:163} INFO - Started process (PID=2359) to work on /opt/airflow/dags/data_ingestion_yellowtax_dag.py
[2022-12-09 15:57:28,121] {processor.py:642} INFO - Processing file /opt/airflow/dags/data_ingestion_yellowtax_dag.py for tasks to queue
[2022-12-09 15:57:28,122] {logging_mixin.py:109} INFO - [2022-12-09 15:57:28,122] {dagbag.py:500} INFO - Filling up the DagBag from /opt/airflow/dags/data_ingestion_yellowtax_dag.py
[2022-12-09 15:57:29,302] {processor.py:654} INFO - DAG(s) dict_keys(['data_ingestion_yellowtax_dag']) retrieved from /opt/airflow/dags/data_ingestion_yellowtax_dag.py
[2022-12-09 15:57:29,316] {logging_mixin.py:109} INFO - [2022-12-09 15:57:29,315] {dag.py:2396} INFO - Sync 1 DAGs
[2022-12-09 15:57:29,342] {logging_mixin.py:109} INFO - [2022-12-09 15:57:29,341] {dag.py:2935} INFO - Setting next_dagrun for data_ingestion_yellowtax_dag to 2022-12-09T00:00:00+00:00
[2022-12-09 15:57:29,355] {processor.py:171} INFO - Processing /opt/airflow/dags/data_ingestion_yellowtax_dag.py took 1.246 seconds
[2022-12-09 15:57:59,526] {processor.py:163} INFO - Started process (PID=2383) to work on /opt/airflow/dags/data_ingestion_yellowtax_dag.py
[2022-12-09 15:57:59,534] {processor.py:642} INFO - Processing file /opt/airflow/dags/data_ingestion_yellowtax_dag.py for tasks to queue
[2022-12-09 15:57:59,535] {logging_mixin.py:109} INFO - [2022-12-09 15:57:59,535] {dagbag.py:500} INFO - Filling up the DagBag from /opt/airflow/dags/data_ingestion_yellowtax_dag.py
[2022-12-09 15:58:02,028] {processor.py:654} INFO - DAG(s) dict_keys(['data_ingestion_yellowtax_dag']) retrieved from /opt/airflow/dags/data_ingestion_yellowtax_dag.py
[2022-12-09 15:58:02,065] {logging_mixin.py:109} INFO - [2022-12-09 15:58:02,065] {dag.py:2396} INFO - Sync 1 DAGs
[2022-12-09 15:58:02,136] {logging_mixin.py:109} INFO - [2022-12-09 15:58:02,136] {dag.py:2935} INFO - Setting next_dagrun for data_ingestion_yellowtax_dag to 2022-12-09T00:00:00+00:00
[2022-12-09 15:58:02,165] {processor.py:171} INFO - Processing /opt/airflow/dags/data_ingestion_yellowtax_dag.py took 2.645 seconds
[2022-12-09 15:58:32,466] {processor.py:163} INFO - Started process (PID=2413) to work on /opt/airflow/dags/data_ingestion_yellowtax_dag.py
[2022-12-09 15:58:32,475] {processor.py:642} INFO - Processing file /opt/airflow/dags/data_ingestion_yellowtax_dag.py for tasks to queue
[2022-12-09 15:58:32,485] {logging_mixin.py:109} INFO - [2022-12-09 15:58:32,484] {dagbag.py:500} INFO - Filling up the DagBag from /opt/airflow/dags/data_ingestion_yellowtax_dag.py
[2022-12-09 15:58:36,335] {processor.py:654} INFO - DAG(s) dict_keys(['data_ingestion_yellowtax_dag']) retrieved from /opt/airflow/dags/data_ingestion_yellowtax_dag.py
[2022-12-09 15:58:36,365] {logging_mixin.py:109} INFO - [2022-12-09 15:58:36,364] {dag.py:2396} INFO - Sync 1 DAGs
[2022-12-09 15:58:36,418] {logging_mixin.py:109} INFO - [2022-12-09 15:58:36,418] {dag.py:2935} INFO - Setting next_dagrun for data_ingestion_yellowtax_dag to 2022-12-09T00:00:00+00:00
[2022-12-09 15:58:36,440] {processor.py:171} INFO - Processing /opt/airflow/dags/data_ingestion_yellowtax_dag.py took 4.018 seconds
[2022-12-09 15:59:06,630] {processor.py:163} INFO - Started process (PID=2441) to work on /opt/airflow/dags/data_ingestion_yellowtax_dag.py
[2022-12-09 15:59:06,633] {processor.py:642} INFO - Processing file /opt/airflow/dags/data_ingestion_yellowtax_dag.py for tasks to queue
[2022-12-09 15:59:06,634] {logging_mixin.py:109} INFO - [2022-12-09 15:59:06,634] {dagbag.py:500} INFO - Filling up the DagBag from /opt/airflow/dags/data_ingestion_yellowtax_dag.py
[2022-12-09 15:59:07,816] {processor.py:654} INFO - DAG(s) dict_keys(['data_ingestion_yellowtax_dag']) retrieved from /opt/airflow/dags/data_ingestion_yellowtax_dag.py
[2022-12-09 15:59:07,831] {logging_mixin.py:109} INFO - [2022-12-09 15:59:07,831] {dag.py:2396} INFO - Sync 1 DAGs
[2022-12-09 15:59:07,859] {logging_mixin.py:109} INFO - [2022-12-09 15:59:07,859] {dag.py:2935} INFO - Setting next_dagrun for data_ingestion_yellowtax_dag to 2022-12-09T00:00:00+00:00
[2022-12-09 15:59:07,874] {processor.py:171} INFO - Processing /opt/airflow/dags/data_ingestion_yellowtax_dag.py took 1.250 seconds
[2022-12-09 15:59:38,040] {processor.py:163} INFO - Started process (PID=2465) to work on /opt/airflow/dags/data_ingestion_yellowtax_dag.py
[2022-12-09 15:59:38,042] {processor.py:642} INFO - Processing file /opt/airflow/dags/data_ingestion_yellowtax_dag.py for tasks to queue
[2022-12-09 15:59:38,043] {logging_mixin.py:109} INFO - [2022-12-09 15:59:38,043] {dagbag.py:500} INFO - Filling up the DagBag from /opt/airflow/dags/data_ingestion_yellowtax_dag.py
[2022-12-09 15:59:40,498] {processor.py:654} INFO - DAG(s) dict_keys(['data_ingestion_yellowtax_dag']) retrieved from /opt/airflow/dags/data_ingestion_yellowtax_dag.py
[2022-12-09 15:59:40,526] {logging_mixin.py:109} INFO - [2022-12-09 15:59:40,526] {dag.py:2396} INFO - Sync 1 DAGs
[2022-12-09 15:59:40,601] {logging_mixin.py:109} INFO - [2022-12-09 15:59:40,601] {dag.py:2935} INFO - Setting next_dagrun for data_ingestion_yellowtax_dag to 2022-12-09T00:00:00+00:00
[2022-12-09 15:59:40,655] {processor.py:171} INFO - Processing /opt/airflow/dags/data_ingestion_yellowtax_dag.py took 2.621 seconds
[2022-12-09 16:00:10,802] {processor.py:163} INFO - Started process (PID=2492) to work on /opt/airflow/dags/data_ingestion_yellowtax_dag.py
[2022-12-09 16:00:10,804] {processor.py:642} INFO - Processing file /opt/airflow/dags/data_ingestion_yellowtax_dag.py for tasks to queue
[2022-12-09 16:00:10,805] {logging_mixin.py:109} INFO - [2022-12-09 16:00:10,805] {dagbag.py:500} INFO - Filling up the DagBag from /opt/airflow/dags/data_ingestion_yellowtax_dag.py
[2022-12-09 16:00:14,953] {processor.py:654} INFO - DAG(s) dict_keys(['data_ingestion_yellowtax_dag']) retrieved from /opt/airflow/dags/data_ingestion_yellowtax_dag.py
[2022-12-09 16:00:15,037] {logging_mixin.py:109} INFO - [2022-12-09 16:00:15,036] {dag.py:2396} INFO - Sync 1 DAGs
[2022-12-09 16:00:15,158] {logging_mixin.py:109} INFO - [2022-12-09 16:00:15,158] {dag.py:2935} INFO - Setting next_dagrun for data_ingestion_yellowtax_dag to 2022-12-09T00:00:00+00:00
[2022-12-09 16:00:15,233] {processor.py:171} INFO - Processing /opt/airflow/dags/data_ingestion_yellowtax_dag.py took 4.450 seconds
[2022-12-09 16:00:45,420] {processor.py:163} INFO - Started process (PID=2525) to work on /opt/airflow/dags/data_ingestion_yellowtax_dag.py
[2022-12-09 16:00:45,422] {processor.py:642} INFO - Processing file /opt/airflow/dags/data_ingestion_yellowtax_dag.py for tasks to queue
[2022-12-09 16:00:45,423] {logging_mixin.py:109} INFO - [2022-12-09 16:00:45,423] {dagbag.py:500} INFO - Filling up the DagBag from /opt/airflow/dags/data_ingestion_yellowtax_dag.py
[2022-12-09 16:00:46,671] {processor.py:654} INFO - DAG(s) dict_keys(['data_ingestion_yellowtax_dag']) retrieved from /opt/airflow/dags/data_ingestion_yellowtax_dag.py
[2022-12-09 16:00:46,687] {logging_mixin.py:109} INFO - [2022-12-09 16:00:46,686] {dag.py:2396} INFO - Sync 1 DAGs
[2022-12-09 16:00:46,717] {logging_mixin.py:109} INFO - [2022-12-09 16:00:46,716] {dag.py:2935} INFO - Setting next_dagrun for data_ingestion_yellowtax_dag to 2022-12-09T00:00:00+00:00
[2022-12-09 16:00:46,729] {processor.py:171} INFO - Processing /opt/airflow/dags/data_ingestion_yellowtax_dag.py took 1.316 seconds
[2022-12-09 16:01:16,902] {processor.py:163} INFO - Started process (PID=2550) to work on /opt/airflow/dags/data_ingestion_yellowtax_dag.py
[2022-12-09 16:01:16,912] {processor.py:642} INFO - Processing file /opt/airflow/dags/data_ingestion_yellowtax_dag.py for tasks to queue
[2022-12-09 16:01:16,914] {logging_mixin.py:109} INFO - [2022-12-09 16:01:16,914] {dagbag.py:500} INFO - Filling up the DagBag from /opt/airflow/dags/data_ingestion_yellowtax_dag.py
[2022-12-09 16:01:19,015] {processor.py:654} INFO - DAG(s) dict_keys(['data_ingestion_yellowtax_dag']) retrieved from /opt/airflow/dags/data_ingestion_yellowtax_dag.py
[2022-12-09 16:01:19,029] {logging_mixin.py:109} INFO - [2022-12-09 16:01:19,029] {dag.py:2396} INFO - Sync 1 DAGs
[2022-12-09 16:01:19,058] {logging_mixin.py:109} INFO - [2022-12-09 16:01:19,058] {dag.py:2935} INFO - Setting next_dagrun for data_ingestion_yellowtax_dag to 2022-12-09T00:00:00+00:00
[2022-12-09 16:01:19,081] {processor.py:171} INFO - Processing /opt/airflow/dags/data_ingestion_yellowtax_dag.py took 2.184 seconds
