[2022-12-13 15:27:38,958] {taskinstance.py:1032} INFO - Dependencies all met for <TaskInstance: data_ingestion_tripdata1_dag.local_to_gcs_task manual__2022-12-12T15:20:27.855458+00:00 [queued]>
[2022-12-13 15:27:38,997] {taskinstance.py:1032} INFO - Dependencies all met for <TaskInstance: data_ingestion_tripdata1_dag.local_to_gcs_task manual__2022-12-12T15:20:27.855458+00:00 [queued]>
[2022-12-13 15:27:38,997] {taskinstance.py:1238} INFO - 
--------------------------------------------------------------------------------
[2022-12-13 15:27:38,998] {taskinstance.py:1239} INFO - Starting attempt 18 of 19
[2022-12-13 15:27:38,998] {taskinstance.py:1240} INFO - 
--------------------------------------------------------------------------------
[2022-12-13 15:27:39,027] {taskinstance.py:1259} INFO - Executing <Task(PythonOperator): local_to_gcs_task> on 2022-12-12 15:20:27.855458+00:00
[2022-12-13 15:27:39,045] {standard_task_runner.py:52} INFO - Started process 20450 to run task
[2022-12-13 15:27:39,068] {standard_task_runner.py:76} INFO - Running: ['***', 'tasks', 'run', 'data_ingestion_tripdata1_dag', 'local_to_gcs_task', 'manual__2022-12-12T15:20:27.855458+00:00', '--job-id', '198', '--raw', '--subdir', 'DAGS_FOLDER/data_ingestion_tripdata1_dag.py', '--cfg-path', '/tmp/tmpaf_xrlkk', '--error-file', '/tmp/tmpempo3a26']
[2022-12-13 15:27:39,073] {standard_task_runner.py:77} INFO - Job 198: Subtask local_to_gcs_task
[2022-12-13 15:27:39,302] {logging_mixin.py:109} INFO - Running <TaskInstance: data_ingestion_tripdata1_dag.local_to_gcs_task manual__2022-12-12T15:20:27.855458+00:00 [running]> on host c90fde5b5e35
[2022-12-13 15:27:39,577] {taskinstance.py:1426} INFO - Exporting the following env vars:
AIRFLOW_CTX_DAG_OWNER=***
AIRFLOW_CTX_DAG_ID=data_ingestion_tripdata1_dag
AIRFLOW_CTX_TASK_ID=local_to_gcs_task
AIRFLOW_CTX_EXECUTION_DATE=2022-12-12T15:20:27.855458+00:00
AIRFLOW_CTX_DAG_RUN_ID=manual__2022-12-12T15:20:27.855458+00:00
[2022-12-13 15:27:40,012] {python.py:175} INFO - Done. Returned value was: None
[2022-12-13 15:27:40,059] {taskinstance.py:1277} INFO - Marking task as SUCCESS. dag_id=data_ingestion_tripdata1_dag, task_id=local_to_gcs_task, execution_date=20221212T152027, start_date=20221213T152738, end_date=20221213T152740
[2022-12-13 15:27:40,157] {local_task_job.py:154} INFO - Task exited with return code 0
[2022-12-13 15:27:40,271] {local_task_job.py:264} INFO - 1 downstream tasks scheduled from follow-on schedule check
