[2022-12-11 07:23:55,983] {taskinstance.py:1032} INFO - Dependencies all met for <TaskInstance: data_ingestion_taxizone_dag.format_to_parquet_task scheduled__2022-12-09T00:00:00+00:00 [queued]>
[2022-12-11 07:23:56,114] {taskinstance.py:1032} INFO - Dependencies all met for <TaskInstance: data_ingestion_taxizone_dag.format_to_parquet_task scheduled__2022-12-09T00:00:00+00:00 [queued]>
[2022-12-11 07:23:56,125] {taskinstance.py:1238} INFO - 
--------------------------------------------------------------------------------
[2022-12-11 07:23:56,128] {taskinstance.py:1239} INFO - Starting attempt 1 of 2
[2022-12-11 07:23:56,128] {taskinstance.py:1240} INFO - 
--------------------------------------------------------------------------------
[2022-12-11 07:23:56,262] {taskinstance.py:1259} INFO - Executing <Task(PythonOperator): format_to_parquet_task> on 2022-12-09 00:00:00+00:00
[2022-12-11 07:23:56,354] {standard_task_runner.py:52} INFO - Started process 126 to run task
[2022-12-11 07:23:56,474] {standard_task_runner.py:76} INFO - Running: ['***', 'tasks', 'run', 'data_ingestion_taxizone_dag', 'format_to_parquet_task', 'scheduled__2022-12-09T00:00:00+00:00', '--job-id', '114', '--raw', '--subdir', 'DAGS_FOLDER/data_ingestion_taxizone_dag.py', '--cfg-path', '/tmp/tmpzqv0zs60', '--error-file', '/tmp/tmpptaq_ggu']
[2022-12-11 07:23:56,485] {standard_task_runner.py:77} INFO - Job 114: Subtask format_to_parquet_task
[2022-12-11 07:23:57,482] {logging_mixin.py:109} INFO - Running <TaskInstance: data_ingestion_taxizone_dag.format_to_parquet_task scheduled__2022-12-09T00:00:00+00:00 [running]> on host 95a238f25269
[2022-12-11 07:23:58,110] {taskinstance.py:1426} INFO - Exporting the following env vars:
AIRFLOW_CTX_DAG_OWNER=***
AIRFLOW_CTX_DAG_ID=data_ingestion_taxizone_dag
AIRFLOW_CTX_TASK_ID=format_to_parquet_task
AIRFLOW_CTX_EXECUTION_DATE=2022-12-09T00:00:00+00:00
AIRFLOW_CTX_DAG_RUN_ID=scheduled__2022-12-09T00:00:00+00:00
[2022-12-11 07:24:00,674] {python.py:175} INFO - Done. Returned value was: None
[2022-12-11 07:24:00,833] {taskinstance.py:1277} INFO - Marking task as SUCCESS. dag_id=data_ingestion_taxizone_dag, task_id=format_to_parquet_task, execution_date=20221209T000000, start_date=20221211T072355, end_date=20221211T072400
[2022-12-11 07:24:01,177] {local_task_job.py:154} INFO - Task exited with return code 0
[2022-12-11 07:24:01,923] {local_task_job.py:264} INFO - 0 downstream tasks scheduled from follow-on schedule check
