[2022-12-08 15:38:40,038] {taskinstance.py:1032} INFO - Dependencies all met for <TaskInstance: data_ingestion_taxizone_dag.format_to_parquet_task manual__2022-12-08T14:46:24.822841+00:00 [queued]>
[2022-12-08 15:38:40,084] {taskinstance.py:1032} INFO - Dependencies all met for <TaskInstance: data_ingestion_taxizone_dag.format_to_parquet_task manual__2022-12-08T14:46:24.822841+00:00 [queued]>
[2022-12-08 15:38:40,084] {taskinstance.py:1238} INFO - 
--------------------------------------------------------------------------------
[2022-12-08 15:38:40,085] {taskinstance.py:1239} INFO - Starting attempt 8 of 9
[2022-12-08 15:38:40,085] {taskinstance.py:1240} INFO - 
--------------------------------------------------------------------------------
[2022-12-08 15:38:40,120] {taskinstance.py:1259} INFO - Executing <Task(PythonOperator): format_to_parquet_task> on 2022-12-08 14:46:24.822841+00:00
[2022-12-08 15:38:40,137] {standard_task_runner.py:52} INFO - Started process 183 to run task
[2022-12-08 15:38:40,151] {standard_task_runner.py:76} INFO - Running: ['***', 'tasks', 'run', 'data_ingestion_taxizone_dag', 'format_to_parquet_task', 'manual__2022-12-08T14:46:24.822841+00:00', '--job-id', '82', '--raw', '--subdir', 'DAGS_FOLDER/data_ingestion_taxizone_dag.py', '--cfg-path', '/tmp/tmph22vg8b2', '--error-file', '/tmp/tmpb8f9czeu']
[2022-12-08 15:38:40,153] {standard_task_runner.py:77} INFO - Job 82: Subtask format_to_parquet_task
[2022-12-08 15:38:40,305] {logging_mixin.py:109} INFO - Running <TaskInstance: data_ingestion_taxizone_dag.format_to_parquet_task manual__2022-12-08T14:46:24.822841+00:00 [running]> on host aad807bea3c8
[2022-12-08 15:38:40,469] {taskinstance.py:1426} INFO - Exporting the following env vars:
AIRFLOW_CTX_DAG_OWNER=***
AIRFLOW_CTX_DAG_ID=data_ingestion_taxizone_dag
AIRFLOW_CTX_TASK_ID=format_to_parquet_task
AIRFLOW_CTX_EXECUTION_DATE=2022-12-08T14:46:24.822841+00:00
AIRFLOW_CTX_DAG_RUN_ID=manual__2022-12-08T14:46:24.822841+00:00
[2022-12-08 15:38:41,072] {python.py:175} INFO - Done. Returned value was: None
[2022-12-08 15:38:41,111] {taskinstance.py:1277} INFO - Marking task as SUCCESS. dag_id=data_ingestion_taxizone_dag, task_id=format_to_parquet_task, execution_date=20221208T144624, start_date=20221208T153840, end_date=20221208T153841
[2022-12-08 15:38:41,196] {local_task_job.py:154} INFO - Task exited with return code 0
[2022-12-08 15:38:41,305] {local_task_job.py:264} INFO - 1 downstream tasks scheduled from follow-on schedule check
