[2022-12-08 15:48:00,131] {taskinstance.py:1032} INFO - Dependencies all met for <TaskInstance: data_ingestion_taxizone_dag.format_to_parquet_task manual__2022-12-08T14:46:24.822841+00:00 [queued]>
[2022-12-08 15:48:00,169] {taskinstance.py:1032} INFO - Dependencies all met for <TaskInstance: data_ingestion_taxizone_dag.format_to_parquet_task manual__2022-12-08T14:46:24.822841+00:00 [queued]>
[2022-12-08 15:48:00,169] {taskinstance.py:1238} INFO - 
--------------------------------------------------------------------------------
[2022-12-08 15:48:00,170] {taskinstance.py:1239} INFO - Starting attempt 9 of 10
[2022-12-08 15:48:00,170] {taskinstance.py:1240} INFO - 
--------------------------------------------------------------------------------
[2022-12-08 15:48:00,203] {taskinstance.py:1259} INFO - Executing <Task(PythonOperator): format_to_parquet_task> on 2022-12-08 14:46:24.822841+00:00
[2022-12-08 15:48:00,214] {standard_task_runner.py:52} INFO - Started process 144 to run task
[2022-12-08 15:48:00,232] {standard_task_runner.py:76} INFO - Running: ['***', 'tasks', 'run', 'data_ingestion_taxizone_dag', 'format_to_parquet_task', 'manual__2022-12-08T14:46:24.822841+00:00', '--job-id', '89', '--raw', '--subdir', 'DAGS_FOLDER/data_ingestion_taxizone_dag.py', '--cfg-path', '/tmp/tmpizmbasd1', '--error-file', '/tmp/tmpeydeyo1s']
[2022-12-08 15:48:00,234] {standard_task_runner.py:77} INFO - Job 89: Subtask format_to_parquet_task
[2022-12-08 15:48:00,394] {logging_mixin.py:109} INFO - Running <TaskInstance: data_ingestion_taxizone_dag.format_to_parquet_task manual__2022-12-08T14:46:24.822841+00:00 [running]> on host a75fbd881a46
[2022-12-08 15:48:00,565] {taskinstance.py:1426} INFO - Exporting the following env vars:
AIRFLOW_CTX_DAG_OWNER=***
AIRFLOW_CTX_DAG_ID=data_ingestion_taxizone_dag
AIRFLOW_CTX_TASK_ID=format_to_parquet_task
AIRFLOW_CTX_EXECUTION_DATE=2022-12-08T14:46:24.822841+00:00
AIRFLOW_CTX_DAG_RUN_ID=manual__2022-12-08T14:46:24.822841+00:00
[2022-12-08 15:48:00,808] {python.py:175} INFO - Done. Returned value was: None
[2022-12-08 15:48:00,865] {taskinstance.py:1277} INFO - Marking task as SUCCESS. dag_id=data_ingestion_taxizone_dag, task_id=format_to_parquet_task, execution_date=20221208T144624, start_date=20221208T154800, end_date=20221208T154800
[2022-12-08 15:48:00,996] {local_task_job.py:154} INFO - Task exited with return code 0
[2022-12-08 15:48:01,177] {local_task_job.py:264} INFO - 0 downstream tasks scheduled from follow-on schedule check
