[2022-12-13 06:26:50,615] {taskinstance.py:1032} INFO - Dependencies all met for <TaskInstance: data_ingestion_yellowtax_dag.download_dataset_task scheduled__2022-12-12T00:00:00+00:00 [queued]>
[2022-12-13 06:26:50,697] {taskinstance.py:1032} INFO - Dependencies all met for <TaskInstance: data_ingestion_yellowtax_dag.download_dataset_task scheduled__2022-12-12T00:00:00+00:00 [queued]>
[2022-12-13 06:26:50,697] {taskinstance.py:1238} INFO - 
--------------------------------------------------------------------------------
[2022-12-13 06:26:50,699] {taskinstance.py:1239} INFO - Starting attempt 1 of 2
[2022-12-13 06:26:50,700] {taskinstance.py:1240} INFO - 
--------------------------------------------------------------------------------
[2022-12-13 06:26:50,773] {taskinstance.py:1259} INFO - Executing <Task(BashOperator): download_dataset_task> on 2022-12-12 00:00:00+00:00
[2022-12-13 06:26:50,806] {standard_task_runner.py:52} INFO - Started process 166 to run task
[2022-12-13 06:26:50,836] {standard_task_runner.py:76} INFO - Running: ['***', 'tasks', 'run', 'data_ingestion_yellowtax_dag', 'download_dataset_task', 'scheduled__2022-12-12T00:00:00+00:00', '--job-id', '148', '--raw', '--subdir', 'DAGS_FOLDER/data_ingestion_yellowtax_dag.py', '--cfg-path', '/tmp/tmp7mkf9r80', '--error-file', '/tmp/tmprjkc7upw']
[2022-12-13 06:26:50,882] {standard_task_runner.py:77} INFO - Job 148: Subtask download_dataset_task
[2022-12-13 06:26:51,189] {logging_mixin.py:109} INFO - Running <TaskInstance: data_ingestion_yellowtax_dag.download_dataset_task scheduled__2022-12-12T00:00:00+00:00 [running]> on host c90fde5b5e35
[2022-12-13 06:26:51,738] {taskinstance.py:1426} INFO - Exporting the following env vars:
AIRFLOW_CTX_DAG_OWNER=***
AIRFLOW_CTX_DAG_ID=data_ingestion_yellowtax_dag
AIRFLOW_CTX_TASK_ID=download_dataset_task
AIRFLOW_CTX_EXECUTION_DATE=2022-12-12T00:00:00+00:00
AIRFLOW_CTX_DAG_RUN_ID=scheduled__2022-12-12T00:00:00+00:00
[2022-12-13 06:26:51,746] {subprocess.py:62} INFO - Tmp dir root location: 
 /tmp
[2022-12-13 06:26:51,766] {subprocess.py:74} INFO - Running command: ['bash', '-c', 'curl -sSL https://d37ci6vzurychx.cloudfront.net/trip-data/yellow_tripdata_2019-01.parquet > /opt/***/yellow_tripdata_2019-01.parquet']
[2022-12-13 06:26:51,848] {subprocess.py:85} INFO - Output:
[2022-12-13 06:26:53,059] {subprocess.py:93} INFO - Command exited with return code 0
[2022-12-13 06:26:53,210] {taskinstance.py:1277} INFO - Marking task as SUCCESS. dag_id=data_ingestion_yellowtax_dag, task_id=download_dataset_task, execution_date=20221212T000000, start_date=20221213T062650, end_date=20221213T062653
[2022-12-13 06:26:53,311] {local_task_job.py:154} INFO - Task exited with return code 0
[2022-12-13 06:26:53,427] {local_task_job.py:264} INFO - 1 downstream tasks scheduled from follow-on schedule check
