[2022-12-14 10:18:37,471] {taskinstance.py:1032} INFO - Dependencies all met for <TaskInstance: data_ingestion_tripdata4_dag.bigquery_external_table_task manual__2022-12-14T09:56:02.867341+00:00 [queued]>
[2022-12-14 10:18:37,491] {taskinstance.py:1032} INFO - Dependencies all met for <TaskInstance: data_ingestion_tripdata4_dag.bigquery_external_table_task manual__2022-12-14T09:56:02.867341+00:00 [queued]>
[2022-12-14 10:18:37,491] {taskinstance.py:1238} INFO - 
--------------------------------------------------------------------------------
[2022-12-14 10:18:37,491] {taskinstance.py:1239} INFO - Starting attempt 3 of 4
[2022-12-14 10:18:37,492] {taskinstance.py:1240} INFO - 
--------------------------------------------------------------------------------
[2022-12-14 10:18:37,517] {taskinstance.py:1259} INFO - Executing <Task(BigQueryCreateExternalTableOperator): bigquery_external_table_task> on 2022-12-14 09:56:02.867341+00:00
[2022-12-14 10:18:37,526] {standard_task_runner.py:52} INFO - Started process 3389 to run task
[2022-12-14 10:18:37,539] {standard_task_runner.py:76} INFO - Running: ['***', 'tasks', 'run', 'data_ingestion_tripdata4_dag', 'bigquery_external_table_task', 'manual__2022-12-14T09:56:02.867341+00:00', '--job-id', '276', '--raw', '--subdir', 'DAGS_FOLDER/data_ingestion_tripdata4_dag.py', '--cfg-path', '/tmp/tmp6hqwnody', '--error-file', '/tmp/tmp87pko21h']
[2022-12-14 10:18:37,541] {standard_task_runner.py:77} INFO - Job 276: Subtask bigquery_external_table_task
[2022-12-14 10:18:37,669] {logging_mixin.py:109} INFO - Running <TaskInstance: data_ingestion_tripdata4_dag.bigquery_external_table_task manual__2022-12-14T09:56:02.867341+00:00 [running]> on host f2a8a695a340
[2022-12-14 10:18:37,809] {taskinstance.py:1426} INFO - Exporting the following env vars:
AIRFLOW_CTX_DAG_OWNER=***
AIRFLOW_CTX_DAG_ID=data_ingestion_tripdata4_dag
AIRFLOW_CTX_TASK_ID=bigquery_external_table_task
AIRFLOW_CTX_EXECUTION_DATE=2022-12-14T09:56:02.867341+00:00
AIRFLOW_CTX_DAG_RUN_ID=manual__2022-12-14T09:56:02.867341+00:00
[2022-12-14 10:18:37,812] {crypto.py:82} WARNING - empty cryptography key - values will not be stored encrypted.
[2022-12-14 10:18:38,399] {taskinstance.py:1277} INFO - Marking task as SUCCESS. dag_id=data_ingestion_tripdata4_dag, task_id=bigquery_external_table_task, execution_date=20221214T095602, start_date=20221214T101837, end_date=20221214T101838
[2022-12-14 10:18:38,496] {local_task_job.py:154} INFO - Task exited with return code 0
[2022-12-14 10:18:38,588] {local_task_job.py:264} INFO - 0 downstream tasks scheduled from follow-on schedule check
