[2022-12-09 15:22:51,229] {taskinstance.py:1032} INFO - Dependencies all met for <TaskInstance: data_ingestion_yellowtax_dag.local_to_gcs_task manual__2022-12-08T14:49:42.546622+00:00 [queued]>
[2022-12-09 15:22:51,255] {taskinstance.py:1032} INFO - Dependencies all met for <TaskInstance: data_ingestion_yellowtax_dag.local_to_gcs_task manual__2022-12-08T14:49:42.546622+00:00 [queued]>
[2022-12-09 15:22:51,255] {taskinstance.py:1238} INFO - 
--------------------------------------------------------------------------------
[2022-12-09 15:22:51,256] {taskinstance.py:1239} INFO - Starting attempt 3 of 4
[2022-12-09 15:22:51,256] {taskinstance.py:1240} INFO - 
--------------------------------------------------------------------------------
[2022-12-09 15:22:51,295] {taskinstance.py:1259} INFO - Executing <Task(PythonOperator): local_to_gcs_task> on 2022-12-08 14:49:42.546622+00:00
[2022-12-09 15:22:51,304] {standard_task_runner.py:52} INFO - Started process 533 to run task
[2022-12-09 15:22:51,330] {standard_task_runner.py:76} INFO - Running: ['***', 'tasks', 'run', 'data_ingestion_yellowtax_dag', 'local_to_gcs_task', 'manual__2022-12-08T14:49:42.546622+00:00', '--job-id', '105', '--raw', '--subdir', 'DAGS_FOLDER/data_ingestion_yellowtax_dag.py', '--cfg-path', '/tmp/tmpk45ue_vv', '--error-file', '/tmp/tmpd_dgxawa']
[2022-12-09 15:22:51,337] {standard_task_runner.py:77} INFO - Job 105: Subtask local_to_gcs_task
[2022-12-09 15:22:51,449] {logging_mixin.py:109} INFO - Running <TaskInstance: data_ingestion_yellowtax_dag.local_to_gcs_task manual__2022-12-08T14:49:42.546622+00:00 [running]> on host 95a238f25269
[2022-12-09 15:22:51,599] {taskinstance.py:1426} INFO - Exporting the following env vars:
AIRFLOW_CTX_DAG_OWNER=***
AIRFLOW_CTX_DAG_ID=data_ingestion_yellowtax_dag
AIRFLOW_CTX_TASK_ID=local_to_gcs_task
AIRFLOW_CTX_EXECUTION_DATE=2022-12-08T14:49:42.546622+00:00
AIRFLOW_CTX_DAG_RUN_ID=manual__2022-12-08T14:49:42.546622+00:00
[2022-12-09 15:22:54,756] {python.py:175} INFO - Done. Returned value was: None
[2022-12-09 15:22:54,782] {taskinstance.py:1277} INFO - Marking task as SUCCESS. dag_id=data_ingestion_yellowtax_dag, task_id=local_to_gcs_task, execution_date=20221208T144942, start_date=20221209T152251, end_date=20221209T152254
[2022-12-09 15:22:54,879] {local_task_job.py:154} INFO - Task exited with return code 0
[2022-12-09 15:22:54,941] {local_task_job.py:264} INFO - 1 downstream tasks scheduled from follow-on schedule check
