[2022-12-13 06:26:56,817] {taskinstance.py:1032} INFO - Dependencies all met for <TaskInstance: data_ingestion_yellowtax_dag.local_to_gcs_task scheduled__2022-12-12T00:00:00+00:00 [queued]>
[2022-12-13 06:26:56,849] {taskinstance.py:1032} INFO - Dependencies all met for <TaskInstance: data_ingestion_yellowtax_dag.local_to_gcs_task scheduled__2022-12-12T00:00:00+00:00 [queued]>
[2022-12-13 06:26:56,849] {taskinstance.py:1238} INFO - 
--------------------------------------------------------------------------------
[2022-12-13 06:26:56,850] {taskinstance.py:1239} INFO - Starting attempt 1 of 2
[2022-12-13 06:26:56,850] {taskinstance.py:1240} INFO - 
--------------------------------------------------------------------------------
[2022-12-13 06:26:56,881] {taskinstance.py:1259} INFO - Executing <Task(PythonOperator): local_to_gcs_task> on 2022-12-12 00:00:00+00:00
[2022-12-13 06:26:56,892] {standard_task_runner.py:52} INFO - Started process 173 to run task
[2022-12-13 06:26:56,908] {standard_task_runner.py:76} INFO - Running: ['***', 'tasks', 'run', 'data_ingestion_yellowtax_dag', 'local_to_gcs_task', 'scheduled__2022-12-12T00:00:00+00:00', '--job-id', '150', '--raw', '--subdir', 'DAGS_FOLDER/data_ingestion_yellowtax_dag.py', '--cfg-path', '/tmp/tmp98_qyp4y', '--error-file', '/tmp/tmp7o0oab_0']
[2022-12-13 06:26:56,910] {standard_task_runner.py:77} INFO - Job 150: Subtask local_to_gcs_task
[2022-12-13 06:26:57,121] {logging_mixin.py:109} INFO - Running <TaskInstance: data_ingestion_yellowtax_dag.local_to_gcs_task scheduled__2022-12-12T00:00:00+00:00 [running]> on host c90fde5b5e35
[2022-12-13 06:26:57,284] {taskinstance.py:1426} INFO - Exporting the following env vars:
AIRFLOW_CTX_DAG_OWNER=***
AIRFLOW_CTX_DAG_ID=data_ingestion_yellowtax_dag
AIRFLOW_CTX_TASK_ID=local_to_gcs_task
AIRFLOW_CTX_EXECUTION_DATE=2022-12-12T00:00:00+00:00
AIRFLOW_CTX_DAG_RUN_ID=scheduled__2022-12-12T00:00:00+00:00
[2022-12-13 06:27:01,017] {python.py:175} INFO - Done. Returned value was: None
[2022-12-13 06:27:01,052] {taskinstance.py:1277} INFO - Marking task as SUCCESS. dag_id=data_ingestion_yellowtax_dag, task_id=local_to_gcs_task, execution_date=20221212T000000, start_date=20221213T062656, end_date=20221213T062701
[2022-12-13 06:27:01,135] {local_task_job.py:154} INFO - Task exited with return code 0
[2022-12-13 06:27:01,268] {local_task_job.py:264} INFO - 1 downstream tasks scheduled from follow-on schedule check
