[2022-12-12 11:09:37,451] {taskinstance.py:1032} INFO - Dependencies all met for <TaskInstance: data_ingestion_yellowtax_dag.local_to_gcs_task scheduled__2022-12-11T00:00:00+00:00 [queued]>
[2022-12-12 11:09:37,650] {taskinstance.py:1032} INFO - Dependencies all met for <TaskInstance: data_ingestion_yellowtax_dag.local_to_gcs_task scheduled__2022-12-11T00:00:00+00:00 [queued]>
[2022-12-12 11:09:37,668] {taskinstance.py:1238} INFO - 
--------------------------------------------------------------------------------
[2022-12-12 11:09:37,686] {taskinstance.py:1239} INFO - Starting attempt 1 of 2
[2022-12-12 11:09:37,687] {taskinstance.py:1240} INFO - 
--------------------------------------------------------------------------------
[2022-12-12 11:09:37,858] {taskinstance.py:1259} INFO - Executing <Task(PythonOperator): local_to_gcs_task> on 2022-12-11 00:00:00+00:00
[2022-12-12 11:09:37,943] {standard_task_runner.py:52} INFO - Started process 68452 to run task
[2022-12-12 11:09:37,991] {standard_task_runner.py:76} INFO - Running: ['***', 'tasks', 'run', 'data_ingestion_yellowtax_dag', 'local_to_gcs_task', 'scheduled__2022-12-11T00:00:00+00:00', '--job-id', '130', '--raw', '--subdir', 'DAGS_FOLDER/data_ingestion_yellowtax_dag.py', '--cfg-path', '/tmp/tmpg33fg71c', '--error-file', '/tmp/tmpgfor1wur']
[2022-12-12 11:09:38,041] {standard_task_runner.py:77} INFO - Job 130: Subtask local_to_gcs_task
[2022-12-12 11:09:38,801] {logging_mixin.py:109} INFO - Running <TaskInstance: data_ingestion_yellowtax_dag.local_to_gcs_task scheduled__2022-12-11T00:00:00+00:00 [running]> on host 95a238f25269
[2022-12-12 11:09:39,702] {taskinstance.py:1426} INFO - Exporting the following env vars:
AIRFLOW_CTX_DAG_OWNER=***
AIRFLOW_CTX_DAG_ID=data_ingestion_yellowtax_dag
AIRFLOW_CTX_TASK_ID=local_to_gcs_task
AIRFLOW_CTX_EXECUTION_DATE=2022-12-11T00:00:00+00:00
AIRFLOW_CTX_DAG_RUN_ID=scheduled__2022-12-11T00:00:00+00:00
[2022-12-12 11:09:47,072] {python.py:175} INFO - Done. Returned value was: None
[2022-12-12 11:09:47,250] {taskinstance.py:1277} INFO - Marking task as SUCCESS. dag_id=data_ingestion_yellowtax_dag, task_id=local_to_gcs_task, execution_date=20221211T000000, start_date=20221212T110937, end_date=20221212T110947
[2022-12-12 11:09:47,677] {local_task_job.py:154} INFO - Task exited with return code 0
[2022-12-12 11:09:48,177] {local_task_job.py:264} INFO - 1 downstream tasks scheduled from follow-on schedule check
