[2022-12-05 07:33:52,102] {taskinstance.py:1032} INFO - Dependencies all met for <TaskInstance: data_ingestion_gcs_dag.format_to_csv_task scheduled__2022-12-04T00:00:00+00:00 [queued]>
[2022-12-05 07:33:52,126] {taskinstance.py:1032} INFO - Dependencies all met for <TaskInstance: data_ingestion_gcs_dag.format_to_csv_task scheduled__2022-12-04T00:00:00+00:00 [queued]>
[2022-12-05 07:33:52,126] {taskinstance.py:1238} INFO - 
--------------------------------------------------------------------------------
[2022-12-05 07:33:52,127] {taskinstance.py:1239} INFO - Starting attempt 2 of 3
[2022-12-05 07:33:52,127] {taskinstance.py:1240} INFO - 
--------------------------------------------------------------------------------
[2022-12-05 07:33:52,156] {taskinstance.py:1259} INFO - Executing <Task(PythonOperator): format_to_csv_task> on 2022-12-04 00:00:00+00:00
[2022-12-05 07:33:52,168] {standard_task_runner.py:52} INFO - Started process 169 to run task
[2022-12-05 07:33:52,183] {standard_task_runner.py:76} INFO - Running: ['***', 'tasks', 'run', 'data_ingestion_gcs_dag', 'format_to_csv_task', 'scheduled__2022-12-04T00:00:00+00:00', '--job-id', '116', '--raw', '--subdir', 'DAGS_FOLDER/data_ingestion_gcs_dag.py', '--cfg-path', '/tmp/tmpkfe5qwbd', '--error-file', '/tmp/tmpf3kabyqf']
[2022-12-05 07:33:52,185] {standard_task_runner.py:77} INFO - Job 116: Subtask format_to_csv_task
[2022-12-05 07:33:52,318] {logging_mixin.py:109} INFO - Running <TaskInstance: data_ingestion_gcs_dag.format_to_csv_task scheduled__2022-12-04T00:00:00+00:00 [running]> on host 6efb45a5158d
[2022-12-05 07:33:52,440] {taskinstance.py:1426} INFO - Exporting the following env vars:
AIRFLOW_CTX_DAG_OWNER=***
AIRFLOW_CTX_DAG_ID=data_ingestion_gcs_dag
AIRFLOW_CTX_TASK_ID=format_to_csv_task
AIRFLOW_CTX_EXECUTION_DATE=2022-12-04T00:00:00+00:00
AIRFLOW_CTX_DAG_RUN_ID=scheduled__2022-12-04T00:00:00+00:00
[2022-12-05 07:33:52,478] {python.py:175} INFO - Done. Returned value was: None
[2022-12-05 07:33:52,498] {taskinstance.py:1277} INFO - Marking task as SUCCESS. dag_id=data_ingestion_gcs_dag, task_id=format_to_csv_task, execution_date=20221204T000000, start_date=20221205T073352, end_date=20221205T073352
[2022-12-05 07:33:52,567] {local_task_job.py:154} INFO - Task exited with return code 0
[2022-12-05 07:33:52,641] {local_task_job.py:264} INFO - 1 downstream tasks scheduled from follow-on schedule check
[2022-12-05 11:39:56,053] {taskinstance.py:1032} INFO - Dependencies all met for <TaskInstance: data_ingestion_gcs_dag.format_to_csv_task scheduled__2022-12-04T00:00:00+00:00 [queued]>
[2022-12-05 11:39:56,066] {taskinstance.py:1032} INFO - Dependencies all met for <TaskInstance: data_ingestion_gcs_dag.format_to_csv_task scheduled__2022-12-04T00:00:00+00:00 [queued]>
[2022-12-05 11:39:56,066] {taskinstance.py:1238} INFO - 
--------------------------------------------------------------------------------
[2022-12-05 11:39:56,066] {taskinstance.py:1239} INFO - Starting attempt 2 of 3
[2022-12-05 11:39:56,066] {taskinstance.py:1240} INFO - 
--------------------------------------------------------------------------------
[2022-12-05 11:39:56,079] {taskinstance.py:1259} INFO - Executing <Task(PythonOperator): format_to_csv_task> on 2022-12-04 00:00:00+00:00
[2022-12-05 11:39:56,087] {standard_task_runner.py:52} INFO - Started process 172 to run task
[2022-12-05 11:39:56,094] {standard_task_runner.py:76} INFO - Running: ['***', 'tasks', 'run', 'data_ingestion_gcs_dag', 'format_to_csv_task', 'scheduled__2022-12-04T00:00:00+00:00', '--job-id', '14', '--raw', '--subdir', 'DAGS_FOLDER/data_ingestion_gcs_dag.py', '--cfg-path', '/tmp/tmpbyyunnpw', '--error-file', '/tmp/tmp_d9hyq65']
[2022-12-05 11:39:56,095] {standard_task_runner.py:77} INFO - Job 14: Subtask format_to_csv_task
[2022-12-05 11:39:56,161] {logging_mixin.py:109} INFO - Running <TaskInstance: data_ingestion_gcs_dag.format_to_csv_task scheduled__2022-12-04T00:00:00+00:00 [running]> on host 2bdf78053424
[2022-12-05 11:39:56,225] {taskinstance.py:1426} INFO - Exporting the following env vars:
AIRFLOW_CTX_DAG_OWNER=***
AIRFLOW_CTX_DAG_ID=data_ingestion_gcs_dag
AIRFLOW_CTX_TASK_ID=format_to_csv_task
AIRFLOW_CTX_EXECUTION_DATE=2022-12-04T00:00:00+00:00
AIRFLOW_CTX_DAG_RUN_ID=scheduled__2022-12-04T00:00:00+00:00
[2022-12-05 11:39:56,248] {python.py:175} INFO - Done. Returned value was: None
[2022-12-05 11:39:56,262] {taskinstance.py:1277} INFO - Marking task as SUCCESS. dag_id=data_ingestion_gcs_dag, task_id=format_to_csv_task, execution_date=20221204T000000, start_date=20221205T113956, end_date=20221205T113956
[2022-12-05 11:39:56,307] {local_task_job.py:154} INFO - Task exited with return code 0
[2022-12-05 11:39:56,355] {local_task_job.py:264} INFO - 1 downstream tasks scheduled from follow-on schedule check
