[2022-12-08 10:16:16,442] {taskinstance.py:1032} INFO - Dependencies all met for <TaskInstance: data_ingestion_gcs_dag.local_to_gcs_task scheduled__2022-12-07T00:00:00+00:00 [queued]>
[2022-12-08 10:16:16,471] {taskinstance.py:1032} INFO - Dependencies all met for <TaskInstance: data_ingestion_gcs_dag.local_to_gcs_task scheduled__2022-12-07T00:00:00+00:00 [queued]>
[2022-12-08 10:16:16,472] {taskinstance.py:1238} INFO - 
--------------------------------------------------------------------------------
[2022-12-08 10:16:16,472] {taskinstance.py:1239} INFO - Starting attempt 1 of 2
[2022-12-08 10:16:16,472] {taskinstance.py:1240} INFO - 
--------------------------------------------------------------------------------
[2022-12-08 10:16:16,511] {taskinstance.py:1259} INFO - Executing <Task(PythonOperator): local_to_gcs_task> on 2022-12-07 00:00:00+00:00
[2022-12-08 10:16:16,527] {standard_task_runner.py:52} INFO - Started process 156 to run task
[2022-12-08 10:16:16,548] {standard_task_runner.py:76} INFO - Running: ['***', 'tasks', 'run', 'data_ingestion_gcs_dag', 'local_to_gcs_task', 'scheduled__2022-12-07T00:00:00+00:00', '--job-id', '10', '--raw', '--subdir', 'DAGS_FOLDER/data_ingestion_gcs_dag.py', '--cfg-path', '/tmp/tmpcogacw3n', '--error-file', '/tmp/tmpl9uvxy80']
[2022-12-08 10:16:16,563] {standard_task_runner.py:77} INFO - Job 10: Subtask local_to_gcs_task
[2022-12-08 10:16:16,662] {logging_mixin.py:109} INFO - Running <TaskInstance: data_ingestion_gcs_dag.local_to_gcs_task scheduled__2022-12-07T00:00:00+00:00 [running]> on host 130fbc517d11
[2022-12-08 10:16:16,763] {taskinstance.py:1426} INFO - Exporting the following env vars:
AIRFLOW_CTX_DAG_OWNER=***
AIRFLOW_CTX_DAG_ID=data_ingestion_gcs_dag
AIRFLOW_CTX_TASK_ID=local_to_gcs_task
AIRFLOW_CTX_EXECUTION_DATE=2022-12-07T00:00:00+00:00
AIRFLOW_CTX_DAG_RUN_ID=scheduled__2022-12-07T00:00:00+00:00
[2022-12-08 10:16:17,875] {python.py:175} INFO - Done. Returned value was: None
[2022-12-08 10:16:17,891] {taskinstance.py:1277} INFO - Marking task as SUCCESS. dag_id=data_ingestion_gcs_dag, task_id=local_to_gcs_task, execution_date=20221207T000000, start_date=20221208T101616, end_date=20221208T101617
[2022-12-08 10:16:17,937] {local_task_job.py:154} INFO - Task exited with return code 0
[2022-12-08 10:16:17,977] {local_task_job.py:264} INFO - 1 downstream tasks scheduled from follow-on schedule check
