[2022-12-09 15:14:03,042] {taskinstance.py:1032} INFO - Dependencies all met for <TaskInstance: data_ingestion_taxizone_dag.download_dataset_task scheduled__2022-12-08T00:00:00+00:00 [queued]>
[2022-12-09 15:14:03,085] {taskinstance.py:1032} INFO - Dependencies all met for <TaskInstance: data_ingestion_taxizone_dag.download_dataset_task scheduled__2022-12-08T00:00:00+00:00 [queued]>
[2022-12-09 15:14:03,086] {taskinstance.py:1238} INFO - 
--------------------------------------------------------------------------------
[2022-12-09 15:14:03,086] {taskinstance.py:1239} INFO - Starting attempt 1 of 2
[2022-12-09 15:14:03,086] {taskinstance.py:1240} INFO - 
--------------------------------------------------------------------------------
[2022-12-09 15:14:03,123] {taskinstance.py:1259} INFO - Executing <Task(BashOperator): download_dataset_task> on 2022-12-08 00:00:00+00:00
[2022-12-09 15:14:03,136] {standard_task_runner.py:52} INFO - Started process 121 to run task
[2022-12-09 15:14:03,154] {standard_task_runner.py:76} INFO - Running: ['***', 'tasks', 'run', 'data_ingestion_taxizone_dag', 'download_dataset_task', 'scheduled__2022-12-08T00:00:00+00:00', '--job-id', '94', '--raw', '--subdir', 'DAGS_FOLDER/data_ingestion_taxizone_dag.py', '--cfg-path', '/tmp/tmpbqqwt8pu', '--error-file', '/tmp/tmp_670pa78']
[2022-12-09 15:14:03,155] {standard_task_runner.py:77} INFO - Job 94: Subtask download_dataset_task
[2022-12-09 15:14:03,353] {logging_mixin.py:109} INFO - Running <TaskInstance: data_ingestion_taxizone_dag.download_dataset_task scheduled__2022-12-08T00:00:00+00:00 [running]> on host 95a238f25269
[2022-12-09 15:14:03,485] {taskinstance.py:1426} INFO - Exporting the following env vars:
AIRFLOW_CTX_DAG_OWNER=***
AIRFLOW_CTX_DAG_ID=data_ingestion_taxizone_dag
AIRFLOW_CTX_TASK_ID=download_dataset_task
AIRFLOW_CTX_EXECUTION_DATE=2022-12-08T00:00:00+00:00
AIRFLOW_CTX_DAG_RUN_ID=scheduled__2022-12-08T00:00:00+00:00
[2022-12-09 15:14:03,488] {subprocess.py:62} INFO - Tmp dir root location: 
 /tmp
[2022-12-09 15:14:03,489] {subprocess.py:74} INFO - Running command: ['bash', '-c', 'curl -sSL https://d37ci6vzurychx.cloudfront.net/misc/taxi+_zone_lookup.csv > /opt/***/taxi+_zone_lookup.csv']
[2022-12-09 15:14:03,526] {subprocess.py:85} INFO - Output:
[2022-12-09 15:14:03,799] {subprocess.py:93} INFO - Command exited with return code 0
[2022-12-09 15:14:03,847] {taskinstance.py:1277} INFO - Marking task as SUCCESS. dag_id=data_ingestion_taxizone_dag, task_id=download_dataset_task, execution_date=20221208T000000, start_date=20221209T151403, end_date=20221209T151403
[2022-12-09 15:14:03,896] {local_task_job.py:154} INFO - Task exited with return code 0
[2022-12-09 15:14:03,973] {local_task_job.py:264} INFO - 1 downstream tasks scheduled from follow-on schedule check
