[2022-12-14 09:55:49,378] {taskinstance.py:1032} INFO - Dependencies all met for <TaskInstance: data_ingestion_tripdata3_dag.local_to_gcs_task scheduled__2022-12-13T00:00:00+00:00 [queued]>
[2022-12-14 09:55:49,435] {taskinstance.py:1032} INFO - Dependencies all met for <TaskInstance: data_ingestion_tripdata3_dag.local_to_gcs_task scheduled__2022-12-13T00:00:00+00:00 [queued]>
[2022-12-14 09:55:49,436] {taskinstance.py:1238} INFO - 
--------------------------------------------------------------------------------
[2022-12-14 09:55:49,449] {taskinstance.py:1239} INFO - Starting attempt 1 of 2
[2022-12-14 09:55:49,449] {taskinstance.py:1240} INFO - 
--------------------------------------------------------------------------------
[2022-12-14 09:55:49,511] {taskinstance.py:1259} INFO - Executing <Task(PythonOperator): local_to_gcs_task> on 2022-12-13 00:00:00+00:00
[2022-12-14 09:55:49,551] {standard_task_runner.py:52} INFO - Started process 2499 to run task
[2022-12-14 09:55:49,587] {standard_task_runner.py:76} INFO - Running: ['***', 'tasks', 'run', 'data_ingestion_tripdata3_dag', 'local_to_gcs_task', 'scheduled__2022-12-13T00:00:00+00:00', '--job-id', '261', '--raw', '--subdir', 'DAGS_FOLDER/data_ingestion_tripdata3_dag.py', '--cfg-path', '/tmp/tmp7trvn6jy', '--error-file', '/tmp/tmpzgz72xg7']
[2022-12-14 09:55:49,599] {standard_task_runner.py:77} INFO - Job 261: Subtask local_to_gcs_task
[2022-12-14 09:55:49,949] {logging_mixin.py:109} INFO - Running <TaskInstance: data_ingestion_tripdata3_dag.local_to_gcs_task scheduled__2022-12-13T00:00:00+00:00 [running]> on host f2a8a695a340
[2022-12-14 09:55:50,362] {taskinstance.py:1426} INFO - Exporting the following env vars:
AIRFLOW_CTX_DAG_OWNER=***
AIRFLOW_CTX_DAG_ID=data_ingestion_tripdata3_dag
AIRFLOW_CTX_TASK_ID=local_to_gcs_task
AIRFLOW_CTX_EXECUTION_DATE=2022-12-13T00:00:00+00:00
AIRFLOW_CTX_DAG_RUN_ID=scheduled__2022-12-13T00:00:00+00:00
[2022-12-14 09:55:51,155] {python.py:175} INFO - Done. Returned value was: None
[2022-12-14 09:55:51,242] {taskinstance.py:1277} INFO - Marking task as SUCCESS. dag_id=data_ingestion_tripdata3_dag, task_id=local_to_gcs_task, execution_date=20221213T000000, start_date=20221214T095549, end_date=20221214T095551
[2022-12-14 09:55:51,417] {local_task_job.py:154} INFO - Task exited with return code 0
[2022-12-14 09:55:51,621] {local_task_job.py:264} INFO - 1 downstream tasks scheduled from follow-on schedule check
