[2022-12-08 11:30:19,771] {taskinstance.py:1032} INFO - Dependencies all met for <TaskInstance: data_ingestion_fhv_dag.download_dataset_task scheduled__2022-12-07T00:00:00+00:00 [queued]>
[2022-12-08 11:30:19,866] {taskinstance.py:1032} INFO - Dependencies all met for <TaskInstance: data_ingestion_fhv_dag.download_dataset_task scheduled__2022-12-07T00:00:00+00:00 [queued]>
[2022-12-08 11:30:19,881] {taskinstance.py:1238} INFO - 
--------------------------------------------------------------------------------
[2022-12-08 11:30:19,881] {taskinstance.py:1239} INFO - Starting attempt 1 of 2
[2022-12-08 11:30:19,881] {taskinstance.py:1240} INFO - 
--------------------------------------------------------------------------------
[2022-12-08 11:30:20,130] {taskinstance.py:1259} INFO - Executing <Task(BashOperator): download_dataset_task> on 2022-12-07 00:00:00+00:00
[2022-12-08 11:30:20,347] {standard_task_runner.py:52} INFO - Started process 447 to run task
[2022-12-08 11:30:20,423] {standard_task_runner.py:76} INFO - Running: ['***', 'tasks', 'run', 'data_ingestion_fhv_dag', 'download_dataset_task', 'scheduled__2022-12-07T00:00:00+00:00', '--job-id', '19', '--raw', '--subdir', 'DAGS_FOLDER/data_ingestion_fhv_dag.py', '--cfg-path', '/tmp/tmpnwbj0i_t', '--error-file', '/tmp/tmp2v92xpxt']
[2022-12-08 11:30:20,488] {standard_task_runner.py:77} INFO - Job 19: Subtask download_dataset_task
[2022-12-08 11:30:21,997] {logging_mixin.py:109} INFO - Running <TaskInstance: data_ingestion_fhv_dag.download_dataset_task scheduled__2022-12-07T00:00:00+00:00 [running]> on host abfb861806c7
[2022-12-08 11:30:23,620] {taskinstance.py:1426} INFO - Exporting the following env vars:
AIRFLOW_CTX_DAG_OWNER=***
AIRFLOW_CTX_DAG_ID=data_ingestion_fhv_dag
AIRFLOW_CTX_TASK_ID=download_dataset_task
AIRFLOW_CTX_EXECUTION_DATE=2022-12-07T00:00:00+00:00
AIRFLOW_CTX_DAG_RUN_ID=scheduled__2022-12-07T00:00:00+00:00
[2022-12-08 11:30:23,785] {subprocess.py:62} INFO - Tmp dir root location: 
 /tmp
[2022-12-08 11:30:23,789] {subprocess.py:74} INFO - Running command: ['bash', '-c', 'curl -sSL https://d37ci6vzurychx.cloudfront.net/trip-data/fhv_tripdata_2022-01.parquet > /opt/***/fhv_tripdata_2022-01.parquet']
[2022-12-08 11:30:24,433] {subprocess.py:85} INFO - Output:
[2022-12-08 11:30:26,333] {subprocess.py:93} INFO - Command exited with return code 0
[2022-12-08 11:30:28,520] {taskinstance.py:1277} INFO - Marking task as SUCCESS. dag_id=data_ingestion_fhv_dag, task_id=download_dataset_task, execution_date=20221207T000000, start_date=20221208T113019, end_date=20221208T113028
[2022-12-08 11:30:28,733] {local_task_job.py:154} INFO - Task exited with return code 0
[2022-12-08 11:30:29,197] {local_task_job.py:264} INFO - 1 downstream tasks scheduled from follow-on schedule check
