[2022-12-08 11:31:41,534] {taskinstance.py:1032} INFO - Dependencies all met for <TaskInstance: data_ingestion_fhvhv_dag.bigquery_external_table_task manual__2022-12-08T11:30:35.505095+00:00 [queued]>
[2022-12-08 11:31:41,551] {taskinstance.py:1032} INFO - Dependencies all met for <TaskInstance: data_ingestion_fhvhv_dag.bigquery_external_table_task manual__2022-12-08T11:30:35.505095+00:00 [queued]>
[2022-12-08 11:31:41,551] {taskinstance.py:1238} INFO - 
--------------------------------------------------------------------------------
[2022-12-08 11:31:41,551] {taskinstance.py:1239} INFO - Starting attempt 1 of 2
[2022-12-08 11:31:41,551] {taskinstance.py:1240} INFO - 
--------------------------------------------------------------------------------
[2022-12-08 11:31:41,574] {taskinstance.py:1259} INFO - Executing <Task(BigQueryCreateExternalTableOperator): bigquery_external_table_task> on 2022-12-08 11:30:35.505095+00:00
[2022-12-08 11:31:41,582] {standard_task_runner.py:52} INFO - Started process 551 to run task
[2022-12-08 11:31:41,595] {standard_task_runner.py:76} INFO - Running: ['***', 'tasks', 'run', 'data_ingestion_fhvhv_dag', 'bigquery_external_table_task', 'manual__2022-12-08T11:30:35.505095+00:00', '--job-id', '36', '--raw', '--subdir', 'DAGS_FOLDER/data_ingestion_fhvhv_dag.py', '--cfg-path', '/tmp/tmpzf5v00my', '--error-file', '/tmp/tmpbe_7fgj_']
[2022-12-08 11:31:41,596] {standard_task_runner.py:77} INFO - Job 36: Subtask bigquery_external_table_task
[2022-12-08 11:31:41,703] {logging_mixin.py:109} INFO - Running <TaskInstance: data_ingestion_fhvhv_dag.bigquery_external_table_task manual__2022-12-08T11:30:35.505095+00:00 [running]> on host abfb861806c7
[2022-12-08 11:31:41,832] {taskinstance.py:1426} INFO - Exporting the following env vars:
AIRFLOW_CTX_DAG_OWNER=***
AIRFLOW_CTX_DAG_ID=data_ingestion_fhvhv_dag
AIRFLOW_CTX_TASK_ID=bigquery_external_table_task
AIRFLOW_CTX_EXECUTION_DATE=2022-12-08T11:30:35.505095+00:00
AIRFLOW_CTX_DAG_RUN_ID=manual__2022-12-08T11:30:35.505095+00:00
[2022-12-08 11:31:41,834] {crypto.py:82} WARNING - empty cryptography key - values will not be stored encrypted.
[2022-12-08 11:31:42,403] {taskinstance.py:1277} INFO - Marking task as SUCCESS. dag_id=data_ingestion_fhvhv_dag, task_id=bigquery_external_table_task, execution_date=20221208T113035, start_date=20221208T113141, end_date=20221208T113142
[2022-12-08 11:31:42,500] {local_task_job.py:154} INFO - Task exited with return code 0
[2022-12-08 11:31:42,712] {local_task_job.py:264} INFO - 0 downstream tasks scheduled from follow-on schedule check
