[2022-12-14 04:08:05,551] {taskinstance.py:1032} INFO - Dependencies all met for <TaskInstance: data_ingestion_tripdata1_dag.download_dataset_task scheduled__2022-12-13T00:00:00+00:00 [queued]>
[2022-12-14 04:08:05,570] {taskinstance.py:1032} INFO - Dependencies all met for <TaskInstance: data_ingestion_tripdata1_dag.download_dataset_task scheduled__2022-12-13T00:00:00+00:00 [queued]>
[2022-12-14 04:08:05,570] {taskinstance.py:1238} INFO - 
--------------------------------------------------------------------------------
[2022-12-14 04:08:05,570] {taskinstance.py:1239} INFO - Starting attempt 2 of 3
[2022-12-14 04:08:05,570] {taskinstance.py:1240} INFO - 
--------------------------------------------------------------------------------
[2022-12-14 04:08:05,601] {taskinstance.py:1259} INFO - Executing <Task(BashOperator): download_dataset_task> on 2022-12-13 00:00:00+00:00
[2022-12-14 04:08:05,611] {standard_task_runner.py:52} INFO - Started process 50249 to run task
[2022-12-14 04:08:05,630] {standard_task_runner.py:76} INFO - Running: ['***', 'tasks', 'run', 'data_ingestion_tripdata1_dag', 'download_dataset_task', 'scheduled__2022-12-13T00:00:00+00:00', '--job-id', '208', '--raw', '--subdir', 'DAGS_FOLDER/data_ingestion_tripdata1_dag.py', '--cfg-path', '/tmp/tmp_u2dhmd7', '--error-file', '/tmp/tmp2v8zs0aw']
[2022-12-14 04:08:05,641] {standard_task_runner.py:77} INFO - Job 208: Subtask download_dataset_task
[2022-12-14 04:08:05,826] {logging_mixin.py:109} INFO - Running <TaskInstance: data_ingestion_tripdata1_dag.download_dataset_task scheduled__2022-12-13T00:00:00+00:00 [running]> on host c90fde5b5e35
[2022-12-14 04:08:06,108] {taskinstance.py:1426} INFO - Exporting the following env vars:
AIRFLOW_CTX_DAG_OWNER=***
AIRFLOW_CTX_DAG_ID=data_ingestion_tripdata1_dag
AIRFLOW_CTX_TASK_ID=download_dataset_task
AIRFLOW_CTX_EXECUTION_DATE=2022-12-13T00:00:00+00:00
AIRFLOW_CTX_DAG_RUN_ID=scheduled__2022-12-13T00:00:00+00:00
[2022-12-14 04:08:06,110] {subprocess.py:62} INFO - Tmp dir root location: 
 /tmp
[2022-12-14 04:08:06,111] {subprocess.py:74} INFO - Running command: ['bash', '-c', 'curl -sSL https://storage.cloud.google.com/data-fellowship08-nyoba/part-00006-64ea0de6-d39a-42f0-9ba5-2200d99d66d6-c000.snappy.parquet > /opt/***/part-00006-64ea0de6-d39a-42f0-9ba5-2200d99d66d6-c000.snappy.parquet']
[2022-12-14 04:08:06,150] {subprocess.py:85} INFO - Output:
[2022-12-14 04:08:06,342] {subprocess.py:93} INFO - Command exited with return code 0
[2022-12-14 04:08:06,458] {taskinstance.py:1277} INFO - Marking task as SUCCESS. dag_id=data_ingestion_tripdata1_dag, task_id=download_dataset_task, execution_date=20221213T000000, start_date=20221214T040805, end_date=20221214T040806
[2022-12-14 04:08:06,552] {local_task_job.py:154} INFO - Task exited with return code 0
[2022-12-14 04:08:06,731] {local_task_job.py:264} INFO - 1 downstream tasks scheduled from follow-on schedule check
