[2022-12-06 00:00:13,197] {taskinstance.py:1032} INFO - Dependencies all met for <TaskInstance: data_ingestion_gcs_dag.format_to_parquet_task scheduled__2022-12-05T00:00:00+00:00 [queued]>
[2022-12-06 00:00:13,224] {taskinstance.py:1032} INFO - Dependencies all met for <TaskInstance: data_ingestion_gcs_dag.format_to_parquet_task scheduled__2022-12-05T00:00:00+00:00 [queued]>
[2022-12-06 00:00:13,224] {taskinstance.py:1238} INFO - 
--------------------------------------------------------------------------------
[2022-12-06 00:00:13,224] {taskinstance.py:1239} INFO - Starting attempt 1 of 2
[2022-12-06 00:00:13,225] {taskinstance.py:1240} INFO - 
--------------------------------------------------------------------------------
[2022-12-06 00:00:13,252] {taskinstance.py:1259} INFO - Executing <Task(PythonOperator): format_to_parquet_task> on 2022-12-05 00:00:00+00:00
[2022-12-06 00:00:13,268] {standard_task_runner.py:52} INFO - Started process 28865 to run task
[2022-12-06 00:00:13,280] {standard_task_runner.py:76} INFO - Running: ['***', 'tasks', 'run', 'data_ingestion_gcs_dag', 'format_to_parquet_task', 'scheduled__2022-12-05T00:00:00+00:00', '--job-id', '20', '--raw', '--subdir', 'DAGS_FOLDER/data_ingestion_gcs_dag.py', '--cfg-path', '/tmp/tmp6ujkjxc9', '--error-file', '/tmp/tmp_abv2bj8']
[2022-12-06 00:00:13,281] {standard_task_runner.py:77} INFO - Job 20: Subtask format_to_parquet_task
[2022-12-06 00:00:13,415] {logging_mixin.py:109} INFO - Running <TaskInstance: data_ingestion_gcs_dag.format_to_parquet_task scheduled__2022-12-05T00:00:00+00:00 [running]> on host 2bdf78053424
[2022-12-06 00:00:13,577] {taskinstance.py:1426} INFO - Exporting the following env vars:
AIRFLOW_CTX_DAG_OWNER=***
AIRFLOW_CTX_DAG_ID=data_ingestion_gcs_dag
AIRFLOW_CTX_TASK_ID=format_to_parquet_task
AIRFLOW_CTX_EXECUTION_DATE=2022-12-05T00:00:00+00:00
AIRFLOW_CTX_DAG_RUN_ID=scheduled__2022-12-05T00:00:00+00:00
[2022-12-06 00:00:13,850] {python.py:175} INFO - Done. Returned value was: None
[2022-12-06 00:00:13,872] {taskinstance.py:1277} INFO - Marking task as SUCCESS. dag_id=data_ingestion_gcs_dag, task_id=format_to_parquet_task, execution_date=20221205T000000, start_date=20221206T000013, end_date=20221206T000013
[2022-12-06 00:00:13,946] {local_task_job.py:154} INFO - Task exited with return code 0
[2022-12-06 00:00:13,998] {local_task_job.py:264} INFO - 1 downstream tasks scheduled from follow-on schedule check
