[2022-12-13 14:47:25,024] {taskinstance.py:1032} INFO - Dependencies all met for <TaskInstance: data_ingestion_taxizone_dag.format_to_parquet_task scheduled__2022-12-07T00:00:00+00:00 [queued]>
[2022-12-13 14:47:25,045] {taskinstance.py:1032} INFO - Dependencies all met for <TaskInstance: data_ingestion_taxizone_dag.format_to_parquet_task scheduled__2022-12-07T00:00:00+00:00 [queued]>
[2022-12-13 14:47:25,045] {taskinstance.py:1238} INFO - 
--------------------------------------------------------------------------------
[2022-12-13 14:47:25,045] {taskinstance.py:1239} INFO - Starting attempt 3 of 4
[2022-12-13 14:47:25,045] {taskinstance.py:1240} INFO - 
--------------------------------------------------------------------------------
[2022-12-13 14:47:25,065] {taskinstance.py:1259} INFO - Executing <Task(PythonOperator): format_to_parquet_task> on 2022-12-07 00:00:00+00:00
[2022-12-13 14:47:25,074] {standard_task_runner.py:52} INFO - Started process 18897 to run task
[2022-12-13 14:47:25,081] {standard_task_runner.py:76} INFO - Running: ['***', 'tasks', 'run', 'data_ingestion_taxizone_dag', 'format_to_parquet_task', 'scheduled__2022-12-07T00:00:00+00:00', '--job-id', '184', '--raw', '--subdir', 'DAGS_FOLDER/data_ingestion_taxizone_dag.py', '--cfg-path', '/tmp/tmpsuvp6f6d', '--error-file', '/tmp/tmp6c9nvmbu']
[2022-12-13 14:47:25,082] {standard_task_runner.py:77} INFO - Job 184: Subtask format_to_parquet_task
[2022-12-13 14:47:25,157] {logging_mixin.py:109} INFO - Running <TaskInstance: data_ingestion_taxizone_dag.format_to_parquet_task scheduled__2022-12-07T00:00:00+00:00 [running]> on host c90fde5b5e35
[2022-12-13 14:47:25,229] {taskinstance.py:1426} INFO - Exporting the following env vars:
AIRFLOW_CTX_DAG_OWNER=***
AIRFLOW_CTX_DAG_ID=data_ingestion_taxizone_dag
AIRFLOW_CTX_TASK_ID=format_to_parquet_task
AIRFLOW_CTX_EXECUTION_DATE=2022-12-07T00:00:00+00:00
AIRFLOW_CTX_DAG_RUN_ID=scheduled__2022-12-07T00:00:00+00:00
[2022-12-13 14:47:25,372] {python.py:175} INFO - Done. Returned value was: None
[2022-12-13 14:47:25,388] {taskinstance.py:1277} INFO - Marking task as SUCCESS. dag_id=data_ingestion_taxizone_dag, task_id=format_to_parquet_task, execution_date=20221207T000000, start_date=20221213T144725, end_date=20221213T144725
[2022-12-13 14:47:25,414] {local_task_job.py:154} INFO - Task exited with return code 0
[2022-12-13 14:47:25,465] {local_task_job.py:264} INFO - 1 downstream tasks scheduled from follow-on schedule check
