[2022-12-05 07:59:50,618] {taskinstance.py:1032} INFO - Dependencies all met for <TaskInstance: data_ingestion_gcs_dag.format_to_parquet_task scheduled__2022-12-04T00:00:00+00:00 [queued]>
[2022-12-05 07:59:50,642] {taskinstance.py:1032} INFO - Dependencies all met for <TaskInstance: data_ingestion_gcs_dag.format_to_parquet_task scheduled__2022-12-04T00:00:00+00:00 [queued]>
[2022-12-05 07:59:50,642] {taskinstance.py:1238} INFO - 
--------------------------------------------------------------------------------
[2022-12-05 07:59:50,642] {taskinstance.py:1239} INFO - Starting attempt 4 of 5
[2022-12-05 07:59:50,642] {taskinstance.py:1240} INFO - 
--------------------------------------------------------------------------------
[2022-12-05 07:59:50,674] {taskinstance.py:1259} INFO - Executing <Task(PythonOperator): format_to_parquet_task> on 2022-12-04 00:00:00+00:00
[2022-12-05 07:59:50,683] {standard_task_runner.py:52} INFO - Started process 304 to run task
[2022-12-05 07:59:50,691] {standard_task_runner.py:76} INFO - Running: ['***', 'tasks', 'run', 'data_ingestion_gcs_dag', 'format_to_parquet_task', 'scheduled__2022-12-04T00:00:00+00:00', '--job-id', '124', '--raw', '--subdir', 'DAGS_FOLDER/data_ingestion_gcs_dag.py', '--cfg-path', '/tmp/tmpsz5x5azu', '--error-file', '/tmp/tmpur43x6rz']
[2022-12-05 07:59:50,693] {standard_task_runner.py:77} INFO - Job 124: Subtask format_to_parquet_task
[2022-12-05 07:59:50,781] {logging_mixin.py:109} INFO - Running <TaskInstance: data_ingestion_gcs_dag.format_to_parquet_task scheduled__2022-12-04T00:00:00+00:00 [running]> on host 53cedc9262d0
[2022-12-05 07:59:50,861] {taskinstance.py:1426} INFO - Exporting the following env vars:
AIRFLOW_CTX_DAG_OWNER=***
AIRFLOW_CTX_DAG_ID=data_ingestion_gcs_dag
AIRFLOW_CTX_TASK_ID=format_to_parquet_task
AIRFLOW_CTX_EXECUTION_DATE=2022-12-04T00:00:00+00:00
AIRFLOW_CTX_DAG_RUN_ID=scheduled__2022-12-04T00:00:00+00:00
[2022-12-05 07:59:50,863] {data_ingestion_gcs_dag.py:61} ERROR - Can only accept source files in CSV format, for the moment
[2022-12-05 07:59:50,864] {python.py:175} INFO - Done. Returned value was: None
[2022-12-05 07:59:50,888] {taskinstance.py:1277} INFO - Marking task as SUCCESS. dag_id=data_ingestion_gcs_dag, task_id=format_to_parquet_task, execution_date=20221204T000000, start_date=20221205T075950, end_date=20221205T075950
[2022-12-05 07:59:50,948] {local_task_job.py:154} INFO - Task exited with return code 0
[2022-12-05 07:59:51,001] {local_task_job.py:264} INFO - 1 downstream tasks scheduled from follow-on schedule check
