[2022-12-09 15:16:24,195] {taskinstance.py:1032} INFO - Dependencies all met for <TaskInstance: data_ingestion_yellowtax_dag.bigquery_external_table_task manual__2022-12-08T14:49:42.546622+00:00 [queued]>
[2022-12-09 15:16:24,223] {taskinstance.py:1032} INFO - Dependencies all met for <TaskInstance: data_ingestion_yellowtax_dag.bigquery_external_table_task manual__2022-12-08T14:49:42.546622+00:00 [queued]>
[2022-12-09 15:16:24,224] {taskinstance.py:1238} INFO - 
--------------------------------------------------------------------------------
[2022-12-09 15:16:24,224] {taskinstance.py:1239} INFO - Starting attempt 2 of 3
[2022-12-09 15:16:24,224] {taskinstance.py:1240} INFO - 
--------------------------------------------------------------------------------
[2022-12-09 15:16:24,252] {taskinstance.py:1259} INFO - Executing <Task(BigQueryCreateExternalTableOperator): bigquery_external_table_task> on 2022-12-08 14:49:42.546622+00:00
[2022-12-09 15:16:24,260] {standard_task_runner.py:52} INFO - Started process 242 to run task
[2022-12-09 15:16:24,283] {standard_task_runner.py:76} INFO - Running: ['***', 'tasks', 'run', 'data_ingestion_yellowtax_dag', 'bigquery_external_table_task', 'manual__2022-12-08T14:49:42.546622+00:00', '--job-id', '103', '--raw', '--subdir', 'DAGS_FOLDER/data_ingestion_yellowtax_dag.py', '--cfg-path', '/tmp/tmpwd4a5tp6', '--error-file', '/tmp/tmpwr8lpp58']
[2022-12-09 15:16:24,285] {standard_task_runner.py:77} INFO - Job 103: Subtask bigquery_external_table_task
[2022-12-09 15:16:24,414] {logging_mixin.py:109} INFO - Running <TaskInstance: data_ingestion_yellowtax_dag.bigquery_external_table_task manual__2022-12-08T14:49:42.546622+00:00 [running]> on host 95a238f25269
[2022-12-09 15:16:24,582] {taskinstance.py:1426} INFO - Exporting the following env vars:
AIRFLOW_CTX_DAG_OWNER=***
AIRFLOW_CTX_DAG_ID=data_ingestion_yellowtax_dag
AIRFLOW_CTX_TASK_ID=bigquery_external_table_task
AIRFLOW_CTX_EXECUTION_DATE=2022-12-08T14:49:42.546622+00:00
AIRFLOW_CTX_DAG_RUN_ID=manual__2022-12-08T14:49:42.546622+00:00
[2022-12-09 15:16:24,585] {crypto.py:82} WARNING - empty cryptography key - values will not be stored encrypted.
[2022-12-09 15:16:25,194] {taskinstance.py:1277} INFO - Marking task as SUCCESS. dag_id=data_ingestion_yellowtax_dag, task_id=bigquery_external_table_task, execution_date=20221208T144942, start_date=20221209T151624, end_date=20221209T151625
[2022-12-09 15:16:25,357] {local_task_job.py:154} INFO - Task exited with return code 0
[2022-12-09 15:16:25,573] {local_task_job.py:264} INFO - 0 downstream tasks scheduled from follow-on schedule check
