[2022-12-13 14:47:27,190] {taskinstance.py:1032} INFO - Dependencies all met for <TaskInstance: data_ingestion_taxizone_dag.local_to_gcs_task scheduled__2022-12-07T00:00:00+00:00 [queued]>
[2022-12-13 14:47:27,203] {taskinstance.py:1032} INFO - Dependencies all met for <TaskInstance: data_ingestion_taxizone_dag.local_to_gcs_task scheduled__2022-12-07T00:00:00+00:00 [queued]>
[2022-12-13 14:47:27,204] {taskinstance.py:1238} INFO - 
--------------------------------------------------------------------------------
[2022-12-13 14:47:27,204] {taskinstance.py:1239} INFO - Starting attempt 1 of 2
[2022-12-13 14:47:27,204] {taskinstance.py:1240} INFO - 
--------------------------------------------------------------------------------
[2022-12-13 14:47:27,220] {taskinstance.py:1259} INFO - Executing <Task(PythonOperator): local_to_gcs_task> on 2022-12-07 00:00:00+00:00
[2022-12-13 14:47:27,229] {standard_task_runner.py:52} INFO - Started process 18903 to run task
[2022-12-13 14:47:27,236] {standard_task_runner.py:76} INFO - Running: ['***', 'tasks', 'run', 'data_ingestion_taxizone_dag', 'local_to_gcs_task', 'scheduled__2022-12-07T00:00:00+00:00', '--job-id', '185', '--raw', '--subdir', 'DAGS_FOLDER/data_ingestion_taxizone_dag.py', '--cfg-path', '/tmp/tmpkx3qy0vb', '--error-file', '/tmp/tmplf2k88xx']
[2022-12-13 14:47:27,237] {standard_task_runner.py:77} INFO - Job 185: Subtask local_to_gcs_task
[2022-12-13 14:47:27,309] {logging_mixin.py:109} INFO - Running <TaskInstance: data_ingestion_taxizone_dag.local_to_gcs_task scheduled__2022-12-07T00:00:00+00:00 [running]> on host c90fde5b5e35
[2022-12-13 14:47:27,379] {taskinstance.py:1426} INFO - Exporting the following env vars:
AIRFLOW_CTX_DAG_OWNER=***
AIRFLOW_CTX_DAG_ID=data_ingestion_taxizone_dag
AIRFLOW_CTX_TASK_ID=local_to_gcs_task
AIRFLOW_CTX_EXECUTION_DATE=2022-12-07T00:00:00+00:00
AIRFLOW_CTX_DAG_RUN_ID=scheduled__2022-12-07T00:00:00+00:00
[2022-12-13 14:47:27,677] {python.py:175} INFO - Done. Returned value was: None
[2022-12-13 14:47:27,693] {taskinstance.py:1277} INFO - Marking task as SUCCESS. dag_id=data_ingestion_taxizone_dag, task_id=local_to_gcs_task, execution_date=20221207T000000, start_date=20221213T144727, end_date=20221213T144727
[2022-12-13 14:47:27,732] {local_task_job.py:154} INFO - Task exited with return code 0
[2022-12-13 14:47:27,775] {local_task_job.py:264} INFO - 1 downstream tasks scheduled from follow-on schedule check
