[2022-12-13 14:47:29,695] {taskinstance.py:1032} INFO - Dependencies all met for <TaskInstance: data_ingestion_taxizone_dag.bigquery_external_table_task scheduled__2022-12-07T00:00:00+00:00 [queued]>
[2022-12-13 14:47:29,709] {taskinstance.py:1032} INFO - Dependencies all met for <TaskInstance: data_ingestion_taxizone_dag.bigquery_external_table_task scheduled__2022-12-07T00:00:00+00:00 [queued]>
[2022-12-13 14:47:29,709] {taskinstance.py:1238} INFO - 
--------------------------------------------------------------------------------
[2022-12-13 14:47:29,709] {taskinstance.py:1239} INFO - Starting attempt 1 of 2
[2022-12-13 14:47:29,709] {taskinstance.py:1240} INFO - 
--------------------------------------------------------------------------------
[2022-12-13 14:47:29,732] {taskinstance.py:1259} INFO - Executing <Task(BigQueryCreateExternalTableOperator): bigquery_external_table_task> on 2022-12-07 00:00:00+00:00
[2022-12-13 14:47:29,742] {standard_task_runner.py:52} INFO - Started process 18906 to run task
[2022-12-13 14:47:29,755] {standard_task_runner.py:76} INFO - Running: ['***', 'tasks', 'run', 'data_ingestion_taxizone_dag', 'bigquery_external_table_task', 'scheduled__2022-12-07T00:00:00+00:00', '--job-id', '186', '--raw', '--subdir', 'DAGS_FOLDER/data_ingestion_taxizone_dag.py', '--cfg-path', '/tmp/tmpt765lr6q', '--error-file', '/tmp/tmptbj062nf']
[2022-12-13 14:47:29,757] {standard_task_runner.py:77} INFO - Job 186: Subtask bigquery_external_table_task
[2022-12-13 14:47:29,841] {logging_mixin.py:109} INFO - Running <TaskInstance: data_ingestion_taxizone_dag.bigquery_external_table_task scheduled__2022-12-07T00:00:00+00:00 [running]> on host c90fde5b5e35
[2022-12-13 14:47:29,920] {taskinstance.py:1426} INFO - Exporting the following env vars:
AIRFLOW_CTX_DAG_OWNER=***
AIRFLOW_CTX_DAG_ID=data_ingestion_taxizone_dag
AIRFLOW_CTX_TASK_ID=bigquery_external_table_task
AIRFLOW_CTX_EXECUTION_DATE=2022-12-07T00:00:00+00:00
AIRFLOW_CTX_DAG_RUN_ID=scheduled__2022-12-07T00:00:00+00:00
[2022-12-13 14:47:29,922] {crypto.py:82} WARNING - empty cryptography key - values will not be stored encrypted.
[2022-12-13 14:47:30,246] {taskinstance.py:1277} INFO - Marking task as SUCCESS. dag_id=data_ingestion_taxizone_dag, task_id=bigquery_external_table_task, execution_date=20221207T000000, start_date=20221213T144729, end_date=20221213T144730
[2022-12-13 14:47:30,294] {local_task_job.py:154} INFO - Task exited with return code 0
[2022-12-13 14:47:30,334] {local_task_job.py:264} INFO - 0 downstream tasks scheduled from follow-on schedule check
