[2022-12-11 07:25:10,191] {taskinstance.py:1032} INFO - Dependencies all met for <TaskInstance: data_ingestion_yellowtax_dag.bigquery_external_table_task scheduled__2022-12-10T00:00:00+00:00 [queued]>
[2022-12-11 07:25:10,211] {taskinstance.py:1032} INFO - Dependencies all met for <TaskInstance: data_ingestion_yellowtax_dag.bigquery_external_table_task scheduled__2022-12-10T00:00:00+00:00 [queued]>
[2022-12-11 07:25:10,212] {taskinstance.py:1238} INFO - 
--------------------------------------------------------------------------------
[2022-12-11 07:25:10,212] {taskinstance.py:1239} INFO - Starting attempt 1 of 2
[2022-12-11 07:25:10,212] {taskinstance.py:1240} INFO - 
--------------------------------------------------------------------------------
[2022-12-11 07:25:10,244] {taskinstance.py:1259} INFO - Executing <Task(BigQueryCreateExternalTableOperator): bigquery_external_table_task> on 2022-12-10 00:00:00+00:00
[2022-12-11 07:25:10,261] {standard_task_runner.py:52} INFO - Started process 204 to run task
[2022-12-11 07:25:10,276] {standard_task_runner.py:76} INFO - Running: ['***', 'tasks', 'run', 'data_ingestion_yellowtax_dag', 'bigquery_external_table_task', 'scheduled__2022-12-10T00:00:00+00:00', '--job-id', '124', '--raw', '--subdir', 'DAGS_FOLDER/data_ingestion_yellowtax_dag.py', '--cfg-path', '/tmp/tmpoh454436', '--error-file', '/tmp/tmpy9ymb_xf']
[2022-12-11 07:25:10,279] {standard_task_runner.py:77} INFO - Job 124: Subtask bigquery_external_table_task
[2022-12-11 07:25:10,412] {logging_mixin.py:109} INFO - Running <TaskInstance: data_ingestion_yellowtax_dag.bigquery_external_table_task scheduled__2022-12-10T00:00:00+00:00 [running]> on host 95a238f25269
[2022-12-11 07:25:10,679] {taskinstance.py:1426} INFO - Exporting the following env vars:
AIRFLOW_CTX_DAG_OWNER=***
AIRFLOW_CTX_DAG_ID=data_ingestion_yellowtax_dag
AIRFLOW_CTX_TASK_ID=bigquery_external_table_task
AIRFLOW_CTX_EXECUTION_DATE=2022-12-10T00:00:00+00:00
AIRFLOW_CTX_DAG_RUN_ID=scheduled__2022-12-10T00:00:00+00:00
[2022-12-11 07:25:10,684] {crypto.py:82} WARNING - empty cryptography key - values will not be stored encrypted.
[2022-12-11 07:25:11,025] {taskinstance.py:1277} INFO - Marking task as SUCCESS. dag_id=data_ingestion_yellowtax_dag, task_id=bigquery_external_table_task, execution_date=20221210T000000, start_date=20221211T072510, end_date=20221211T072511
[2022-12-11 07:25:11,099] {local_task_job.py:154} INFO - Task exited with return code 0
[2022-12-11 07:25:11,174] {local_task_job.py:264} INFO - 0 downstream tasks scheduled from follow-on schedule check
