[2022-12-14 06:03:42,099] {taskinstance.py:1032} INFO - Dependencies all met for <TaskInstance: data_ingestion_tripdata2_dag.bigquery_external_table_task scheduled__2022-12-13T00:00:00+00:00 [queued]>
[2022-12-14 06:03:42,229] {taskinstance.py:1032} INFO - Dependencies all met for <TaskInstance: data_ingestion_tripdata2_dag.bigquery_external_table_task scheduled__2022-12-13T00:00:00+00:00 [queued]>
[2022-12-14 06:03:42,229] {taskinstance.py:1238} INFO - 
--------------------------------------------------------------------------------
[2022-12-14 06:03:42,230] {taskinstance.py:1239} INFO - Starting attempt 2 of 2
[2022-12-14 06:03:42,230] {taskinstance.py:1240} INFO - 
--------------------------------------------------------------------------------
[2022-12-14 06:03:42,328] {taskinstance.py:1259} INFO - Executing <Task(BigQueryCreateExternalTableOperator): bigquery_external_table_task> on 2022-12-13 00:00:00+00:00
[2022-12-14 06:03:42,373] {standard_task_runner.py:52} INFO - Started process 102 to run task
[2022-12-14 06:03:42,410] {standard_task_runner.py:76} INFO - Running: ['***', 'tasks', 'run', 'data_ingestion_tripdata2_dag', 'bigquery_external_table_task', 'scheduled__2022-12-13T00:00:00+00:00', '--job-id', '240', '--raw', '--subdir', 'DAGS_FOLDER/data_ingestion_tripdata2_dag.py', '--cfg-path', '/tmp/tmpahw4xqmu', '--error-file', '/tmp/tmptmva63kb']
[2022-12-14 06:03:42,433] {standard_task_runner.py:77} INFO - Job 240: Subtask bigquery_external_table_task
[2022-12-14 06:03:42,845] {logging_mixin.py:109} INFO - Running <TaskInstance: data_ingestion_tripdata2_dag.bigquery_external_table_task scheduled__2022-12-13T00:00:00+00:00 [running]> on host 4c719e8723fb
[2022-12-14 06:03:43,202] {taskinstance.py:1426} INFO - Exporting the following env vars:
AIRFLOW_CTX_DAG_OWNER=***
AIRFLOW_CTX_DAG_ID=data_ingestion_tripdata2_dag
AIRFLOW_CTX_TASK_ID=bigquery_external_table_task
AIRFLOW_CTX_EXECUTION_DATE=2022-12-13T00:00:00+00:00
AIRFLOW_CTX_DAG_RUN_ID=scheduled__2022-12-13T00:00:00+00:00
[2022-12-14 06:03:43,204] {crypto.py:82} WARNING - empty cryptography key - values will not be stored encrypted.
[2022-12-14 06:03:43,886] {taskinstance.py:1277} INFO - Marking task as SUCCESS. dag_id=data_ingestion_tripdata2_dag, task_id=bigquery_external_table_task, execution_date=20221213T000000, start_date=20221214T060342, end_date=20221214T060343
[2022-12-14 06:03:43,989] {local_task_job.py:154} INFO - Task exited with return code 0
[2022-12-14 06:03:44,072] {local_task_job.py:264} INFO - 0 downstream tasks scheduled from follow-on schedule check
