[2022-12-13 14:47:20,282] {taskinstance.py:1032} INFO - Dependencies all met for <TaskInstance: data_ingestion_taxizone_dag.download_dataset_task scheduled__2022-12-07T00:00:00+00:00 [queued]>
[2022-12-13 14:47:20,324] {taskinstance.py:1032} INFO - Dependencies all met for <TaskInstance: data_ingestion_taxizone_dag.download_dataset_task scheduled__2022-12-07T00:00:00+00:00 [queued]>
[2022-12-13 14:47:20,325] {taskinstance.py:1238} INFO - 
--------------------------------------------------------------------------------
[2022-12-13 14:47:20,326] {taskinstance.py:1239} INFO - Starting attempt 2 of 3
[2022-12-13 14:47:20,326] {taskinstance.py:1240} INFO - 
--------------------------------------------------------------------------------
[2022-12-13 14:47:20,372] {taskinstance.py:1259} INFO - Executing <Task(BashOperator): download_dataset_task> on 2022-12-07 00:00:00+00:00
[2022-12-13 14:47:20,398] {standard_task_runner.py:52} INFO - Started process 18891 to run task
[2022-12-13 14:47:20,428] {standard_task_runner.py:76} INFO - Running: ['***', 'tasks', 'run', 'data_ingestion_taxizone_dag', 'download_dataset_task', 'scheduled__2022-12-07T00:00:00+00:00', '--job-id', '183', '--raw', '--subdir', 'DAGS_FOLDER/data_ingestion_taxizone_dag.py', '--cfg-path', '/tmp/tmpzmguavh8', '--error-file', '/tmp/tmp7uk8djd1']
[2022-12-13 14:47:20,438] {standard_task_runner.py:77} INFO - Job 183: Subtask download_dataset_task
[2022-12-13 14:47:20,819] {logging_mixin.py:109} INFO - Running <TaskInstance: data_ingestion_taxizone_dag.download_dataset_task scheduled__2022-12-07T00:00:00+00:00 [running]> on host c90fde5b5e35
[2022-12-13 14:47:21,110] {taskinstance.py:1426} INFO - Exporting the following env vars:
AIRFLOW_CTX_DAG_OWNER=***
AIRFLOW_CTX_DAG_ID=data_ingestion_taxizone_dag
AIRFLOW_CTX_TASK_ID=download_dataset_task
AIRFLOW_CTX_EXECUTION_DATE=2022-12-07T00:00:00+00:00
AIRFLOW_CTX_DAG_RUN_ID=scheduled__2022-12-07T00:00:00+00:00
[2022-12-13 14:47:21,114] {subprocess.py:62} INFO - Tmp dir root location: 
 /tmp
[2022-12-13 14:47:21,120] {subprocess.py:74} INFO - Running command: ['bash', '-c', 'curl -sSL https://d37ci6vzurychx.cloudfront.net/misc/taxi+_zone_lookup.csv > /opt/***/taxi+_zone_lookup.csv']
[2022-12-13 14:47:21,178] {subprocess.py:85} INFO - Output:
[2022-12-13 14:47:21,321] {subprocess.py:93} INFO - Command exited with return code 0
[2022-12-13 14:47:21,464] {taskinstance.py:1277} INFO - Marking task as SUCCESS. dag_id=data_ingestion_taxizone_dag, task_id=download_dataset_task, execution_date=20221207T000000, start_date=20221213T144720, end_date=20221213T144721
[2022-12-13 14:47:21,597] {local_task_job.py:154} INFO - Task exited with return code 0
[2022-12-13 14:47:21,841] {local_task_job.py:264} INFO - 1 downstream tasks scheduled from follow-on schedule check
