[2022-12-11 07:22:32,314] {processor.py:163} INFO - Started process (PID=65) to work on /opt/airflow/dags/data_ingestion_taxizone_dag.py
[2022-12-11 07:22:32,318] {processor.py:642} INFO - Processing file /opt/airflow/dags/data_ingestion_taxizone_dag.py for tasks to queue
[2022-12-11 07:22:32,328] {logging_mixin.py:109} INFO - [2022-12-11 07:22:32,328] {dagbag.py:500} INFO - Filling up the DagBag from /opt/airflow/dags/data_ingestion_taxizone_dag.py
[2022-12-11 07:22:49,767] {processor.py:654} INFO - DAG(s) dict_keys(['data_ingestion_taxizone_dag']) retrieved from /opt/airflow/dags/data_ingestion_taxizone_dag.py
[2022-12-11 07:22:52,941] {logging_mixin.py:109} INFO - [2022-12-11 07:22:52,924] {dag.py:2396} INFO - Sync 1 DAGs
[2022-12-11 07:22:53,166] {processor.py:171} INFO - Processing /opt/airflow/dags/data_ingestion_taxizone_dag.py took 20.894 seconds
[2022-12-11 07:23:23,857] {processor.py:163} INFO - Started process (PID=100) to work on /opt/airflow/dags/data_ingestion_taxizone_dag.py
[2022-12-11 07:23:23,870] {processor.py:642} INFO - Processing file /opt/airflow/dags/data_ingestion_taxizone_dag.py for tasks to queue
[2022-12-11 07:23:23,882] {logging_mixin.py:109} INFO - [2022-12-11 07:23:23,882] {dagbag.py:500} INFO - Filling up the DagBag from /opt/airflow/dags/data_ingestion_taxizone_dag.py
[2022-12-11 07:23:37,167] {processor.py:654} INFO - DAG(s) dict_keys(['data_ingestion_taxizone_dag']) retrieved from /opt/airflow/dags/data_ingestion_taxizone_dag.py
[2022-12-11 07:23:37,298] {logging_mixin.py:109} INFO - [2022-12-11 07:23:37,297] {dag.py:2396} INFO - Sync 1 DAGs
[2022-12-11 07:23:37,792] {processor.py:171} INFO - Processing /opt/airflow/dags/data_ingestion_taxizone_dag.py took 14.095 seconds
[2022-12-11 07:24:09,033] {processor.py:163} INFO - Started process (PID=124) to work on /opt/airflow/dags/data_ingestion_taxizone_dag.py
[2022-12-11 07:24:09,041] {processor.py:642} INFO - Processing file /opt/airflow/dags/data_ingestion_taxizone_dag.py for tasks to queue
[2022-12-11 07:24:09,054] {logging_mixin.py:109} INFO - [2022-12-11 07:24:09,054] {dagbag.py:500} INFO - Filling up the DagBag from /opt/airflow/dags/data_ingestion_taxizone_dag.py
[2022-12-11 07:24:16,197] {processor.py:654} INFO - DAG(s) dict_keys(['data_ingestion_taxizone_dag']) retrieved from /opt/airflow/dags/data_ingestion_taxizone_dag.py
[2022-12-11 07:24:16,288] {logging_mixin.py:109} INFO - [2022-12-11 07:24:16,287] {dag.py:2396} INFO - Sync 1 DAGs
[2022-12-11 07:24:16,512] {processor.py:171} INFO - Processing /opt/airflow/dags/data_ingestion_taxizone_dag.py took 7.527 seconds
[2022-12-11 07:24:46,818] {processor.py:163} INFO - Started process (PID=150) to work on /opt/airflow/dags/data_ingestion_taxizone_dag.py
[2022-12-11 07:24:46,834] {processor.py:642} INFO - Processing file /opt/airflow/dags/data_ingestion_taxizone_dag.py for tasks to queue
[2022-12-11 07:24:46,836] {logging_mixin.py:109} INFO - [2022-12-11 07:24:46,836] {dagbag.py:500} INFO - Filling up the DagBag from /opt/airflow/dags/data_ingestion_taxizone_dag.py
[2022-12-11 07:24:48,774] {processor.py:654} INFO - DAG(s) dict_keys(['data_ingestion_taxizone_dag']) retrieved from /opt/airflow/dags/data_ingestion_taxizone_dag.py
[2022-12-11 07:24:48,785] {logging_mixin.py:109} INFO - [2022-12-11 07:24:48,784] {dag.py:2396} INFO - Sync 1 DAGs
[2022-12-11 07:24:48,809] {logging_mixin.py:109} INFO - [2022-12-11 07:24:48,809] {dag.py:2935} INFO - Setting next_dagrun for data_ingestion_taxizone_dag to 2022-12-10T00:00:00+00:00
[2022-12-11 07:24:48,822] {processor.py:171} INFO - Processing /opt/airflow/dags/data_ingestion_taxizone_dag.py took 2.012 seconds
[2022-12-11 07:25:19,106] {processor.py:163} INFO - Started process (PID=175) to work on /opt/airflow/dags/data_ingestion_taxizone_dag.py
[2022-12-11 07:25:19,122] {processor.py:642} INFO - Processing file /opt/airflow/dags/data_ingestion_taxizone_dag.py for tasks to queue
[2022-12-11 07:25:19,123] {logging_mixin.py:109} INFO - [2022-12-11 07:25:19,123] {dagbag.py:500} INFO - Filling up the DagBag from /opt/airflow/dags/data_ingestion_taxizone_dag.py
[2022-12-11 07:25:22,190] {processor.py:654} INFO - DAG(s) dict_keys(['data_ingestion_taxizone_dag']) retrieved from /opt/airflow/dags/data_ingestion_taxizone_dag.py
[2022-12-11 07:25:22,204] {logging_mixin.py:109} INFO - [2022-12-11 07:25:22,204] {dag.py:2396} INFO - Sync 1 DAGs
[2022-12-11 07:25:22,236] {logging_mixin.py:109} INFO - [2022-12-11 07:25:22,235] {dag.py:2935} INFO - Setting next_dagrun for data_ingestion_taxizone_dag to 2022-12-11T00:00:00+00:00
[2022-12-11 07:25:22,249] {processor.py:171} INFO - Processing /opt/airflow/dags/data_ingestion_taxizone_dag.py took 3.149 seconds
[2022-12-11 07:25:52,371] {processor.py:163} INFO - Started process (PID=204) to work on /opt/airflow/dags/data_ingestion_taxizone_dag.py
[2022-12-11 07:25:52,373] {processor.py:642} INFO - Processing file /opt/airflow/dags/data_ingestion_taxizone_dag.py for tasks to queue
[2022-12-11 07:25:52,374] {logging_mixin.py:109} INFO - [2022-12-11 07:25:52,374] {dagbag.py:500} INFO - Filling up the DagBag from /opt/airflow/dags/data_ingestion_taxizone_dag.py
[2022-12-11 07:25:53,762] {processor.py:654} INFO - DAG(s) dict_keys(['data_ingestion_taxizone_dag']) retrieved from /opt/airflow/dags/data_ingestion_taxizone_dag.py
[2022-12-11 07:25:53,780] {logging_mixin.py:109} INFO - [2022-12-11 07:25:53,779] {dag.py:2396} INFO - Sync 1 DAGs
[2022-12-11 07:25:53,808] {logging_mixin.py:109} INFO - [2022-12-11 07:25:53,808] {dag.py:2935} INFO - Setting next_dagrun for data_ingestion_taxizone_dag to 2022-12-11T00:00:00+00:00
[2022-12-11 07:25:53,820] {processor.py:171} INFO - Processing /opt/airflow/dags/data_ingestion_taxizone_dag.py took 1.455 seconds
[2022-12-11 07:26:23,919] {processor.py:163} INFO - Started process (PID=227) to work on /opt/airflow/dags/data_ingestion_taxizone_dag.py
[2022-12-11 07:26:23,922] {processor.py:642} INFO - Processing file /opt/airflow/dags/data_ingestion_taxizone_dag.py for tasks to queue
[2022-12-11 07:26:23,923] {logging_mixin.py:109} INFO - [2022-12-11 07:26:23,923] {dagbag.py:500} INFO - Filling up the DagBag from /opt/airflow/dags/data_ingestion_taxizone_dag.py
[2022-12-11 07:26:25,273] {processor.py:654} INFO - DAG(s) dict_keys(['data_ingestion_taxizone_dag']) retrieved from /opt/airflow/dags/data_ingestion_taxizone_dag.py
[2022-12-11 07:26:25,297] {logging_mixin.py:109} INFO - [2022-12-11 07:26:25,296] {dag.py:2396} INFO - Sync 1 DAGs
[2022-12-11 07:26:25,326] {logging_mixin.py:109} INFO - [2022-12-11 07:26:25,325] {dag.py:2935} INFO - Setting next_dagrun for data_ingestion_taxizone_dag to 2022-12-11T00:00:00+00:00
[2022-12-11 07:26:25,360] {processor.py:171} INFO - Processing /opt/airflow/dags/data_ingestion_taxizone_dag.py took 1.447 seconds
[2022-12-11 07:26:55,566] {processor.py:163} INFO - Started process (PID=252) to work on /opt/airflow/dags/data_ingestion_taxizone_dag.py
[2022-12-11 07:26:55,574] {processor.py:642} INFO - Processing file /opt/airflow/dags/data_ingestion_taxizone_dag.py for tasks to queue
[2022-12-11 07:26:55,581] {logging_mixin.py:109} INFO - [2022-12-11 07:26:55,581] {dagbag.py:500} INFO - Filling up the DagBag from /opt/airflow/dags/data_ingestion_taxizone_dag.py
[2022-12-11 07:26:58,050] {processor.py:654} INFO - DAG(s) dict_keys(['data_ingestion_taxizone_dag']) retrieved from /opt/airflow/dags/data_ingestion_taxizone_dag.py
[2022-12-11 07:26:58,065] {logging_mixin.py:109} INFO - [2022-12-11 07:26:58,064] {dag.py:2396} INFO - Sync 1 DAGs
[2022-12-11 07:26:58,093] {logging_mixin.py:109} INFO - [2022-12-11 07:26:58,092] {dag.py:2935} INFO - Setting next_dagrun for data_ingestion_taxizone_dag to 2022-12-11T00:00:00+00:00
[2022-12-11 07:26:58,105] {processor.py:171} INFO - Processing /opt/airflow/dags/data_ingestion_taxizone_dag.py took 2.544 seconds
[2022-12-11 07:27:28,228] {processor.py:163} INFO - Started process (PID=293) to work on /opt/airflow/dags/data_ingestion_taxizone_dag.py
[2022-12-11 07:27:28,242] {processor.py:642} INFO - Processing file /opt/airflow/dags/data_ingestion_taxizone_dag.py for tasks to queue
[2022-12-11 07:27:28,244] {logging_mixin.py:109} INFO - [2022-12-11 07:27:28,243] {dagbag.py:500} INFO - Filling up the DagBag from /opt/airflow/dags/data_ingestion_taxizone_dag.py
[2022-12-11 07:27:31,144] {processor.py:654} INFO - DAG(s) dict_keys(['data_ingestion_taxizone_dag']) retrieved from /opt/airflow/dags/data_ingestion_taxizone_dag.py
[2022-12-11 07:27:31,159] {logging_mixin.py:109} INFO - [2022-12-11 07:27:31,158] {dag.py:2396} INFO - Sync 1 DAGs
[2022-12-11 07:27:31,186] {logging_mixin.py:109} INFO - [2022-12-11 07:27:31,186] {dag.py:2935} INFO - Setting next_dagrun for data_ingestion_taxizone_dag to 2022-12-11T00:00:00+00:00
[2022-12-11 07:27:31,200] {processor.py:171} INFO - Processing /opt/airflow/dags/data_ingestion_taxizone_dag.py took 2.977 seconds
[2022-12-11 07:28:01,397] {processor.py:163} INFO - Started process (PID=318) to work on /opt/airflow/dags/data_ingestion_taxizone_dag.py
[2022-12-11 07:28:01,402] {processor.py:642} INFO - Processing file /opt/airflow/dags/data_ingestion_taxizone_dag.py for tasks to queue
[2022-12-11 07:28:01,403] {logging_mixin.py:109} INFO - [2022-12-11 07:28:01,403] {dagbag.py:500} INFO - Filling up the DagBag from /opt/airflow/dags/data_ingestion_taxizone_dag.py
[2022-12-11 07:28:03,131] {processor.py:654} INFO - DAG(s) dict_keys(['data_ingestion_taxizone_dag']) retrieved from /opt/airflow/dags/data_ingestion_taxizone_dag.py
[2022-12-11 07:28:03,147] {logging_mixin.py:109} INFO - [2022-12-11 07:28:03,146] {dag.py:2396} INFO - Sync 1 DAGs
[2022-12-11 07:28:03,174] {logging_mixin.py:109} INFO - [2022-12-11 07:28:03,173] {dag.py:2935} INFO - Setting next_dagrun for data_ingestion_taxizone_dag to 2022-12-11T00:00:00+00:00
[2022-12-11 07:28:03,186] {processor.py:171} INFO - Processing /opt/airflow/dags/data_ingestion_taxizone_dag.py took 1.798 seconds
[2022-12-11 07:28:33,380] {processor.py:163} INFO - Started process (PID=353) to work on /opt/airflow/dags/data_ingestion_taxizone_dag.py
[2022-12-11 07:28:33,382] {processor.py:642} INFO - Processing file /opt/airflow/dags/data_ingestion_taxizone_dag.py for tasks to queue
[2022-12-11 07:28:33,383] {logging_mixin.py:109} INFO - [2022-12-11 07:28:33,383] {dagbag.py:500} INFO - Filling up the DagBag from /opt/airflow/dags/data_ingestion_taxizone_dag.py
[2022-12-11 07:28:34,864] {processor.py:654} INFO - DAG(s) dict_keys(['data_ingestion_taxizone_dag']) retrieved from /opt/airflow/dags/data_ingestion_taxizone_dag.py
[2022-12-11 07:28:34,881] {logging_mixin.py:109} INFO - [2022-12-11 07:28:34,880] {dag.py:2396} INFO - Sync 1 DAGs
[2022-12-11 07:28:34,908] {logging_mixin.py:109} INFO - [2022-12-11 07:28:34,907] {dag.py:2935} INFO - Setting next_dagrun for data_ingestion_taxizone_dag to 2022-12-11T00:00:00+00:00
[2022-12-11 07:28:34,929] {processor.py:171} INFO - Processing /opt/airflow/dags/data_ingestion_taxizone_dag.py took 1.556 seconds
[2022-12-11 07:29:05,279] {processor.py:163} INFO - Started process (PID=378) to work on /opt/airflow/dags/data_ingestion_taxizone_dag.py
[2022-12-11 07:29:05,285] {processor.py:642} INFO - Processing file /opt/airflow/dags/data_ingestion_taxizone_dag.py for tasks to queue
[2022-12-11 07:29:05,289] {logging_mixin.py:109} INFO - [2022-12-11 07:29:05,289] {dagbag.py:500} INFO - Filling up the DagBag from /opt/airflow/dags/data_ingestion_taxizone_dag.py
[2022-12-11 07:29:10,457] {processor.py:654} INFO - DAG(s) dict_keys(['data_ingestion_taxizone_dag']) retrieved from /opt/airflow/dags/data_ingestion_taxizone_dag.py
[2022-12-11 07:29:10,478] {logging_mixin.py:109} INFO - [2022-12-11 07:29:10,478] {dag.py:2396} INFO - Sync 1 DAGs
[2022-12-11 07:29:10,505] {logging_mixin.py:109} INFO - [2022-12-11 07:29:10,505] {dag.py:2935} INFO - Setting next_dagrun for data_ingestion_taxizone_dag to 2022-12-11T00:00:00+00:00
[2022-12-11 07:29:10,528] {processor.py:171} INFO - Processing /opt/airflow/dags/data_ingestion_taxizone_dag.py took 5.267 seconds
[2022-12-11 07:29:40,775] {processor.py:163} INFO - Started process (PID=402) to work on /opt/airflow/dags/data_ingestion_taxizone_dag.py
[2022-12-11 07:29:40,802] {processor.py:642} INFO - Processing file /opt/airflow/dags/data_ingestion_taxizone_dag.py for tasks to queue
[2022-12-11 07:29:40,817] {logging_mixin.py:109} INFO - [2022-12-11 07:29:40,817] {dagbag.py:500} INFO - Filling up the DagBag from /opt/airflow/dags/data_ingestion_taxizone_dag.py
[2022-12-11 07:29:46,086] {processor.py:654} INFO - DAG(s) dict_keys(['data_ingestion_taxizone_dag']) retrieved from /opt/airflow/dags/data_ingestion_taxizone_dag.py
[2022-12-11 07:29:46,109] {logging_mixin.py:109} INFO - [2022-12-11 07:29:46,109] {dag.py:2396} INFO - Sync 1 DAGs
[2022-12-11 07:29:46,138] {logging_mixin.py:109} INFO - [2022-12-11 07:29:46,137] {dag.py:2935} INFO - Setting next_dagrun for data_ingestion_taxizone_dag to 2022-12-11T00:00:00+00:00
[2022-12-11 07:29:46,155] {processor.py:171} INFO - Processing /opt/airflow/dags/data_ingestion_taxizone_dag.py took 5.402 seconds
[2022-12-11 07:30:16,536] {processor.py:163} INFO - Started process (PID=426) to work on /opt/airflow/dags/data_ingestion_taxizone_dag.py
[2022-12-11 07:30:16,561] {processor.py:642} INFO - Processing file /opt/airflow/dags/data_ingestion_taxizone_dag.py for tasks to queue
[2022-12-11 07:30:16,577] {logging_mixin.py:109} INFO - [2022-12-11 07:30:16,577] {dagbag.py:500} INFO - Filling up the DagBag from /opt/airflow/dags/data_ingestion_taxizone_dag.py
[2022-12-11 07:30:22,101] {processor.py:654} INFO - DAG(s) dict_keys(['data_ingestion_taxizone_dag']) retrieved from /opt/airflow/dags/data_ingestion_taxizone_dag.py
[2022-12-11 07:30:22,128] {logging_mixin.py:109} INFO - [2022-12-11 07:30:22,128] {dag.py:2396} INFO - Sync 1 DAGs
[2022-12-11 07:30:22,177] {logging_mixin.py:109} INFO - [2022-12-11 07:30:22,177] {dag.py:2935} INFO - Setting next_dagrun for data_ingestion_taxizone_dag to 2022-12-11T00:00:00+00:00
[2022-12-11 07:30:22,225] {processor.py:171} INFO - Processing /opt/airflow/dags/data_ingestion_taxizone_dag.py took 5.707 seconds
[2022-12-11 07:30:52,462] {processor.py:163} INFO - Started process (PID=449) to work on /opt/airflow/dags/data_ingestion_taxizone_dag.py
[2022-12-11 07:30:52,469] {processor.py:642} INFO - Processing file /opt/airflow/dags/data_ingestion_taxizone_dag.py for tasks to queue
[2022-12-11 07:30:52,470] {logging_mixin.py:109} INFO - [2022-12-11 07:30:52,469] {dagbag.py:500} INFO - Filling up the DagBag from /opt/airflow/dags/data_ingestion_taxizone_dag.py
[2022-12-11 07:30:55,975] {processor.py:654} INFO - DAG(s) dict_keys(['data_ingestion_taxizone_dag']) retrieved from /opt/airflow/dags/data_ingestion_taxizone_dag.py
[2022-12-11 07:30:56,001] {logging_mixin.py:109} INFO - [2022-12-11 07:30:56,001] {dag.py:2396} INFO - Sync 1 DAGs
[2022-12-11 07:30:56,053] {logging_mixin.py:109} INFO - [2022-12-11 07:30:56,053] {dag.py:2935} INFO - Setting next_dagrun for data_ingestion_taxizone_dag to 2022-12-11T00:00:00+00:00
[2022-12-11 07:30:56,084] {processor.py:171} INFO - Processing /opt/airflow/dags/data_ingestion_taxizone_dag.py took 3.637 seconds
[2022-12-11 07:31:26,205] {processor.py:163} INFO - Started process (PID=479) to work on /opt/airflow/dags/data_ingestion_taxizone_dag.py
[2022-12-11 07:31:26,207] {processor.py:642} INFO - Processing file /opt/airflow/dags/data_ingestion_taxizone_dag.py for tasks to queue
[2022-12-11 07:31:26,208] {logging_mixin.py:109} INFO - [2022-12-11 07:31:26,208] {dagbag.py:500} INFO - Filling up the DagBag from /opt/airflow/dags/data_ingestion_taxizone_dag.py
[2022-12-11 07:31:28,306] {processor.py:654} INFO - DAG(s) dict_keys(['data_ingestion_taxizone_dag']) retrieved from /opt/airflow/dags/data_ingestion_taxizone_dag.py
[2022-12-11 07:31:28,322] {logging_mixin.py:109} INFO - [2022-12-11 07:31:28,321] {dag.py:2396} INFO - Sync 1 DAGs
[2022-12-11 07:31:28,351] {logging_mixin.py:109} INFO - [2022-12-11 07:31:28,351] {dag.py:2935} INFO - Setting next_dagrun for data_ingestion_taxizone_dag to 2022-12-11T00:00:00+00:00
[2022-12-11 07:31:28,364] {processor.py:171} INFO - Processing /opt/airflow/dags/data_ingestion_taxizone_dag.py took 2.164 seconds
[2022-12-11 07:31:58,476] {processor.py:163} INFO - Started process (PID=504) to work on /opt/airflow/dags/data_ingestion_taxizone_dag.py
[2022-12-11 07:31:58,478] {processor.py:642} INFO - Processing file /opt/airflow/dags/data_ingestion_taxizone_dag.py for tasks to queue
[2022-12-11 07:31:58,479] {logging_mixin.py:109} INFO - [2022-12-11 07:31:58,478] {dagbag.py:500} INFO - Filling up the DagBag from /opt/airflow/dags/data_ingestion_taxizone_dag.py
[2022-12-11 07:31:59,989] {processor.py:654} INFO - DAG(s) dict_keys(['data_ingestion_taxizone_dag']) retrieved from /opt/airflow/dags/data_ingestion_taxizone_dag.py
[2022-12-11 07:32:00,005] {logging_mixin.py:109} INFO - [2022-12-11 07:32:00,004] {dag.py:2396} INFO - Sync 1 DAGs
[2022-12-11 07:32:00,032] {logging_mixin.py:109} INFO - [2022-12-11 07:32:00,032] {dag.py:2935} INFO - Setting next_dagrun for data_ingestion_taxizone_dag to 2022-12-11T00:00:00+00:00
[2022-12-11 07:32:00,052] {processor.py:171} INFO - Processing /opt/airflow/dags/data_ingestion_taxizone_dag.py took 1.581 seconds
[2022-12-11 07:32:30,219] {processor.py:163} INFO - Started process (PID=528) to work on /opt/airflow/dags/data_ingestion_taxizone_dag.py
[2022-12-11 07:32:30,222] {processor.py:642} INFO - Processing file /opt/airflow/dags/data_ingestion_taxizone_dag.py for tasks to queue
[2022-12-11 07:32:30,223] {logging_mixin.py:109} INFO - [2022-12-11 07:32:30,223] {dagbag.py:500} INFO - Filling up the DagBag from /opt/airflow/dags/data_ingestion_taxizone_dag.py
[2022-12-11 07:32:33,033] {processor.py:654} INFO - DAG(s) dict_keys(['data_ingestion_taxizone_dag']) retrieved from /opt/airflow/dags/data_ingestion_taxizone_dag.py
[2022-12-11 07:32:33,047] {logging_mixin.py:109} INFO - [2022-12-11 07:32:33,047] {dag.py:2396} INFO - Sync 1 DAGs
[2022-12-11 07:32:33,074] {logging_mixin.py:109} INFO - [2022-12-11 07:32:33,073] {dag.py:2935} INFO - Setting next_dagrun for data_ingestion_taxizone_dag to 2022-12-11T00:00:00+00:00
[2022-12-11 07:32:33,087] {processor.py:171} INFO - Processing /opt/airflow/dags/data_ingestion_taxizone_dag.py took 2.874 seconds
[2022-12-11 07:33:03,196] {processor.py:163} INFO - Started process (PID=554) to work on /opt/airflow/dags/data_ingestion_taxizone_dag.py
[2022-12-11 07:33:03,200] {processor.py:642} INFO - Processing file /opt/airflow/dags/data_ingestion_taxizone_dag.py for tasks to queue
[2022-12-11 07:33:03,201] {logging_mixin.py:109} INFO - [2022-12-11 07:33:03,201] {dagbag.py:500} INFO - Filling up the DagBag from /opt/airflow/dags/data_ingestion_taxizone_dag.py
[2022-12-11 07:33:06,466] {processor.py:654} INFO - DAG(s) dict_keys(['data_ingestion_taxizone_dag']) retrieved from /opt/airflow/dags/data_ingestion_taxizone_dag.py
[2022-12-11 07:33:06,496] {logging_mixin.py:109} INFO - [2022-12-11 07:33:06,496] {dag.py:2396} INFO - Sync 1 DAGs
[2022-12-11 07:33:06,539] {logging_mixin.py:109} INFO - [2022-12-11 07:33:06,539] {dag.py:2935} INFO - Setting next_dagrun for data_ingestion_taxizone_dag to 2022-12-11T00:00:00+00:00
[2022-12-11 07:33:06,581] {processor.py:171} INFO - Processing /opt/airflow/dags/data_ingestion_taxizone_dag.py took 3.391 seconds
[2022-12-11 07:33:36,808] {processor.py:163} INFO - Started process (PID=587) to work on /opt/airflow/dags/data_ingestion_taxizone_dag.py
[2022-12-11 07:33:36,814] {processor.py:642} INFO - Processing file /opt/airflow/dags/data_ingestion_taxizone_dag.py for tasks to queue
[2022-12-11 07:33:36,820] {logging_mixin.py:109} INFO - [2022-12-11 07:33:36,819] {dagbag.py:500} INFO - Filling up the DagBag from /opt/airflow/dags/data_ingestion_taxizone_dag.py
[2022-12-11 07:33:42,456] {processor.py:654} INFO - DAG(s) dict_keys(['data_ingestion_taxizone_dag']) retrieved from /opt/airflow/dags/data_ingestion_taxizone_dag.py
[2022-12-11 07:33:42,498] {logging_mixin.py:109} INFO - [2022-12-11 07:33:42,497] {dag.py:2396} INFO - Sync 1 DAGs
[2022-12-11 07:33:42,545] {logging_mixin.py:109} INFO - [2022-12-11 07:33:42,545] {dag.py:2935} INFO - Setting next_dagrun for data_ingestion_taxizone_dag to 2022-12-11T00:00:00+00:00
[2022-12-11 07:33:42,576] {processor.py:171} INFO - Processing /opt/airflow/dags/data_ingestion_taxizone_dag.py took 5.799 seconds
[2022-12-11 07:34:12,985] {processor.py:163} INFO - Started process (PID=603) to work on /opt/airflow/dags/data_ingestion_taxizone_dag.py
[2022-12-11 07:34:12,990] {processor.py:642} INFO - Processing file /opt/airflow/dags/data_ingestion_taxizone_dag.py for tasks to queue
[2022-12-11 07:34:12,995] {logging_mixin.py:109} INFO - [2022-12-11 07:34:12,994] {dagbag.py:500} INFO - Filling up the DagBag from /opt/airflow/dags/data_ingestion_taxizone_dag.py
[2022-12-11 07:34:15,099] {processor.py:654} INFO - DAG(s) dict_keys(['data_ingestion_taxizone_dag']) retrieved from /opt/airflow/dags/data_ingestion_taxizone_dag.py
[2022-12-11 07:34:15,114] {logging_mixin.py:109} INFO - [2022-12-11 07:34:15,113] {dag.py:2396} INFO - Sync 1 DAGs
[2022-12-11 07:34:15,138] {logging_mixin.py:109} INFO - [2022-12-11 07:34:15,138] {dag.py:2935} INFO - Setting next_dagrun for data_ingestion_taxizone_dag to 2022-12-11T00:00:00+00:00
[2022-12-11 07:34:15,152] {processor.py:171} INFO - Processing /opt/airflow/dags/data_ingestion_taxizone_dag.py took 2.214 seconds
[2022-12-11 07:34:45,408] {processor.py:163} INFO - Started process (PID=638) to work on /opt/airflow/dags/data_ingestion_taxizone_dag.py
[2022-12-11 07:34:45,422] {processor.py:642} INFO - Processing file /opt/airflow/dags/data_ingestion_taxizone_dag.py for tasks to queue
[2022-12-11 07:34:45,423] {logging_mixin.py:109} INFO - [2022-12-11 07:34:45,423] {dagbag.py:500} INFO - Filling up the DagBag from /opt/airflow/dags/data_ingestion_taxizone_dag.py
[2022-12-11 07:34:47,873] {processor.py:654} INFO - DAG(s) dict_keys(['data_ingestion_taxizone_dag']) retrieved from /opt/airflow/dags/data_ingestion_taxizone_dag.py
[2022-12-11 07:34:47,891] {logging_mixin.py:109} INFO - [2022-12-11 07:34:47,890] {dag.py:2396} INFO - Sync 1 DAGs
[2022-12-11 07:34:47,919] {logging_mixin.py:109} INFO - [2022-12-11 07:34:47,919] {dag.py:2935} INFO - Setting next_dagrun for data_ingestion_taxizone_dag to 2022-12-11T00:00:00+00:00
[2022-12-11 07:34:47,934] {processor.py:171} INFO - Processing /opt/airflow/dags/data_ingestion_taxizone_dag.py took 2.531 seconds
[2022-12-11 07:35:18,027] {processor.py:163} INFO - Started process (PID=663) to work on /opt/airflow/dags/data_ingestion_taxizone_dag.py
[2022-12-11 07:35:18,029] {processor.py:642} INFO - Processing file /opt/airflow/dags/data_ingestion_taxizone_dag.py for tasks to queue
[2022-12-11 07:35:18,030] {logging_mixin.py:109} INFO - [2022-12-11 07:35:18,030] {dagbag.py:500} INFO - Filling up the DagBag from /opt/airflow/dags/data_ingestion_taxizone_dag.py
[2022-12-11 07:35:19,508] {processor.py:654} INFO - DAG(s) dict_keys(['data_ingestion_taxizone_dag']) retrieved from /opt/airflow/dags/data_ingestion_taxizone_dag.py
[2022-12-11 07:35:19,522] {logging_mixin.py:109} INFO - [2022-12-11 07:35:19,521] {dag.py:2396} INFO - Sync 1 DAGs
[2022-12-11 07:35:19,558] {logging_mixin.py:109} INFO - [2022-12-11 07:35:19,558] {dag.py:2935} INFO - Setting next_dagrun for data_ingestion_taxizone_dag to 2022-12-11T00:00:00+00:00
[2022-12-11 07:35:19,578] {processor.py:171} INFO - Processing /opt/airflow/dags/data_ingestion_taxizone_dag.py took 1.557 seconds
[2022-12-11 07:35:49,780] {processor.py:163} INFO - Started process (PID=687) to work on /opt/airflow/dags/data_ingestion_taxizone_dag.py
[2022-12-11 07:35:49,782] {processor.py:642} INFO - Processing file /opt/airflow/dags/data_ingestion_taxizone_dag.py for tasks to queue
[2022-12-11 07:35:49,783] {logging_mixin.py:109} INFO - [2022-12-11 07:35:49,783] {dagbag.py:500} INFO - Filling up the DagBag from /opt/airflow/dags/data_ingestion_taxizone_dag.py
[2022-12-11 07:35:51,185] {processor.py:654} INFO - DAG(s) dict_keys(['data_ingestion_taxizone_dag']) retrieved from /opt/airflow/dags/data_ingestion_taxizone_dag.py
[2022-12-11 07:35:51,200] {logging_mixin.py:109} INFO - [2022-12-11 07:35:51,199] {dag.py:2396} INFO - Sync 1 DAGs
[2022-12-11 07:35:51,228] {logging_mixin.py:109} INFO - [2022-12-11 07:35:51,228] {dag.py:2935} INFO - Setting next_dagrun for data_ingestion_taxizone_dag to 2022-12-11T00:00:00+00:00
[2022-12-11 07:35:51,240] {processor.py:171} INFO - Processing /opt/airflow/dags/data_ingestion_taxizone_dag.py took 1.467 seconds
[2022-12-11 07:36:21,437] {processor.py:163} INFO - Started process (PID=711) to work on /opt/airflow/dags/data_ingestion_taxizone_dag.py
[2022-12-11 07:36:21,442] {processor.py:642} INFO - Processing file /opt/airflow/dags/data_ingestion_taxizone_dag.py for tasks to queue
[2022-12-11 07:36:21,443] {logging_mixin.py:109} INFO - [2022-12-11 07:36:21,443] {dagbag.py:500} INFO - Filling up the DagBag from /opt/airflow/dags/data_ingestion_taxizone_dag.py
[2022-12-11 07:36:24,264] {processor.py:654} INFO - DAG(s) dict_keys(['data_ingestion_taxizone_dag']) retrieved from /opt/airflow/dags/data_ingestion_taxizone_dag.py
[2022-12-11 07:36:24,281] {logging_mixin.py:109} INFO - [2022-12-11 07:36:24,280] {dag.py:2396} INFO - Sync 1 DAGs
[2022-12-11 07:36:24,307] {logging_mixin.py:109} INFO - [2022-12-11 07:36:24,307] {dag.py:2935} INFO - Setting next_dagrun for data_ingestion_taxizone_dag to 2022-12-11T00:00:00+00:00
[2022-12-11 07:36:24,319] {processor.py:171} INFO - Processing /opt/airflow/dags/data_ingestion_taxizone_dag.py took 2.891 seconds
[2022-12-11 07:36:54,447] {processor.py:163} INFO - Started process (PID=741) to work on /opt/airflow/dags/data_ingestion_taxizone_dag.py
[2022-12-11 07:36:54,449] {processor.py:642} INFO - Processing file /opt/airflow/dags/data_ingestion_taxizone_dag.py for tasks to queue
[2022-12-11 07:36:54,450] {logging_mixin.py:109} INFO - [2022-12-11 07:36:54,450] {dagbag.py:500} INFO - Filling up the DagBag from /opt/airflow/dags/data_ingestion_taxizone_dag.py
[2022-12-11 07:36:56,760] {processor.py:654} INFO - DAG(s) dict_keys(['data_ingestion_taxizone_dag']) retrieved from /opt/airflow/dags/data_ingestion_taxizone_dag.py
[2022-12-11 07:36:56,794] {logging_mixin.py:109} INFO - [2022-12-11 07:36:56,793] {dag.py:2396} INFO - Sync 1 DAGs
[2022-12-11 07:36:56,860] {logging_mixin.py:109} INFO - [2022-12-11 07:36:56,860] {dag.py:2935} INFO - Setting next_dagrun for data_ingestion_taxizone_dag to 2022-12-11T00:00:00+00:00
[2022-12-11 07:36:56,912] {processor.py:171} INFO - Processing /opt/airflow/dags/data_ingestion_taxizone_dag.py took 2.471 seconds
[2022-12-11 07:37:27,147] {processor.py:163} INFO - Started process (PID=779) to work on /opt/airflow/dags/data_ingestion_taxizone_dag.py
[2022-12-11 07:37:27,152] {processor.py:642} INFO - Processing file /opt/airflow/dags/data_ingestion_taxizone_dag.py for tasks to queue
[2022-12-11 07:37:27,153] {logging_mixin.py:109} INFO - [2022-12-11 07:37:27,153] {dagbag.py:500} INFO - Filling up the DagBag from /opt/airflow/dags/data_ingestion_taxizone_dag.py
[2022-12-11 07:37:31,531] {processor.py:654} INFO - DAG(s) dict_keys(['data_ingestion_taxizone_dag']) retrieved from /opt/airflow/dags/data_ingestion_taxizone_dag.py
[2022-12-11 07:37:31,575] {logging_mixin.py:109} INFO - [2022-12-11 07:37:31,575] {dag.py:2396} INFO - Sync 1 DAGs
[2022-12-11 07:37:31,655] {logging_mixin.py:109} INFO - [2022-12-11 07:37:31,655] {dag.py:2935} INFO - Setting next_dagrun for data_ingestion_taxizone_dag to 2022-12-11T00:00:00+00:00
[2022-12-11 07:37:31,699] {processor.py:171} INFO - Processing /opt/airflow/dags/data_ingestion_taxizone_dag.py took 4.563 seconds
[2022-12-11 07:38:02,043] {processor.py:163} INFO - Started process (PID=806) to work on /opt/airflow/dags/data_ingestion_taxizone_dag.py
[2022-12-11 07:38:02,058] {processor.py:642} INFO - Processing file /opt/airflow/dags/data_ingestion_taxizone_dag.py for tasks to queue
[2022-12-11 07:38:02,070] {logging_mixin.py:109} INFO - [2022-12-11 07:38:02,069] {dagbag.py:500} INFO - Filling up the DagBag from /opt/airflow/dags/data_ingestion_taxizone_dag.py
[2022-12-11 07:38:05,275] {processor.py:654} INFO - DAG(s) dict_keys(['data_ingestion_taxizone_dag']) retrieved from /opt/airflow/dags/data_ingestion_taxizone_dag.py
[2022-12-11 07:38:05,307] {logging_mixin.py:109} INFO - [2022-12-11 07:38:05,306] {dag.py:2396} INFO - Sync 1 DAGs
[2022-12-11 07:38:05,357] {logging_mixin.py:109} INFO - [2022-12-11 07:38:05,356] {dag.py:2935} INFO - Setting next_dagrun for data_ingestion_taxizone_dag to 2022-12-11T00:00:00+00:00
[2022-12-11 07:38:05,370] {processor.py:171} INFO - Processing /opt/airflow/dags/data_ingestion_taxizone_dag.py took 3.341 seconds
[2022-12-11 07:38:35,546] {processor.py:163} INFO - Started process (PID=845) to work on /opt/airflow/dags/data_ingestion_taxizone_dag.py
[2022-12-11 07:38:35,547] {processor.py:642} INFO - Processing file /opt/airflow/dags/data_ingestion_taxizone_dag.py for tasks to queue
[2022-12-11 07:38:35,548] {logging_mixin.py:109} INFO - [2022-12-11 07:38:35,548] {dagbag.py:500} INFO - Filling up the DagBag from /opt/airflow/dags/data_ingestion_taxizone_dag.py
[2022-12-11 07:38:36,869] {processor.py:654} INFO - DAG(s) dict_keys(['data_ingestion_taxizone_dag']) retrieved from /opt/airflow/dags/data_ingestion_taxizone_dag.py
[2022-12-11 07:38:36,883] {logging_mixin.py:109} INFO - [2022-12-11 07:38:36,882] {dag.py:2396} INFO - Sync 1 DAGs
[2022-12-11 07:38:36,911] {logging_mixin.py:109} INFO - [2022-12-11 07:38:36,910] {dag.py:2935} INFO - Setting next_dagrun for data_ingestion_taxizone_dag to 2022-12-11T00:00:00+00:00
[2022-12-11 07:38:36,923] {processor.py:171} INFO - Processing /opt/airflow/dags/data_ingestion_taxizone_dag.py took 1.383 seconds
[2022-12-11 07:39:07,091] {processor.py:163} INFO - Started process (PID=871) to work on /opt/airflow/dags/data_ingestion_taxizone_dag.py
[2022-12-11 07:39:07,095] {processor.py:642} INFO - Processing file /opt/airflow/dags/data_ingestion_taxizone_dag.py for tasks to queue
[2022-12-11 07:39:07,096] {logging_mixin.py:109} INFO - [2022-12-11 07:39:07,095] {dagbag.py:500} INFO - Filling up the DagBag from /opt/airflow/dags/data_ingestion_taxizone_dag.py
[2022-12-11 07:39:08,471] {processor.py:654} INFO - DAG(s) dict_keys(['data_ingestion_taxizone_dag']) retrieved from /opt/airflow/dags/data_ingestion_taxizone_dag.py
[2022-12-11 07:39:08,498] {logging_mixin.py:109} INFO - [2022-12-11 07:39:08,496] {dag.py:2396} INFO - Sync 1 DAGs
[2022-12-11 07:39:08,527] {logging_mixin.py:109} INFO - [2022-12-11 07:39:08,527] {dag.py:2935} INFO - Setting next_dagrun for data_ingestion_taxizone_dag to 2022-12-11T00:00:00+00:00
[2022-12-11 07:39:08,545] {processor.py:171} INFO - Processing /opt/airflow/dags/data_ingestion_taxizone_dag.py took 1.460 seconds
[2022-12-11 07:39:38,660] {processor.py:163} INFO - Started process (PID=898) to work on /opt/airflow/dags/data_ingestion_taxizone_dag.py
[2022-12-11 07:39:38,662] {processor.py:642} INFO - Processing file /opt/airflow/dags/data_ingestion_taxizone_dag.py for tasks to queue
[2022-12-11 07:39:38,663] {logging_mixin.py:109} INFO - [2022-12-11 07:39:38,663] {dagbag.py:500} INFO - Filling up the DagBag from /opt/airflow/dags/data_ingestion_taxizone_dag.py
[2022-12-11 07:39:40,075] {processor.py:654} INFO - DAG(s) dict_keys(['data_ingestion_taxizone_dag']) retrieved from /opt/airflow/dags/data_ingestion_taxizone_dag.py
[2022-12-11 07:39:40,114] {logging_mixin.py:109} INFO - [2022-12-11 07:39:40,113] {dag.py:2396} INFO - Sync 1 DAGs
[2022-12-11 07:39:40,165] {logging_mixin.py:109} INFO - [2022-12-11 07:39:40,165] {dag.py:2935} INFO - Setting next_dagrun for data_ingestion_taxizone_dag to 2022-12-11T00:00:00+00:00
[2022-12-11 07:39:40,179] {processor.py:171} INFO - Processing /opt/airflow/dags/data_ingestion_taxizone_dag.py took 1.525 seconds
[2022-12-11 07:40:10,354] {processor.py:163} INFO - Started process (PID=923) to work on /opt/airflow/dags/data_ingestion_taxizone_dag.py
[2022-12-11 07:40:10,357] {processor.py:642} INFO - Processing file /opt/airflow/dags/data_ingestion_taxizone_dag.py for tasks to queue
[2022-12-11 07:40:10,358] {logging_mixin.py:109} INFO - [2022-12-11 07:40:10,358] {dagbag.py:500} INFO - Filling up the DagBag from /opt/airflow/dags/data_ingestion_taxizone_dag.py
[2022-12-11 07:40:12,523] {processor.py:654} INFO - DAG(s) dict_keys(['data_ingestion_taxizone_dag']) retrieved from /opt/airflow/dags/data_ingestion_taxizone_dag.py
[2022-12-11 07:40:12,557] {logging_mixin.py:109} INFO - [2022-12-11 07:40:12,557] {dag.py:2396} INFO - Sync 1 DAGs
[2022-12-11 07:40:12,622] {logging_mixin.py:109} INFO - [2022-12-11 07:40:12,622] {dag.py:2935} INFO - Setting next_dagrun for data_ingestion_taxizone_dag to 2022-12-11T00:00:00+00:00
[2022-12-11 07:40:12,660] {processor.py:171} INFO - Processing /opt/airflow/dags/data_ingestion_taxizone_dag.py took 2.311 seconds
[2022-12-11 07:40:42,804] {processor.py:163} INFO - Started process (PID=960) to work on /opt/airflow/dags/data_ingestion_taxizone_dag.py
[2022-12-11 07:40:42,807] {processor.py:642} INFO - Processing file /opt/airflow/dags/data_ingestion_taxizone_dag.py for tasks to queue
[2022-12-11 07:40:42,808] {logging_mixin.py:109} INFO - [2022-12-11 07:40:42,808] {dagbag.py:500} INFO - Filling up the DagBag from /opt/airflow/dags/data_ingestion_taxizone_dag.py
[2022-12-11 07:40:45,306] {processor.py:654} INFO - DAG(s) dict_keys(['data_ingestion_taxizone_dag']) retrieved from /opt/airflow/dags/data_ingestion_taxizone_dag.py
[2022-12-11 07:40:45,362] {logging_mixin.py:109} INFO - [2022-12-11 07:40:45,362] {dag.py:2396} INFO - Sync 1 DAGs
[2022-12-11 07:40:45,460] {logging_mixin.py:109} INFO - [2022-12-11 07:40:45,460] {dag.py:2935} INFO - Setting next_dagrun for data_ingestion_taxizone_dag to 2022-12-11T00:00:00+00:00
[2022-12-11 07:40:45,501] {processor.py:171} INFO - Processing /opt/airflow/dags/data_ingestion_taxizone_dag.py took 2.718 seconds
[2022-12-11 07:41:15,661] {processor.py:163} INFO - Started process (PID=986) to work on /opt/airflow/dags/data_ingestion_taxizone_dag.py
[2022-12-11 07:41:15,663] {processor.py:642} INFO - Processing file /opt/airflow/dags/data_ingestion_taxizone_dag.py for tasks to queue
[2022-12-11 07:41:15,664] {logging_mixin.py:109} INFO - [2022-12-11 07:41:15,664] {dagbag.py:500} INFO - Filling up the DagBag from /opt/airflow/dags/data_ingestion_taxizone_dag.py
[2022-12-11 07:41:19,265] {processor.py:654} INFO - DAG(s) dict_keys(['data_ingestion_taxizone_dag']) retrieved from /opt/airflow/dags/data_ingestion_taxizone_dag.py
[2022-12-11 07:41:19,282] {logging_mixin.py:109} INFO - [2022-12-11 07:41:19,281] {dag.py:2396} INFO - Sync 1 DAGs
[2022-12-11 07:41:19,312] {logging_mixin.py:109} INFO - [2022-12-11 07:41:19,312] {dag.py:2935} INFO - Setting next_dagrun for data_ingestion_taxizone_dag to 2022-12-11T00:00:00+00:00
[2022-12-11 07:41:19,343] {processor.py:171} INFO - Processing /opt/airflow/dags/data_ingestion_taxizone_dag.py took 3.688 seconds
[2022-12-11 07:41:49,527] {processor.py:163} INFO - Started process (PID=1020) to work on /opt/airflow/dags/data_ingestion_taxizone_dag.py
[2022-12-11 07:41:49,530] {processor.py:642} INFO - Processing file /opt/airflow/dags/data_ingestion_taxizone_dag.py for tasks to queue
[2022-12-11 07:41:49,531] {logging_mixin.py:109} INFO - [2022-12-11 07:41:49,531] {dagbag.py:500} INFO - Filling up the DagBag from /opt/airflow/dags/data_ingestion_taxizone_dag.py
[2022-12-11 07:41:52,175] {processor.py:654} INFO - DAG(s) dict_keys(['data_ingestion_taxizone_dag']) retrieved from /opt/airflow/dags/data_ingestion_taxizone_dag.py
[2022-12-11 07:41:52,210] {logging_mixin.py:109} INFO - [2022-12-11 07:41:52,210] {dag.py:2396} INFO - Sync 1 DAGs
[2022-12-11 07:41:52,260] {logging_mixin.py:109} INFO - [2022-12-11 07:41:52,260] {dag.py:2935} INFO - Setting next_dagrun for data_ingestion_taxizone_dag to 2022-12-11T00:00:00+00:00
[2022-12-11 07:41:52,287] {processor.py:171} INFO - Processing /opt/airflow/dags/data_ingestion_taxizone_dag.py took 2.769 seconds
[2022-12-11 07:42:22,411] {processor.py:163} INFO - Started process (PID=1046) to work on /opt/airflow/dags/data_ingestion_taxizone_dag.py
[2022-12-11 07:42:22,413] {processor.py:642} INFO - Processing file /opt/airflow/dags/data_ingestion_taxizone_dag.py for tasks to queue
[2022-12-11 07:42:22,414] {logging_mixin.py:109} INFO - [2022-12-11 07:42:22,414] {dagbag.py:500} INFO - Filling up the DagBag from /opt/airflow/dags/data_ingestion_taxizone_dag.py
[2022-12-11 07:42:23,678] {processor.py:654} INFO - DAG(s) dict_keys(['data_ingestion_taxizone_dag']) retrieved from /opt/airflow/dags/data_ingestion_taxizone_dag.py
[2022-12-11 07:42:23,695] {logging_mixin.py:109} INFO - [2022-12-11 07:42:23,694] {dag.py:2396} INFO - Sync 1 DAGs
[2022-12-11 07:42:23,723] {logging_mixin.py:109} INFO - [2022-12-11 07:42:23,722] {dag.py:2935} INFO - Setting next_dagrun for data_ingestion_taxizone_dag to 2022-12-11T00:00:00+00:00
[2022-12-11 07:42:23,736] {processor.py:171} INFO - Processing /opt/airflow/dags/data_ingestion_taxizone_dag.py took 1.330 seconds
[2022-12-11 07:42:53,839] {processor.py:163} INFO - Started process (PID=1072) to work on /opt/airflow/dags/data_ingestion_taxizone_dag.py
[2022-12-11 07:42:53,841] {processor.py:642} INFO - Processing file /opt/airflow/dags/data_ingestion_taxizone_dag.py for tasks to queue
[2022-12-11 07:42:53,842] {logging_mixin.py:109} INFO - [2022-12-11 07:42:53,842] {dagbag.py:500} INFO - Filling up the DagBag from /opt/airflow/dags/data_ingestion_taxizone_dag.py
[2022-12-11 07:42:55,028] {processor.py:654} INFO - DAG(s) dict_keys(['data_ingestion_taxizone_dag']) retrieved from /opt/airflow/dags/data_ingestion_taxizone_dag.py
[2022-12-11 07:42:55,045] {logging_mixin.py:109} INFO - [2022-12-11 07:42:55,044] {dag.py:2396} INFO - Sync 1 DAGs
[2022-12-11 07:42:55,071] {logging_mixin.py:109} INFO - [2022-12-11 07:42:55,071] {dag.py:2935} INFO - Setting next_dagrun for data_ingestion_taxizone_dag to 2022-12-11T00:00:00+00:00
[2022-12-11 07:42:55,084] {processor.py:171} INFO - Processing /opt/airflow/dags/data_ingestion_taxizone_dag.py took 1.250 seconds
[2022-12-11 07:43:25,236] {processor.py:163} INFO - Started process (PID=1112) to work on /opt/airflow/dags/data_ingestion_taxizone_dag.py
[2022-12-11 07:43:25,238] {processor.py:642} INFO - Processing file /opt/airflow/dags/data_ingestion_taxizone_dag.py for tasks to queue
[2022-12-11 07:43:25,239] {logging_mixin.py:109} INFO - [2022-12-11 07:43:25,239] {dagbag.py:500} INFO - Filling up the DagBag from /opt/airflow/dags/data_ingestion_taxizone_dag.py
[2022-12-11 07:43:26,668] {processor.py:654} INFO - DAG(s) dict_keys(['data_ingestion_taxizone_dag']) retrieved from /opt/airflow/dags/data_ingestion_taxizone_dag.py
[2022-12-11 07:43:26,683] {logging_mixin.py:109} INFO - [2022-12-11 07:43:26,683] {dag.py:2396} INFO - Sync 1 DAGs
[2022-12-11 07:43:26,710] {logging_mixin.py:109} INFO - [2022-12-11 07:43:26,710] {dag.py:2935} INFO - Setting next_dagrun for data_ingestion_taxizone_dag to 2022-12-11T00:00:00+00:00
[2022-12-11 07:43:26,723] {processor.py:171} INFO - Processing /opt/airflow/dags/data_ingestion_taxizone_dag.py took 1.504 seconds
[2022-12-11 07:43:56,882] {processor.py:163} INFO - Started process (PID=1137) to work on /opt/airflow/dags/data_ingestion_taxizone_dag.py
[2022-12-11 07:43:56,894] {processor.py:642} INFO - Processing file /opt/airflow/dags/data_ingestion_taxizone_dag.py for tasks to queue
[2022-12-11 07:43:56,895] {logging_mixin.py:109} INFO - [2022-12-11 07:43:56,895] {dagbag.py:500} INFO - Filling up the DagBag from /opt/airflow/dags/data_ingestion_taxizone_dag.py
[2022-12-11 07:43:58,204] {processor.py:654} INFO - DAG(s) dict_keys(['data_ingestion_taxizone_dag']) retrieved from /opt/airflow/dags/data_ingestion_taxizone_dag.py
[2022-12-11 07:43:58,218] {logging_mixin.py:109} INFO - [2022-12-11 07:43:58,217] {dag.py:2396} INFO - Sync 1 DAGs
[2022-12-11 07:43:58,243] {logging_mixin.py:109} INFO - [2022-12-11 07:43:58,243] {dag.py:2935} INFO - Setting next_dagrun for data_ingestion_taxizone_dag to 2022-12-11T00:00:00+00:00
[2022-12-11 07:43:58,256] {processor.py:171} INFO - Processing /opt/airflow/dags/data_ingestion_taxizone_dag.py took 1.382 seconds
[2022-12-11 07:44:28,422] {processor.py:163} INFO - Started process (PID=1162) to work on /opt/airflow/dags/data_ingestion_taxizone_dag.py
[2022-12-11 07:44:28,424] {processor.py:642} INFO - Processing file /opt/airflow/dags/data_ingestion_taxizone_dag.py for tasks to queue
[2022-12-11 07:44:28,425] {logging_mixin.py:109} INFO - [2022-12-11 07:44:28,425] {dagbag.py:500} INFO - Filling up the DagBag from /opt/airflow/dags/data_ingestion_taxizone_dag.py
[2022-12-11 07:44:30,127] {processor.py:654} INFO - DAG(s) dict_keys(['data_ingestion_taxizone_dag']) retrieved from /opt/airflow/dags/data_ingestion_taxizone_dag.py
[2022-12-11 07:44:30,149] {logging_mixin.py:109} INFO - [2022-12-11 07:44:30,148] {dag.py:2396} INFO - Sync 1 DAGs
[2022-12-11 07:44:30,204] {logging_mixin.py:109} INFO - [2022-12-11 07:44:30,204] {dag.py:2935} INFO - Setting next_dagrun for data_ingestion_taxizone_dag to 2022-12-11T00:00:00+00:00
[2022-12-11 07:44:30,226] {processor.py:171} INFO - Processing /opt/airflow/dags/data_ingestion_taxizone_dag.py took 1.811 seconds
[2022-12-11 07:45:00,903] {processor.py:163} INFO - Started process (PID=1197) to work on /opt/airflow/dags/data_ingestion_taxizone_dag.py
[2022-12-11 07:45:00,910] {processor.py:642} INFO - Processing file /opt/airflow/dags/data_ingestion_taxizone_dag.py for tasks to queue
[2022-12-11 07:45:00,912] {logging_mixin.py:109} INFO - [2022-12-11 07:45:00,911] {dagbag.py:500} INFO - Filling up the DagBag from /opt/airflow/dags/data_ingestion_taxizone_dag.py
[2022-12-11 07:45:04,899] {processor.py:654} INFO - DAG(s) dict_keys(['data_ingestion_taxizone_dag']) retrieved from /opt/airflow/dags/data_ingestion_taxizone_dag.py
[2022-12-11 07:45:04,930] {logging_mixin.py:109} INFO - [2022-12-11 07:45:04,929] {dag.py:2396} INFO - Sync 1 DAGs
[2022-12-11 07:45:05,017] {logging_mixin.py:109} INFO - [2022-12-11 07:45:05,012] {dag.py:2935} INFO - Setting next_dagrun for data_ingestion_taxizone_dag to 2022-12-11T00:00:00+00:00
[2022-12-11 07:45:05,058] {processor.py:171} INFO - Processing /opt/airflow/dags/data_ingestion_taxizone_dag.py took 4.161 seconds
[2022-12-11 07:45:35,324] {processor.py:163} INFO - Started process (PID=1221) to work on /opt/airflow/dags/data_ingestion_taxizone_dag.py
[2022-12-11 07:45:35,326] {processor.py:642} INFO - Processing file /opt/airflow/dags/data_ingestion_taxizone_dag.py for tasks to queue
[2022-12-11 07:45:35,328] {logging_mixin.py:109} INFO - [2022-12-11 07:45:35,327] {dagbag.py:500} INFO - Filling up the DagBag from /opt/airflow/dags/data_ingestion_taxizone_dag.py
[2022-12-11 07:45:36,515] {processor.py:654} INFO - DAG(s) dict_keys(['data_ingestion_taxizone_dag']) retrieved from /opt/airflow/dags/data_ingestion_taxizone_dag.py
[2022-12-11 07:45:36,525] {logging_mixin.py:109} INFO - [2022-12-11 07:45:36,525] {dag.py:2396} INFO - Sync 1 DAGs
[2022-12-11 07:45:36,542] {logging_mixin.py:109} INFO - [2022-12-11 07:45:36,542] {dag.py:2935} INFO - Setting next_dagrun for data_ingestion_taxizone_dag to 2022-12-11T00:00:00+00:00
[2022-12-11 07:45:36,552] {processor.py:171} INFO - Processing /opt/airflow/dags/data_ingestion_taxizone_dag.py took 1.245 seconds
[2022-12-11 07:46:07,494] {processor.py:163} INFO - Started process (PID=1246) to work on /opt/airflow/dags/data_ingestion_taxizone_dag.py
[2022-12-11 07:46:07,496] {processor.py:642} INFO - Processing file /opt/airflow/dags/data_ingestion_taxizone_dag.py for tasks to queue
[2022-12-11 07:46:07,497] {logging_mixin.py:109} INFO - [2022-12-11 07:46:07,497] {dagbag.py:500} INFO - Filling up the DagBag from /opt/airflow/dags/data_ingestion_taxizone_dag.py
[2022-12-11 07:46:09,450] {processor.py:654} INFO - DAG(s) dict_keys(['data_ingestion_taxizone_dag']) retrieved from /opt/airflow/dags/data_ingestion_taxizone_dag.py
[2022-12-11 07:46:09,473] {logging_mixin.py:109} INFO - [2022-12-11 07:46:09,473] {dag.py:2396} INFO - Sync 1 DAGs
[2022-12-11 07:46:09,523] {logging_mixin.py:109} INFO - [2022-12-11 07:46:09,523] {dag.py:2935} INFO - Setting next_dagrun for data_ingestion_taxizone_dag to 2022-12-11T00:00:00+00:00
[2022-12-11 07:46:09,548] {processor.py:171} INFO - Processing /opt/airflow/dags/data_ingestion_taxizone_dag.py took 2.059 seconds
[2022-12-11 07:46:39,782] {processor.py:163} INFO - Started process (PID=1272) to work on /opt/airflow/dags/data_ingestion_taxizone_dag.py
[2022-12-11 07:46:39,784] {processor.py:642} INFO - Processing file /opt/airflow/dags/data_ingestion_taxizone_dag.py for tasks to queue
[2022-12-11 07:46:39,785] {logging_mixin.py:109} INFO - [2022-12-11 07:46:39,785] {dagbag.py:500} INFO - Filling up the DagBag from /opt/airflow/dags/data_ingestion_taxizone_dag.py
[2022-12-11 07:46:44,303] {processor.py:654} INFO - DAG(s) dict_keys(['data_ingestion_taxizone_dag']) retrieved from /opt/airflow/dags/data_ingestion_taxizone_dag.py
[2022-12-11 07:46:44,333] {logging_mixin.py:109} INFO - [2022-12-11 07:46:44,332] {dag.py:2396} INFO - Sync 1 DAGs
[2022-12-11 07:46:44,372] {logging_mixin.py:109} INFO - [2022-12-11 07:46:44,372] {dag.py:2935} INFO - Setting next_dagrun for data_ingestion_taxizone_dag to 2022-12-11T00:00:00+00:00
[2022-12-11 07:46:44,403] {processor.py:171} INFO - Processing /opt/airflow/dags/data_ingestion_taxizone_dag.py took 4.628 seconds
[2022-12-11 07:47:15,879] {processor.py:163} INFO - Started process (PID=1299) to work on /opt/airflow/dags/data_ingestion_taxizone_dag.py
[2022-12-11 07:47:15,896] {processor.py:642} INFO - Processing file /opt/airflow/dags/data_ingestion_taxizone_dag.py for tasks to queue
[2022-12-11 07:47:15,923] {logging_mixin.py:109} INFO - [2022-12-11 07:47:15,923] {dagbag.py:500} INFO - Filling up the DagBag from /opt/airflow/dags/data_ingestion_taxizone_dag.py
[2022-12-11 07:47:35,183] {processor.py:654} INFO - DAG(s) dict_keys(['data_ingestion_taxizone_dag']) retrieved from /opt/airflow/dags/data_ingestion_taxizone_dag.py
[2022-12-11 07:47:35,520] {logging_mixin.py:109} INFO - [2022-12-11 07:47:35,515] {dag.py:2396} INFO - Sync 1 DAGs
[2022-12-11 07:47:35,874] {logging_mixin.py:109} INFO - [2022-12-11 07:47:35,873] {dag.py:2935} INFO - Setting next_dagrun for data_ingestion_taxizone_dag to 2022-12-11T00:00:00+00:00
[2022-12-11 07:47:36,098] {processor.py:171} INFO - Processing /opt/airflow/dags/data_ingestion_taxizone_dag.py took 20.293 seconds
[2022-12-11 07:48:07,443] {processor.py:163} INFO - Started process (PID=1329) to work on /opt/airflow/dags/data_ingestion_taxizone_dag.py
[2022-12-11 07:48:07,487] {processor.py:642} INFO - Processing file /opt/airflow/dags/data_ingestion_taxizone_dag.py for tasks to queue
[2022-12-11 07:48:07,512] {logging_mixin.py:109} INFO - [2022-12-11 07:48:07,511] {dagbag.py:500} INFO - Filling up the DagBag from /opt/airflow/dags/data_ingestion_taxizone_dag.py
[2022-12-11 07:48:31,594] {processor.py:654} INFO - DAG(s) dict_keys(['data_ingestion_taxizone_dag']) retrieved from /opt/airflow/dags/data_ingestion_taxizone_dag.py
[2022-12-11 07:48:31,910] {logging_mixin.py:109} INFO - [2022-12-11 07:48:31,884] {dag.py:2396} INFO - Sync 1 DAGs
[2022-12-11 07:48:32,525] {logging_mixin.py:109} INFO - [2022-12-11 07:48:32,492] {dag.py:2935} INFO - Setting next_dagrun for data_ingestion_taxizone_dag to 2022-12-11T00:00:00+00:00
[2022-12-11 07:48:32,858] {processor.py:171} INFO - Processing /opt/airflow/dags/data_ingestion_taxizone_dag.py took 25.521 seconds
[2022-12-11 07:49:04,262] {processor.py:163} INFO - Started process (PID=1356) to work on /opt/airflow/dags/data_ingestion_taxizone_dag.py
[2022-12-11 07:49:04,284] {processor.py:642} INFO - Processing file /opt/airflow/dags/data_ingestion_taxizone_dag.py for tasks to queue
[2022-12-11 07:49:04,319] {logging_mixin.py:109} INFO - [2022-12-11 07:49:04,318] {dagbag.py:500} INFO - Filling up the DagBag from /opt/airflow/dags/data_ingestion_taxizone_dag.py
[2022-12-11 07:49:35,691] {logging_mixin.py:109} INFO - [2022-12-11 07:49:35,690] {timeout.py:36} ERROR - Process timed out, PID: 1356
[2022-12-11 07:49:35,879] {logging_mixin.py:109} INFO - [2022-12-11 07:49:35,714] {dagbag.py:334} ERROR - Failed to import: /opt/airflow/dags/data_ingestion_taxizone_dag.py
Traceback (most recent call last):
  File "/home/airflow/.local/lib/python3.7/site-packages/airflow/models/dagbag.py", line 331, in _load_modules_from_file
    loader.exec_module(new_module)
  File "<frozen importlib._bootstrap_external>", line 728, in exec_module
  File "<frozen importlib._bootstrap>", line 219, in _call_with_frames_removed
  File "/opt/airflow/dags/data_ingestion_taxizone_dag.py", line 10, in <module>
    from airflow.providers.google.cloud.operators.bigquery import BigQueryCreateExternalTableOperator
  File "/home/airflow/.local/lib/python3.7/site-packages/airflow/providers/google/cloud/operators/bigquery.py", line 38, in <module>
    from airflow.providers.google.cloud.hooks.bigquery import BigQueryHook, BigQueryJob
  File "/home/airflow/.local/lib/python3.7/site-packages/airflow/providers/google/cloud/hooks/bigquery.py", line 33, in <module>
    from google.cloud.bigquery import (
  File "/home/airflow/.local/lib/python3.7/site-packages/google/cloud/bigquery/__init__.py", line 35, in <module>
    from google.cloud.bigquery.client import Client
  File "/home/airflow/.local/lib/python3.7/site-packages/google/cloud/bigquery/client.py", line 61, in <module>
    from google.cloud.bigquery_storage_v1.services.big_query_read.client import (
  File "/home/airflow/.local/lib/python3.7/site-packages/google/cloud/bigquery_storage_v1/__init__.py", line 25, in <module>
    from google.cloud.bigquery_storage_v1 import client
  File "/home/airflow/.local/lib/python3.7/site-packages/google/cloud/bigquery_storage_v1/client.py", line 26, in <module>
    from google.cloud.bigquery_storage_v1 import reader
  File "/home/airflow/.local/lib/python3.7/site-packages/google/cloud/bigquery_storage_v1/reader.py", line 28, in <module>
    import pandas
  File "/home/airflow/.local/lib/python3.7/site-packages/pandas/__init__.py", line 143, in <module>
    from pandas.io.api import (
  File "/home/airflow/.local/lib/python3.7/site-packages/pandas/io/api.py", line 39, in <module>
    from pandas.io.stata import read_stata
  File "<frozen importlib._bootstrap>", line 983, in _find_and_load
  File "<frozen importlib._bootstrap>", line 967, in _find_and_load_unlocked
  File "<frozen importlib._bootstrap>", line 677, in _load_unlocked
  File "<frozen importlib._bootstrap_external>", line 724, in exec_module
  File "<frozen importlib._bootstrap_external>", line 857, in get_code
  File "<frozen importlib._bootstrap_external>", line 525, in _compile_bytecode
  File "/home/airflow/.local/lib/python3.7/site-packages/airflow/utils/timeout.py", line 37, in handle_timeout
    raise AirflowTaskTimeout(self.error_message)
airflow.exceptions.AirflowTaskTimeout: DagBag import timeout for /opt/airflow/dags/data_ingestion_taxizone_dag.py after 30.0s.
Please take a look at these docs to improve your DAG import time:
* https://airflow.apache.org/docs/apache-airflow/2.2.3/best-practices.html#top-level-python-code
* https://airflow.apache.org/docs/apache-airflow/2.2.3/best-practices.html#reducing-dag-complexity, PID: 1356
[2022-12-11 07:49:36,222] {processor.py:690} INFO - Deactivated 1 DAGs which are no longer present in /opt/airflow/dags/data_ingestion_taxizone_dag.py
[2022-12-11 07:49:36,293] {processor.py:656} WARNING - No viable dags retrieved from /opt/airflow/dags/data_ingestion_taxizone_dag.py
[2022-12-11 07:49:36,555] {processor.py:171} INFO - Processing /opt/airflow/dags/data_ingestion_taxizone_dag.py took 32.410 seconds
[2022-12-11 07:50:12,286] {processor.py:163} INFO - Started process (PID=1394) to work on /opt/airflow/dags/data_ingestion_taxizone_dag.py
[2022-12-11 07:50:12,658] {processor.py:642} INFO - Processing file /opt/airflow/dags/data_ingestion_taxizone_dag.py for tasks to queue
[2022-12-11 07:50:13,106] {logging_mixin.py:109} INFO - [2022-12-11 07:50:13,105] {dagbag.py:500} INFO - Filling up the DagBag from /opt/airflow/dags/data_ingestion_taxizone_dag.py
[2022-12-11 07:50:43,764] {logging_mixin.py:109} INFO - [2022-12-11 07:50:43,763] {timeout.py:36} ERROR - Process timed out, PID: 1394
[2022-12-11 07:50:44,149] {logging_mixin.py:109} INFO - [2022-12-11 07:50:43,787] {dagbag.py:334} ERROR - Failed to import: /opt/airflow/dags/data_ingestion_taxizone_dag.py
Traceback (most recent call last):
  File "/home/airflow/.local/lib/python3.7/site-packages/airflow/models/dagbag.py", line 331, in _load_modules_from_file
    loader.exec_module(new_module)
  File "<frozen importlib._bootstrap_external>", line 728, in exec_module
  File "<frozen importlib._bootstrap>", line 219, in _call_with_frames_removed
  File "/opt/airflow/dags/data_ingestion_taxizone_dag.py", line 10, in <module>
    from airflow.providers.google.cloud.operators.bigquery import BigQueryCreateExternalTableOperator
  File "/home/airflow/.local/lib/python3.7/site-packages/airflow/providers/google/cloud/operators/bigquery.py", line 38, in <module>
    from airflow.providers.google.cloud.hooks.bigquery import BigQueryHook, BigQueryJob
  File "/home/airflow/.local/lib/python3.7/site-packages/airflow/providers/google/cloud/hooks/bigquery.py", line 33, in <module>
    from google.cloud.bigquery import (
  File "/home/airflow/.local/lib/python3.7/site-packages/google/cloud/bigquery/__init__.py", line 35, in <module>
    from google.cloud.bigquery.client import Client
  File "/home/airflow/.local/lib/python3.7/site-packages/google/cloud/bigquery/client.py", line 61, in <module>
    from google.cloud.bigquery_storage_v1.services.big_query_read.client import (
  File "/home/airflow/.local/lib/python3.7/site-packages/google/cloud/bigquery_storage_v1/__init__.py", line 25, in <module>
    from google.cloud.bigquery_storage_v1 import client
  File "/home/airflow/.local/lib/python3.7/site-packages/google/cloud/bigquery_storage_v1/client.py", line 26, in <module>
    from google.cloud.bigquery_storage_v1 import reader
  File "/home/airflow/.local/lib/python3.7/site-packages/google/cloud/bigquery_storage_v1/reader.py", line 28, in <module>
    import pandas
  File "/home/airflow/.local/lib/python3.7/site-packages/pandas/__init__.py", line 11, in <module>
    __import__(dependency)
  File "/home/airflow/.local/lib/python3.7/site-packages/numpy/__init__.py", line 156, in <module>
    from . import random
  File "/home/airflow/.local/lib/python3.7/site-packages/numpy/random/__init__.py", line 179, in <module>
    from . import _pickle
  File "/home/airflow/.local/lib/python3.7/site-packages/numpy/random/_pickle.py", line 6, in <module>
    from ._generator import Generator
  File "_generator.pyx", line 1, in init numpy.random._generator
  File "<frozen importlib._bootstrap>", line 194, in _lock_unlock_module
  File "/home/airflow/.local/lib/python3.7/site-packages/airflow/utils/timeout.py", line 37, in handle_timeout
    raise AirflowTaskTimeout(self.error_message)
airflow.exceptions.AirflowTaskTimeout: DagBag import timeout for /opt/airflow/dags/data_ingestion_taxizone_dag.py after 30.0s.
Please take a look at these docs to improve your DAG import time:
* https://airflow.apache.org/docs/apache-airflow/2.2.3/best-practices.html#top-level-python-code
* https://airflow.apache.org/docs/apache-airflow/2.2.3/best-practices.html#reducing-dag-complexity, PID: 1394
[2022-12-11 07:50:44,993] {processor.py:656} WARNING - No viable dags retrieved from /opt/airflow/dags/data_ingestion_taxizone_dag.py
[2022-12-11 07:50:45,549] {processor.py:171} INFO - Processing /opt/airflow/dags/data_ingestion_taxizone_dag.py took 33.846 seconds
[2022-12-11 07:51:17,984] {processor.py:163} INFO - Started process (PID=1429) to work on /opt/airflow/dags/data_ingestion_taxizone_dag.py
[2022-12-11 07:51:18,098] {processor.py:642} INFO - Processing file /opt/airflow/dags/data_ingestion_taxizone_dag.py for tasks to queue
[2022-12-11 07:51:18,208] {logging_mixin.py:109} INFO - [2022-12-11 07:51:18,206] {dagbag.py:500} INFO - Filling up the DagBag from /opt/airflow/dags/data_ingestion_taxizone_dag.py
[2022-12-11 07:51:48,390] {logging_mixin.py:109} INFO - [2022-12-11 07:51:48,389] {timeout.py:36} ERROR - Process timed out, PID: 1429
[2022-12-11 07:51:48,722] {logging_mixin.py:109} INFO - [2022-12-11 07:51:48,422] {dagbag.py:334} ERROR - Failed to import: /opt/airflow/dags/data_ingestion_taxizone_dag.py
Traceback (most recent call last):
  File "/home/airflow/.local/lib/python3.7/site-packages/airflow/models/dagbag.py", line 331, in _load_modules_from_file
    loader.exec_module(new_module)
  File "<frozen importlib._bootstrap_external>", line 728, in exec_module
  File "<frozen importlib._bootstrap>", line 219, in _call_with_frames_removed
  File "/opt/airflow/dags/data_ingestion_taxizone_dag.py", line 10, in <module>
    from airflow.providers.google.cloud.operators.bigquery import BigQueryCreateExternalTableOperator
  File "/home/airflow/.local/lib/python3.7/site-packages/airflow/providers/google/cloud/operators/bigquery.py", line 38, in <module>
    from airflow.providers.google.cloud.hooks.bigquery import BigQueryHook, BigQueryJob
  File "/home/airflow/.local/lib/python3.7/site-packages/airflow/providers/google/cloud/hooks/bigquery.py", line 33, in <module>
    from google.cloud.bigquery import (
  File "/home/airflow/.local/lib/python3.7/site-packages/google/cloud/bigquery/__init__.py", line 35, in <module>
    from google.cloud.bigquery.client import Client
  File "/home/airflow/.local/lib/python3.7/site-packages/google/cloud/bigquery/client.py", line 61, in <module>
    from google.cloud.bigquery_storage_v1.services.big_query_read.client import (
  File "/home/airflow/.local/lib/python3.7/site-packages/google/cloud/bigquery_storage_v1/__init__.py", line 25, in <module>
    from google.cloud.bigquery_storage_v1 import client
  File "/home/airflow/.local/lib/python3.7/site-packages/google/cloud/bigquery_storage_v1/client.py", line 26, in <module>
    from google.cloud.bigquery_storage_v1 import reader
  File "/home/airflow/.local/lib/python3.7/site-packages/google/cloud/bigquery_storage_v1/reader.py", line 28, in <module>
    import pandas
  File "/home/airflow/.local/lib/python3.7/site-packages/pandas/__init__.py", line 22, in <module>
    from pandas.compat import (
  File "/home/airflow/.local/lib/python3.7/site-packages/pandas/compat/__init__.py", line 15, in <module>
    from pandas.compat.numpy import (
  File "/home/airflow/.local/lib/python3.7/site-packages/pandas/compat/numpy/__init__.py", line 7, in <module>
    from pandas.util.version import Version
  File "/home/airflow/.local/lib/python3.7/site-packages/pandas/util/__init__.py", line 1, in <module>
    from pandas.util._decorators import (  # noqa
  File "/home/airflow/.local/lib/python3.7/site-packages/pandas/util/_decorators.py", line 14, in <module>
    from pandas._libs.properties import cache_readonly  # noqa
  File "/home/airflow/.local/lib/python3.7/site-packages/pandas/_libs/__init__.py", line 13, in <module>
    from pandas._libs.interval import Interval
  File "pandas/_libs/interval.pyx", line 1, in init pandas._libs.interval
  File "pandas/_libs/hashtable.pyx", line 1, in init pandas._libs.hashtable
  File "pandas/_libs/missing.pyx", line 1, in init pandas._libs.missing
  File "/home/airflow/.local/lib/python3.7/site-packages/pandas/_libs/tslibs/__init__.py", line 31, in <module>
    from pandas._libs.tslibs.conversion import (
  File "pandas/_libs/tslibs/conversion.pyx", line 1, in init pandas._libs.tslibs.conversion
  File "<frozen importlib._bootstrap>", line 416, in parent
  File "/home/airflow/.local/lib/python3.7/site-packages/airflow/utils/timeout.py", line 37, in handle_timeout
    raise AirflowTaskTimeout(self.error_message)
airflow.exceptions.AirflowTaskTimeout: DagBag import timeout for /opt/airflow/dags/data_ingestion_taxizone_dag.py after 30.0s.
Please take a look at these docs to improve your DAG import time:
* https://airflow.apache.org/docs/apache-airflow/2.2.3/best-practices.html#top-level-python-code
* https://airflow.apache.org/docs/apache-airflow/2.2.3/best-practices.html#reducing-dag-complexity, PID: 1429
[2022-12-11 07:51:49,458] {processor.py:656} WARNING - No viable dags retrieved from /opt/airflow/dags/data_ingestion_taxizone_dag.py
[2022-12-11 07:51:50,191] {processor.py:171} INFO - Processing /opt/airflow/dags/data_ingestion_taxizone_dag.py took 32.529 seconds
[2022-12-11 07:52:22,382] {processor.py:163} INFO - Started process (PID=1462) to work on /opt/airflow/dags/data_ingestion_taxizone_dag.py
[2022-12-11 07:52:22,478] {processor.py:642} INFO - Processing file /opt/airflow/dags/data_ingestion_taxizone_dag.py for tasks to queue
[2022-12-11 07:52:22,608] {logging_mixin.py:109} INFO - [2022-12-11 07:52:22,607] {dagbag.py:500} INFO - Filling up the DagBag from /opt/airflow/dags/data_ingestion_taxizone_dag.py
[2022-12-11 07:52:52,827] {logging_mixin.py:109} INFO - [2022-12-11 07:52:52,825] {timeout.py:36} ERROR - Process timed out, PID: 1462
[2022-12-11 07:52:53,110] {logging_mixin.py:109} INFO - [2022-12-11 07:52:52,885] {dagbag.py:334} ERROR - Failed to import: /opt/airflow/dags/data_ingestion_taxizone_dag.py
Traceback (most recent call last):
  File "/home/airflow/.local/lib/python3.7/site-packages/airflow/models/dagbag.py", line 331, in _load_modules_from_file
    loader.exec_module(new_module)
  File "<frozen importlib._bootstrap_external>", line 728, in exec_module
  File "<frozen importlib._bootstrap>", line 219, in _call_with_frames_removed
  File "/opt/airflow/dags/data_ingestion_taxizone_dag.py", line 10, in <module>
    from airflow.providers.google.cloud.operators.bigquery import BigQueryCreateExternalTableOperator
  File "/home/airflow/.local/lib/python3.7/site-packages/airflow/providers/google/cloud/operators/bigquery.py", line 38, in <module>
    from airflow.providers.google.cloud.hooks.bigquery import BigQueryHook, BigQueryJob
  File "/home/airflow/.local/lib/python3.7/site-packages/airflow/providers/google/cloud/hooks/bigquery.py", line 33, in <module>
    from google.cloud.bigquery import (
  File "/home/airflow/.local/lib/python3.7/site-packages/google/cloud/bigquery/__init__.py", line 35, in <module>
    from google.cloud.bigquery.client import Client
  File "/home/airflow/.local/lib/python3.7/site-packages/google/cloud/bigquery/client.py", line 61, in <module>
    from google.cloud.bigquery_storage_v1.services.big_query_read.client import (
  File "/home/airflow/.local/lib/python3.7/site-packages/google/cloud/bigquery_storage_v1/__init__.py", line 25, in <module>
    from google.cloud.bigquery_storage_v1 import client
  File "/home/airflow/.local/lib/python3.7/site-packages/google/cloud/bigquery_storage_v1/client.py", line 26, in <module>
    from google.cloud.bigquery_storage_v1 import reader
  File "/home/airflow/.local/lib/python3.7/site-packages/google/cloud/bigquery_storage_v1/reader.py", line 28, in <module>
    import pandas
  File "/home/airflow/.local/lib/python3.7/site-packages/pandas/__init__.py", line 22, in <module>
    from pandas.compat import (
  File "/home/airflow/.local/lib/python3.7/site-packages/pandas/compat/__init__.py", line 23, in <module>
    from pandas.compat.pyarrow import (
  File "/home/airflow/.local/lib/python3.7/site-packages/pandas/compat/pyarrow.py", line 6, in <module>
    import pyarrow as pa
  File "/home/airflow/.local/lib/python3.7/site-packages/pyarrow/__init__.py", line 63, in <module>
    import pyarrow.lib as _lib
  File "pyarrow/scalar.pxi", line 602, in init pyarrow.lib
  File "/usr/local/lib/python3.7/abc.py", line 127, in __new__
    _abc_init(cls)
  File "/home/airflow/.local/lib/python3.7/site-packages/airflow/utils/timeout.py", line 37, in handle_timeout
    raise AirflowTaskTimeout(self.error_message)
airflow.exceptions.AirflowTaskTimeout: DagBag import timeout for /opt/airflow/dags/data_ingestion_taxizone_dag.py after 30.0s.
Please take a look at these docs to improve your DAG import time:
* https://airflow.apache.org/docs/apache-airflow/2.2.3/best-practices.html#top-level-python-code
* https://airflow.apache.org/docs/apache-airflow/2.2.3/best-practices.html#reducing-dag-complexity, PID: 1462
[2022-12-11 07:52:53,958] {processor.py:656} WARNING - No viable dags retrieved from /opt/airflow/dags/data_ingestion_taxizone_dag.py
[2022-12-11 07:52:54,483] {processor.py:171} INFO - Processing /opt/airflow/dags/data_ingestion_taxizone_dag.py took 32.642 seconds
[2022-12-11 07:53:27,100] {processor.py:163} INFO - Started process (PID=1494) to work on /opt/airflow/dags/data_ingestion_taxizone_dag.py
[2022-12-11 07:53:27,182] {processor.py:642} INFO - Processing file /opt/airflow/dags/data_ingestion_taxizone_dag.py for tasks to queue
[2022-12-11 07:53:27,281] {logging_mixin.py:109} INFO - [2022-12-11 07:53:27,184] {dagbag.py:500} INFO - Filling up the DagBag from /opt/airflow/dags/data_ingestion_taxizone_dag.py
[2022-12-11 07:53:57,327] {logging_mixin.py:109} INFO - [2022-12-11 07:53:57,326] {timeout.py:36} ERROR - Process timed out, PID: 1494
[2022-12-11 07:53:57,546] {logging_mixin.py:109} INFO - [2022-12-11 07:53:57,396] {dagbag.py:334} ERROR - Failed to import: /opt/airflow/dags/data_ingestion_taxizone_dag.py
Traceback (most recent call last):
  File "/home/airflow/.local/lib/python3.7/site-packages/airflow/models/dagbag.py", line 331, in _load_modules_from_file
    loader.exec_module(new_module)
  File "<frozen importlib._bootstrap_external>", line 728, in exec_module
  File "<frozen importlib._bootstrap>", line 219, in _call_with_frames_removed
  File "/opt/airflow/dags/data_ingestion_taxizone_dag.py", line 10, in <module>
    from airflow.providers.google.cloud.operators.bigquery import BigQueryCreateExternalTableOperator
  File "/home/airflow/.local/lib/python3.7/site-packages/airflow/providers/google/cloud/operators/bigquery.py", line 38, in <module>
    from airflow.providers.google.cloud.hooks.bigquery import BigQueryHook, BigQueryJob
  File "/home/airflow/.local/lib/python3.7/site-packages/airflow/providers/google/cloud/hooks/bigquery.py", line 33, in <module>
    from google.cloud.bigquery import (
  File "/home/airflow/.local/lib/python3.7/site-packages/google/cloud/bigquery/__init__.py", line 35, in <module>
    from google.cloud.bigquery.client import Client
  File "/home/airflow/.local/lib/python3.7/site-packages/google/cloud/bigquery/client.py", line 61, in <module>
    from google.cloud.bigquery_storage_v1.services.big_query_read.client import (
  File "/home/airflow/.local/lib/python3.7/site-packages/google/cloud/bigquery_storage_v1/__init__.py", line 25, in <module>
    from google.cloud.bigquery_storage_v1 import client
  File "/home/airflow/.local/lib/python3.7/site-packages/google/cloud/bigquery_storage_v1/client.py", line 26, in <module>
    from google.cloud.bigquery_storage_v1 import reader
  File "/home/airflow/.local/lib/python3.7/site-packages/google/cloud/bigquery_storage_v1/reader.py", line 28, in <module>
    import pandas
  File "/home/airflow/.local/lib/python3.7/site-packages/pandas/__init__.py", line 50, in <module>
    from pandas.core.api import (
  File "/home/airflow/.local/lib/python3.7/site-packages/pandas/core/api.py", line 24, in <module>
    from pandas.core.algorithms import (
  File "<frozen importlib._bootstrap>", line 983, in _find_and_load
  File "<frozen importlib._bootstrap>", line 967, in _find_and_load_unlocked
  File "<frozen importlib._bootstrap>", line 677, in _load_unlocked
  File "<frozen importlib._bootstrap_external>", line 724, in exec_module
  File "<frozen importlib._bootstrap_external>", line 857, in get_code
  File "<frozen importlib._bootstrap_external>", line 525, in _compile_bytecode
  File "/home/airflow/.local/lib/python3.7/site-packages/airflow/utils/timeout.py", line 37, in handle_timeout
    raise AirflowTaskTimeout(self.error_message)
airflow.exceptions.AirflowTaskTimeout: DagBag import timeout for /opt/airflow/dags/data_ingestion_taxizone_dag.py after 30.0s.
Please take a look at these docs to improve your DAG import time:
* https://airflow.apache.org/docs/apache-airflow/2.2.3/best-practices.html#top-level-python-code
* https://airflow.apache.org/docs/apache-airflow/2.2.3/best-practices.html#reducing-dag-complexity, PID: 1494
[2022-12-11 07:53:58,214] {processor.py:656} WARNING - No viable dags retrieved from /opt/airflow/dags/data_ingestion_taxizone_dag.py
[2022-12-11 07:53:58,707] {processor.py:171} INFO - Processing /opt/airflow/dags/data_ingestion_taxizone_dag.py took 31.773 seconds
[2022-12-11 07:54:30,448] {processor.py:163} INFO - Started process (PID=1534) to work on /opt/airflow/dags/data_ingestion_taxizone_dag.py
[2022-12-11 07:54:30,523] {processor.py:642} INFO - Processing file /opt/airflow/dags/data_ingestion_taxizone_dag.py for tasks to queue
[2022-12-11 07:54:30,579] {logging_mixin.py:109} INFO - [2022-12-11 07:54:30,579] {dagbag.py:500} INFO - Filling up the DagBag from /opt/airflow/dags/data_ingestion_taxizone_dag.py
[2022-12-11 07:55:00,750] {logging_mixin.py:109} INFO - [2022-12-11 07:55:00,749] {timeout.py:36} ERROR - Process timed out, PID: 1534
[2022-12-11 07:55:01,320] {logging_mixin.py:109} INFO - [2022-12-11 07:55:00,857] {dagbag.py:334} ERROR - Failed to import: /opt/airflow/dags/data_ingestion_taxizone_dag.py
Traceback (most recent call last):
  File "/home/airflow/.local/lib/python3.7/site-packages/airflow/models/dagbag.py", line 331, in _load_modules_from_file
    loader.exec_module(new_module)
  File "<frozen importlib._bootstrap_external>", line 728, in exec_module
  File "<frozen importlib._bootstrap>", line 219, in _call_with_frames_removed
  File "/opt/airflow/dags/data_ingestion_taxizone_dag.py", line 10, in <module>
    from airflow.providers.google.cloud.operators.bigquery import BigQueryCreateExternalTableOperator
  File "/home/airflow/.local/lib/python3.7/site-packages/airflow/providers/google/cloud/operators/bigquery.py", line 38, in <module>
    from airflow.providers.google.cloud.hooks.bigquery import BigQueryHook, BigQueryJob
  File "/home/airflow/.local/lib/python3.7/site-packages/airflow/providers/google/cloud/hooks/bigquery.py", line 33, in <module>
    from google.cloud.bigquery import (
  File "/home/airflow/.local/lib/python3.7/site-packages/google/cloud/bigquery/__init__.py", line 35, in <module>
    from google.cloud.bigquery.client import Client
  File "/home/airflow/.local/lib/python3.7/site-packages/google/cloud/bigquery/client.py", line 61, in <module>
    from google.cloud.bigquery_storage_v1.services.big_query_read.client import (
  File "/home/airflow/.local/lib/python3.7/site-packages/google/cloud/bigquery_storage_v1/__init__.py", line 25, in <module>
    from google.cloud.bigquery_storage_v1 import client
  File "/home/airflow/.local/lib/python3.7/site-packages/google/cloud/bigquery_storage_v1/client.py", line 26, in <module>
    from google.cloud.bigquery_storage_v1 import reader
  File "/home/airflow/.local/lib/python3.7/site-packages/google/cloud/bigquery_storage_v1/reader.py", line 28, in <module>
    import pandas
  File "/home/airflow/.local/lib/python3.7/site-packages/pandas/__init__.py", line 50, in <module>
    from pandas.core.api import (
  File "/home/airflow/.local/lib/python3.7/site-packages/pandas/core/api.py", line 29, in <module>
    from pandas.core.arrays import Categorical
  File "/home/airflow/.local/lib/python3.7/site-packages/pandas/core/arrays/__init__.py", line 7, in <module>
    from pandas.core.arrays.categorical import Categorical
  File "/home/airflow/.local/lib/python3.7/site-packages/pandas/core/arrays/categorical.py", line 98, in <module>
    from pandas.core.arrays._mixins import NDArrayBackedExtensionArray
  File "<frozen importlib._bootstrap>", line 983, in _find_and_load
  File "<frozen importlib._bootstrap>", line 967, in _find_and_load_unlocked
  File "<frozen importlib._bootstrap>", line 677, in _load_unlocked
  File "<frozen importlib._bootstrap_external>", line 724, in exec_module
  File "<frozen importlib._bootstrap_external>", line 857, in get_code
  File "<frozen importlib._bootstrap_external>", line 525, in _compile_bytecode
  File "/home/airflow/.local/lib/python3.7/site-packages/airflow/utils/timeout.py", line 37, in handle_timeout
    raise AirflowTaskTimeout(self.error_message)
airflow.exceptions.AirflowTaskTimeout: DagBag import timeout for /opt/airflow/dags/data_ingestion_taxizone_dag.py after 30.0s.
Please take a look at these docs to improve your DAG import time:
* https://airflow.apache.org/docs/apache-airflow/2.2.3/best-practices.html#top-level-python-code
* https://airflow.apache.org/docs/apache-airflow/2.2.3/best-practices.html#reducing-dag-complexity, PID: 1534
[2022-12-11 07:55:02,617] {processor.py:656} WARNING - No viable dags retrieved from /opt/airflow/dags/data_ingestion_taxizone_dag.py
[2022-12-11 07:55:03,192] {processor.py:171} INFO - Processing /opt/airflow/dags/data_ingestion_taxizone_dag.py took 32.898 seconds
[2022-12-11 07:55:35,939] {processor.py:163} INFO - Started process (PID=1567) to work on /opt/airflow/dags/data_ingestion_taxizone_dag.py
[2022-12-11 07:55:36,063] {processor.py:642} INFO - Processing file /opt/airflow/dags/data_ingestion_taxizone_dag.py for tasks to queue
[2022-12-11 07:55:36,102] {logging_mixin.py:109} INFO - [2022-12-11 07:55:36,102] {dagbag.py:500} INFO - Filling up the DagBag from /opt/airflow/dags/data_ingestion_taxizone_dag.py
[2022-12-11 07:56:06,252] {logging_mixin.py:109} INFO - [2022-12-11 07:56:06,251] {timeout.py:36} ERROR - Process timed out, PID: 1567
[2022-12-11 07:56:06,670] {logging_mixin.py:109} INFO - [2022-12-11 07:56:06,294] {dagbag.py:334} ERROR - Failed to import: /opt/airflow/dags/data_ingestion_taxizone_dag.py
Traceback (most recent call last):
  File "/home/airflow/.local/lib/python3.7/site-packages/airflow/models/dagbag.py", line 331, in _load_modules_from_file
    loader.exec_module(new_module)
  File "<frozen importlib._bootstrap_external>", line 728, in exec_module
  File "<frozen importlib._bootstrap>", line 219, in _call_with_frames_removed
  File "/opt/airflow/dags/data_ingestion_taxizone_dag.py", line 10, in <module>
    from airflow.providers.google.cloud.operators.bigquery import BigQueryCreateExternalTableOperator
  File "/home/airflow/.local/lib/python3.7/site-packages/airflow/providers/google/cloud/operators/bigquery.py", line 38, in <module>
    from airflow.providers.google.cloud.hooks.bigquery import BigQueryHook, BigQueryJob
  File "/home/airflow/.local/lib/python3.7/site-packages/airflow/providers/google/cloud/hooks/bigquery.py", line 33, in <module>
    from google.cloud.bigquery import (
  File "/home/airflow/.local/lib/python3.7/site-packages/google/cloud/bigquery/__init__.py", line 35, in <module>
    from google.cloud.bigquery.client import Client
  File "/home/airflow/.local/lib/python3.7/site-packages/google/cloud/bigquery/client.py", line 61, in <module>
    from google.cloud.bigquery_storage_v1.services.big_query_read.client import (
  File "/home/airflow/.local/lib/python3.7/site-packages/google/cloud/bigquery_storage_v1/__init__.py", line 25, in <module>
    from google.cloud.bigquery_storage_v1 import client
  File "/home/airflow/.local/lib/python3.7/site-packages/google/cloud/bigquery_storage_v1/client.py", line 26, in <module>
    from google.cloud.bigquery_storage_v1 import reader
  File "/home/airflow/.local/lib/python3.7/site-packages/google/cloud/bigquery_storage_v1/reader.py", line 28, in <module>
    import pandas
  File "/home/airflow/.local/lib/python3.7/site-packages/pandas/__init__.py", line 50, in <module>
    from pandas.core.api import (
  File "/home/airflow/.local/lib/python3.7/site-packages/pandas/core/api.py", line 48, in <module>
    from pandas.core.groupby import (
  File "/home/airflow/.local/lib/python3.7/site-packages/pandas/core/groupby/__init__.py", line 1, in <module>
    from pandas.core.groupby.generic import (
  File "/home/airflow/.local/lib/python3.7/site-packages/pandas/core/groupby/generic.py", line 73, in <module>
    from pandas.core.frame import DataFrame
  File "/home/airflow/.local/lib/python3.7/site-packages/pandas/core/frame.py", line 129, in <module>
    from pandas.core import (
  File "/home/airflow/.local/lib/python3.7/site-packages/pandas/core/generic.py", line 122, in <module>
    from pandas.core.describe import describe_ndframe
  File "/home/airflow/.local/lib/python3.7/site-packages/pandas/core/describe.py", line 37, in <module>
    from pandas.core.reshape.concat import concat
  File "/home/airflow/.local/lib/python3.7/site-packages/pandas/core/reshape/concat.py", line 45, in <module>
    from pandas.core.internals import concatenate_managers
  File "/home/airflow/.local/lib/python3.7/site-packages/pandas/core/internals/__init__.py", line 1, in <module>
    from pandas.core.internals.api import make_block  # pseudo-public version
  File "/home/airflow/.local/lib/python3.7/site-packages/pandas/core/internals/api.py", line 23, in <module>
    from pandas.core.internals.blocks import (
  File "<frozen importlib._bootstrap>", line 983, in _find_and_load
  File "<frozen importlib._bootstrap>", line 967, in _find_and_load_unlocked
  File "<frozen importlib._bootstrap>", line 677, in _load_unlocked
  File "<frozen importlib._bootstrap_external>", line 724, in exec_module
  File "<frozen importlib._bootstrap_external>", line 857, in get_code
  File "<frozen importlib._bootstrap_external>", line 525, in _compile_bytecode
  File "/home/airflow/.local/lib/python3.7/site-packages/airflow/utils/timeout.py", line 37, in handle_timeout
    raise AirflowTaskTimeout(self.error_message)
airflow.exceptions.AirflowTaskTimeout: DagBag import timeout for /opt/airflow/dags/data_ingestion_taxizone_dag.py after 30.0s.
Please take a look at these docs to improve your DAG import time:
* https://airflow.apache.org/docs/apache-airflow/2.2.3/best-practices.html#top-level-python-code
* https://airflow.apache.org/docs/apache-airflow/2.2.3/best-practices.html#reducing-dag-complexity, PID: 1567
[2022-12-11 07:56:07,371] {processor.py:656} WARNING - No viable dags retrieved from /opt/airflow/dags/data_ingestion_taxizone_dag.py
[2022-12-11 07:56:07,770] {processor.py:171} INFO - Processing /opt/airflow/dags/data_ingestion_taxizone_dag.py took 32.000 seconds
[2022-12-11 07:56:39,180] {processor.py:163} INFO - Started process (PID=1603) to work on /opt/airflow/dags/data_ingestion_taxizone_dag.py
[2022-12-11 07:56:39,377] {processor.py:642} INFO - Processing file /opt/airflow/dags/data_ingestion_taxizone_dag.py for tasks to queue
[2022-12-11 07:56:39,414] {logging_mixin.py:109} INFO - [2022-12-11 07:56:39,414] {dagbag.py:500} INFO - Filling up the DagBag from /opt/airflow/dags/data_ingestion_taxizone_dag.py
[2022-12-11 07:57:09,424] {logging_mixin.py:109} INFO - [2022-12-11 07:57:09,422] {timeout.py:36} ERROR - Process timed out, PID: 1603
[2022-12-11 07:57:09,692] {logging_mixin.py:109} INFO - [2022-12-11 07:57:09,501] {dagbag.py:334} ERROR - Failed to import: /opt/airflow/dags/data_ingestion_taxizone_dag.py
Traceback (most recent call last):
  File "/home/airflow/.local/lib/python3.7/site-packages/airflow/models/dagbag.py", line 331, in _load_modules_from_file
    loader.exec_module(new_module)
  File "<frozen importlib._bootstrap_external>", line 728, in exec_module
  File "<frozen importlib._bootstrap>", line 219, in _call_with_frames_removed
  File "/opt/airflow/dags/data_ingestion_taxizone_dag.py", line 10, in <module>
    from airflow.providers.google.cloud.operators.bigquery import BigQueryCreateExternalTableOperator
  File "/home/airflow/.local/lib/python3.7/site-packages/airflow/providers/google/cloud/operators/bigquery.py", line 38, in <module>
    from airflow.providers.google.cloud.hooks.bigquery import BigQueryHook, BigQueryJob
  File "/home/airflow/.local/lib/python3.7/site-packages/airflow/providers/google/cloud/hooks/bigquery.py", line 33, in <module>
    from google.cloud.bigquery import (
  File "/home/airflow/.local/lib/python3.7/site-packages/google/cloud/bigquery/__init__.py", line 35, in <module>
    from google.cloud.bigquery.client import Client
  File "/home/airflow/.local/lib/python3.7/site-packages/google/cloud/bigquery/client.py", line 61, in <module>
    from google.cloud.bigquery_storage_v1.services.big_query_read.client import (
  File "/home/airflow/.local/lib/python3.7/site-packages/google/cloud/bigquery_storage_v1/__init__.py", line 25, in <module>
    from google.cloud.bigquery_storage_v1 import client
  File "/home/airflow/.local/lib/python3.7/site-packages/google/cloud/bigquery_storage_v1/client.py", line 27, in <module>
    from google.cloud.bigquery_storage_v1.services import big_query_read
  File "/home/airflow/.local/lib/python3.7/site-packages/google/cloud/bigquery_storage_v1/services/big_query_read/__init__.py", line 16, in <module>
    from .client import BigQueryReadClient
  File "/home/airflow/.local/lib/python3.7/site-packages/google/cloud/bigquery_storage_v1/services/big_query_read/client.py", line 27, in <module>
    from google.auth.transport import mtls  # type: ignore
  File "<frozen importlib._bootstrap>", line 980, in _find_and_load
  File "<frozen importlib._bootstrap>", line 148, in __enter__
  File "<frozen importlib._bootstrap>", line 174, in _get_module_lock
  File "<frozen importlib._bootstrap>", line 60, in __init__
  File "/home/airflow/.local/lib/python3.7/site-packages/airflow/utils/timeout.py", line 37, in handle_timeout
    raise AirflowTaskTimeout(self.error_message)
airflow.exceptions.AirflowTaskTimeout: DagBag import timeout for /opt/airflow/dags/data_ingestion_taxizone_dag.py after 30.0s.
Please take a look at these docs to improve your DAG import time:
* https://airflow.apache.org/docs/apache-airflow/2.2.3/best-practices.html#top-level-python-code
* https://airflow.apache.org/docs/apache-airflow/2.2.3/best-practices.html#reducing-dag-complexity, PID: 1603
[2022-12-11 07:57:10,527] {processor.py:656} WARNING - No viable dags retrieved from /opt/airflow/dags/data_ingestion_taxizone_dag.py
[2022-12-11 07:57:11,355] {processor.py:171} INFO - Processing /opt/airflow/dags/data_ingestion_taxizone_dag.py took 32.397 seconds
[2022-12-11 07:57:42,632] {processor.py:163} INFO - Started process (PID=1634) to work on /opt/airflow/dags/data_ingestion_taxizone_dag.py
[2022-12-11 07:57:42,796] {processor.py:642} INFO - Processing file /opt/airflow/dags/data_ingestion_taxizone_dag.py for tasks to queue
[2022-12-11 07:57:42,831] {logging_mixin.py:109} INFO - [2022-12-11 07:57:42,830] {dagbag.py:500} INFO - Filling up the DagBag from /opt/airflow/dags/data_ingestion_taxizone_dag.py
[2022-12-11 07:58:17,266] {logging_mixin.py:109} INFO - [2022-12-11 07:58:17,256] {timeout.py:36} ERROR - Process timed out, PID: 1634
[2022-12-11 07:58:17,330] {logging_mixin.py:109} WARNING - Exception ignored in: <function WeakValueDictionary.__init__.<locals>.remove at 0x7fc8270ea0e0>
[2022-12-11 07:58:17,337] {logging_mixin.py:109} WARNING - Traceback (most recent call last):
[2022-12-11 07:58:17,338] {logging_mixin.py:109} WARNING -   File "/usr/local/lib/python3.7/weakref.py", line 109, in remove
[2022-12-11 07:58:17,374] {logging_mixin.py:109} WARNING -     def remove(wr, selfref=ref(self), _atomic_removal=_remove_dead_weakref):
[2022-12-11 07:58:17,393] {logging_mixin.py:109} WARNING -   File "/home/airflow/.local/lib/python3.7/site-packages/airflow/utils/timeout.py", line 37, in handle_timeout
[2022-12-11 07:58:17,409] {logging_mixin.py:109} WARNING -     raise AirflowTaskTimeout(self.error_message)
[2022-12-11 07:58:17,453] {logging_mixin.py:109} WARNING - airflow.exceptions.AirflowTaskTimeout: DagBag import timeout for /opt/airflow/dags/data_ingestion_taxizone_dag.py after 30.0s.
Please take a look at these docs to improve your DAG import time:
* https://airflow.apache.org/docs/apache-airflow/2.2.3/best-practices.html#top-level-python-code
* https://airflow.apache.org/docs/apache-airflow/2.2.3/best-practices.html#reducing-dag-complexity, PID: 1634
[2022-12-11 07:58:29,473] {processor.py:654} INFO - DAG(s) dict_keys(['data_ingestion_taxizone_dag']) retrieved from /opt/airflow/dags/data_ingestion_taxizone_dag.py
[2022-12-11 07:58:30,227] {logging_mixin.py:109} INFO - [2022-12-11 07:58:30,226] {dag.py:2396} INFO - Sync 1 DAGs
[2022-12-11 07:58:31,612] {logging_mixin.py:109} INFO - [2022-12-11 07:58:31,612] {dag.py:2935} INFO - Setting next_dagrun for data_ingestion_taxizone_dag to 2022-12-11T00:00:00+00:00
[2022-12-11 07:58:32,262] {processor.py:171} INFO - Processing /opt/airflow/dags/data_ingestion_taxizone_dag.py took 49.745 seconds
