[2022-12-10 16:21:10,282] {taskinstance.py:1032} INFO - Dependencies all met for <TaskInstance: data_ingestion_yellowtax_dag.download_dataset_task scheduled__2022-12-09T00:00:00+00:00 [queued]>
[2022-12-10 16:21:10,459] {taskinstance.py:1032} INFO - Dependencies all met for <TaskInstance: data_ingestion_yellowtax_dag.download_dataset_task scheduled__2022-12-09T00:00:00+00:00 [queued]>
[2022-12-10 16:21:10,473] {taskinstance.py:1238} INFO - 
--------------------------------------------------------------------------------
[2022-12-10 16:21:10,474] {taskinstance.py:1239} INFO - Starting attempt 2 of 2
[2022-12-10 16:21:10,481] {taskinstance.py:1240} INFO - 
--------------------------------------------------------------------------------
[2022-12-10 16:21:10,712] {taskinstance.py:1259} INFO - Executing <Task(BashOperator): download_dataset_task> on 2022-12-09 00:00:00+00:00
[2022-12-10 16:21:10,867] {standard_task_runner.py:52} INFO - Started process 428 to run task
[2022-12-10 16:21:10,944] {standard_task_runner.py:76} INFO - Running: ['***', 'tasks', 'run', 'data_ingestion_yellowtax_dag', 'download_dataset_task', 'scheduled__2022-12-09T00:00:00+00:00', '--job-id', '110', '--raw', '--subdir', 'DAGS_FOLDER/data_ingestion_yellowtax_dag.py', '--cfg-path', '/tmp/tmplil2b34j', '--error-file', '/tmp/tmp8gb2nlop']
[2022-12-10 16:21:10,984] {standard_task_runner.py:77} INFO - Job 110: Subtask download_dataset_task
[2022-12-10 16:21:11,588] {logging_mixin.py:109} INFO - Running <TaskInstance: data_ingestion_yellowtax_dag.download_dataset_task scheduled__2022-12-09T00:00:00+00:00 [running]> on host 95a238f25269
[2022-12-10 16:21:11,967] {taskinstance.py:1426} INFO - Exporting the following env vars:
AIRFLOW_CTX_DAG_OWNER=***
AIRFLOW_CTX_DAG_ID=data_ingestion_yellowtax_dag
AIRFLOW_CTX_TASK_ID=download_dataset_task
AIRFLOW_CTX_EXECUTION_DATE=2022-12-09T00:00:00+00:00
AIRFLOW_CTX_DAG_RUN_ID=scheduled__2022-12-09T00:00:00+00:00
[2022-12-10 16:21:11,981] {subprocess.py:62} INFO - Tmp dir root location: 
 /tmp
[2022-12-10 16:21:11,986] {subprocess.py:74} INFO - Running command: ['bash', '-c', 'curl -sSL https://d37ci6vzurychx.cloudfront.net/trip-data/yellow_tripdata_2019-01.parquet > /opt/***/yellow_tripdata_2019-01.parquet']
[2022-12-10 16:21:12,059] {subprocess.py:85} INFO - Output:
[2022-12-10 16:21:16,193] {subprocess.py:93} INFO - Command exited with return code 0
[2022-12-10 16:21:16,246] {taskinstance.py:1277} INFO - Marking task as SUCCESS. dag_id=data_ingestion_yellowtax_dag, task_id=download_dataset_task, execution_date=20221209T000000, start_date=20221210T162110, end_date=20221210T162116
[2022-12-10 16:21:16,286] {local_task_job.py:154} INFO - Task exited with return code 0
[2022-12-10 16:21:16,338] {local_task_job.py:264} INFO - 1 downstream tasks scheduled from follow-on schedule check
