[2022-12-14 04:13:17,501] {taskinstance.py:1032} INFO - Dependencies all met for <TaskInstance: data_ingestion_tripdata1_dag.bigquery_external_table_task scheduled__2022-12-13T00:00:00+00:00 [queued]>
[2022-12-14 04:13:17,524] {taskinstance.py:1032} INFO - Dependencies all met for <TaskInstance: data_ingestion_tripdata1_dag.bigquery_external_table_task scheduled__2022-12-13T00:00:00+00:00 [queued]>
[2022-12-14 04:13:17,527] {taskinstance.py:1238} INFO - 
--------------------------------------------------------------------------------
[2022-12-14 04:13:17,528] {taskinstance.py:1239} INFO - Starting attempt 5 of 5
[2022-12-14 04:13:17,530] {taskinstance.py:1240} INFO - 
--------------------------------------------------------------------------------
[2022-12-14 04:13:17,570] {taskinstance.py:1259} INFO - Executing <Task(BigQueryCreateExternalTableOperator): bigquery_external_table_task> on 2022-12-13 00:00:00+00:00
[2022-12-14 04:13:17,593] {standard_task_runner.py:52} INFO - Started process 50433 to run task
[2022-12-14 04:13:17,617] {standard_task_runner.py:76} INFO - Running: ['***', 'tasks', 'run', 'data_ingestion_tripdata1_dag', 'bigquery_external_table_task', 'scheduled__2022-12-13T00:00:00+00:00', '--job-id', '211', '--raw', '--subdir', 'DAGS_FOLDER/data_ingestion_tripdata1_dag.py', '--cfg-path', '/tmp/tmp9d8tbx8r', '--error-file', '/tmp/tmpuwokky5b']
[2022-12-14 04:13:17,618] {standard_task_runner.py:77} INFO - Job 211: Subtask bigquery_external_table_task
[2022-12-14 04:13:17,734] {logging_mixin.py:109} INFO - Running <TaskInstance: data_ingestion_tripdata1_dag.bigquery_external_table_task scheduled__2022-12-13T00:00:00+00:00 [running]> on host c90fde5b5e35
[2022-12-14 04:13:17,857] {taskinstance.py:1426} INFO - Exporting the following env vars:
AIRFLOW_CTX_DAG_OWNER=***
AIRFLOW_CTX_DAG_ID=data_ingestion_tripdata1_dag
AIRFLOW_CTX_TASK_ID=bigquery_external_table_task
AIRFLOW_CTX_EXECUTION_DATE=2022-12-13T00:00:00+00:00
AIRFLOW_CTX_DAG_RUN_ID=scheduled__2022-12-13T00:00:00+00:00
[2022-12-14 04:13:17,865] {crypto.py:82} WARNING - empty cryptography key - values will not be stored encrypted.
[2022-12-14 04:13:18,466] {taskinstance.py:1277} INFO - Marking task as SUCCESS. dag_id=data_ingestion_tripdata1_dag, task_id=bigquery_external_table_task, execution_date=20221213T000000, start_date=20221214T041317, end_date=20221214T041318
[2022-12-14 04:13:18,530] {local_task_job.py:154} INFO - Task exited with return code 0
[2022-12-14 04:13:18,603] {local_task_job.py:264} INFO - 0 downstream tasks scheduled from follow-on schedule check
