[2022-12-14 04:33:06,899] {taskinstance.py:1032} INFO - Dependencies all met for <TaskInstance: data_ingestion_tripdata1_dag.bigquery_external_table_task scheduled__2022-12-13T00:00:00+00:00 [queued]>
[2022-12-14 04:33:06,929] {taskinstance.py:1032} INFO - Dependencies all met for <TaskInstance: data_ingestion_tripdata1_dag.bigquery_external_table_task scheduled__2022-12-13T00:00:00+00:00 [queued]>
[2022-12-14 04:33:06,929] {taskinstance.py:1238} INFO - 
--------------------------------------------------------------------------------
[2022-12-14 04:33:06,930] {taskinstance.py:1239} INFO - Starting attempt 6 of 7
[2022-12-14 04:33:06,930] {taskinstance.py:1240} INFO - 
--------------------------------------------------------------------------------
[2022-12-14 04:33:06,972] {taskinstance.py:1259} INFO - Executing <Task(BigQueryCreateExternalTableOperator): bigquery_external_table_task> on 2022-12-13 00:00:00+00:00
[2022-12-14 04:33:06,987] {standard_task_runner.py:52} INFO - Started process 314 to run task
[2022-12-14 04:33:07,006] {standard_task_runner.py:76} INFO - Running: ['***', 'tasks', 'run', 'data_ingestion_tripdata1_dag', 'bigquery_external_table_task', 'scheduled__2022-12-13T00:00:00+00:00', '--job-id', '216', '--raw', '--subdir', 'DAGS_FOLDER/data_ingestion_tripdata2_dag.py', '--cfg-path', '/tmp/tmpdyw467jd', '--error-file', '/tmp/tmpvynt7w09']
[2022-12-14 04:33:07,010] {standard_task_runner.py:77} INFO - Job 216: Subtask bigquery_external_table_task
[2022-12-14 04:33:07,178] {logging_mixin.py:109} INFO - Running <TaskInstance: data_ingestion_tripdata1_dag.bigquery_external_table_task scheduled__2022-12-13T00:00:00+00:00 [running]> on host 3aa8f9c0af4f
[2022-12-14 04:33:07,378] {taskinstance.py:1426} INFO - Exporting the following env vars:
AIRFLOW_CTX_DAG_OWNER=***
AIRFLOW_CTX_DAG_ID=data_ingestion_tripdata1_dag
AIRFLOW_CTX_TASK_ID=bigquery_external_table_task
AIRFLOW_CTX_EXECUTION_DATE=2022-12-13T00:00:00+00:00
AIRFLOW_CTX_DAG_RUN_ID=scheduled__2022-12-13T00:00:00+00:00
[2022-12-14 04:33:07,381] {crypto.py:82} WARNING - empty cryptography key - values will not be stored encrypted.
[2022-12-14 04:33:07,975] {taskinstance.py:1277} INFO - Marking task as SUCCESS. dag_id=data_ingestion_tripdata1_dag, task_id=bigquery_external_table_task, execution_date=20221213T000000, start_date=20221214T043306, end_date=20221214T043307
[2022-12-14 04:33:08,037] {local_task_job.py:154} INFO - Task exited with return code 0
[2022-12-14 04:33:08,096] {local_task_job.py:264} INFO - 0 downstream tasks scheduled from follow-on schedule check
