[2022-12-14 05:30:03,598] {taskinstance.py:1032} INFO - Dependencies all met for <TaskInstance: data_ingestion_tripdata1_dag.bigquery_external_table_task scheduled__2022-12-13T00:00:00+00:00 [queued]>
[2022-12-14 05:30:03,625] {taskinstance.py:1032} INFO - Dependencies all met for <TaskInstance: data_ingestion_tripdata1_dag.bigquery_external_table_task scheduled__2022-12-13T00:00:00+00:00 [queued]>
[2022-12-14 05:30:03,625] {taskinstance.py:1238} INFO - 
--------------------------------------------------------------------------------
[2022-12-14 05:30:03,626] {taskinstance.py:1239} INFO - Starting attempt 9 of 10
[2022-12-14 05:30:03,626] {taskinstance.py:1240} INFO - 
--------------------------------------------------------------------------------
[2022-12-14 05:30:03,653] {taskinstance.py:1259} INFO - Executing <Task(BigQueryCreateExternalTableOperator): bigquery_external_table_task> on 2022-12-13 00:00:00+00:00
[2022-12-14 05:30:03,661] {standard_task_runner.py:52} INFO - Started process 187 to run task
[2022-12-14 05:30:03,668] {standard_task_runner.py:76} INFO - Running: ['***', 'tasks', 'run', 'data_ingestion_tripdata1_dag', 'bigquery_external_table_task', 'scheduled__2022-12-13T00:00:00+00:00', '--job-id', '224', '--raw', '--subdir', 'DAGS_FOLDER/data_ingestion_tripdata2_dag.py', '--cfg-path', '/tmp/tmp9oghuhip', '--error-file', '/tmp/tmp_fef1m7p']
[2022-12-14 05:30:03,678] {standard_task_runner.py:77} INFO - Job 224: Subtask bigquery_external_table_task
[2022-12-14 05:30:03,820] {logging_mixin.py:109} INFO - Running <TaskInstance: data_ingestion_tripdata1_dag.bigquery_external_table_task scheduled__2022-12-13T00:00:00+00:00 [running]> on host d0ea15693ee2
[2022-12-14 05:30:03,950] {taskinstance.py:1426} INFO - Exporting the following env vars:
AIRFLOW_CTX_DAG_OWNER=***
AIRFLOW_CTX_DAG_ID=data_ingestion_tripdata1_dag
AIRFLOW_CTX_TASK_ID=bigquery_external_table_task
AIRFLOW_CTX_EXECUTION_DATE=2022-12-13T00:00:00+00:00
AIRFLOW_CTX_DAG_RUN_ID=scheduled__2022-12-13T00:00:00+00:00
[2022-12-14 05:30:03,953] {crypto.py:82} WARNING - empty cryptography key - values will not be stored encrypted.
[2022-12-14 05:30:04,413] {taskinstance.py:1277} INFO - Marking task as SUCCESS. dag_id=data_ingestion_tripdata1_dag, task_id=bigquery_external_table_task, execution_date=20221213T000000, start_date=20221214T053003, end_date=20221214T053004
[2022-12-14 05:30:04,455] {local_task_job.py:154} INFO - Task exited with return code 0
[2022-12-14 05:30:04,519] {local_task_job.py:264} INFO - 0 downstream tasks scheduled from follow-on schedule check
