[2022-12-04 11:49:40,712] {taskinstance.py:1032} INFO - Dependencies all met for <TaskInstance: data_ingestion_gcs_dag.local_to_gcs_task scheduled__2022-12-03T00:00:00+00:00 [queued]>
[2022-12-04 11:49:40,757] {taskinstance.py:1032} INFO - Dependencies all met for <TaskInstance: data_ingestion_gcs_dag.local_to_gcs_task scheduled__2022-12-03T00:00:00+00:00 [queued]>
[2022-12-04 11:49:40,758] {taskinstance.py:1238} INFO - 
--------------------------------------------------------------------------------
[2022-12-04 11:49:40,758] {taskinstance.py:1239} INFO - Starting attempt 1 of 2
[2022-12-04 11:49:40,758] {taskinstance.py:1240} INFO - 
--------------------------------------------------------------------------------
[2022-12-04 11:49:40,805] {taskinstance.py:1259} INFO - Executing <Task(PythonOperator): local_to_gcs_task> on 2022-12-03 00:00:00+00:00
[2022-12-04 11:49:40,831] {standard_task_runner.py:52} INFO - Started process 212 to run task
[2022-12-04 11:49:40,850] {standard_task_runner.py:76} INFO - Running: ['***', 'tasks', 'run', 'data_ingestion_gcs_dag', 'local_to_gcs_task', 'scheduled__2022-12-03T00:00:00+00:00', '--job-id', '39', '--raw', '--subdir', 'DAGS_FOLDER/data_ingestion_gcs_dag.py', '--cfg-path', '/tmp/tmpa50nc9ll', '--error-file', '/tmp/tmpeeo1faz9']
[2022-12-04 11:49:40,860] {standard_task_runner.py:77} INFO - Job 39: Subtask local_to_gcs_task
[2022-12-04 11:49:41,087] {logging_mixin.py:109} INFO - Running <TaskInstance: data_ingestion_gcs_dag.local_to_gcs_task scheduled__2022-12-03T00:00:00+00:00 [running]> on host 34a1dd405975
[2022-12-04 11:49:41,278] {taskinstance.py:1426} INFO - Exporting the following env vars:
AIRFLOW_CTX_DAG_OWNER=***
AIRFLOW_CTX_DAG_ID=data_ingestion_gcs_dag
AIRFLOW_CTX_TASK_ID=local_to_gcs_task
AIRFLOW_CTX_EXECUTION_DATE=2022-12-03T00:00:00+00:00
AIRFLOW_CTX_DAG_RUN_ID=scheduled__2022-12-03T00:00:00+00:00
[2022-12-04 11:49:41,714] {python.py:175} INFO - Done. Returned value was: None
[2022-12-04 11:49:41,749] {taskinstance.py:1277} INFO - Marking task as SUCCESS. dag_id=data_ingestion_gcs_dag, task_id=local_to_gcs_task, execution_date=20221203T000000, start_date=20221204T114940, end_date=20221204T114941
[2022-12-04 11:49:41,861] {local_task_job.py:154} INFO - Task exited with return code 0
[2022-12-04 11:49:41,969] {local_task_job.py:264} INFO - 1 downstream tasks scheduled from follow-on schedule check
