[2022-12-13 14:47:10,815] {taskinstance.py:1032} INFO - Dependencies all met for <TaskInstance: data_ingestion_taxizone_dag.bigquery_external_table_task scheduled__2022-12-12T00:00:00+00:00 [queued]>
[2022-12-13 14:47:10,875] {taskinstance.py:1032} INFO - Dependencies all met for <TaskInstance: data_ingestion_taxizone_dag.bigquery_external_table_task scheduled__2022-12-12T00:00:00+00:00 [queued]>
[2022-12-13 14:47:10,876] {taskinstance.py:1238} INFO - 
--------------------------------------------------------------------------------
[2022-12-13 14:47:10,879] {taskinstance.py:1239} INFO - Starting attempt 1 of 2
[2022-12-13 14:47:10,879] {taskinstance.py:1240} INFO - 
--------------------------------------------------------------------------------
[2022-12-13 14:47:10,931] {taskinstance.py:1259} INFO - Executing <Task(BigQueryCreateExternalTableOperator): bigquery_external_table_task> on 2022-12-12 00:00:00+00:00
[2022-12-13 14:47:10,956] {standard_task_runner.py:52} INFO - Started process 18879 to run task
[2022-12-13 14:47:10,987] {standard_task_runner.py:76} INFO - Running: ['***', 'tasks', 'run', 'data_ingestion_taxizone_dag', 'bigquery_external_table_task', 'scheduled__2022-12-12T00:00:00+00:00', '--job-id', '182', '--raw', '--subdir', 'DAGS_FOLDER/data_ingestion_taxizone_dag.py', '--cfg-path', '/tmp/tmpgxtn7hj6', '--error-file', '/tmp/tmpj524g6y9']
[2022-12-13 14:47:10,990] {standard_task_runner.py:77} INFO - Job 182: Subtask bigquery_external_table_task
[2022-12-13 14:47:11,238] {logging_mixin.py:109} INFO - Running <TaskInstance: data_ingestion_taxizone_dag.bigquery_external_table_task scheduled__2022-12-12T00:00:00+00:00 [running]> on host c90fde5b5e35
[2022-12-13 14:47:11,538] {taskinstance.py:1426} INFO - Exporting the following env vars:
AIRFLOW_CTX_DAG_OWNER=***
AIRFLOW_CTX_DAG_ID=data_ingestion_taxizone_dag
AIRFLOW_CTX_TASK_ID=bigquery_external_table_task
AIRFLOW_CTX_EXECUTION_DATE=2022-12-12T00:00:00+00:00
AIRFLOW_CTX_DAG_RUN_ID=scheduled__2022-12-12T00:00:00+00:00
[2022-12-13 14:47:11,543] {crypto.py:82} WARNING - empty cryptography key - values will not be stored encrypted.
[2022-12-13 14:47:12,165] {taskinstance.py:1277} INFO - Marking task as SUCCESS. dag_id=data_ingestion_taxizone_dag, task_id=bigquery_external_table_task, execution_date=20221212T000000, start_date=20221213T144710, end_date=20221213T144712
[2022-12-13 14:47:12,298] {local_task_job.py:154} INFO - Task exited with return code 0
[2022-12-13 14:47:12,441] {local_task_job.py:264} INFO - 0 downstream tasks scheduled from follow-on schedule check
