[2022-12-06 00:00:05,146] {taskinstance.py:1032} INFO - Dependencies all met for <TaskInstance: data_ingestion_gcs_dag.getData scheduled__2022-12-05T00:00:00+00:00 [queued]>
[2022-12-06 00:00:05,188] {taskinstance.py:1032} INFO - Dependencies all met for <TaskInstance: data_ingestion_gcs_dag.getData scheduled__2022-12-05T00:00:00+00:00 [queued]>
[2022-12-06 00:00:05,189] {taskinstance.py:1238} INFO - 
--------------------------------------------------------------------------------
[2022-12-06 00:00:05,189] {taskinstance.py:1239} INFO - Starting attempt 1 of 2
[2022-12-06 00:00:05,189] {taskinstance.py:1240} INFO - 
--------------------------------------------------------------------------------
[2022-12-06 00:00:05,231] {taskinstance.py:1259} INFO - Executing <Task(PythonOperator): getData> on 2022-12-05 00:00:00+00:00
[2022-12-06 00:00:05,249] {standard_task_runner.py:52} INFO - Started process 28859 to run task
[2022-12-06 00:00:05,279] {standard_task_runner.py:76} INFO - Running: ['***', 'tasks', 'run', 'data_ingestion_gcs_dag', 'getData', 'scheduled__2022-12-05T00:00:00+00:00', '--job-id', '18', '--raw', '--subdir', 'DAGS_FOLDER/data_ingestion_gcs_dag.py', '--cfg-path', '/tmp/tmp7488rulm', '--error-file', '/tmp/tmpekbzstry']
[2022-12-06 00:00:05,288] {standard_task_runner.py:77} INFO - Job 18: Subtask getData
[2022-12-06 00:00:05,552] {logging_mixin.py:109} INFO - Running <TaskInstance: data_ingestion_gcs_dag.getData scheduled__2022-12-05T00:00:00+00:00 [running]> on host 2bdf78053424
[2022-12-06 00:00:05,736] {taskinstance.py:1426} INFO - Exporting the following env vars:
AIRFLOW_CTX_DAG_OWNER=***
AIRFLOW_CTX_DAG_ID=data_ingestion_gcs_dag
AIRFLOW_CTX_TASK_ID=getData
AIRFLOW_CTX_EXECUTION_DATE=2022-12-05T00:00:00+00:00
AIRFLOW_CTX_DAG_RUN_ID=scheduled__2022-12-05T00:00:00+00:00
[2022-12-06 00:00:05,912] {python.py:175} INFO - Done. Returned value was: None
[2022-12-06 00:00:05,941] {taskinstance.py:1277} INFO - Marking task as SUCCESS. dag_id=data_ingestion_gcs_dag, task_id=getData, execution_date=20221205T000000, start_date=20221206T000005, end_date=20221206T000005
[2022-12-06 00:00:06,052] {local_task_job.py:154} INFO - Task exited with return code 0
[2022-12-06 00:00:06,241] {local_task_job.py:264} INFO - 1 downstream tasks scheduled from follow-on schedule check
