[2022-12-08 11:30:53,948] {taskinstance.py:1032} INFO - Dependencies all met for <TaskInstance: data_ingestion_greentax_dag.local_to_gcs_task scheduled__2022-12-07T00:00:00+00:00 [queued]>
[2022-12-08 11:30:54,063] {taskinstance.py:1032} INFO - Dependencies all met for <TaskInstance: data_ingestion_greentax_dag.local_to_gcs_task scheduled__2022-12-07T00:00:00+00:00 [queued]>
[2022-12-08 11:30:54,064] {taskinstance.py:1238} INFO - 
--------------------------------------------------------------------------------
[2022-12-08 11:30:54,064] {taskinstance.py:1239} INFO - Starting attempt 1 of 2
[2022-12-08 11:30:54,064] {taskinstance.py:1240} INFO - 
--------------------------------------------------------------------------------
[2022-12-08 11:30:54,298] {taskinstance.py:1259} INFO - Executing <Task(PythonOperator): local_to_gcs_task> on 2022-12-07 00:00:00+00:00
[2022-12-08 11:30:54,314] {standard_task_runner.py:52} INFO - Started process 490 to run task
[2022-12-08 11:30:54,380] {standard_task_runner.py:76} INFO - Running: ['***', 'tasks', 'run', 'data_ingestion_greentax_dag', 'local_to_gcs_task', 'scheduled__2022-12-07T00:00:00+00:00', '--job-id', '24', '--raw', '--subdir', 'DAGS_FOLDER/data_ingestion_greentax_dag.py', '--cfg-path', '/tmp/tmpv3v_sugn', '--error-file', '/tmp/tmpg0bukrqj']
[2022-12-08 11:30:54,382] {standard_task_runner.py:77} INFO - Job 24: Subtask local_to_gcs_task
[2022-12-08 11:30:55,099] {logging_mixin.py:109} INFO - Running <TaskInstance: data_ingestion_greentax_dag.local_to_gcs_task scheduled__2022-12-07T00:00:00+00:00 [running]> on host abfb861806c7
[2022-12-08 11:30:55,632] {taskinstance.py:1426} INFO - Exporting the following env vars:
AIRFLOW_CTX_DAG_OWNER=***
AIRFLOW_CTX_DAG_ID=data_ingestion_greentax_dag
AIRFLOW_CTX_TASK_ID=local_to_gcs_task
AIRFLOW_CTX_EXECUTION_DATE=2022-12-07T00:00:00+00:00
AIRFLOW_CTX_DAG_RUN_ID=scheduled__2022-12-07T00:00:00+00:00
[2022-12-08 11:30:56,558] {python.py:175} INFO - Done. Returned value was: None
[2022-12-08 11:30:56,602] {taskinstance.py:1277} INFO - Marking task as SUCCESS. dag_id=data_ingestion_greentax_dag, task_id=local_to_gcs_task, execution_date=20221207T000000, start_date=20221208T113053, end_date=20221208T113056
[2022-12-08 11:30:56,773] {local_task_job.py:154} INFO - Task exited with return code 0
[2022-12-08 11:30:56,982] {local_task_job.py:264} INFO - 1 downstream tasks scheduled from follow-on schedule check
