[2022-12-08 15:48:06,068] {taskinstance.py:1032} INFO - Dependencies all met for <TaskInstance: data_ingestion_taxizone_dag.bigquery_external_table_task manual__2022-12-08T14:46:24.822841+00:00 [queued]>
[2022-12-08 15:48:06,087] {taskinstance.py:1032} INFO - Dependencies all met for <TaskInstance: data_ingestion_taxizone_dag.bigquery_external_table_task manual__2022-12-08T14:46:24.822841+00:00 [queued]>
[2022-12-08 15:48:06,088] {taskinstance.py:1238} INFO - 
--------------------------------------------------------------------------------
[2022-12-08 15:48:06,088] {taskinstance.py:1239} INFO - Starting attempt 5 of 6
[2022-12-08 15:48:06,088] {taskinstance.py:1240} INFO - 
--------------------------------------------------------------------------------
[2022-12-08 15:48:06,105] {taskinstance.py:1259} INFO - Executing <Task(BigQueryCreateExternalTableOperator): bigquery_external_table_task> on 2022-12-08 14:46:24.822841+00:00
[2022-12-08 15:48:06,113] {standard_task_runner.py:52} INFO - Started process 153 to run task
[2022-12-08 15:48:06,119] {standard_task_runner.py:76} INFO - Running: ['***', 'tasks', 'run', 'data_ingestion_taxizone_dag', 'bigquery_external_table_task', 'manual__2022-12-08T14:46:24.822841+00:00', '--job-id', '91', '--raw', '--subdir', 'DAGS_FOLDER/data_ingestion_taxizone_dag.py', '--cfg-path', '/tmp/tmptqawi2xg', '--error-file', '/tmp/tmp1z8_668f']
[2022-12-08 15:48:06,121] {standard_task_runner.py:77} INFO - Job 91: Subtask bigquery_external_table_task
[2022-12-08 15:48:06,212] {logging_mixin.py:109} INFO - Running <TaskInstance: data_ingestion_taxizone_dag.bigquery_external_table_task manual__2022-12-08T14:46:24.822841+00:00 [running]> on host a75fbd881a46
[2022-12-08 15:48:06,320] {taskinstance.py:1426} INFO - Exporting the following env vars:
AIRFLOW_CTX_DAG_OWNER=***
AIRFLOW_CTX_DAG_ID=data_ingestion_taxizone_dag
AIRFLOW_CTX_TASK_ID=bigquery_external_table_task
AIRFLOW_CTX_EXECUTION_DATE=2022-12-08T14:46:24.822841+00:00
AIRFLOW_CTX_DAG_RUN_ID=manual__2022-12-08T14:46:24.822841+00:00
[2022-12-08 15:48:06,326] {crypto.py:82} WARNING - empty cryptography key - values will not be stored encrypted.
[2022-12-08 15:48:06,804] {taskinstance.py:1277} INFO - Marking task as SUCCESS. dag_id=data_ingestion_taxizone_dag, task_id=bigquery_external_table_task, execution_date=20221208T144624, start_date=20221208T154806, end_date=20221208T154806
[2022-12-08 15:48:06,857] {local_task_job.py:154} INFO - Task exited with return code 0
[2022-12-08 15:48:06,895] {local_task_job.py:264} INFO - 0 downstream tasks scheduled from follow-on schedule check
