[2022-12-08 11:31:13,879] {taskinstance.py:1032} INFO - Dependencies all met for <TaskInstance: data_ingestion_fhv_dag.local_to_gcs_task manual__2022-12-08T11:30:07.144821+00:00 [queued]>
[2022-12-08 11:31:13,927] {taskinstance.py:1032} INFO - Dependencies all met for <TaskInstance: data_ingestion_fhv_dag.local_to_gcs_task manual__2022-12-08T11:30:07.144821+00:00 [queued]>
[2022-12-08 11:31:13,927] {taskinstance.py:1238} INFO - 
--------------------------------------------------------------------------------
[2022-12-08 11:31:13,927] {taskinstance.py:1239} INFO - Starting attempt 1 of 2
[2022-12-08 11:31:13,928] {taskinstance.py:1240} INFO - 
--------------------------------------------------------------------------------
[2022-12-08 11:31:13,975] {taskinstance.py:1259} INFO - Executing <Task(PythonOperator): local_to_gcs_task> on 2022-12-08 11:30:07.144821+00:00
[2022-12-08 11:31:13,983] {standard_task_runner.py:52} INFO - Started process 518 to run task
[2022-12-08 11:31:14,000] {standard_task_runner.py:76} INFO - Running: ['***', 'tasks', 'run', 'data_ingestion_fhv_dag', 'local_to_gcs_task', 'manual__2022-12-08T11:30:07.144821+00:00', '--job-id', '31', '--raw', '--subdir', 'DAGS_FOLDER/data_ingestion_fhv_dag.py', '--cfg-path', '/tmp/tmptqir4gdz', '--error-file', '/tmp/tmp2axxdqaw']
[2022-12-08 11:31:14,019] {standard_task_runner.py:77} INFO - Job 31: Subtask local_to_gcs_task
[2022-12-08 11:31:14,310] {logging_mixin.py:109} INFO - Running <TaskInstance: data_ingestion_fhv_dag.local_to_gcs_task manual__2022-12-08T11:30:07.144821+00:00 [running]> on host abfb861806c7
[2022-12-08 11:31:14,604] {taskinstance.py:1426} INFO - Exporting the following env vars:
AIRFLOW_CTX_DAG_OWNER=***
AIRFLOW_CTX_DAG_ID=data_ingestion_fhv_dag
AIRFLOW_CTX_TASK_ID=local_to_gcs_task
AIRFLOW_CTX_EXECUTION_DATE=2022-12-08T11:30:07.144821+00:00
AIRFLOW_CTX_DAG_RUN_ID=manual__2022-12-08T11:30:07.144821+00:00
[2022-12-08 11:31:15,454] {python.py:175} INFO - Done. Returned value was: None
[2022-12-08 11:31:15,517] {taskinstance.py:1277} INFO - Marking task as SUCCESS. dag_id=data_ingestion_fhv_dag, task_id=local_to_gcs_task, execution_date=20221208T113007, start_date=20221208T113113, end_date=20221208T113115
[2022-12-08 11:31:15,629] {local_task_job.py:154} INFO - Task exited with return code 0
[2022-12-08 11:31:15,945] {local_task_job.py:264} INFO - 0 downstream tasks scheduled from follow-on schedule check
