[2022-12-10 16:21:07,053] {taskinstance.py:1032} INFO - Dependencies all met for <TaskInstance: data_ingestion_taxizone_dag.download_dataset_task scheduled__2022-12-09T00:00:00+00:00 [queued]>
[2022-12-10 16:21:07,198] {taskinstance.py:1032} INFO - Dependencies all met for <TaskInstance: data_ingestion_taxizone_dag.download_dataset_task scheduled__2022-12-09T00:00:00+00:00 [queued]>
[2022-12-10 16:21:07,211] {taskinstance.py:1238} INFO - 
--------------------------------------------------------------------------------
[2022-12-10 16:21:07,212] {taskinstance.py:1239} INFO - Starting attempt 2 of 2
[2022-12-10 16:21:07,212] {taskinstance.py:1240} INFO - 
--------------------------------------------------------------------------------
[2022-12-10 16:21:07,362] {taskinstance.py:1259} INFO - Executing <Task(BashOperator): download_dataset_task> on 2022-12-09 00:00:00+00:00
[2022-12-10 16:21:07,539] {standard_task_runner.py:52} INFO - Started process 424 to run task
[2022-12-10 16:21:07,643] {standard_task_runner.py:76} INFO - Running: ['***', 'tasks', 'run', 'data_ingestion_taxizone_dag', 'download_dataset_task', 'scheduled__2022-12-09T00:00:00+00:00', '--job-id', '109', '--raw', '--subdir', 'DAGS_FOLDER/data_ingestion_taxizone_dag.py', '--cfg-path', '/tmp/tmp_219tucw', '--error-file', '/tmp/tmpudds_jq1']
[2022-12-10 16:21:07,678] {standard_task_runner.py:77} INFO - Job 109: Subtask download_dataset_task
[2022-12-10 16:21:08,641] {logging_mixin.py:109} INFO - Running <TaskInstance: data_ingestion_taxizone_dag.download_dataset_task scheduled__2022-12-09T00:00:00+00:00 [running]> on host 95a238f25269
[2022-12-10 16:21:09,798] {taskinstance.py:1426} INFO - Exporting the following env vars:
AIRFLOW_CTX_DAG_OWNER=***
AIRFLOW_CTX_DAG_ID=data_ingestion_taxizone_dag
AIRFLOW_CTX_TASK_ID=download_dataset_task
AIRFLOW_CTX_EXECUTION_DATE=2022-12-09T00:00:00+00:00
AIRFLOW_CTX_DAG_RUN_ID=scheduled__2022-12-09T00:00:00+00:00
[2022-12-10 16:21:09,805] {subprocess.py:62} INFO - Tmp dir root location: 
 /tmp
[2022-12-10 16:21:09,810] {subprocess.py:74} INFO - Running command: ['bash', '-c', 'curl -sSL https://d37ci6vzurychx.cloudfront.net/misc/taxi+_zone_lookup.csv > /opt/***/taxi+_zone_lookup.csv']
[2022-12-10 16:21:09,949] {subprocess.py:85} INFO - Output:
[2022-12-10 16:21:10,399] {subprocess.py:93} INFO - Command exited with return code 0
[2022-12-10 16:21:10,819] {taskinstance.py:1277} INFO - Marking task as SUCCESS. dag_id=data_ingestion_taxizone_dag, task_id=download_dataset_task, execution_date=20221209T000000, start_date=20221210T162107, end_date=20221210T162110
[2022-12-10 16:21:11,189] {local_task_job.py:154} INFO - Task exited with return code 0
[2022-12-10 16:21:11,520] {local_task_job.py:264} INFO - 1 downstream tasks scheduled from follow-on schedule check
