[2022-12-14 06:03:51,942] {taskinstance.py:1032} INFO - Dependencies all met for <TaskInstance: data_ingestion_tripdata2_dag.local_to_gcs_task manual__2022-12-14T05:57:27.393728+00:00 [queued]>
[2022-12-14 06:03:51,996] {taskinstance.py:1032} INFO - Dependencies all met for <TaskInstance: data_ingestion_tripdata2_dag.local_to_gcs_task manual__2022-12-14T05:57:27.393728+00:00 [queued]>
[2022-12-14 06:03:51,998] {taskinstance.py:1238} INFO - 
--------------------------------------------------------------------------------
[2022-12-14 06:03:51,998] {taskinstance.py:1239} INFO - Starting attempt 1 of 2
[2022-12-14 06:03:51,998] {taskinstance.py:1240} INFO - 
--------------------------------------------------------------------------------
[2022-12-14 06:03:52,045] {taskinstance.py:1259} INFO - Executing <Task(PythonOperator): local_to_gcs_task> on 2022-12-14 05:57:27.393728+00:00
[2022-12-14 06:03:52,081] {standard_task_runner.py:52} INFO - Started process 107 to run task
[2022-12-14 06:03:52,096] {standard_task_runner.py:76} INFO - Running: ['***', 'tasks', 'run', 'data_ingestion_tripdata2_dag', 'local_to_gcs_task', 'manual__2022-12-14T05:57:27.393728+00:00', '--job-id', '241', '--raw', '--subdir', 'DAGS_FOLDER/data_ingestion_tripdata2_dag.py', '--cfg-path', '/tmp/tmp9bc79jnr', '--error-file', '/tmp/tmpooxls6ih']
[2022-12-14 06:03:52,121] {standard_task_runner.py:77} INFO - Job 241: Subtask local_to_gcs_task
[2022-12-14 06:03:52,534] {logging_mixin.py:109} INFO - Running <TaskInstance: data_ingestion_tripdata2_dag.local_to_gcs_task manual__2022-12-14T05:57:27.393728+00:00 [running]> on host 4c719e8723fb
[2022-12-14 06:03:52,960] {taskinstance.py:1426} INFO - Exporting the following env vars:
AIRFLOW_CTX_DAG_OWNER=***
AIRFLOW_CTX_DAG_ID=data_ingestion_tripdata2_dag
AIRFLOW_CTX_TASK_ID=local_to_gcs_task
AIRFLOW_CTX_EXECUTION_DATE=2022-12-14T05:57:27.393728+00:00
AIRFLOW_CTX_DAG_RUN_ID=manual__2022-12-14T05:57:27.393728+00:00
[2022-12-14 06:03:53,755] {python.py:175} INFO - Done. Returned value was: None
[2022-12-14 06:03:53,875] {taskinstance.py:1277} INFO - Marking task as SUCCESS. dag_id=data_ingestion_tripdata2_dag, task_id=local_to_gcs_task, execution_date=20221214T055727, start_date=20221214T060351, end_date=20221214T060353
[2022-12-14 06:03:54,196] {local_task_job.py:154} INFO - Task exited with return code 0
[2022-12-14 06:03:54,581] {local_task_job.py:264} INFO - 0 downstream tasks scheduled from follow-on schedule check
