[2022-12-14 07:31:02,444] {taskinstance.py:1032} INFO - Dependencies all met for <TaskInstance: data_ingestion_tripdata2_dag.local_to_gcs_task manual__2022-12-14T05:57:27.393728+00:00 [queued]>
[2022-12-14 07:31:02,460] {taskinstance.py:1032} INFO - Dependencies all met for <TaskInstance: data_ingestion_tripdata2_dag.local_to_gcs_task manual__2022-12-14T05:57:27.393728+00:00 [queued]>
[2022-12-14 07:31:02,461] {taskinstance.py:1238} INFO - 
--------------------------------------------------------------------------------
[2022-12-14 07:31:02,461] {taskinstance.py:1239} INFO - Starting attempt 4 of 5
[2022-12-14 07:31:02,461] {taskinstance.py:1240} INFO - 
--------------------------------------------------------------------------------
[2022-12-14 07:31:02,484] {taskinstance.py:1259} INFO - Executing <Task(PythonOperator): local_to_gcs_task> on 2022-12-14 05:57:27.393728+00:00
[2022-12-14 07:31:02,493] {standard_task_runner.py:52} INFO - Started process 3403 to run task
[2022-12-14 07:31:02,506] {standard_task_runner.py:76} INFO - Running: ['***', 'tasks', 'run', 'data_ingestion_tripdata2_dag', 'local_to_gcs_task', 'manual__2022-12-14T05:57:27.393728+00:00', '--job-id', '246', '--raw', '--subdir', 'DAGS_FOLDER/data_ingestion_tripdata2_dag.py', '--cfg-path', '/tmp/tmpj5_fmfz0', '--error-file', '/tmp/tmpza3t_lbf']
[2022-12-14 07:31:02,508] {standard_task_runner.py:77} INFO - Job 246: Subtask local_to_gcs_task
[2022-12-14 07:31:02,609] {logging_mixin.py:109} INFO - Running <TaskInstance: data_ingestion_tripdata2_dag.local_to_gcs_task manual__2022-12-14T05:57:27.393728+00:00 [running]> on host 4c719e8723fb
[2022-12-14 07:31:02,723] {taskinstance.py:1426} INFO - Exporting the following env vars:
AIRFLOW_CTX_DAG_OWNER=***
AIRFLOW_CTX_DAG_ID=data_ingestion_tripdata2_dag
AIRFLOW_CTX_TASK_ID=local_to_gcs_task
AIRFLOW_CTX_EXECUTION_DATE=2022-12-14T05:57:27.393728+00:00
AIRFLOW_CTX_DAG_RUN_ID=manual__2022-12-14T05:57:27.393728+00:00
[2022-12-14 07:31:03,058] {python.py:175} INFO - Done. Returned value was: None
[2022-12-14 07:31:03,072] {taskinstance.py:1277} INFO - Marking task as SUCCESS. dag_id=data_ingestion_tripdata2_dag, task_id=local_to_gcs_task, execution_date=20221214T055727, start_date=20221214T073102, end_date=20221214T073103
[2022-12-14 07:31:03,124] {local_task_job.py:154} INFO - Task exited with return code 0
[2022-12-14 07:31:03,176] {local_task_job.py:264} INFO - 1 downstream tasks scheduled from follow-on schedule check
