[2022-12-14 08:28:24,603] {taskinstance.py:1032} INFO - Dependencies all met for <TaskInstance: data_ingestion_tripdata2_dag.local_to_gcs_task manual__2022-12-14T05:57:27.393728+00:00 [queued]>
[2022-12-14 08:28:24,623] {taskinstance.py:1032} INFO - Dependencies all met for <TaskInstance: data_ingestion_tripdata2_dag.local_to_gcs_task manual__2022-12-14T05:57:27.393728+00:00 [queued]>
[2022-12-14 08:28:24,623] {taskinstance.py:1238} INFO - 
--------------------------------------------------------------------------------
[2022-12-14 08:28:24,623] {taskinstance.py:1239} INFO - Starting attempt 7 of 8
[2022-12-14 08:28:24,623] {taskinstance.py:1240} INFO - 
--------------------------------------------------------------------------------
[2022-12-14 08:28:24,653] {taskinstance.py:1259} INFO - Executing <Task(PythonOperator): local_to_gcs_task> on 2022-12-14 05:57:27.393728+00:00
[2022-12-14 08:28:24,675] {standard_task_runner.py:52} INFO - Started process 5586 to run task
[2022-12-14 08:28:24,700] {standard_task_runner.py:76} INFO - Running: ['***', 'tasks', 'run', 'data_ingestion_tripdata2_dag', 'local_to_gcs_task', 'manual__2022-12-14T05:57:27.393728+00:00', '--job-id', '252', '--raw', '--subdir', 'DAGS_FOLDER/data_ingestion_tripdata2_dag.py', '--cfg-path', '/tmp/tmpff1ikhpn', '--error-file', '/tmp/tmp_rrxvdh_']
[2022-12-14 08:28:24,706] {standard_task_runner.py:77} INFO - Job 252: Subtask local_to_gcs_task
[2022-12-14 08:28:25,003] {logging_mixin.py:109} INFO - Running <TaskInstance: data_ingestion_tripdata2_dag.local_to_gcs_task manual__2022-12-14T05:57:27.393728+00:00 [running]> on host 4c719e8723fb
[2022-12-14 08:28:25,244] {taskinstance.py:1426} INFO - Exporting the following env vars:
AIRFLOW_CTX_DAG_OWNER=***
AIRFLOW_CTX_DAG_ID=data_ingestion_tripdata2_dag
AIRFLOW_CTX_TASK_ID=local_to_gcs_task
AIRFLOW_CTX_EXECUTION_DATE=2022-12-14T05:57:27.393728+00:00
AIRFLOW_CTX_DAG_RUN_ID=manual__2022-12-14T05:57:27.393728+00:00
[2022-12-14 08:28:25,595] {python.py:175} INFO - Done. Returned value was: None
[2022-12-14 08:28:25,658] {taskinstance.py:1277} INFO - Marking task as SUCCESS. dag_id=data_ingestion_tripdata2_dag, task_id=local_to_gcs_task, execution_date=20221214T055727, start_date=20221214T082824, end_date=20221214T082825
[2022-12-14 08:28:25,840] {local_task_job.py:154} INFO - Task exited with return code 0
[2022-12-14 08:28:26,079] {local_task_job.py:264} INFO - 1 downstream tasks scheduled from follow-on schedule check
