[2022-12-14 06:03:41,922] {taskinstance.py:1032} INFO - Dependencies all met for <TaskInstance: data_ingestion_tripdata2_dag.local_to_gcs_task scheduled__2022-12-13T00:00:00+00:00 [queued]>
[2022-12-14 06:03:41,975] {taskinstance.py:1032} INFO - Dependencies all met for <TaskInstance: data_ingestion_tripdata2_dag.local_to_gcs_task scheduled__2022-12-13T00:00:00+00:00 [queued]>
[2022-12-14 06:03:41,981] {taskinstance.py:1238} INFO - 
--------------------------------------------------------------------------------
[2022-12-14 06:03:41,981] {taskinstance.py:1239} INFO - Starting attempt 2 of 2
[2022-12-14 06:03:41,985] {taskinstance.py:1240} INFO - 
--------------------------------------------------------------------------------
[2022-12-14 06:03:42,086] {taskinstance.py:1259} INFO - Executing <Task(PythonOperator): local_to_gcs_task> on 2022-12-13 00:00:00+00:00
[2022-12-14 06:03:42,128] {standard_task_runner.py:52} INFO - Started process 101 to run task
[2022-12-14 06:03:42,176] {standard_task_runner.py:76} INFO - Running: ['***', 'tasks', 'run', 'data_ingestion_tripdata2_dag', 'local_to_gcs_task', 'scheduled__2022-12-13T00:00:00+00:00', '--job-id', '239', '--raw', '--subdir', 'DAGS_FOLDER/data_ingestion_tripdata2_dag.py', '--cfg-path', '/tmp/tmpp9xu90tq', '--error-file', '/tmp/tmpriz1vehf']
[2022-12-14 06:03:42,194] {standard_task_runner.py:77} INFO - Job 239: Subtask local_to_gcs_task
[2022-12-14 06:03:42,578] {logging_mixin.py:109} INFO - Running <TaskInstance: data_ingestion_tripdata2_dag.local_to_gcs_task scheduled__2022-12-13T00:00:00+00:00 [running]> on host 4c719e8723fb
[2022-12-14 06:03:42,956] {taskinstance.py:1426} INFO - Exporting the following env vars:
AIRFLOW_CTX_DAG_OWNER=***
AIRFLOW_CTX_DAG_ID=data_ingestion_tripdata2_dag
AIRFLOW_CTX_TASK_ID=local_to_gcs_task
AIRFLOW_CTX_EXECUTION_DATE=2022-12-13T00:00:00+00:00
AIRFLOW_CTX_DAG_RUN_ID=scheduled__2022-12-13T00:00:00+00:00
[2022-12-14 06:03:43,598] {python.py:175} INFO - Done. Returned value was: None
[2022-12-14 06:03:43,675] {taskinstance.py:1277} INFO - Marking task as SUCCESS. dag_id=data_ingestion_tripdata2_dag, task_id=local_to_gcs_task, execution_date=20221213T000000, start_date=20221214T060341, end_date=20221214T060343
[2022-12-14 06:03:43,781] {local_task_job.py:154} INFO - Task exited with return code 0
[2022-12-14 06:03:43,901] {local_task_job.py:264} INFO - 0 downstream tasks scheduled from follow-on schedule check
