[2022-12-08 15:38:35,186] {taskinstance.py:1032} INFO - Dependencies all met for <TaskInstance: data_ingestion_taxizone_dag.download_dataset_task manual__2022-12-08T14:46:24.822841+00:00 [queued]>
[2022-12-08 15:38:35,220] {taskinstance.py:1032} INFO - Dependencies all met for <TaskInstance: data_ingestion_taxizone_dag.download_dataset_task manual__2022-12-08T14:46:24.822841+00:00 [queued]>
[2022-12-08 15:38:35,220] {taskinstance.py:1238} INFO - 
--------------------------------------------------------------------------------
[2022-12-08 15:38:35,220] {taskinstance.py:1239} INFO - Starting attempt 5 of 6
[2022-12-08 15:38:35,220] {taskinstance.py:1240} INFO - 
--------------------------------------------------------------------------------
[2022-12-08 15:38:35,264] {taskinstance.py:1259} INFO - Executing <Task(BashOperator): download_dataset_task> on 2022-12-08 14:46:24.822841+00:00
[2022-12-08 15:38:35,272] {standard_task_runner.py:52} INFO - Started process 177 to run task
[2022-12-08 15:38:35,291] {standard_task_runner.py:76} INFO - Running: ['***', 'tasks', 'run', 'data_ingestion_taxizone_dag', 'download_dataset_task', 'manual__2022-12-08T14:46:24.822841+00:00', '--job-id', '81', '--raw', '--subdir', 'DAGS_FOLDER/data_ingestion_taxizone_dag.py', '--cfg-path', '/tmp/tmp1sx3w13j', '--error-file', '/tmp/tmp2wbxbfex']
[2022-12-08 15:38:35,305] {standard_task_runner.py:77} INFO - Job 81: Subtask download_dataset_task
[2022-12-08 15:38:35,538] {logging_mixin.py:109} INFO - Running <TaskInstance: data_ingestion_taxizone_dag.download_dataset_task manual__2022-12-08T14:46:24.822841+00:00 [running]> on host aad807bea3c8
[2022-12-08 15:38:35,762] {taskinstance.py:1426} INFO - Exporting the following env vars:
AIRFLOW_CTX_DAG_OWNER=***
AIRFLOW_CTX_DAG_ID=data_ingestion_taxizone_dag
AIRFLOW_CTX_TASK_ID=download_dataset_task
AIRFLOW_CTX_EXECUTION_DATE=2022-12-08T14:46:24.822841+00:00
AIRFLOW_CTX_DAG_RUN_ID=manual__2022-12-08T14:46:24.822841+00:00
[2022-12-08 15:38:35,764] {subprocess.py:62} INFO - Tmp dir root location: 
 /tmp
[2022-12-08 15:38:35,769] {subprocess.py:74} INFO - Running command: ['bash', '-c', 'curl -sSL https://d37ci6vzurychx.cloudfront.net/misc/taxi+_zone_lookup.csv > /opt/***/taxi+_zone_lookup.csv']
[2022-12-08 15:38:35,837] {subprocess.py:85} INFO - Output:
[2022-12-08 15:38:36,053] {subprocess.py:93} INFO - Command exited with return code 0
[2022-12-08 15:38:36,155] {taskinstance.py:1277} INFO - Marking task as SUCCESS. dag_id=data_ingestion_taxizone_dag, task_id=download_dataset_task, execution_date=20221208T144624, start_date=20221208T153835, end_date=20221208T153836
[2022-12-08 15:38:36,263] {local_task_job.py:154} INFO - Task exited with return code 0
[2022-12-08 15:38:36,489] {local_task_job.py:264} INFO - 0 downstream tasks scheduled from follow-on schedule check
