[2022-12-08 15:47:55,162] {taskinstance.py:1032} INFO - Dependencies all met for <TaskInstance: data_ingestion_taxizone_dag.download_dataset_task manual__2022-12-08T14:46:24.822841+00:00 [queued]>
[2022-12-08 15:47:55,225] {taskinstance.py:1032} INFO - Dependencies all met for <TaskInstance: data_ingestion_taxizone_dag.download_dataset_task manual__2022-12-08T14:46:24.822841+00:00 [queued]>
[2022-12-08 15:47:55,225] {taskinstance.py:1238} INFO - 
--------------------------------------------------------------------------------
[2022-12-08 15:47:55,225] {taskinstance.py:1239} INFO - Starting attempt 6 of 7
[2022-12-08 15:47:55,225] {taskinstance.py:1240} INFO - 
--------------------------------------------------------------------------------
[2022-12-08 15:47:55,291] {taskinstance.py:1259} INFO - Executing <Task(BashOperator): download_dataset_task> on 2022-12-08 14:46:24.822841+00:00
[2022-12-08 15:47:55,307] {standard_task_runner.py:52} INFO - Started process 136 to run task
[2022-12-08 15:47:55,319] {standard_task_runner.py:76} INFO - Running: ['***', 'tasks', 'run', 'data_ingestion_taxizone_dag', 'download_dataset_task', 'manual__2022-12-08T14:46:24.822841+00:00', '--job-id', '88', '--raw', '--subdir', 'DAGS_FOLDER/data_ingestion_taxizone_dag.py', '--cfg-path', '/tmp/tmpwp2p2gul', '--error-file', '/tmp/tmpbwwajlq4']
[2022-12-08 15:47:55,329] {standard_task_runner.py:77} INFO - Job 88: Subtask download_dataset_task
[2022-12-08 15:47:55,667] {logging_mixin.py:109} INFO - Running <TaskInstance: data_ingestion_taxizone_dag.download_dataset_task manual__2022-12-08T14:46:24.822841+00:00 [running]> on host a75fbd881a46
[2022-12-08 15:47:55,887] {taskinstance.py:1426} INFO - Exporting the following env vars:
AIRFLOW_CTX_DAG_OWNER=***
AIRFLOW_CTX_DAG_ID=data_ingestion_taxizone_dag
AIRFLOW_CTX_TASK_ID=download_dataset_task
AIRFLOW_CTX_EXECUTION_DATE=2022-12-08T14:46:24.822841+00:00
AIRFLOW_CTX_DAG_RUN_ID=manual__2022-12-08T14:46:24.822841+00:00
[2022-12-08 15:47:55,889] {subprocess.py:62} INFO - Tmp dir root location: 
 /tmp
[2022-12-08 15:47:55,889] {subprocess.py:74} INFO - Running command: ['bash', '-c', 'curl -sSL https://d37ci6vzurychx.cloudfront.net/misc/taxi+_zone_lookup.csv > /opt/***/taxi+_zone_lookup.csv']
[2022-12-08 15:47:55,928] {subprocess.py:85} INFO - Output:
[2022-12-08 15:47:56,135] {subprocess.py:93} INFO - Command exited with return code 0
[2022-12-08 15:47:56,307] {taskinstance.py:1277} INFO - Marking task as SUCCESS. dag_id=data_ingestion_taxizone_dag, task_id=download_dataset_task, execution_date=20221208T144624, start_date=20221208T154755, end_date=20221208T154756
[2022-12-08 15:47:56,474] {local_task_job.py:154} INFO - Task exited with return code 0
[2022-12-08 15:47:56,741] {local_task_job.py:264} INFO - 0 downstream tasks scheduled from follow-on schedule check
