[2022-12-14 10:01:13,515] {taskinstance.py:1032} INFO - Dependencies all met for <TaskInstance: data_ingestion_tripdata3_dag.local_to_gcs_task manual__2022-12-14T09:55:43.971066+00:00 [queued]>
[2022-12-14 10:01:13,528] {taskinstance.py:1032} INFO - Dependencies all met for <TaskInstance: data_ingestion_tripdata3_dag.local_to_gcs_task manual__2022-12-14T09:55:43.971066+00:00 [queued]>
[2022-12-14 10:01:13,528] {taskinstance.py:1238} INFO - 
--------------------------------------------------------------------------------
[2022-12-14 10:01:13,528] {taskinstance.py:1239} INFO - Starting attempt 1 of 2
[2022-12-14 10:01:13,528] {taskinstance.py:1240} INFO - 
--------------------------------------------------------------------------------
[2022-12-14 10:01:13,542] {taskinstance.py:1259} INFO - Executing <Task(PythonOperator): local_to_gcs_task> on 2022-12-14 09:55:43.971066+00:00
[2022-12-14 10:01:13,551] {standard_task_runner.py:52} INFO - Started process 2719 to run task
[2022-12-14 10:01:13,558] {standard_task_runner.py:76} INFO - Running: ['***', 'tasks', 'run', 'data_ingestion_tripdata3_dag', 'local_to_gcs_task', 'manual__2022-12-14T09:55:43.971066+00:00', '--job-id', '268', '--raw', '--subdir', 'DAGS_FOLDER/data_ingestion_tripdata3_dag.py', '--cfg-path', '/tmp/tmpl76738cn', '--error-file', '/tmp/tmp96r2jcgc']
[2022-12-14 10:01:13,559] {standard_task_runner.py:77} INFO - Job 268: Subtask local_to_gcs_task
[2022-12-14 10:01:13,629] {logging_mixin.py:109} INFO - Running <TaskInstance: data_ingestion_tripdata3_dag.local_to_gcs_task manual__2022-12-14T09:55:43.971066+00:00 [running]> on host f2a8a695a340
[2022-12-14 10:01:13,707] {taskinstance.py:1426} INFO - Exporting the following env vars:
AIRFLOW_CTX_DAG_OWNER=***
AIRFLOW_CTX_DAG_ID=data_ingestion_tripdata3_dag
AIRFLOW_CTX_TASK_ID=local_to_gcs_task
AIRFLOW_CTX_EXECUTION_DATE=2022-12-14T09:55:43.971066+00:00
AIRFLOW_CTX_DAG_RUN_ID=manual__2022-12-14T09:55:43.971066+00:00
[2022-12-14 10:01:14,022] {python.py:175} INFO - Done. Returned value was: None
[2022-12-14 10:01:14,038] {taskinstance.py:1277} INFO - Marking task as SUCCESS. dag_id=data_ingestion_tripdata3_dag, task_id=local_to_gcs_task, execution_date=20221214T095543, start_date=20221214T100113, end_date=20221214T100114
[2022-12-14 10:01:14,093] {local_task_job.py:154} INFO - Task exited with return code 0
[2022-12-14 10:01:14,137] {local_task_job.py:264} INFO - 1 downstream tasks scheduled from follow-on schedule check
