[2022-12-14 10:17:23,421] {taskinstance.py:1032} INFO - Dependencies all met for <TaskInstance: data_ingestion_tripdata3_dag.local_to_gcs_task manual__2022-12-14T09:55:43.971066+00:00 [queued]>
[2022-12-14 10:17:23,458] {taskinstance.py:1032} INFO - Dependencies all met for <TaskInstance: data_ingestion_tripdata3_dag.local_to_gcs_task manual__2022-12-14T09:55:43.971066+00:00 [queued]>
[2022-12-14 10:17:23,465] {taskinstance.py:1238} INFO - 
--------------------------------------------------------------------------------
[2022-12-14 10:17:23,465] {taskinstance.py:1239} INFO - Starting attempt 2 of 3
[2022-12-14 10:17:23,465] {taskinstance.py:1240} INFO - 
--------------------------------------------------------------------------------
[2022-12-14 10:17:23,503] {taskinstance.py:1259} INFO - Executing <Task(PythonOperator): local_to_gcs_task> on 2022-12-14 09:55:43.971066+00:00
[2022-12-14 10:17:23,516] {standard_task_runner.py:52} INFO - Started process 3331 to run task
[2022-12-14 10:17:23,543] {standard_task_runner.py:76} INFO - Running: ['***', 'tasks', 'run', 'data_ingestion_tripdata3_dag', 'local_to_gcs_task', 'manual__2022-12-14T09:55:43.971066+00:00', '--job-id', '273', '--raw', '--subdir', 'DAGS_FOLDER/data_ingestion_tripdata3_dag.py', '--cfg-path', '/tmp/tmpdv8ejtsy', '--error-file', '/tmp/tmpt_28rh0g']
[2022-12-14 10:17:23,553] {standard_task_runner.py:77} INFO - Job 273: Subtask local_to_gcs_task
[2022-12-14 10:17:23,763] {logging_mixin.py:109} INFO - Running <TaskInstance: data_ingestion_tripdata3_dag.local_to_gcs_task manual__2022-12-14T09:55:43.971066+00:00 [running]> on host f2a8a695a340
[2022-12-14 10:17:23,974] {taskinstance.py:1426} INFO - Exporting the following env vars:
AIRFLOW_CTX_DAG_OWNER=***
AIRFLOW_CTX_DAG_ID=data_ingestion_tripdata3_dag
AIRFLOW_CTX_TASK_ID=local_to_gcs_task
AIRFLOW_CTX_EXECUTION_DATE=2022-12-14T09:55:43.971066+00:00
AIRFLOW_CTX_DAG_RUN_ID=manual__2022-12-14T09:55:43.971066+00:00
[2022-12-14 10:17:24,298] {python.py:175} INFO - Done. Returned value was: None
[2022-12-14 10:17:24,326] {taskinstance.py:1277} INFO - Marking task as SUCCESS. dag_id=data_ingestion_tripdata3_dag, task_id=local_to_gcs_task, execution_date=20221214T095543, start_date=20221214T101723, end_date=20221214T101724
[2022-12-14 10:17:24,390] {local_task_job.py:154} INFO - Task exited with return code 0
[2022-12-14 10:17:24,493] {local_task_job.py:264} INFO - 1 downstream tasks scheduled from follow-on schedule check
