[2022-12-14 05:39:04,192] {taskinstance.py:1032} INFO - Dependencies all met for <TaskInstance: data_ingestion_tripdata1_dag.bigquery_external_table_task manual__2022-12-14T05:39:01.378049+00:00 [queued]>
[2022-12-14 05:39:04,217] {taskinstance.py:1032} INFO - Dependencies all met for <TaskInstance: data_ingestion_tripdata1_dag.bigquery_external_table_task manual__2022-12-14T05:39:01.378049+00:00 [queued]>
[2022-12-14 05:39:04,217] {taskinstance.py:1238} INFO - 
--------------------------------------------------------------------------------
[2022-12-14 05:39:04,218] {taskinstance.py:1239} INFO - Starting attempt 1 of 2
[2022-12-14 05:39:04,218] {taskinstance.py:1240} INFO - 
--------------------------------------------------------------------------------
[2022-12-14 05:39:04,241] {taskinstance.py:1259} INFO - Executing <Task(BigQueryCreateExternalTableOperator): bigquery_external_table_task> on 2022-12-14 05:39:01.378049+00:00
[2022-12-14 05:39:04,259] {standard_task_runner.py:52} INFO - Started process 174 to run task
[2022-12-14 05:39:04,283] {standard_task_runner.py:76} INFO - Running: ['***', 'tasks', 'run', 'data_ingestion_tripdata1_dag', 'bigquery_external_table_task', 'manual__2022-12-14T05:39:01.378049+00:00', '--job-id', '227', '--raw', '--subdir', 'DAGS_FOLDER/data_ingestion_2tripdata_dag.py', '--cfg-path', '/tmp/tmpw3_bosf4', '--error-file', '/tmp/tmpxi7twxuo']
[2022-12-14 05:39:04,285] {standard_task_runner.py:77} INFO - Job 227: Subtask bigquery_external_table_task
[2022-12-14 05:39:04,395] {logging_mixin.py:109} INFO - Running <TaskInstance: data_ingestion_tripdata1_dag.bigquery_external_table_task manual__2022-12-14T05:39:01.378049+00:00 [running]> on host d0ea15693ee2
[2022-12-14 05:39:04,518] {taskinstance.py:1426} INFO - Exporting the following env vars:
AIRFLOW_CTX_DAG_OWNER=***
AIRFLOW_CTX_DAG_ID=data_ingestion_tripdata1_dag
AIRFLOW_CTX_TASK_ID=bigquery_external_table_task
AIRFLOW_CTX_EXECUTION_DATE=2022-12-14T05:39:01.378049+00:00
AIRFLOW_CTX_DAG_RUN_ID=manual__2022-12-14T05:39:01.378049+00:00
[2022-12-14 05:39:04,521] {crypto.py:82} WARNING - empty cryptography key - values will not be stored encrypted.
[2022-12-14 05:39:04,898] {taskinstance.py:1277} INFO - Marking task as SUCCESS. dag_id=data_ingestion_tripdata1_dag, task_id=bigquery_external_table_task, execution_date=20221214T053901, start_date=20221214T053904, end_date=20221214T053904
[2022-12-14 05:39:04,936] {local_task_job.py:154} INFO - Task exited with return code 0
[2022-12-14 05:39:04,994] {local_task_job.py:264} INFO - 0 downstream tasks scheduled from follow-on schedule check
