[2022-12-04 10:48:27,651] {taskinstance.py:1032} INFO - Dependencies all met for <TaskInstance: data_ingestion_gcs_dag.local_to_gcs_task manual__2022-12-04T07:04:47.742537+00:00 [queued]>
[2022-12-04 10:48:27,704] {taskinstance.py:1032} INFO - Dependencies all met for <TaskInstance: data_ingestion_gcs_dag.local_to_gcs_task manual__2022-12-04T07:04:47.742537+00:00 [queued]>
[2022-12-04 10:48:27,705] {taskinstance.py:1238} INFO - 
--------------------------------------------------------------------------------
[2022-12-04 10:48:27,709] {taskinstance.py:1239} INFO - Starting attempt 3 of 4
[2022-12-04 10:48:27,710] {taskinstance.py:1240} INFO - 
--------------------------------------------------------------------------------
[2022-12-04 10:48:27,748] {taskinstance.py:1259} INFO - Executing <Task(PythonOperator): local_to_gcs_task> on 2022-12-04 07:04:47.742537+00:00
[2022-12-04 10:48:27,758] {standard_task_runner.py:52} INFO - Started process 189 to run task
[2022-12-04 10:48:27,792] {standard_task_runner.py:76} INFO - Running: ['***', 'tasks', 'run', 'data_ingestion_gcs_dag', 'local_to_gcs_task', 'manual__2022-12-04T07:04:47.742537+00:00', '--job-id', '30', '--raw', '--subdir', 'DAGS_FOLDER/data_ingestion_gcs_dag.py', '--cfg-path', '/tmp/tmp9dhhx0wb', '--error-file', '/tmp/tmpgsiw82bi']
[2022-12-04 10:48:27,795] {standard_task_runner.py:77} INFO - Job 30: Subtask local_to_gcs_task
[2022-12-04 10:48:27,999] {logging_mixin.py:109} INFO - Running <TaskInstance: data_ingestion_gcs_dag.local_to_gcs_task manual__2022-12-04T07:04:47.742537+00:00 [running]> on host deb8ed2c55fa
[2022-12-04 10:48:28,154] {taskinstance.py:1426} INFO - Exporting the following env vars:
AIRFLOW_CTX_DAG_OWNER=***
AIRFLOW_CTX_DAG_ID=data_ingestion_gcs_dag
AIRFLOW_CTX_TASK_ID=local_to_gcs_task
AIRFLOW_CTX_EXECUTION_DATE=2022-12-04T07:04:47.742537+00:00
AIRFLOW_CTX_DAG_RUN_ID=manual__2022-12-04T07:04:47.742537+00:00
[2022-12-04 10:48:28,524] {python.py:175} INFO - Done. Returned value was: None
[2022-12-04 10:48:28,578] {taskinstance.py:1277} INFO - Marking task as SUCCESS. dag_id=data_ingestion_gcs_dag, task_id=local_to_gcs_task, execution_date=20221204T070447, start_date=20221204T104827, end_date=20221204T104828
[2022-12-04 10:48:28,709] {local_task_job.py:154} INFO - Task exited with return code 0
[2022-12-04 10:48:28,864] {local_task_job.py:264} INFO - 0 downstream tasks scheduled from follow-on schedule check
