[2022-12-14 08:36:16,004] {taskinstance.py:1032} INFO - Dependencies all met for <TaskInstance: data_ingestion_tripdata2_dag.local_to_gcs_task manual__2022-12-14T08:36:12.417736+00:00 [queued]>
[2022-12-14 08:36:16,025] {taskinstance.py:1032} INFO - Dependencies all met for <TaskInstance: data_ingestion_tripdata2_dag.local_to_gcs_task manual__2022-12-14T08:36:12.417736+00:00 [queued]>
[2022-12-14 08:36:16,026] {taskinstance.py:1238} INFO - 
--------------------------------------------------------------------------------
[2022-12-14 08:36:16,026] {taskinstance.py:1239} INFO - Starting attempt 1 of 2
[2022-12-14 08:36:16,026] {taskinstance.py:1240} INFO - 
--------------------------------------------------------------------------------
[2022-12-14 08:36:16,057] {taskinstance.py:1259} INFO - Executing <Task(PythonOperator): local_to_gcs_task> on 2022-12-14 08:36:12.417736+00:00
[2022-12-14 08:36:16,084] {standard_task_runner.py:52} INFO - Started process 5897 to run task
[2022-12-14 08:36:16,107] {standard_task_runner.py:76} INFO - Running: ['***', 'tasks', 'run', 'data_ingestion_tripdata2_dag', 'local_to_gcs_task', 'manual__2022-12-14T08:36:12.417736+00:00', '--job-id', '255', '--raw', '--subdir', 'DAGS_FOLDER/data_ingestion_tripdata2_dag.py', '--cfg-path', '/tmp/tmptrp2binw', '--error-file', '/tmp/tmp53p5kfcq']
[2022-12-14 08:36:16,111] {standard_task_runner.py:77} INFO - Job 255: Subtask local_to_gcs_task
[2022-12-14 08:36:16,352] {logging_mixin.py:109} INFO - Running <TaskInstance: data_ingestion_tripdata2_dag.local_to_gcs_task manual__2022-12-14T08:36:12.417736+00:00 [running]> on host 4c719e8723fb
[2022-12-14 08:36:16,553] {taskinstance.py:1426} INFO - Exporting the following env vars:
AIRFLOW_CTX_DAG_OWNER=***
AIRFLOW_CTX_DAG_ID=data_ingestion_tripdata2_dag
AIRFLOW_CTX_TASK_ID=local_to_gcs_task
AIRFLOW_CTX_EXECUTION_DATE=2022-12-14T08:36:12.417736+00:00
AIRFLOW_CTX_DAG_RUN_ID=manual__2022-12-14T08:36:12.417736+00:00
[2022-12-14 08:36:16,929] {python.py:175} INFO - Done. Returned value was: None
[2022-12-14 08:36:16,950] {taskinstance.py:1277} INFO - Marking task as SUCCESS. dag_id=data_ingestion_tripdata2_dag, task_id=local_to_gcs_task, execution_date=20221214T083612, start_date=20221214T083616, end_date=20221214T083616
[2022-12-14 08:36:17,021] {local_task_job.py:154} INFO - Task exited with return code 0
[2022-12-14 08:36:17,088] {local_task_job.py:264} INFO - 1 downstream tasks scheduled from follow-on schedule check
