[2022-12-08 15:24:58,333] {taskinstance.py:1032} INFO - Dependencies all met for <TaskInstance: data_ingestion_taxizone_dag.local_to_gcs_task manual__2022-12-08T14:46:24.822841+00:00 [queued]>
[2022-12-08 15:24:58,347] {taskinstance.py:1032} INFO - Dependencies all met for <TaskInstance: data_ingestion_taxizone_dag.local_to_gcs_task manual__2022-12-08T14:46:24.822841+00:00 [queued]>
[2022-12-08 15:24:58,347] {taskinstance.py:1238} INFO - 
--------------------------------------------------------------------------------
[2022-12-08 15:24:58,347] {taskinstance.py:1239} INFO - Starting attempt 1 of 2
[2022-12-08 15:24:58,347] {taskinstance.py:1240} INFO - 
--------------------------------------------------------------------------------
[2022-12-08 15:24:58,364] {taskinstance.py:1259} INFO - Executing <Task(PythonOperator): local_to_gcs_task> on 2022-12-08 14:46:24.822841+00:00
[2022-12-08 15:24:58,372] {standard_task_runner.py:52} INFO - Started process 186 to run task
[2022-12-08 15:24:58,380] {standard_task_runner.py:76} INFO - Running: ['***', 'tasks', 'run', 'data_ingestion_taxizone_dag', 'local_to_gcs_task', 'manual__2022-12-08T14:46:24.822841+00:00', '--job-id', '76', '--raw', '--subdir', 'DAGS_FOLDER/data_ingestion_taxizone_dag.py', '--cfg-path', '/tmp/tmpz26xjhuu', '--error-file', '/tmp/tmpe2pk6rlx']
[2022-12-08 15:24:58,382] {standard_task_runner.py:77} INFO - Job 76: Subtask local_to_gcs_task
[2022-12-08 15:24:58,448] {logging_mixin.py:109} INFO - Running <TaskInstance: data_ingestion_taxizone_dag.local_to_gcs_task manual__2022-12-08T14:46:24.822841+00:00 [running]> on host 2aa2fc5c7e1e
[2022-12-08 15:24:58,557] {taskinstance.py:1426} INFO - Exporting the following env vars:
AIRFLOW_CTX_DAG_OWNER=***
AIRFLOW_CTX_DAG_ID=data_ingestion_taxizone_dag
AIRFLOW_CTX_TASK_ID=local_to_gcs_task
AIRFLOW_CTX_EXECUTION_DATE=2022-12-08T14:46:24.822841+00:00
AIRFLOW_CTX_DAG_RUN_ID=manual__2022-12-08T14:46:24.822841+00:00
[2022-12-08 15:24:58,907] {python.py:175} INFO - Done. Returned value was: None
[2022-12-08 15:24:58,928] {taskinstance.py:1277} INFO - Marking task as SUCCESS. dag_id=data_ingestion_taxizone_dag, task_id=local_to_gcs_task, execution_date=20221208T144624, start_date=20221208T152458, end_date=20221208T152458
[2022-12-08 15:24:58,996] {local_task_job.py:154} INFO - Task exited with return code 0
[2022-12-08 15:24:59,087] {local_task_job.py:264} INFO - 1 downstream tasks scheduled from follow-on schedule check
