[2022-12-08 11:31:33,004] {taskinstance.py:1032} INFO - Dependencies all met for <TaskInstance: data_ingestion_fhvhv_dag.local_to_gcs_task manual__2022-12-08T11:30:35.505095+00:00 [queued]>
[2022-12-08 11:31:33,015] {taskinstance.py:1032} INFO - Dependencies all met for <TaskInstance: data_ingestion_fhvhv_dag.local_to_gcs_task manual__2022-12-08T11:30:35.505095+00:00 [queued]>
[2022-12-08 11:31:33,015] {taskinstance.py:1238} INFO - 
--------------------------------------------------------------------------------
[2022-12-08 11:31:33,015] {taskinstance.py:1239} INFO - Starting attempt 1 of 2
[2022-12-08 11:31:33,015] {taskinstance.py:1240} INFO - 
--------------------------------------------------------------------------------
[2022-12-08 11:31:33,027] {taskinstance.py:1259} INFO - Executing <Task(PythonOperator): local_to_gcs_task> on 2022-12-08 11:30:35.505095+00:00
[2022-12-08 11:31:33,035] {standard_task_runner.py:52} INFO - Started process 540 to run task
[2022-12-08 11:31:33,042] {standard_task_runner.py:76} INFO - Running: ['***', 'tasks', 'run', 'data_ingestion_fhvhv_dag', 'local_to_gcs_task', 'manual__2022-12-08T11:30:35.505095+00:00', '--job-id', '35', '--raw', '--subdir', 'DAGS_FOLDER/data_ingestion_fhvhv_dag.py', '--cfg-path', '/tmp/tmph4nh9rvh', '--error-file', '/tmp/tmpadpd4mck']
[2022-12-08 11:31:33,043] {standard_task_runner.py:77} INFO - Job 35: Subtask local_to_gcs_task
[2022-12-08 11:31:33,114] {logging_mixin.py:109} INFO - Running <TaskInstance: data_ingestion_fhvhv_dag.local_to_gcs_task manual__2022-12-08T11:30:35.505095+00:00 [running]> on host abfb861806c7
[2022-12-08 11:31:33,193] {taskinstance.py:1426} INFO - Exporting the following env vars:
AIRFLOW_CTX_DAG_OWNER=***
AIRFLOW_CTX_DAG_ID=data_ingestion_fhvhv_dag
AIRFLOW_CTX_TASK_ID=local_to_gcs_task
AIRFLOW_CTX_EXECUTION_DATE=2022-12-08T11:30:35.505095+00:00
AIRFLOW_CTX_DAG_RUN_ID=manual__2022-12-08T11:30:35.505095+00:00
[2022-12-08 11:31:39,488] {python.py:175} INFO - Done. Returned value was: None
[2022-12-08 11:31:39,511] {taskinstance.py:1277} INFO - Marking task as SUCCESS. dag_id=data_ingestion_fhvhv_dag, task_id=local_to_gcs_task, execution_date=20221208T113035, start_date=20221208T113133, end_date=20221208T113139
[2022-12-08 11:31:39,574] {local_task_job.py:154} INFO - Task exited with return code 0
[2022-12-08 11:31:39,651] {local_task_job.py:264} INFO - 1 downstream tasks scheduled from follow-on schedule check
