[2022-12-14 07:31:05,564] {taskinstance.py:1032} INFO - Dependencies all met for <TaskInstance: data_ingestion_tripdata2_dag.bigquery_external_table_task manual__2022-12-14T05:57:27.393728+00:00 [queued]>
[2022-12-14 07:31:05,584] {taskinstance.py:1032} INFO - Dependencies all met for <TaskInstance: data_ingestion_tripdata2_dag.bigquery_external_table_task manual__2022-12-14T05:57:27.393728+00:00 [queued]>
[2022-12-14 07:31:05,584] {taskinstance.py:1238} INFO - 
--------------------------------------------------------------------------------
[2022-12-14 07:31:05,585] {taskinstance.py:1239} INFO - Starting attempt 3 of 4
[2022-12-14 07:31:05,585] {taskinstance.py:1240} INFO - 
--------------------------------------------------------------------------------
[2022-12-14 07:31:05,609] {taskinstance.py:1259} INFO - Executing <Task(BigQueryCreateExternalTableOperator): bigquery_external_table_task> on 2022-12-14 05:57:27.393728+00:00
[2022-12-14 07:31:05,619] {standard_task_runner.py:52} INFO - Started process 3406 to run task
[2022-12-14 07:31:05,632] {standard_task_runner.py:76} INFO - Running: ['***', 'tasks', 'run', 'data_ingestion_tripdata2_dag', 'bigquery_external_table_task', 'manual__2022-12-14T05:57:27.393728+00:00', '--job-id', '247', '--raw', '--subdir', 'DAGS_FOLDER/data_ingestion_tripdata2_dag.py', '--cfg-path', '/tmp/tmp8f2x8fk5', '--error-file', '/tmp/tmpn0a2j2ce']
[2022-12-14 07:31:05,633] {standard_task_runner.py:77} INFO - Job 247: Subtask bigquery_external_table_task
[2022-12-14 07:31:05,742] {logging_mixin.py:109} INFO - Running <TaskInstance: data_ingestion_tripdata2_dag.bigquery_external_table_task manual__2022-12-14T05:57:27.393728+00:00 [running]> on host 4c719e8723fb
[2022-12-14 07:31:05,862] {taskinstance.py:1426} INFO - Exporting the following env vars:
AIRFLOW_CTX_DAG_OWNER=***
AIRFLOW_CTX_DAG_ID=data_ingestion_tripdata2_dag
AIRFLOW_CTX_TASK_ID=bigquery_external_table_task
AIRFLOW_CTX_EXECUTION_DATE=2022-12-14T05:57:27.393728+00:00
AIRFLOW_CTX_DAG_RUN_ID=manual__2022-12-14T05:57:27.393728+00:00
[2022-12-14 07:31:05,864] {crypto.py:82} WARNING - empty cryptography key - values will not be stored encrypted.
[2022-12-14 07:31:06,252] {taskinstance.py:1277} INFO - Marking task as SUCCESS. dag_id=data_ingestion_tripdata2_dag, task_id=bigquery_external_table_task, execution_date=20221214T055727, start_date=20221214T073105, end_date=20221214T073106
[2022-12-14 07:31:06,329] {local_task_job.py:154} INFO - Task exited with return code 0
[2022-12-14 07:31:06,455] {local_task_job.py:264} INFO - 0 downstream tasks scheduled from follow-on schedule check
