[2022-12-14 07:49:58,534] {taskinstance.py:1032} INFO - Dependencies all met for <TaskInstance: data_ingestion_tripdata2_dag.bigquery_external_table_task manual__2022-12-14T05:57:27.393728+00:00 [queued]>
[2022-12-14 07:49:58,555] {taskinstance.py:1032} INFO - Dependencies all met for <TaskInstance: data_ingestion_tripdata2_dag.bigquery_external_table_task manual__2022-12-14T05:57:27.393728+00:00 [queued]>
[2022-12-14 07:49:58,555] {taskinstance.py:1238} INFO - 
--------------------------------------------------------------------------------
[2022-12-14 07:49:58,555] {taskinstance.py:1239} INFO - Starting attempt 5 of 6
[2022-12-14 07:49:58,556] {taskinstance.py:1240} INFO - 
--------------------------------------------------------------------------------
[2022-12-14 07:49:58,593] {taskinstance.py:1259} INFO - Executing <Task(BigQueryCreateExternalTableOperator): bigquery_external_table_task> on 2022-12-14 05:57:27.393728+00:00
[2022-12-14 07:49:58,614] {standard_task_runner.py:52} INFO - Started process 4118 to run task
[2022-12-14 07:49:58,634] {standard_task_runner.py:76} INFO - Running: ['***', 'tasks', 'run', 'data_ingestion_tripdata2_dag', 'bigquery_external_table_task', 'manual__2022-12-14T05:57:27.393728+00:00', '--job-id', '251', '--raw', '--subdir', 'DAGS_FOLDER/data_ingestion_tripdata2_dag.py', '--cfg-path', '/tmp/tmp9_d6ayrs', '--error-file', '/tmp/tmpgopd1vdq']
[2022-12-14 07:49:58,636] {standard_task_runner.py:77} INFO - Job 251: Subtask bigquery_external_table_task
[2022-12-14 07:49:58,817] {logging_mixin.py:109} INFO - Running <TaskInstance: data_ingestion_tripdata2_dag.bigquery_external_table_task manual__2022-12-14T05:57:27.393728+00:00 [running]> on host 4c719e8723fb
[2022-12-14 07:49:58,996] {taskinstance.py:1426} INFO - Exporting the following env vars:
AIRFLOW_CTX_DAG_OWNER=***
AIRFLOW_CTX_DAG_ID=data_ingestion_tripdata2_dag
AIRFLOW_CTX_TASK_ID=bigquery_external_table_task
AIRFLOW_CTX_EXECUTION_DATE=2022-12-14T05:57:27.393728+00:00
AIRFLOW_CTX_DAG_RUN_ID=manual__2022-12-14T05:57:27.393728+00:00
[2022-12-14 07:49:58,999] {crypto.py:82} WARNING - empty cryptography key - values will not be stored encrypted.
[2022-12-14 07:49:59,408] {taskinstance.py:1277} INFO - Marking task as SUCCESS. dag_id=data_ingestion_tripdata2_dag, task_id=bigquery_external_table_task, execution_date=20221214T055727, start_date=20221214T074958, end_date=20221214T074959
[2022-12-14 07:49:59,492] {local_task_job.py:154} INFO - Task exited with return code 0
[2022-12-14 07:49:59,586] {local_task_job.py:264} INFO - 0 downstream tasks scheduled from follow-on schedule check
