[2022-12-04 12:03:39,173] {taskinstance.py:1032} INFO - Dependencies all met for <TaskInstance: data_ingestion_gcs_dag.bigquery_external_table_task manual__2022-12-04T07:04:47.742537+00:00 [queued]>
[2022-12-04 12:03:39,209] {taskinstance.py:1032} INFO - Dependencies all met for <TaskInstance: data_ingestion_gcs_dag.bigquery_external_table_task manual__2022-12-04T07:04:47.742537+00:00 [queued]>
[2022-12-04 12:03:39,210] {taskinstance.py:1238} INFO - 
--------------------------------------------------------------------------------
[2022-12-04 12:03:39,217] {taskinstance.py:1239} INFO - Starting attempt 2 of 2
[2022-12-04 12:03:39,217] {taskinstance.py:1240} INFO - 
--------------------------------------------------------------------------------
[2022-12-04 12:03:39,294] {taskinstance.py:1259} INFO - Executing <Task(BigQueryCreateExternalTableOperator): bigquery_external_table_task> on 2022-12-04 07:04:47.742537+00:00
[2022-12-04 12:03:39,315] {standard_task_runner.py:52} INFO - Started process 124 to run task
[2022-12-04 12:03:39,355] {standard_task_runner.py:76} INFO - Running: ['***', 'tasks', 'run', 'data_ingestion_gcs_dag', 'bigquery_external_table_task', 'manual__2022-12-04T07:04:47.742537+00:00', '--job-id', '48', '--raw', '--subdir', 'DAGS_FOLDER/data_ingestion_gcs_dag.py', '--cfg-path', '/tmp/tmpsgc1ld5d', '--error-file', '/tmp/tmpeyvrcgv9']
[2022-12-04 12:03:39,362] {standard_task_runner.py:77} INFO - Job 48: Subtask bigquery_external_table_task
[2022-12-04 12:03:39,526] {logging_mixin.py:109} INFO - Running <TaskInstance: data_ingestion_gcs_dag.bigquery_external_table_task manual__2022-12-04T07:04:47.742537+00:00 [running]> on host eb73f522de10
[2022-12-04 12:03:39,640] {taskinstance.py:1426} INFO - Exporting the following env vars:
AIRFLOW_CTX_DAG_OWNER=***
AIRFLOW_CTX_DAG_ID=data_ingestion_gcs_dag
AIRFLOW_CTX_TASK_ID=bigquery_external_table_task
AIRFLOW_CTX_EXECUTION_DATE=2022-12-04T07:04:47.742537+00:00
AIRFLOW_CTX_DAG_RUN_ID=manual__2022-12-04T07:04:47.742537+00:00
[2022-12-04 12:03:39,642] {crypto.py:82} WARNING - empty cryptography key - values will not be stored encrypted.
[2022-12-04 12:03:40,200] {taskinstance.py:1277} INFO - Marking task as SUCCESS. dag_id=data_ingestion_gcs_dag, task_id=bigquery_external_table_task, execution_date=20221204T070447, start_date=20221204T120339, end_date=20221204T120340
[2022-12-04 12:03:40,260] {local_task_job.py:154} INFO - Task exited with return code 0
[2022-12-04 12:03:40,328] {local_task_job.py:264} INFO - 0 downstream tasks scheduled from follow-on schedule check
