[2022-12-08 15:38:45,100] {taskinstance.py:1032} INFO - Dependencies all met for <TaskInstance: data_ingestion_taxizone_dag.local_to_gcs_task manual__2022-12-08T14:46:24.822841+00:00 [queued]>
[2022-12-08 15:38:45,114] {taskinstance.py:1032} INFO - Dependencies all met for <TaskInstance: data_ingestion_taxizone_dag.local_to_gcs_task manual__2022-12-08T14:46:24.822841+00:00 [queued]>
[2022-12-08 15:38:45,115] {taskinstance.py:1238} INFO - 
--------------------------------------------------------------------------------
[2022-12-08 15:38:45,115] {taskinstance.py:1239} INFO - Starting attempt 2 of 3
[2022-12-08 15:38:45,115] {taskinstance.py:1240} INFO - 
--------------------------------------------------------------------------------
[2022-12-08 15:38:45,133] {taskinstance.py:1259} INFO - Executing <Task(PythonOperator): local_to_gcs_task> on 2022-12-08 14:46:24.822841+00:00
[2022-12-08 15:38:45,141] {standard_task_runner.py:52} INFO - Started process 189 to run task
[2022-12-08 15:38:45,149] {standard_task_runner.py:76} INFO - Running: ['***', 'tasks', 'run', 'data_ingestion_taxizone_dag', 'local_to_gcs_task', 'manual__2022-12-08T14:46:24.822841+00:00', '--job-id', '83', '--raw', '--subdir', 'DAGS_FOLDER/data_ingestion_taxizone_dag.py', '--cfg-path', '/tmp/tmpwyaes0d4', '--error-file', '/tmp/tmphtvpvaf9']
[2022-12-08 15:38:45,151] {standard_task_runner.py:77} INFO - Job 83: Subtask local_to_gcs_task
[2022-12-08 15:38:45,224] {logging_mixin.py:109} INFO - Running <TaskInstance: data_ingestion_taxizone_dag.local_to_gcs_task manual__2022-12-08T14:46:24.822841+00:00 [running]> on host aad807bea3c8
[2022-12-08 15:38:45,302] {taskinstance.py:1426} INFO - Exporting the following env vars:
AIRFLOW_CTX_DAG_OWNER=***
AIRFLOW_CTX_DAG_ID=data_ingestion_taxizone_dag
AIRFLOW_CTX_TASK_ID=local_to_gcs_task
AIRFLOW_CTX_EXECUTION_DATE=2022-12-08T14:46:24.822841+00:00
AIRFLOW_CTX_DAG_RUN_ID=manual__2022-12-08T14:46:24.822841+00:00
[2022-12-08 15:38:45,667] {python.py:175} INFO - Done. Returned value was: None
[2022-12-08 15:38:45,690] {taskinstance.py:1277} INFO - Marking task as SUCCESS. dag_id=data_ingestion_taxizone_dag, task_id=local_to_gcs_task, execution_date=20221208T144624, start_date=20221208T153845, end_date=20221208T153845
[2022-12-08 15:38:45,768] {local_task_job.py:154} INFO - Task exited with return code 0
[2022-12-08 15:38:45,848] {local_task_job.py:264} INFO - 0 downstream tasks scheduled from follow-on schedule check
